#
# There is insufficient memory for the Java Runtime Environment to continue.
# Native memory allocation (malloc) failed to allocate 1046656 bytes. Error detail: Chunk::new
# Possible reasons:
#   The system is out of physical RAM or swap space
#   This process is running with CompressedOops enabled, and the Java Heap may be blocking the growth of the native heap
# Possible solutions:
#   Reduce memory load on the system
#   Increase physical memory or swap space
#   Check if swap backing store is full
#   Decrease Java heap size (-Xmx/-Xms)
#   Decrease number of Java threads
#   Decrease Java thread stack sizes (-Xss)
#   Set larger code cache with -XX:ReservedCodeCacheSize=
#   JVM is running with Zero Based Compressed Oops mode in which the Java heap is
#     placed in the first 32GB address space. The Java Heap base address is the
#     maximum limit for the native heap growth. Please use -XX:HeapBaseMinAddress
#     to set the Java Heap base and to place the Java Heap above 32GB virtual address.
# This output file may be truncated or incomplete.
#
#  Out of Memory Error (arena.cpp:191), pid=308, tid=19084
#
# JRE version: OpenJDK Runtime Environment Temurin-17.0.12+7 (17.0.12+7) (build 17.0.12+7)
# Java VM: OpenJDK 64-Bit Server VM Temurin-17.0.12+7 (17.0.12+7, mixed mode, tiered, compressed oops, compressed class ptrs, parallel gc, windows-amd64)
# No core dump will be written. Minidumps are not enabled by default on client versions of Windows
#

---------------  S U M M A R Y ------------

Command Line: --add-modules=ALL-SYSTEM --add-opens=java.base/java.util=ALL-UNNAMED --add-opens=java.base/java.lang=ALL-UNNAMED --add-opens=java.base/sun.nio.fs=ALL-UNNAMED -Declipse.application=org.eclipse.jdt.ls.core.id1 -Dosgi.bundles.defaultStartLevel=4 -Declipse.product=org.eclipse.jdt.ls.core.product -Djava.import.generatesMetadataFilesAtProjectRoot=false -DDetectVMInstallationsJob.disabled=true -Dfile.encoding=utf8 -XX:+UseParallelGC -XX:GCTimeRatio=4 -XX:AdaptiveSizePolicyWeight=90 -Dsun.zip.disableMemoryMapping=true -Xmx4G -Xms100m -Xlog:disable -javaagent:c:\Users\¸¼À½\.vscode\extensions\redhat.java-1.34.0-win32-x64\lombok\lombok-1.18.33.jar -XX:+HeapDumpOnOutOfMemoryError -XX:HeapDumpPath=c:\Users\¸¼À½\AppData\Roaming\Code\User\workspaceStorage\ba45a564f799ac6533c4f6e0f3ae2d63\redhat.java -Daether.dependencyCollector.impl=bf c:\Users\¸¼À½\.vscode\extensions\redhat.java-1.34.0-win32-x64\server\plugins\org.eclipse.equinox.launcher_1.6.900.v20240613-2009.jar -configuration c:\Users\¸¼À½\AppData\Roaming\Code\User\globalStorage\redhat.java\1.34.0\config_win -data c:\Users\¸¼À½\AppData\Roaming\Code\User\workspaceStorage\ba45a564f799ac6533c4f6e0f3ae2d63\redhat.java\jdt_ws --pipe=\\.\pipe\lsp-82eb2c9ed80e250113eff4164c72c3dc-sock

Host: AMD Ryzen 5 5600X 6-Core Processor             , 12 cores, 15G,  Windows 11 , 64 bit Build 22621 (10.0.22621.3958)
Time: Sat Sep 21 17:49:46 2024  Windows 11 , 64 bit Build 22621 (10.0.22621.3958) elapsed time: 13.218479 seconds (0d 0h 0m 13s)

---------------  T H R E A D  ---------------

Current thread (0x000001fc5641ddd0):  JavaThread "C2 CompilerThread2" daemon [_thread_in_native, id=19084, stack(0x0000007716100000,0x0000007716200000)]


Current CompileTask:
C2:  13218 11824       4       org.eclipse.jdt.internal.compiler.lookup.LookupEnvironment::getTypeFromSignature (376 bytes)

Stack: [0x0000007716100000,0x0000007716200000]
Native frames: (J=compiled Java code, j=interpreted, Vv=VM code, C=native code)
V  [jvm.dll+0x67f929]
V  [jvm.dll+0x8371ba]
V  [jvm.dll+0x838c7e]
V  [jvm.dll+0x8392e3]
V  [jvm.dll+0x24834f]
V  [jvm.dll+0xac9d4]
V  [jvm.dll+0xad01c]
V  [jvm.dll+0x2af96f]
V  [jvm.dll+0x5868d7]
V  [jvm.dll+0x2231c2]
V  [jvm.dll+0x2235bf]
V  [jvm.dll+0x21c6e0]
V  [jvm.dll+0x219be1]
V  [jvm.dll+0x1a58bd]
V  [jvm.dll+0x229a2d]
V  [jvm.dll+0x227bdc]
V  [jvm.dll+0x7ec1f7]
V  [jvm.dll+0x7e65dc]
V  [jvm.dll+0x67e7f7]
C  [ucrtbase.dll+0x29333]
C  [KERNEL32.DLL+0x1257d]
C  [ntdll.dll+0x5af28]


---------------  P R O C E S S  ---------------

Threads class SMR info:
_java_thread_list=0x000001fc57badb20, length=69, elements={
0x000001fc320ab5c0, 0x000001fc4cf44020, 0x000001fc321595a0, 0x000001fc4cf4e0f0,
0x000001fc4cf4eac0, 0x000001fc520bfd90, 0x000001fc520daba0, 0x000001fc520e20b0,
0x000001fc520e3210, 0x000001fc520ec2f0, 0x000001fc521b9780, 0x000001fc523d1b10,
0x000001fc56b0df50, 0x000001fc56f3a790, 0x000001fc56f3ac70, 0x000001fc575fb930,
0x000001fc573e79d0, 0x000001fc57632a70, 0x000001fc57631b40, 0x000001fc576343c0,
0x000001fc57632050, 0x000001fc57632560, 0x000001fc57632f80, 0x000001fc57633490,
0x000001fc576339a0, 0x000001fc57633eb0, 0x000001fc57630c10, 0x000001fc58218280,
0x000001fc58215f10, 0x000001fc58216930, 0x000001fc5821b520, 0x000001fc5821d890,
0x000001fc5821a5f0, 0x000001fc58217350, 0x000001fc5821ba30, 0x000001fc58216e40,
0x000001fc5821c450, 0x000001fc58218790, 0x000001fc5821c960, 0x000001fc58217860,
0x000001fc5821a0e0, 0x000001fc5821bf40, 0x000001fc5821ce70, 0x000001fc58219bd0,
0x000001fc5821d380, 0x000001fc5641c340, 0x000001fc5641ddd0, 0x000001fc56d6c6d0,
0x000001fc56d66bb0, 0x000001fc56d6cbe0, 0x000001fc56d69e50, 0x000001fc56d6d600,
0x000001fc56d68a10, 0x000001fc56d6a870, 0x000001fc56d6b7a0, 0x000001fc56d670c0,
0x000001fc56d6b290, 0x000001fc56d675d0, 0x000001fc56d67ae0, 0x000001fc56d6a360,
0x000001fc56d66190, 0x000001fc56d6bcb0, 0x000001fc56d6db10, 0x000001fc56d67ff0,
0x000001fc56d68500, 0x000001fc56d68f20, 0x000001fc56d666a0, 0x000001fc56d69940,
0x000001fc5821b010
}

Java Threads: ( => current thread )
  0x000001fc320ab5c0 JavaThread "main" [_thread_blocked, id=16132, stack(0x0000007715000000,0x0000007715100000)]
  0x000001fc4cf44020 JavaThread "Reference Handler" daemon [_thread_blocked, id=18284, stack(0x0000007715300000,0x0000007715400000)]
  0x000001fc321595a0 JavaThread "Finalizer" daemon [_thread_blocked, id=8620, stack(0x0000007715400000,0x0000007715500000)]
  0x000001fc4cf4e0f0 JavaThread "Signal Dispatcher" daemon [_thread_blocked, id=8228, stack(0x0000007715600000,0x0000007715700000)]
  0x000001fc4cf4eac0 JavaThread "Attach Listener" daemon [_thread_blocked, id=7436, stack(0x0000007715700000,0x0000007715800000)]
  0x000001fc520bfd90 JavaThread "Service Thread" daemon [_thread_blocked, id=4720, stack(0x0000007715800000,0x0000007715900000)]
  0x000001fc520daba0 JavaThread "Monitor Deflation Thread" daemon [_thread_blocked, id=5928, stack(0x0000007715900000,0x0000007715a00000)]
  0x000001fc520e20b0 JavaThread "C2 CompilerThread0" daemon [_thread_in_native, id=4344, stack(0x0000007715a00000,0x0000007715b00000)]
  0x000001fc520e3210 JavaThread "C1 CompilerThread0" daemon [_thread_blocked, id=9684, stack(0x0000007715b00000,0x0000007715c00000)]
  0x000001fc520ec2f0 JavaThread "Sweeper thread" daemon [_thread_blocked, id=17772, stack(0x0000007715c00000,0x0000007715d00000)]
  0x000001fc521b9780 JavaThread "Common-Cleaner" daemon [_thread_blocked, id=2616, stack(0x0000007715d00000,0x0000007715e00000)]
  0x000001fc523d1b10 JavaThread "Notification Thread" daemon [_thread_blocked, id=9240, stack(0x0000007715e00000,0x0000007715f00000)]
  0x000001fc56b0df50 JavaThread "Active Thread: Equinox Container: e5fb0bc4-66a1-4dfd-a199-6817a988a3c7" [_thread_blocked, id=16528, stack(0x0000007716800000,0x0000007716900000)]
  0x000001fc56f3a790 JavaThread "Framework Event Dispatcher: Equinox Container: e5fb0bc4-66a1-4dfd-a199-6817a988a3c7" daemon [_thread_blocked, id=18012, stack(0x0000007716900000,0x0000007716a00000)]
  0x000001fc56f3ac70 JavaThread "Start Level: Equinox Container: e5fb0bc4-66a1-4dfd-a199-6817a988a3c7" daemon [_thread_blocked, id=3880, stack(0x0000007716a00000,0x0000007716b00000)]
  0x000001fc575fb930 JavaThread "Bundle File Closer" daemon [_thread_blocked, id=8204, stack(0x0000007716c00000,0x0000007716d00000)]
  0x000001fc573e79d0 JavaThread "SCR Component Actor" daemon [_thread_blocked, id=16348, stack(0x0000007716f00000,0x0000007717000000)]
  0x000001fc57632a70 JavaThread "Worker-JM" [_thread_blocked, id=260, stack(0x0000007717100000,0x0000007717200000)]
  0x000001fc57631b40 JavaThread "JNA Cleaner" daemon [_thread_blocked, id=18184, stack(0x0000007717200000,0x0000007717300000)]
  0x000001fc576343c0 JavaThread "Worker-0" [_thread_blocked, id=8648, stack(0x0000007717300000,0x0000007717400000)]
  0x000001fc57632050 JavaThread "Worker-1" [_thread_blocked, id=18252, stack(0x0000007717400000,0x0000007717500000)]
  0x000001fc57632560 JavaThread "Worker-2" [_thread_blocked, id=8556, stack(0x0000007717500000,0x0000007717600000)]
  0x000001fc57632f80 JavaThread "Java indexing" daemon [_thread_in_native, id=8236, stack(0x0000007717600000,0x0000007717700000)]
  0x000001fc57633490 JavaThread "Thread-2" daemon [_thread_in_native, id=9688, stack(0x0000007717900000,0x0000007717a00000)]
  0x000001fc576339a0 JavaThread "Thread-3" daemon [_thread_in_native, id=9252, stack(0x0000007717a00000,0x0000007717b00000)]
  0x000001fc57633eb0 JavaThread "Thread-4" daemon [_thread_in_native, id=16144, stack(0x0000007717b00000,0x0000007717c00000)]
  0x000001fc57630c10 JavaThread "Thread-5" daemon [_thread_in_native, id=16352, stack(0x0000007717c00000,0x0000007717d00000)]
  0x000001fc58218280 JavaThread "Thread-6" daemon [_thread_in_native, id=4592, stack(0x0000007717d00000,0x0000007717e00000)]
  0x000001fc58215f10 JavaThread "Thread-7" daemon [_thread_in_native, id=4740, stack(0x0000007717e00000,0x0000007717f00000)]
  0x000001fc58216930 JavaThread "Thread-8" daemon [_thread_in_native, id=4936, stack(0x0000007717f00000,0x0000007718000000)]
  0x000001fc5821b520 JavaThread "Thread-9" daemon [_thread_in_native, id=6352, stack(0x0000007718000000,0x0000007718100000)]
  0x000001fc5821d890 JavaThread "Thread-10" daemon [_thread_in_native, id=9148, stack(0x0000007718100000,0x0000007718200000)]
  0x000001fc5821a5f0 JavaThread "Thread-11" daemon [_thread_in_native, id=15048, stack(0x0000007718200000,0x0000007718300000)]
  0x000001fc58217350 JavaThread "Thread-12" daemon [_thread_in_native, id=10740, stack(0x0000007718300000,0x0000007718400000)]
  0x000001fc5821ba30 JavaThread "Thread-13" daemon [_thread_in_native, id=8224, stack(0x0000007718400000,0x0000007718500000)]
  0x000001fc58216e40 JavaThread "Thread-14" daemon [_thread_in_native, id=8296, stack(0x0000007718500000,0x0000007718600000)]
  0x000001fc5821c450 JavaThread "pool-2-thread-1" [_thread_blocked, id=6060, stack(0x0000007718600000,0x0000007718700000)]
  0x000001fc58218790 JavaThread "WorkspaceEventsHandler" [_thread_blocked, id=8604, stack(0x0000007718700000,0x0000007718800000)]
  0x000001fc5821c960 JavaThread "pool-1-thread-1" [_thread_blocked, id=13396, stack(0x0000007718800000,0x0000007718900000)]
  0x000001fc58217860 JavaThread "Worker-3: Java indexing... " [_thread_blocked, id=16292, stack(0x0000007718900000,0x0000007718a00000)]
  0x000001fc5821a0e0 JavaThread "Worker-4" [_thread_blocked, id=8900, stack(0x0000007718a00000,0x0000007718b00000)]
  0x000001fc5821bf40 JavaThread "Worker-5" [_thread_blocked, id=18116, stack(0x0000007718b00000,0x0000007718c00000)]
  0x000001fc5821ce70 JavaThread "Worker-6" [_thread_blocked, id=3916, stack(0x0000007718c00000,0x0000007718d00000)]
  0x000001fc58219bd0 JavaThread "Worker-7" [_thread_blocked, id=5680, stack(0x0000007718d00000,0x0000007718e00000)]
  0x000001fc5821d380 JavaThread "pool-3-thread-1" [_thread_blocked, id=9376, stack(0x0000007718e00000,0x0000007718f00000)]
  0x000001fc5641c340 JavaThread "C2 CompilerThread1" daemon [_thread_in_native, id=19080, stack(0x0000007716000000,0x0000007716100000)]
=>0x000001fc5641ddd0 JavaThread "C2 CompilerThread2" daemon [_thread_in_native, id=19084, stack(0x0000007716100000,0x0000007716200000)]
  0x000001fc56d6c6d0 JavaThread "ForkJoinPool.commonPool-worker-1" daemon [_thread_blocked, id=18960, stack(0x0000007717000000,0x0000007717100000)]
  0x000001fc56d66bb0 JavaThread "ForkJoinPool.commonPool-worker-2" daemon [_thread_blocked, id=184, stack(0x0000007718f00000,0x0000007719000000)]
  0x000001fc56d6cbe0 JavaThread "ForkJoinPool.commonPool-worker-3" daemon [_thread_blocked, id=18864, stack(0x0000007719000000,0x0000007719100000)]
  0x000001fc56d69e50 JavaThread "ForkJoinPool.commonPool-worker-4" daemon [_thread_blocked, id=15848, stack(0x0000007719100000,0x0000007719200000)]
  0x000001fc56d6d600 JavaThread "ForkJoinPool.commonPool-worker-5" daemon [_thread_blocked, id=19056, stack(0x0000007719200000,0x0000007719300000)]
  0x000001fc56d68a10 JavaThread "ForkJoinPool.commonPool-worker-6" daemon [_thread_blocked, id=9304, stack(0x0000007719300000,0x0000007719400000)]
  0x000001fc56d6a870 JavaThread "ForkJoinPool.commonPool-worker-7" daemon [_thread_blocked, id=18588, stack(0x0000007719400000,0x0000007719500000)]
  0x000001fc56d6b7a0 JavaThread "ForkJoinPool.commonPool-worker-8" daemon [_thread_blocked, id=2560, stack(0x0000007719500000,0x0000007719600000)]
  0x000001fc56d670c0 JavaThread "ForkJoinPool.commonPool-worker-9" daemon [_thread_blocked, id=18504, stack(0x0000007719600000,0x0000007719700000)]
  0x000001fc56d6b290 JavaThread "Compiler Source File Reader" daemon [_thread_blocked, id=16668, stack(0x0000007719800000,0x0000007719900000)]
  0x000001fc56d675d0 JavaThread "Compiler Source File Reader" daemon [_thread_blocked, id=5308, stack(0x0000007719900000,0x0000007719a00000)]
  0x000001fc56d67ae0 JavaThread "Compiler Source File Reader" daemon [_thread_blocked, id=11340, stack(0x0000007719a00000,0x0000007719b00000)]
  0x000001fc56d6a360 JavaThread "Compiler Source File Reader" daemon [_thread_blocked, id=8876, stack(0x0000007719b00000,0x0000007719c00000)]
  0x000001fc56d66190 JavaThread "Compiler Source File Reader" daemon [_thread_blocked, id=18552, stack(0x0000007719c00000,0x0000007719d00000)]
  0x000001fc56d6bcb0 JavaThread "Compiler Source File Reader" daemon [_thread_blocked, id=6164, stack(0x0000007719d00000,0x0000007719e00000)]
  0x000001fc56d6db10 JavaThread "Compiler Source File Reader" daemon [_thread_blocked, id=18560, stack(0x0000007719e00000,0x0000007719f00000)]
  0x000001fc56d67ff0 JavaThread "Compiler Source File Reader" daemon [_thread_blocked, id=10856, stack(0x0000007719f00000,0x000000771a000000)]
  0x000001fc56d68500 JavaThread "Compiler Source File Reader" daemon [_thread_blocked, id=18576, stack(0x000000771a000000,0x000000771a100000)]
  0x000001fc56d68f20 JavaThread "Compiler Source File Reader" daemon [_thread_blocked, id=18436, stack(0x000000771a100000,0x000000771a200000)]
  0x000001fc56d666a0 JavaThread "ForkJoinPool.commonPool-worker-10" daemon [_thread_blocked, id=18808, stack(0x000000771a200000,0x000000771a300000)]
  0x000001fc56d69940 JavaThread "ForkJoinPool.commonPool-worker-11" daemon [_thread_blocked, id=18480, stack(0x000000771a300000,0x000000771a400000)]
  0x000001fc5821b010 JavaThread "Compiler Processing Task" daemon [_thread_blocked, id=18600, stack(0x000000771a400000,0x000000771a500000)]

Other Threads:
  0x000001fc52094870 VMThread "VM Thread" [stack: 0x0000007715200000,0x0000007715300000] [id=5780]
  0x000001fc523d1ff0 WatcherThread [stack: 0x0000007715f00000,0x0000007716000000] [id=17992]
  0x000001fc320c1360 GCTaskThread "GC Thread#0" [stack: 0x0000007715100000,0x0000007715200000] [id=2920]
  0x000001fc56b047c0 GCTaskThread "GC Thread#1" [stack: 0x0000007716200000,0x0000007716300000] [id=2184]
  0x000001fc56c20520 GCTaskThread "GC Thread#2" [stack: 0x0000007716300000,0x0000007716400000] [id=3456]
  0x000001fc56c207e0 GCTaskThread "GC Thread#3" [stack: 0x0000007716400000,0x0000007716500000] [id=2088]
  0x000001fc56b06ad0 GCTaskThread "GC Thread#4" [stack: 0x0000007716500000,0x0000007716600000] [id=17100]
  0x000001fc56b06d90 GCTaskThread "GC Thread#5" [stack: 0x0000007716600000,0x0000007716700000] [id=5012]
  0x000001fc566c39f0 GCTaskThread "GC Thread#6" [stack: 0x0000007716700000,0x0000007716800000] [id=8232]
  0x000001fc57168a80 GCTaskThread "GC Thread#7" [stack: 0x0000007716b00000,0x0000007716c00000] [id=9720]
  0x000001fc573dce60 GCTaskThread "GC Thread#8" [stack: 0x0000007716d00000,0x0000007716e00000] [id=2000]
  0x000001fc56cd4940 GCTaskThread "GC Thread#9" [stack: 0x0000007716e00000,0x0000007716f00000] [id=3008]

Threads with active compile tasks:
C2 CompilerThread0    13255 12343       4       org.eclipse.jdt.internal.compiler.lookup.LookupEnvironment::getTypeFromConstantPoolName (111 bytes)
C2 CompilerThread1    13255 11825       4       org.eclipse.jdt.internal.compiler.lookup.BinaryTypeBinding::createMethod (1724 bytes)
C2 CompilerThread2    13255 11824       4       org.eclipse.jdt.internal.compiler.lookup.LookupEnvironment::getTypeFromSignature (376 bytes)

VM state: not at safepoint (normal execution)

VM Mutex/Monitor currently owned by a thread: None

Heap address: 0x0000000700000000, size: 4096 MB, Compressed Oops mode: Zero based, Oop shift amount: 3

CDS archive(s) not mapped
Compressed class space mapped at: 0x0000000800000000-0x0000000840000000, reserved size: 1073741824
Narrow klass base: 0x0000000800000000, Narrow klass shift: 0, Narrow klass range: 0x40000000

GC Precious Log:
 CPUs: 12 total, 12 available
 Memory: 16328M
 Large Page Support: Disabled
 NUMA Support: Disabled
 Compressed Oops: Enabled (Zero based)
 Alignments: Space 512K, Generation 512K, Heap 2M
 Heap Min Capacity: 100M
 Heap Initial Capacity: 100M
 Heap Max Capacity: 4G
 Pre-touch: Disabled
 Parallel Workers: 10

Heap:
 PSYoungGen      total 50176K, used 35890K [0x00000007aab00000, 0x00000007af080000, 0x0000000800000000)
  eden space 35328K, 59% used [0x00000007aab00000,0x00000007abf91fc0,0x00000007acd80000)
  from space 14848K, 99% used [0x00000007ade00000,0x00000007aec7ab98,0x00000007aec80000)
  to   space 16896K, 0% used [0x00000007acd80000,0x00000007acd80000,0x00000007ade00000)
 ParOldGen       total 291840K, used 245332K [0x0000000700000000, 0x0000000711d00000, 0x00000007aab00000)
  object space 291840K, 84% used [0x0000000700000000,0x000000070ef953a0,0x0000000711d00000)
 Metaspace       used 73638K, committed 74944K, reserved 1179648K
  class space    used 7576K, committed 8128K, reserved 1048576K

Card table byte_map: [0x000001fc43d40000,0x000001fc44550000] _byte_map_base: 0x000001fc40540000

Marking Bits: (ParMarkBitMap*) 0x00007ffe62be58b0
 Begin Bits: [0x000001fc44550000, 0x000001fc48550000)
 End Bits:   [0x000001fc48550000, 0x000001fc4c550000)

Polling page: 0x000001fc30050000

Metaspace:

Usage:
  Non-class:     64.51 MB used.
      Class:      7.40 MB used.
       Both:     71.91 MB used.

Virtual space:
  Non-class space:      128.00 MB reserved,      65.25 MB ( 51%) committed,  2 nodes.
      Class space:        1.00 GB reserved,       7.94 MB ( <1%) committed,  1 nodes.
             Both:        1.12 GB reserved,      73.19 MB (  6%) committed. 

Chunk freelists:
   Non-Class:  14.33 MB
       Class:  7.88 MB
        Both:  22.20 MB

MaxMetaspaceSize: unlimited
CompressedClassSpaceSize: 1.00 GB
Initial GC threshold: 21.00 MB
Current GC threshold: 120.94 MB
CDS: off
MetaspaceReclaimPolicy: balanced
 - commit_granule_bytes: 65536.
 - commit_granule_words: 8192.
 - virtual_space_node_default_size: 8388608.
 - enlarge_chunks_in_place: 1.
 - new_chunks_are_fully_committed: 0.
 - uncommit_free_chunks: 1.
 - use_allocation_guard: 0.
 - handle_deallocations: 1.


Internal statistics:

num_allocs_failed_limit: 6.
num_arena_births: 782.
num_arena_deaths: 14.
num_vsnodes_births: 3.
num_vsnodes_deaths: 0.
num_space_committed: 1171.
num_space_uncommitted: 0.
num_chunks_returned_to_freelist: 20.
num_chunks_taken_from_freelist: 3880.
num_chunk_merges: 11.
num_chunk_splits: 2392.
num_chunks_enlarged: 1372.
num_inconsistent_stats: 0.

CodeHeap 'non-profiled nmethods': size=120000Kb used=6440Kb max_used=6887Kb free=113559Kb
 bounds [0x000001fc3c810000, 0x000001fc3ced0000, 0x000001fc43d40000]
CodeHeap 'profiled nmethods': size=120000Kb used=20993Kb max_used=22162Kb free=99006Kb
 bounds [0x000001fc34d40000, 0x000001fc362f0000, 0x000001fc3c270000]
CodeHeap 'non-nmethods': size=5760Kb used=1387Kb max_used=1479Kb free=4372Kb
 bounds [0x000001fc3c270000, 0x000001fc3c4e0000, 0x000001fc3c810000]
 total_blobs=10527 nmethods=9789 adapters=650
 compilation: enabled
              stopped_count=0, restarted_count=0
 full_count=0

Compilation events (20 events):
Event: 13.020 Thread 0x000001fc5641ddd0 nmethod 11886 0x000001fc3ca3c590 code [0x000001fc3ca3c7c0, 0x000001fc3ca3e1a8]
Event: 13.020 Thread 0x000001fc5641ddd0 12480       4       java.util.WeakHashMap::put (160 bytes)
Event: 13.034 Thread 0x000001fc5641ddd0 nmethod 12480 0x000001fc3cb01910 code [0x000001fc3cb01b00, 0x000001fc3cb029a8]
Event: 13.034 Thread 0x000001fc5641ddd0 11840       4       java.util.Arrays::binarySearch0 (95 bytes)
Event: 13.037 Thread 0x000001fc520e20b0 nmethod 11695 0x000001fc3ce6d090 code [0x000001fc3ce6d900, 0x000001fc3ce79d78]
Event: 13.038 Thread 0x000001fc520e20b0 11978       4       java.util.Arrays::fill (21 bytes)
Event: 13.042 Thread 0x000001fc520e20b0 nmethod 11978 0x000001fc3c894910 code [0x000001fc3c894a80, 0x000001fc3c894bd8]
Event: 13.043 Thread 0x000001fc520e20b0 11865       4       org.eclipse.jdt.internal.compiler.codegen.ConstantPool::literalIndex (400 bytes)
Event: 13.045 Thread 0x000001fc5641ddd0 nmethod 11840 0x000001fc3ca62610 code [0x000001fc3ca627c0, 0x000001fc3ca62e78]
Event: 13.045 Thread 0x000001fc5641ddd0 12022       4       org.eclipse.jdt.core.Signature::getSimpleNames (183 bytes)
Event: 13.061 Thread 0x000001fc5641ddd0 nmethod 12022 0x000001fc3ccf4410 code [0x000001fc3ccf45c0, 0x000001fc3ccf5158]
Event: 13.061 Thread 0x000001fc5641ddd0 11824       4       org.eclipse.jdt.internal.compiler.lookup.LookupEnvironment::getTypeFromSignature (376 bytes)
Event: 13.063 Thread 0x000001fc520e20b0 nmethod 11865 0x000001fc3cad1390 code [0x000001fc3cad15a0, 0x000001fc3cad2400]
Event: 13.063 Thread 0x000001fc520e20b0 11828       4       org.eclipse.jdt.internal.compiler.util.SortedCharArrays$$Lambda$522/0x000000080078f988::compare (12 bytes)
Event: 13.067 Thread 0x000001fc520e20b0 nmethod 11828 0x000001fc3ce95890 code [0x000001fc3ce95a20, 0x000001fc3ce95c98]
Event: 13.067 Thread 0x000001fc520e20b0 11732   !   4       org.eclipse.jdt.internal.core.NameLookup::getModuleDescription (232 bytes)
Event: 13.181 Thread 0x000001fc520e20b0 nmethod 11732 0x000001fc3caba790 code [0x000001fc3cabaee0, 0x000001fc3cabef28]
Event: 13.182 Thread 0x000001fc520e20b0 11837       4       org.eclipse.jdt.internal.compiler.lookup.TypeBinding::notEquals (41 bytes)
Event: 13.182 Thread 0x000001fc520e20b0 nmethod 11837 0x000001fc3ce95510 code [0x000001fc3ce95680, 0x000001fc3ce95718]
Event: 13.182 Thread 0x000001fc520e20b0 12343       4       org.eclipse.jdt.internal.compiler.lookup.LookupEnvironment::getTypeFromConstantPoolName (111 bytes)

GC Heap History (20 events):
Event: 12.263 GC heap before
{Heap before GC invocations=241 (full 13):
 PSYoungGen      total 57856K, used 57847K [0x00000007aab00000, 0x00000007b0200000, 0x0000000800000000)
  eden space 31232K, 100% used [0x00000007aab00000,0x00000007ac980000,0x00000007ac980000)
  from space 26624K, 99% used [0x00000007ae500000,0x00000007afefde60,0x00000007aff00000)
  to   space 28160K, 0% used [0x00000007ac980000,0x00000007ac980000,0x00000007ae500000)
 ParOldGen       total 256512K, used 245128K [0x0000000700000000, 0x000000070fa80000, 0x00000007aab00000)
  object space 256512K, 95% used [0x0000000700000000,0x000000070ef62280,0x000000070fa80000)
 Metaspace       used 72777K, committed 74112K, reserved 1179648K
  class space    used 7550K, committed 8128K, reserved 1048576K
}
Event: 12.274 GC heap after
{Heap after GC invocations=241 (full 13):
 PSYoungGen      total 59392K, used 26301K [0x00000007aab00000, 0x00000007b0100000, 0x0000000800000000)
  eden space 31232K, 0% used [0x00000007aab00000,0x00000007aab00000,0x00000007ac980000)
  from space 28160K, 93% used [0x00000007ac980000,0x00000007ae32f530,0x00000007ae500000)
  to   space 27136K, 0% used [0x00000007ae680000,0x00000007ae680000,0x00000007b0100000)
 ParOldGen       total 256512K, used 248722K [0x0000000700000000, 0x000000070fa80000, 0x00000007aab00000)
  object space 256512K, 96% used [0x0000000700000000,0x000000070f2e4800,0x000000070fa80000)
 Metaspace       used 72777K, committed 74112K, reserved 1179648K
  class space    used 7550K, committed 8128K, reserved 1048576K
}
Event: 12.367 GC heap before
{Heap before GC invocations=242 (full 13):
 PSYoungGen      total 59392K, used 57533K [0x00000007aab00000, 0x00000007b0100000, 0x0000000800000000)
  eden space 31232K, 100% used [0x00000007aab00000,0x00000007ac980000,0x00000007ac980000)
  from space 28160K, 93% used [0x00000007ac980000,0x00000007ae32f530,0x00000007ae500000)
  to   space 27136K, 0% used [0x00000007ae680000,0x00000007ae680000,0x00000007b0100000)
 ParOldGen       total 256512K, used 248722K [0x0000000700000000, 0x000000070fa80000, 0x00000007aab00000)
  object space 256512K, 96% used [0x0000000700000000,0x000000070f2e4800,0x000000070fa80000)
 Metaspace       used 72853K, committed 74176K, reserved 1179648K
  class space    used 7550K, committed 8128K, reserved 1048576K
}
Event: 12.376 GC heap after
{Heap after GC invocations=242 (full 13):
 PSYoungGen      total 57344K, used 27112K [0x00000007aab00000, 0x00000007b0800000, 0x0000000800000000)
  eden space 30208K, 0% used [0x00000007aab00000,0x00000007aab00000,0x00000007ac880000)
  from space 27136K, 99% used [0x00000007ae680000,0x00000007b00fa0d8,0x00000007b0100000)
  to   space 30720K, 0% used [0x00000007ac880000,0x00000007ac880000,0x00000007ae680000)
 ParOldGen       total 256512K, used 251328K [0x0000000700000000, 0x000000070fa80000, 0x00000007aab00000)
  object space 256512K, 97% used [0x0000000700000000,0x000000070f570228,0x000000070fa80000)
 Metaspace       used 72853K, committed 74176K, reserved 1179648K
  class space    used 7550K, committed 8128K, reserved 1048576K
}
Event: 12.478 GC heap before
{Heap before GC invocations=243 (full 13):
 PSYoungGen      total 57344K, used 57320K [0x00000007aab00000, 0x00000007b0800000, 0x0000000800000000)
  eden space 30208K, 100% used [0x00000007aab00000,0x00000007ac880000,0x00000007ac880000)
  from space 27136K, 99% used [0x00000007ae680000,0x00000007b00fa0d8,0x00000007b0100000)
  to   space 30720K, 0% used [0x00000007ac880000,0x00000007ac880000,0x00000007ae680000)
 ParOldGen       total 256512K, used 251328K [0x0000000700000000, 0x000000070fa80000, 0x00000007aab00000)
  object space 256512K, 97% used [0x0000000700000000,0x000000070f570228,0x000000070fa80000)
 Metaspace       used 72995K, committed 74304K, reserved 1179648K
  class space    used 7551K, committed 8128K, reserved 1048576K
}
Event: 12.486 GC heap after
{Heap after GC invocations=243 (full 13):
 PSYoungGen      total 60928K, used 27141K [0x00000007aab00000, 0x00000007b0200000, 0x0000000800000000)
  eden space 30208K, 0% used [0x00000007aab00000,0x00000007aab00000,0x00000007ac880000)
  from space 30720K, 88% used [0x00000007ac880000,0x00000007ae301780,0x00000007ae680000)
  to   space 28160K, 0% used [0x00000007ae680000,0x00000007ae680000,0x00000007b0200000)
 ParOldGen       total 256512K, used 254591K [0x0000000700000000, 0x000000070fa80000, 0x00000007aab00000)
  object space 256512K, 99% used [0x0000000700000000,0x000000070f89ff78,0x000000070fa80000)
 Metaspace       used 72995K, committed 74304K, reserved 1179648K
  class space    used 7551K, committed 8128K, reserved 1048576K
}
Event: 12.486 GC heap before
{Heap before GC invocations=244 (full 14):
 PSYoungGen      total 60928K, used 27141K [0x00000007aab00000, 0x00000007b0200000, 0x0000000800000000)
  eden space 30208K, 0% used [0x00000007aab00000,0x00000007aab00000,0x00000007ac880000)
  from space 30720K, 88% used [0x00000007ac880000,0x00000007ae301780,0x00000007ae680000)
  to   space 28160K, 0% used [0x00000007ae680000,0x00000007ae680000,0x00000007b0200000)
 ParOldGen       total 256512K, used 254591K [0x0000000700000000, 0x000000070fa80000, 0x00000007aab00000)
  object space 256512K, 99% used [0x0000000700000000,0x000000070f89ff78,0x000000070fa80000)
 Metaspace       used 72995K, committed 74304K, reserved 1179648K
  class space    used 7551K, committed 8128K, reserved 1048576K
}
Event: 12.570 GC heap after
{Heap after GC invocations=244 (full 14):
 PSYoungGen      total 60928K, used 0K [0x00000007aab00000, 0x00000007b0200000, 0x0000000800000000)
  eden space 32768K, 0% used [0x00000007aab00000,0x00000007aab00000,0x00000007acb00000)
  from space 28160K, 0% used [0x00000007ae680000,0x00000007ae680000,0x00000007b0200000)
  to   space 28160K, 0% used [0x00000007acb00000,0x00000007acb00000,0x00000007ae680000)
 ParOldGen       total 291840K, used 239225K [0x0000000700000000, 0x0000000711d00000, 0x00000007aab00000)
  object space 291840K, 81% used [0x0000000700000000,0x000000070e99e6f0,0x0000000711d00000)
 Metaspace       used 72995K, committed 74304K, reserved 1179648K
  class space    used 7551K, committed 8128K, reserved 1048576K
}
Event: 12.632 GC heap before
{Heap before GC invocations=245 (full 14):
 PSYoungGen      total 60928K, used 32768K [0x00000007aab00000, 0x00000007b0200000, 0x0000000800000000)
  eden space 32768K, 100% used [0x00000007aab00000,0x00000007acb00000,0x00000007acb00000)
  from space 28160K, 0% used [0x00000007ae680000,0x00000007ae680000,0x00000007b0200000)
  to   space 28160K, 0% used [0x00000007acb00000,0x00000007acb00000,0x00000007ae680000)
 ParOldGen       total 291840K, used 239225K [0x0000000700000000, 0x0000000711d00000, 0x00000007aab00000)
  object space 291840K, 81% used [0x0000000700000000,0x000000070e99e6f0,0x0000000711d00000)
 Metaspace       used 73142K, committed 74432K, reserved 1179648K
  class space    used 7551K, committed 8128K, reserved 1048576K
}
Event: 12.637 GC heap after
{Heap after GC invocations=245 (full 14):
 PSYoungGen      total 37376K, used 4116K [0x00000007aab00000, 0x00000007ae700000, 0x0000000800000000)
  eden space 32768K, 0% used [0x00000007aab00000,0x00000007aab00000,0x00000007acb00000)
  from space 4608K, 89% used [0x00000007acb00000,0x00000007acf05220,0x00000007acf80000)
  to   space 12800K, 0% used [0x00000007ada80000,0x00000007ada80000,0x00000007ae700000)
 ParOldGen       total 291840K, used 239225K [0x0000000700000000, 0x0000000711d00000, 0x00000007aab00000)
  object space 291840K, 81% used [0x0000000700000000,0x000000070e99e6f0,0x0000000711d00000)
 Metaspace       used 73142K, committed 74432K, reserved 1179648K
  class space    used 7551K, committed 8128K, reserved 1048576K
}
Event: 12.726 GC heap before
{Heap before GC invocations=246 (full 14):
 PSYoungGen      total 37376K, used 36884K [0x00000007aab00000, 0x00000007ae700000, 0x0000000800000000)
  eden space 32768K, 100% used [0x00000007aab00000,0x00000007acb00000,0x00000007acb00000)
  from space 4608K, 89% used [0x00000007acb00000,0x00000007acf05220,0x00000007acf80000)
  to   space 12800K, 0% used [0x00000007ada80000,0x00000007ada80000,0x00000007ae700000)
 ParOldGen       total 291840K, used 239225K [0x0000000700000000, 0x0000000711d00000, 0x00000007aab00000)
  object space 291840K, 81% used [0x0000000700000000,0x000000070e99e6f0,0x0000000711d00000)
 Metaspace       used 73359K, committed 74752K, reserved 1179648K
  class space    used 7563K, committed 8128K, reserved 1048576K
}
Event: 12.730 GC heap after
{Heap after GC invocations=246 (full 14):
 PSYoungGen      total 41984K, used 6847K [0x00000007aab00000, 0x00000007ae180000, 0x0000000800000000)
  eden space 34816K, 0% used [0x00000007aab00000,0x00000007aab00000,0x00000007acd00000)
  from space 7168K, 95% used [0x00000007ada80000,0x00000007ae12fed0,0x00000007ae180000)
  to   space 7680K, 0% used [0x00000007ad280000,0x00000007ad280000,0x00000007ada00000)
 ParOldGen       total 291840K, used 239225K [0x0000000700000000, 0x0000000711d00000, 0x00000007aab00000)
  object space 291840K, 81% used [0x0000000700000000,0x000000070e99e6f0,0x0000000711d00000)
 Metaspace       used 73359K, committed 74752K, reserved 1179648K
  class space    used 7563K, committed 8128K, reserved 1048576K
}
Event: 12.810 GC heap before
{Heap before GC invocations=247 (full 14):
 PSYoungGen      total 41984K, used 41663K [0x00000007aab00000, 0x00000007ae180000, 0x0000000800000000)
  eden space 34816K, 100% used [0x00000007aab00000,0x00000007acd00000,0x00000007acd00000)
  from space 7168K, 95% used [0x00000007ada80000,0x00000007ae12fed0,0x00000007ae180000)
  to   space 7680K, 0% used [0x00000007ad280000,0x00000007ad280000,0x00000007ada00000)
 ParOldGen       total 291840K, used 239225K [0x0000000700000000, 0x0000000711d00000, 0x00000007aab00000)
  object space 291840K, 81% used [0x0000000700000000,0x000000070e99e6f0,0x0000000711d00000)
 Metaspace       used 73449K, committed 74816K, reserved 1179648K
  class space    used 7563K, committed 8128K, reserved 1048576K
}
Event: 12.814 GC heap after
{Heap after GC invocations=247 (full 14):
 PSYoungGen      total 45056K, used 7651K [0x00000007aab00000, 0x00000007ae480000, 0x0000000800000000)
  eden space 37376K, 0% used [0x00000007aab00000,0x00000007aab00000,0x00000007acf80000)
  from space 7680K, 99% used [0x00000007ad280000,0x00000007ad9f8d98,0x00000007ada00000)
  to   space 10752K, 0% used [0x00000007ada00000,0x00000007ada00000,0x00000007ae480000)
 ParOldGen       total 291840K, used 241544K [0x0000000700000000, 0x0000000711d00000, 0x00000007aab00000)
  object space 291840K, 82% used [0x0000000700000000,0x000000070ebe2110,0x0000000711d00000)
 Metaspace       used 73449K, committed 74816K, reserved 1179648K
  class space    used 7563K, committed 8128K, reserved 1048576K
}
Event: 12.939 GC heap before
{Heap before GC invocations=248 (full 14):
 PSYoungGen      total 45056K, used 45027K [0x00000007aab00000, 0x00000007ae480000, 0x0000000800000000)
  eden space 37376K, 100% used [0x00000007aab00000,0x00000007acf80000,0x00000007acf80000)
  from space 7680K, 99% used [0x00000007ad280000,0x00000007ad9f8d98,0x00000007ada00000)
  to   space 10752K, 0% used [0x00000007ada00000,0x00000007ada00000,0x00000007ae480000)
 ParOldGen       total 291840K, used 241544K [0x0000000700000000, 0x0000000711d00000, 0x00000007aab00000)
  object space 291840K, 82% used [0x0000000700000000,0x000000070ebe2110,0x0000000711d00000)
 Metaspace       used 73541K, committed 74880K, reserved 1179648K
  class space    used 7563K, committed 8128K, reserved 1048576K
}
Event: 12.946 GC heap after
{Heap after GC invocations=248 (full 14):
 PSYoungGen      total 46080K, used 10720K [0x00000007aab00000, 0x00000007aeb00000, 0x0000000800000000)
  eden space 35328K, 0% used [0x00000007aab00000,0x00000007aab00000,0x00000007acd80000)
  from space 10752K, 99% used [0x00000007ada00000,0x00000007ae478020,0x00000007ae480000)
  to   space 12800K, 0% used [0x00000007acd80000,0x00000007acd80000,0x00000007ada00000)
 ParOldGen       total 291840K, used 242827K [0x0000000700000000, 0x0000000711d00000, 0x00000007aab00000)
  object space 291840K, 83% used [0x0000000700000000,0x000000070ed22d58,0x0000000711d00000)
 Metaspace       used 73541K, committed 74880K, reserved 1179648K
  class space    used 7563K, committed 8128K, reserved 1048576K
}
Event: 13.080 GC heap before
{Heap before GC invocations=249 (full 14):
 PSYoungGen      total 46080K, used 46048K [0x00000007aab00000, 0x00000007aeb00000, 0x0000000800000000)
  eden space 35328K, 100% used [0x00000007aab00000,0x00000007acd80000,0x00000007acd80000)
  from space 10752K, 99% used [0x00000007ada00000,0x00000007ae478020,0x00000007ae480000)
  to   space 12800K, 0% used [0x00000007acd80000,0x00000007acd80000,0x00000007ada00000)
 ParOldGen       total 291840K, used 242827K [0x0000000700000000, 0x0000000711d00000, 0x00000007aab00000)
  object space 291840K, 83% used [0x0000000700000000,0x000000070ed22d58,0x0000000711d00000)
 Metaspace       used 73638K, committed 74944K, reserved 1179648K
  class space    used 7576K, committed 8128K, reserved 1048576K
}
Event: 13.085 GC heap after
{Heap after GC invocations=249 (full 14):
 PSYoungGen      total 48128K, used 12768K [0x00000007aab00000, 0x00000007aec80000, 0x0000000800000000)
  eden space 35328K, 0% used [0x00000007aab00000,0x00000007aab00000,0x00000007acd80000)
  from space 12800K, 99% used [0x00000007acd80000,0x00000007ad9f8020,0x00000007ada00000)
  to   space 14848K, 0% used [0x00000007ade00000,0x00000007ade00000,0x00000007aec80000)
 ParOldGen       total 291840K, used 244076K [0x0000000700000000, 0x0000000711d00000, 0x00000007aab00000)
  object space 291840K, 83% used [0x0000000700000000,0x000000070ee5b3a0,0x0000000711d00000)
 Metaspace       used 73638K, committed 74944K, reserved 1179648K
  class space    used 7576K, committed 8128K, reserved 1048576K
}
Event: 13.195 GC heap before
{Heap before GC invocations=250 (full 14):
 PSYoungGen      total 48128K, used 48096K [0x00000007aab00000, 0x00000007aec80000, 0x0000000800000000)
  eden space 35328K, 100% used [0x00000007aab00000,0x00000007acd80000,0x00000007acd80000)
  from space 12800K, 99% used [0x00000007acd80000,0x00000007ad9f8020,0x00000007ada00000)
  to   space 14848K, 0% used [0x00000007ade00000,0x00000007ade00000,0x00000007aec80000)
 ParOldGen       total 291840K, used 244076K [0x0000000700000000, 0x0000000711d00000, 0x00000007aab00000)
  object space 291840K, 83% used [0x0000000700000000,0x000000070ee5b3a0,0x0000000711d00000)
 Metaspace       used 73638K, committed 74944K, reserved 1179648K
  class space    used 7576K, committed 8128K, reserved 1048576K
}
Event: 13.204 GC heap after
{Heap after GC invocations=250 (full 14):
 PSYoungGen      total 50176K, used 14826K [0x00000007aab00000, 0x00000007af080000, 0x0000000800000000)
  eden space 35328K, 0% used [0x00000007aab00000,0x00000007aab00000,0x00000007acd80000)
  from space 14848K, 99% used [0x00000007ade00000,0x00000007aec7ab98,0x00000007aec80000)
  to   space 16896K, 0% used [0x00000007acd80000,0x00000007acd80000,0x00000007ade00000)
 ParOldGen       total 291840K, used 245332K [0x0000000700000000, 0x0000000711d00000, 0x00000007aab00000)
  object space 291840K, 84% used [0x0000000700000000,0x000000070ef953a0,0x0000000711d00000)
 Metaspace       used 73638K, committed 74944K, reserved 1179648K
  class space    used 7576K, committed 8128K, reserved 1048576K
}

Dll operation events (11 events):
Event: 0.010 Loaded shared library c:\Users\¸¼À½\.vscode\extensions\redhat.java-1.34.0-win32-x64\jre\17.0.12-win32-x86_64\bin\java.dll
Event: 0.125 Loaded shared library c:\Users\¸¼À½\.vscode\extensions\redhat.java-1.34.0-win32-x64\jre\17.0.12-win32-x86_64\bin\zip.dll
Event: 0.131 Loaded shared library C:\Users\¸¼À½\.vscode\extensions\redhat.java-1.34.0-win32-x64\jre\17.0.12-win32-x86_64\bin\instrument.dll
Event: 0.141 Loaded shared library C:\Users\¸¼À½\.vscode\extensions\redhat.java-1.34.0-win32-x64\jre\17.0.12-win32-x86_64\bin\net.dll
Event: 0.143 Loaded shared library C:\Users\¸¼À½\.vscode\extensions\redhat.java-1.34.0-win32-x64\jre\17.0.12-win32-x86_64\bin\nio.dll
Event: 0.150 Loaded shared library C:\Users\¸¼À½\.vscode\extensions\redhat.java-1.34.0-win32-x64\jre\17.0.12-win32-x86_64\bin\zip.dll
Event: 0.164 Loaded shared library C:\Users\¸¼À½\.vscode\extensions\redhat.java-1.34.0-win32-x64\jre\17.0.12-win32-x86_64\bin\jimage.dll
Event: 0.215 Loaded shared library c:\Users\¸¼À½\.vscode\extensions\redhat.java-1.34.0-win32-x64\jre\17.0.12-win32-x86_64\bin\verify.dll
Event: 0.872 Loaded shared library C:\Users\¸¼À½\AppData\Roaming\Code\User\globalStorage\redhat.java\1.34.0\config_win\org.eclipse.equinox.launcher\org.eclipse.equinox.launcher.win32.win32.x86_64_1.2.1100.v20240722-2106\eclipse_11904.dll
Event: 1.670 Loaded shared library C:\Users\¸¼À½\AppData\Local\Temp\jna-1525659\jna785805062550870523.dll
Event: 10.566 Loaded shared library C:\Users\¸¼À½\.vscode\extensions\redhat.java-1.34.0-win32-x64\jre\17.0.12-win32-x86_64\bin\sunmscapi.dll

Deoptimization events (20 events):
Event: 12.934 Thread 0x000001fc576343c0 Uncommon trap: trap_request=0xffffffc6 fr.pc=0x000001fc3c990cf0 relative=0x00000000000001d0
Event: 12.934 Thread 0x000001fc576343c0 Uncommon trap: reason=bimorphic_or_optimized_type_check action=maybe_recompile pc=0x000001fc3c990cf0 method=java.util.Collections.eq(Ljava/lang/Object;Ljava/lang/Object;)Z @ 18 c2
Event: 12.934 Thread 0x000001fc576343c0 DEOPT PACKING pc=0x000001fc3c990cf0 sp=0x00000077173fe6d0
Event: 12.934 Thread 0x000001fc576343c0 DEOPT UNPACKING pc=0x000001fc3c2c66a3 sp=0x00000077173fe610 mode 2
Event: 12.950 Thread 0x000001fc57632f80 DEOPT PACKING pc=0x000001fc3590c3bd sp=0x00000077176fee50
Event: 12.950 Thread 0x000001fc57632f80 DEOPT UNPACKING pc=0x000001fc3c2c6e43 sp=0x00000077176fe3f0 mode 0
Event: 12.967 Thread 0x000001fc57632f80 DEOPT PACKING pc=0x000001fc3590c3bd sp=0x00000077176fee50
Event: 12.967 Thread 0x000001fc57632f80 DEOPT UNPACKING pc=0x000001fc3c2c6e43 sp=0x00000077176fe3f0 mode 0
Event: 12.967 Thread 0x000001fc5821ce70 DEOPT PACKING pc=0x000001fc35869b25 sp=0x0000007718cfe530
Event: 12.967 Thread 0x000001fc5821ce70 DEOPT UNPACKING pc=0x000001fc3c2c6e43 sp=0x0000007718cfda10 mode 0
Event: 12.976 Thread 0x000001fc57632f80 DEOPT PACKING pc=0x000001fc3590c3bd sp=0x00000077176fee50
Event: 12.976 Thread 0x000001fc57632f80 DEOPT UNPACKING pc=0x000001fc3c2c6e43 sp=0x00000077176fe3f0 mode 0
Event: 12.989 Thread 0x000001fc57632f80 Uncommon trap: trap_request=0xffffff45 fr.pc=0x000001fc3ccae464 relative=0x0000000000009aa4
Event: 12.989 Thread 0x000001fc57632f80 Uncommon trap: reason=unstable_if action=reinterpret pc=0x000001fc3ccae464 method=org.eclipse.jdt.core.Signature.getTypeParameters([C)[[C @ 128 c2
Event: 12.989 Thread 0x000001fc57632f80 DEOPT PACKING pc=0x000001fc3ccae464 sp=0x00000077176ff030
Event: 12.989 Thread 0x000001fc57632f80 DEOPT UNPACKING pc=0x000001fc3c2c66a3 sp=0x00000077176fef40 mode 2
Event: 13.006 Thread 0x000001fc57632f80 DEOPT PACKING pc=0x000001fc3590c3bd sp=0x00000077176fedc0
Event: 13.006 Thread 0x000001fc57632f80 DEOPT UNPACKING pc=0x000001fc3c2c6e43 sp=0x00000077176fe360 mode 0
Event: 13.025 Thread 0x000001fc57632f80 DEOPT PACKING pc=0x000001fc3590c3bd sp=0x00000077176fece0
Event: 13.025 Thread 0x000001fc57632f80 DEOPT UNPACKING pc=0x000001fc3c2c6e43 sp=0x00000077176fe280 mode 0

Classes loaded (20 events):
Event: 10.622 Loading class sun/security/util/ArrayUtil
Event: 10.623 Loading class sun/security/util/ArrayUtil done
Event: 10.696 Loading class java/util/zip/CheckedInputStream
Event: 10.696 Loading class java/util/zip/CheckedInputStream done
Event: 10.813 Loading class java/util/stream/ReduceOps$4
Event: 10.813 Loading class java/util/stream/ReduceOps$4 done
Event: 10.814 Loading class java/util/stream/ReduceOps$4ReducingSink
Event: 10.815 Loading class java/util/stream/ReduceOps$4ReducingSink done
Event: 10.825 Loading class java/util/zip/GZIPInputStream$1
Event: 10.826 Loading class java/util/zip/GZIPInputStream$1 done
Event: 10.875 Loading class java/util/regex/Pattern$1
Event: 10.875 Loading class java/util/regex/Pattern$1 done
Event: 10.921 Loading class java/util/concurrent/ForkJoinTask$AdaptedCallable
Event: 10.921 Loading class java/util/concurrent/ForkJoinTask$AdaptedCallable done
Event: 10.921 Loading class java/util/concurrent/CountedCompleter
Event: 10.922 Loading class java/util/concurrent/CountedCompleter done
Event: 11.551 Loading class java/util/stream/ReduceOps$2
Event: 11.551 Loading class java/util/stream/ReduceOps$2 done
Event: 11.551 Loading class java/util/stream/ReduceOps$2ReducingSink
Event: 11.551 Loading class java/util/stream/ReduceOps$2ReducingSink done

Classes unloaded (7 events):
Event: 2.370 Thread 0x000001fc52094870 Unloading class 0x000000080024a400 'java/lang/invoke/LambdaForm$MH+0x000000080024a400'
Event: 2.370 Thread 0x000001fc52094870 Unloading class 0x000000080024a000 'java/lang/invoke/LambdaForm$MH+0x000000080024a000'
Event: 2.370 Thread 0x000001fc52094870 Unloading class 0x0000000800249c00 'java/lang/invoke/LambdaForm$MH+0x0000000800249c00'
Event: 2.370 Thread 0x000001fc52094870 Unloading class 0x0000000800249800 'java/lang/invoke/LambdaForm$MH+0x0000000800249800'
Event: 2.370 Thread 0x000001fc52094870 Unloading class 0x0000000800249400 'java/lang/invoke/LambdaForm$BMH+0x0000000800249400'
Event: 2.370 Thread 0x000001fc52094870 Unloading class 0x0000000800249000 'java/lang/invoke/LambdaForm$DMH+0x0000000800249000'
Event: 2.370 Thread 0x000001fc52094870 Unloading class 0x0000000800244400 'java/lang/invoke/LambdaForm$DMH+0x0000000800244400'

Classes redefined (0 events):
No events

Internal exceptions (20 events):
Event: 12.868 Thread 0x000001fc5821b010 Implicit null exception at 0x000001fc3606af41 to 0x000001fc3606b764
Event: 12.868 Thread 0x000001fc5821b010 Exception <a 'java/lang/NullPointerException'{0x00000007ac560ed8}> (0x00000007ac560ed8) 
thrown [s\src\hotspot\share\runtime\sharedRuntime.cpp, line 631]
Event: 12.868 Thread 0x000001fc5821b010 Implicit null exception at 0x000001fc3606af41 to 0x000001fc3606b764
Event: 12.868 Thread 0x000001fc5821b010 Exception <a 'java/lang/NullPointerException'{0x00000007ac562270}> (0x00000007ac562270) 
thrown [s\src\hotspot\share\runtime\sharedRuntime.cpp, line 631]
Event: 12.868 Thread 0x000001fc5821b010 Implicit null exception at 0x000001fc3606af41 to 0x000001fc3606b764
Event: 12.868 Thread 0x000001fc5821b010 Exception <a 'java/lang/NullPointerException'{0x00000007ac568408}> (0x00000007ac568408) 
thrown [s\src\hotspot\share\runtime\sharedRuntime.cpp, line 631]
Event: 12.868 Thread 0x000001fc5821b010 Implicit null exception at 0x000001fc3606af41 to 0x000001fc3606b764
Event: 12.869 Thread 0x000001fc5821b010 Exception <a 'java/lang/NullPointerException'{0x00000007ac5697b0}> (0x00000007ac5697b0) 
thrown [s\src\hotspot\share\runtime\sharedRuntime.cpp, line 631]
Event: 12.870 Thread 0x000001fc5821b010 Implicit null exception at 0x000001fc3606af41 to 0x000001fc3606b764
Event: 12.870 Thread 0x000001fc5821b010 Exception <a 'java/lang/NullPointerException'{0x00000007ac570620}> (0x00000007ac570620) 
thrown [s\src\hotspot\share\runtime\sharedRuntime.cpp, line 631]
Event: 12.870 Thread 0x000001fc5821b010 Implicit null exception at 0x000001fc3606af41 to 0x000001fc3606b764
Event: 12.870 Thread 0x000001fc5821b010 Exception <a 'java/lang/NullPointerException'{0x00000007ac5719d0}> (0x00000007ac5719d0) 
thrown [s\src\hotspot\share\runtime\sharedRuntime.cpp, line 631]
Event: 12.870 Thread 0x000001fc5821b010 Implicit null exception at 0x000001fc3606af41 to 0x000001fc3606b764
Event: 12.870 Thread 0x000001fc5821b010 Exception <a 'java/lang/NullPointerException'{0x00000007ac577bb8}> (0x00000007ac577bb8) 
thrown [s\src\hotspot\share\runtime\sharedRuntime.cpp, line 631]
Event: 12.870 Thread 0x000001fc5821b010 Implicit null exception at 0x000001fc3606af41 to 0x000001fc3606b764
Event: 12.870 Thread 0x000001fc5821b010 Exception <a 'java/lang/NullPointerException'{0x00000007ac578f68}> (0x00000007ac578f68) 
thrown [s\src\hotspot\share\runtime\sharedRuntime.cpp, line 631]
Event: 12.870 Thread 0x000001fc5821b010 Implicit null exception at 0x000001fc3606af41 to 0x000001fc3606b764
Event: 12.870 Thread 0x000001fc5821b010 Exception <a 'java/lang/NullPointerException'{0x00000007ac580720}> (0x00000007ac580720) 
thrown [s\src\hotspot\share\runtime\sharedRuntime.cpp, line 631]
Event: 12.870 Thread 0x000001fc5821b010 Implicit null exception at 0x000001fc3606af41 to 0x000001fc3606b764
Event: 12.870 Thread 0x000001fc5821b010 Exception <a 'java/lang/NullPointerException'{0x00000007ac581bd8}> (0x00000007ac581bd8) 
thrown [s\src\hotspot\share\runtime\sharedRuntime.cpp, line 631]

VM Operations (20 events):
Event: 12.367 Executing VM operation: ParallelGCFailedAllocation
Event: 12.377 Executing VM operation: ParallelGCFailedAllocation done
Event: 12.478 Executing VM operation: ParallelGCFailedAllocation
Event: 12.571 Executing VM operation: ParallelGCFailedAllocation done
Event: 12.631 Executing VM operation: ParallelGCFailedAllocation
Event: 12.637 Executing VM operation: ParallelGCFailedAllocation done
Event: 12.697 Executing VM operation: HandshakeAllThreads
Event: 12.702 Executing VM operation: HandshakeAllThreads done
Event: 12.723 Executing VM operation: ParallelGCFailedAllocation
Event: 12.733 Executing VM operation: ParallelGCFailedAllocation done
Event: 12.799 Executing VM operation: HandshakeAllThreads
Event: 12.800 Executing VM operation: HandshakeAllThreads done
Event: 12.810 Executing VM operation: ParallelGCFailedAllocation
Event: 12.815 Executing VM operation: ParallelGCFailedAllocation done
Event: 12.939 Executing VM operation: ParallelGCFailedAllocation
Event: 12.946 Executing VM operation: ParallelGCFailedAllocation done
Event: 13.080 Executing VM operation: ParallelGCFailedAllocation
Event: 13.085 Executing VM operation: ParallelGCFailedAllocation done
Event: 13.195 Executing VM operation: ParallelGCFailedAllocation
Event: 13.204 Executing VM operation: ParallelGCFailedAllocation done

Events (20 events):
Event: 12.821 Thread 0x000001fc520ec2f0 flushing nmethod 0x000001fc35ed7b90
Event: 12.821 Thread 0x000001fc520ec2f0 flushing nmethod 0x000001fc35ed8110
Event: 12.821 Thread 0x000001fc520ec2f0 flushing nmethod 0x000001fc35edae10
Event: 12.821 Thread 0x000001fc520ec2f0 flushing nmethod 0x000001fc35ee5490
Event: 12.821 Thread 0x000001fc520ec2f0 flushing nmethod 0x000001fc35ef1d90
Event: 12.821 Thread 0x000001fc520ec2f0 flushing nmethod 0x000001fc35f12210
Event: 12.821 Thread 0x000001fc520ec2f0 flushing nmethod 0x000001fc35f4a610
Event: 12.821 Thread 0x000001fc520ec2f0 flushing nmethod 0x000001fc35f8c510
Event: 12.821 Thread 0x000001fc520ec2f0 flushing nmethod 0x000001fc35f99590
Event: 12.821 Thread 0x000001fc520ec2f0 flushing nmethod 0x000001fc35f9cb10
Event: 12.821 Thread 0x000001fc520ec2f0 flushing nmethod 0x000001fc35f9d010
Event: 12.822 Thread 0x000001fc520ec2f0 flushing nmethod 0x000001fc35fa3310
Event: 12.822 Thread 0x000001fc520ec2f0 flushing nmethod 0x000001fc35fa3690
Event: 12.822 Thread 0x000001fc520ec2f0 flushing nmethod 0x000001fc35fa4010
Event: 12.822 Thread 0x000001fc520ec2f0 flushing nmethod 0x000001fc35fb2190
Event: 12.822 Thread 0x000001fc520ec2f0 flushing nmethod 0x000001fc35fd5f10
Event: 12.823 Thread 0x000001fc520ec2f0 flushing nmethod 0x000001fc36137410
Event: 12.823 Thread 0x000001fc520ec2f0 flushing nmethod 0x000001fc36137890
Event: 12.823 Thread 0x000001fc520ec2f0 flushing nmethod 0x000001fc3613a510
Event: 12.823 Thread 0x000001fc520ec2f0 flushing nmethod 0x000001fc3613ae90


Dynamic libraries:
0x00007ff7a9870000 - 0x00007ff7a987e000 	c:\Users\¸¼À½\.vscode\extensions\redhat.java-1.34.0-win32-x64\jre\17.0.12-win32-x86_64\bin\java.exe
0x00007ffef5ad0000 - 0x00007ffef5ce7000 	C:\WINDOWS\SYSTEM32\ntdll.dll
0x00007ffef42c0000 - 0x00007ffef4384000 	C:\WINDOWS\System32\KERNEL32.DLL
0x00007ffef2f80000 - 0x00007ffef332d000 	C:\WINDOWS\System32\KERNELBASE.dll
0x00007ffef33e0000 - 0x00007ffef34f1000 	C:\WINDOWS\System32\ucrtbase.dll
0x00007ffedf600000 - 0x00007ffedf617000 	c:\Users\¸¼À½\.vscode\extensions\redhat.java-1.34.0-win32-x64\jre\17.0.12-win32-x86_64\bin\jli.dll
0x00007ffedf5e0000 - 0x00007ffedf5fb000 	c:\Users\¸¼À½\.vscode\extensions\redhat.java-1.34.0-win32-x64\jre\17.0.12-win32-x86_64\bin\VCRUNTIME140.dll
0x00007ffef38b0000 - 0x00007ffef3a5e000 	C:\WINDOWS\System32\USER32.dll
0x00007ffef2df0000 - 0x00007ffef2e16000 	C:\WINDOWS\System32\win32u.dll
0x00007ffef3a70000 - 0x00007ffef3a99000 	C:\WINDOWS\System32\GDI32.dll
0x00007ffed3020000 - 0x00007ffed32b3000 	C:\WINDOWS\WinSxS\amd64_microsoft.windows.common-controls_6595b64144ccf1df_6.0.22621.3672_none_2713b9d173822955\COMCTL32.dll
0x00007ffef3570000 - 0x00007ffef3689000 	C:\WINDOWS\System32\gdi32full.dll
0x00007ffef3c70000 - 0x00007ffef3d17000 	C:\WINDOWS\System32\msvcrt.dll
0x00007ffef2ee0000 - 0x00007ffef2f7a000 	C:\WINDOWS\System32\msvcp_win.dll
0x00007ffef5910000 - 0x00007ffef5941000 	C:\WINDOWS\System32\IMM32.DLL
0x00007ffeee1b0000 - 0x00007ffeee1bc000 	c:\Users\¸¼À½\.vscode\extensions\redhat.java-1.34.0-win32-x64\jre\17.0.12-win32-x86_64\bin\vcruntime140_1.dll
0x00007ffed7710000 - 0x00007ffed779d000 	c:\Users\¸¼À½\.vscode\extensions\redhat.java-1.34.0-win32-x64\jre\17.0.12-win32-x86_64\bin\msvcp140.dll
0x00007ffe62040000 - 0x00007ffe62caa000 	c:\Users\¸¼À½\.vscode\extensions\redhat.java-1.34.0-win32-x64\jre\17.0.12-win32-x86_64\bin\server\jvm.dll
0x00007ffef59d0000 - 0x00007ffef5a82000 	C:\WINDOWS\System32\ADVAPI32.dll
0x00007ffef5180000 - 0x00007ffef5229000 	C:\WINDOWS\System32\sechost.dll
0x00007ffef3330000 - 0x00007ffef3358000 	C:\WINDOWS\System32\bcrypt.dll
0x00007ffef57f0000 - 0x00007ffef5904000 	C:\WINDOWS\System32\RPCRT4.dll
0x00007ffef5950000 - 0x00007ffef59c1000 	C:\WINDOWS\System32\WS2_32.dll
0x00007ffef2cc0000 - 0x00007ffef2d0d000 	C:\WINDOWS\SYSTEM32\POWRPROF.dll
0x00007ffeeace0000 - 0x00007ffeead14000 	C:\WINDOWS\SYSTEM32\WINMM.dll
0x00007ffee9500000 - 0x00007ffee950a000 	C:\WINDOWS\SYSTEM32\VERSION.dll
0x00007ffef2ca0000 - 0x00007ffef2cb3000 	C:\WINDOWS\SYSTEM32\UMPDC.dll
0x00007ffef1e40000 - 0x00007ffef1e58000 	C:\WINDOWS\SYSTEM32\kernel.appcore.dll
0x00007ffeee1a0000 - 0x00007ffeee1aa000 	c:\Users\¸¼À½\.vscode\extensions\redhat.java-1.34.0-win32-x64\jre\17.0.12-win32-x86_64\bin\jimage.dll
0x00007ffee9d20000 - 0x00007ffee9f52000 	C:\WINDOWS\SYSTEM32\DBGHELP.DLL
0x00007ffef4390000 - 0x00007ffef471e000 	C:\WINDOWS\System32\combase.dll
0x00007ffef5680000 - 0x00007ffef5757000 	C:\WINDOWS\System32\OLEAUT32.dll
0x00007ffed3940000 - 0x00007ffed3972000 	C:\WINDOWS\SYSTEM32\dbgcore.DLL
0x00007ffef3360000 - 0x00007ffef33db000 	C:\WINDOWS\System32\bcryptPrimitives.dll
0x00007ffeee190000 - 0x00007ffeee19e000 	c:\Users\¸¼À½\.vscode\extensions\redhat.java-1.34.0-win32-x64\jre\17.0.12-win32-x86_64\bin\instrument.dll
0x00007ffedf3e0000 - 0x00007ffedf405000 	c:\Users\¸¼À½\.vscode\extensions\redhat.java-1.34.0-win32-x64\jre\17.0.12-win32-x86_64\bin\java.dll
0x00007ffedf390000 - 0x00007ffedf3a8000 	c:\Users\¸¼À½\.vscode\extensions\redhat.java-1.34.0-win32-x64\jre\17.0.12-win32-x86_64\bin\zip.dll
0x00007ffef4720000 - 0x00007ffef4f87000 	C:\WINDOWS\System32\SHELL32.dll
0x00007ffef0d70000 - 0x00007ffef166f000 	C:\WINDOWS\SYSTEM32\windows.storage.dll
0x00007ffef0c30000 - 0x00007ffef0d6f000 	C:\WINDOWS\SYSTEM32\wintypes.dll
0x00007ffef5080000 - 0x00007ffef5179000 	C:\WINDOWS\System32\SHCORE.dll
0x00007ffef4f90000 - 0x00007ffef4fee000 	C:\WINDOWS\System32\shlwapi.dll
0x00007ffef2d20000 - 0x00007ffef2d47000 	C:\WINDOWS\SYSTEM32\profapi.dll
0x00007ffedf300000 - 0x00007ffedf319000 	C:\Users\¸¼À½\.vscode\extensions\redhat.java-1.34.0-win32-x64\jre\17.0.12-win32-x86_64\bin\net.dll
0x00007ffeebf90000 - 0x00007ffeec0c6000 	C:\WINDOWS\SYSTEM32\WINHTTP.dll
0x00007ffef22b0000 - 0x00007ffef2319000 	C:\WINDOWS\system32\mswsock.dll
0x00007ffedf020000 - 0x00007ffedf036000 	C:\Users\¸¼À½\.vscode\extensions\redhat.java-1.34.0-win32-x64\jre\17.0.12-win32-x86_64\bin\nio.dll
0x00007ffeec280000 - 0x00007ffeec290000 	c:\Users\¸¼À½\.vscode\extensions\redhat.java-1.34.0-win32-x64\jre\17.0.12-win32-x86_64\bin\verify.dll
0x00007ffed76c0000 - 0x00007ffed7705000 	C:\Users\¸¼À½\AppData\Roaming\Code\User\globalStorage\redhat.java\1.34.0\config_win\org.eclipse.equinox.launcher\org.eclipse.equinox.launcher.win32.win32.x86_64_1.2.1100.v20240722-2106\eclipse_11904.dll
0x00007ffef3aa0000 - 0x00007ffef3c45000 	C:\WINDOWS\System32\ole32.dll
0x00007ffef2500000 - 0x00007ffef251b000 	C:\WINDOWS\SYSTEM32\CRYPTSP.dll
0x00007ffef1da0000 - 0x00007ffef1dd5000 	C:\WINDOWS\system32\rsaenh.dll
0x00007ffef23a0000 - 0x00007ffef23c8000 	C:\WINDOWS\SYSTEM32\USERENV.dll
0x00007ffef2520000 - 0x00007ffef252c000 	C:\WINDOWS\SYSTEM32\CRYPTBASE.dll
0x00007ffef18d0000 - 0x00007ffef18fd000 	C:\WINDOWS\SYSTEM32\IPHLPAPI.DLL
0x00007ffef5450000 - 0x00007ffef5459000 	C:\WINDOWS\System32\NSI.dll
0x00007ffeec2c0000 - 0x00007ffeec2d9000 	C:\WINDOWS\SYSTEM32\dhcpcsvc6.DLL
0x00007ffeebb10000 - 0x00007ffeebb2f000 	C:\WINDOWS\SYSTEM32\dhcpcsvc.DLL
0x00007ffef1940000 - 0x00007ffef1a38000 	C:\WINDOWS\SYSTEM32\DNSAPI.dll
0x00007ffedf070000 - 0x00007ffedf0b5000 	C:\Users\¸¼À½\AppData\Local\Temp\jna-1525659\jna785805062550870523.dll
0x00007ffef3a60000 - 0x00007ffef3a68000 	C:\WINDOWS\System32\PSAPI.DLL
0x00007ffee39c0000 - 0x00007ffee39ce000 	C:\Users\¸¼À½\.vscode\extensions\redhat.java-1.34.0-win32-x64\jre\17.0.12-win32-x86_64\bin\sunmscapi.dll
0x00007ffef3690000 - 0x00007ffef37f6000 	C:\WINDOWS\System32\CRYPT32.dll
0x00007ffef26a0000 - 0x00007ffef26ce000 	C:\WINDOWS\SYSTEM32\ncrypt.dll
0x00007ffef2660000 - 0x00007ffef2697000 	C:\WINDOWS\SYSTEM32\NTASN1.dll

dbghelp: loaded successfully - version: 4.0.5 - missing functions: none
symbol engine: initialized successfully - sym options: 0x614 - pdb path: .;c:\Users\¸¼À½\.vscode\extensions\redhat.java-1.34.0-win32-x64\jre\17.0.12-win32-x86_64\bin;C:\WINDOWS\SYSTEM32;C:\WINDOWS\WinSxS\amd64_microsoft.windows.common-controls_6595b64144ccf1df_6.0.22621.3672_none_2713b9d173822955;c:\Users\¸¼À½\.vscode\extensions\redhat.java-1.34.0-win32-x64\jre\17.0.12-win32-x86_64\bin\se;c:\Users\¸¼À½\.vscode\extensions\redhat.java-1.34.0-win32-x64\jre\17.0.12-win32-x86_64\bin\;c:\Users\¸¼À½\.vscode\extensions\redhat.java-1.34.0-win32-x64\jre\17.0.12-win32-x86_64\bi;c:\Users\¸¼À½\.vscode\extensions\redhat.java-1.34.0-win32-x64\jre\17.0.12-win32-x86_64\;c:\Users\¸¼À½\.vscode\extensions\redhat.java-1.34.0-win32-x64\jre\17.0.12-win32-x86_6;c:\Users\¸¼À½\.vscode\extensions\redhat.java-1.34.0-win32-x64\jre\17.0.12-win32-x86;c:\Users\¸¼À½\.vscode\extensions\redhat.java-1.34.0-win32-x64\jre\17.0.12-win32-x86_64\bin\server;C:\Users\¸¼À½\AppData\Roaming\Code\User\globalStorage\redhat.java\1.34.0\config_win\org.eclipse.equinox.launcher\org.eclipse.equinox.launcher.win32.win32.x86_64_1.2.1;C:\Users\¸¼À½\AppData\Roaming\Code\User\globalStorage\redhat.java\1.34.0\config_win\org.eclipse.equinox.launcher\org.eclipse.equinox.launcher.win32.win32.x86_64_1.2.1100.v20240722-2106;C:\Users\¸¼À½\AppData\;C:\Users\¸¼À½\AppDat

VM Arguments:
jvm_args: --add-modules=ALL-SYSTEM --add-opens=java.base/java.util=ALL-UNNAMED --add-opens=java.base/java.lang=ALL-UNNAMED --add-opens=java.base/sun.nio.fs=ALL-UNNAMED -Declipse.application=org.eclipse.jdt.ls.core.id1 -Dosgi.bundles.defaultStartLevel=4 -Declipse.product=org.eclipse.jdt.ls.core.product -Djava.import.generatesMetadataFilesAtProjectRoot=false -DDetectVMInstallationsJob.disabled=true -Dfile.encoding=utf8 -XX:+UseParallelGC -XX:GCTimeRatio=4 -XX:AdaptiveSizePolicyWeight=90 -Dsun.zip.disableMemoryMapping=true -Xmx4G -Xms100m -Xlog:disable -javaagent:c:\Users\¸¼À½\.vscode\extensions\redhat.java-1.34.0-win32-x64\lombok\lombok-1.18.33.jar -XX:+HeapDumpOnOutOfMemoryError -XX:HeapDumpPath=c:\Users\¸¼À½\AppData\Roaming\Code\User\workspaceStorage\ba45a564f799ac6533c4f6e0f3ae2d63\redhat.java -Daether.dependencyCollector.impl=bf 
java_command: c:\Users\¸¼À½\.vscode\extensions\redhat.java-1.34.0-win32-x64\server\plugins\org.eclipse.equinox.launcher_1.6.900.v20240613-2009.jar -configuration c:\Users\¸¼À½\AppData\Roaming\Code\User\globalStorage\redhat.java\1.34.0\config_win -data c:\Users\¸¼À½\AppData\Roaming\Code\User\workspaceStorage\ba45a564f799ac6533c4f6e0f3ae2d63\redhat.java\jdt_ws --pipe=\\.\pipe\lsp-82eb2c9ed80e250113eff4164c72c3dc-sock
java_class_path (initial): c:\Users\¸¼À½\.vscode\extensions\redhat.java-1.34.0-win32-x64\server\plugins\org.eclipse.equinox.launcher_1.6.900.v20240613-2009.jar
Launcher Type: SUN_STANDARD

[Global flags]
    uintx AdaptiveSizePolicyWeight                 = 90                                        {product} {command line}
     intx CICompilerCount                          = 4                                         {product} {ergonomic}
    uintx GCTimeRatio                              = 4                                         {product} {command line}
     bool HeapDumpOnOutOfMemoryError               = true                                   {manageable} {command line}
    ccstr HeapDumpPath                             = c:\Users\¸¼À½\AppData\Roaming\Code\User\workspaceStorage\ba45a564f799ac6533c4f6e0f3ae2d63\redhat.java         {manageable} {command line}
   size_t InitialHeapSize                          = 104857600                                 {product} {command line}
   size_t MaxHeapSize                              = 4294967296                                {product} {command line}
   size_t MaxNewSize                               = 1431306240                                {product} {ergonomic}
   size_t MinHeapDeltaBytes                        = 524288                                    {product} {ergonomic}
   size_t MinHeapSize                              = 104857600                                 {product} {command line}
   size_t NewSize                                  = 34603008                                  {product} {ergonomic}
    uintx NonNMethodCodeHeapSize                   = 5839372                                {pd product} {ergonomic}
    uintx NonProfiledCodeHeapSize                  = 122909434                              {pd product} {ergonomic}
   size_t OldSize                                  = 70254592                                  {product} {ergonomic}
    uintx ProfiledCodeHeapSize                     = 122909434                              {pd product} {ergonomic}
    uintx ReservedCodeCacheSize                    = 251658240                              {pd product} {ergonomic}
     bool SegmentedCodeCache                       = true                                      {product} {ergonomic}
   size_t SoftMaxHeapSize                          = 4294967296                             {manageable} {ergonomic}
     bool UseCompressedClassPointers               = true                           {product lp64_product} {ergonomic}
     bool UseCompressedOops                        = true                           {product lp64_product} {ergonomic}
     bool UseLargePagesIndividualAllocation        = false                                  {pd product} {ergonomic}
     bool UseParallelGC                            = true                                      {product} {command line}

Logging:
Log output configuration:
 #0: stdout all=off uptime,level,tags
 #1: stderr all=off uptime,level,tags

Environment Variables:
JAVA_HOME=C:\Program Files\Amazon Corretto\jdk17.0.12_7
CLASSPATH=C:\Program Files\Amazon Corretto\jdk17.0.12_7\lib
PATH=C:\Program Files\Amazon Corretto\jdk17.0.12_7\bin;C:\Program Files\Common Files\Oracle\Java\javapath;C:\Program Files\Java\jdk-8.0.392.8-hotspot\bin;C:\Program Files\Python39\Scripts\;C:\Program Files\Python39\;C:\WINDOWS\system32;C:\WINDOWS;C:\WINDOWS\System32\Wbem;C:\WINDOWS\System32\WindowsPowerShell\v1.0\;C:\WINDOWS\System32\OpenSSH\;C:\Program Files\dotnet\;C:\Program Files\Git\cmd;C:\Program Files\Amazon Corretto\jdk17.0.12_7\bin;C:\Program Files\Bandizip\;C:\Program Files\nodejs\;C:\Users\¸¼À½\AppData\Local\Microsoft\WindowsApps;;C:\Users\¸¼À½\AppData\Local\afreeca;C:\Users\¸¼À½\AppData\Local\Programs\Microsoft VS Code\bin;C:\Users\¸¼À½\AppData\Roaming\npm
USERNAME=¸¼À½
OS=Windows_NT
PROCESSOR_IDENTIFIER=AMD64 Family 25 Model 33 Stepping 2, AuthenticAMD
TMP=C:\Users\¸¼À½\AppData\Local\Temp
TEMP=C:\Users\¸¼À½\AppData\Local\Temp



Periodic native trim disabled


---------------  S Y S T E M  ---------------

OS:
 Windows 11 , 64 bit Build 22621 (10.0.22621.3958)
OS uptime: 0 days 1:48 hours

CPU: total 12 (initial active 12) (12 cores per cpu, 2 threads per core) family 25 model 33 stepping 2 microcode 0x0, cx8, cmov, fxsr, ht, mmx, 3dnowpref, sse, sse2, sse3, ssse3, sse4a, sse4.1, sse4.2, popcnt, lzcnt, tsc, tscinvbit, avx, avx2, aes, erms, clmul, bmi1, bmi2, adx, sha, fma, vzeroupper, clflush, clflushopt
Processor Information for all 12 processors :
  Max Mhz: 3701, Current Mhz: 3701, Mhz Limit: 3701

Memory: 4k page, system-wide physical 16328M (4951M free)
TotalPageFile size 20424M (AvailPageFile size 4M)
current process WorkingSet (physical memory assigned to process): 719M, peak: 731M
current process commit charge ("private bytes"): 775M, peak: 784M

vm_info: OpenJDK 64-Bit Server VM (17.0.12+7) for windows-amd64 JRE (17.0.12+7), built on Jul 16 2024 22:08:24 by "admin" with MS VC++ 16.10 / 16.11 (VS2019)

END.
