#
# There is insufficient memory for the Java Runtime Environment to continue.
# Native memory allocation (malloc) failed to allocate 804688 bytes. Error detail: Chunk::new
# Possible reasons:
#   The system is out of physical RAM or swap space
#   This process is running with CompressedOops enabled, and the Java Heap may be blocking the growth of the native heap
# Possible solutions:
#   Reduce memory load on the system
#   Increase physical memory or swap space
#   Check if swap backing store is full
#   Decrease Java heap size (-Xmx/-Xms)
#   Decrease number of Java threads
#   Decrease Java thread stack sizes (-Xss)
#   Set larger code cache with -XX:ReservedCodeCacheSize=
#   JVM is running with Zero Based Compressed Oops mode in which the Java heap is
#     placed in the first 32GB address space. The Java Heap base address is the
#     maximum limit for the native heap growth. Please use -XX:HeapBaseMinAddress
#     to set the Java Heap base and to place the Java Heap above 32GB virtual address.
# This output file may be truncated or incomplete.
#
#  Out of Memory Error (arena.cpp:191), pid=32924, tid=11784
#
# JRE version: OpenJDK Runtime Environment Temurin-17.0.12+7 (17.0.12+7) (build 17.0.12+7)
# Java VM: OpenJDK 64-Bit Server VM Temurin-17.0.12+7 (17.0.12+7, mixed mode, tiered, compressed oops, compressed class ptrs, parallel gc, windows-amd64)
# No core dump will be written. Minidumps are not enabled by default on client versions of Windows
#

---------------  S U M M A R Y ------------

Command Line: --add-modules=ALL-SYSTEM --add-opens=java.base/java.util=ALL-UNNAMED --add-opens=java.base/java.lang=ALL-UNNAMED --add-opens=java.base/sun.nio.fs=ALL-UNNAMED -Declipse.application=org.eclipse.jdt.ls.core.id1 -Dosgi.bundles.defaultStartLevel=4 -Declipse.product=org.eclipse.jdt.ls.core.product -Djava.import.generatesMetadataFilesAtProjectRoot=false -DDetectVMInstallationsJob.disabled=true -Dfile.encoding=utf8 -XX:+UseParallelGC -XX:GCTimeRatio=4 -XX:AdaptiveSizePolicyWeight=90 -Dsun.zip.disableMemoryMapping=true -Xmx4G -Xms100m -Xlog:disable -javaagent:c:\Users\¸¼À½\.vscode\extensions\redhat.java-1.34.0-win32-x64\lombok\lombok-1.18.33.jar -XX:+HeapDumpOnOutOfMemoryError -XX:HeapDumpPath=c:\Users\¸¼À½\AppData\Roaming\Code\User\workspaceStorage\ba45a564f799ac6533c4f6e0f3ae2d63\redhat.java -Daether.dependencyCollector.impl=bf c:\Users\¸¼À½\.vscode\extensions\redhat.java-1.34.0-win32-x64\server\plugins\org.eclipse.equinox.launcher_1.6.900.v20240613-2009.jar -configuration c:\Users\¸¼À½\AppData\Roaming\Code\User\globalStorage\redhat.java\1.34.0\config_win -data c:\Users\¸¼À½\AppData\Roaming\Code\User\workspaceStorage\ba45a564f799ac6533c4f6e0f3ae2d63\redhat.java\jdt_ws --pipe=\\.\pipe\lsp-0de1ec40b6c8a2b188b0f745fe63cbdc-sock

Host: AMD Ryzen 5 5600X 6-Core Processor             , 12 cores, 15G,  Windows 11 , 64 bit Build 22621 (10.0.22621.3958)
Time: Sat Sep 14 18:45:18 2024  Windows 11 , 64 bit Build 22621 (10.0.22621.3958) elapsed time: 3.883067 seconds (0d 0h 0m 3s)

---------------  T H R E A D  ---------------

Current thread (0x00000295d13f7000):  JavaThread "C2 CompilerThread0" daemon [_thread_in_native, id=11784, stack(0x000000b788d00000,0x000000b788e00000)]


Current CompileTask:
C2:   3883 4945       4       org.eclipse.jdt.internal.core.index.MemoryIndex::addIndexEntry (118 bytes)

Stack: [0x000000b788d00000,0x000000b788e00000]
Native frames: (J=compiled Java code, j=interpreted, Vv=VM code, C=native code)
V  [jvm.dll+0x67f929]
V  [jvm.dll+0x8371ba]
V  [jvm.dll+0x838c7e]
V  [jvm.dll+0x8392e3]
V  [jvm.dll+0x24834f]
V  [jvm.dll+0xac9d4]
V  [jvm.dll+0xad01c]
V  [jvm.dll+0x3674a7]
V  [jvm.dll+0x33197a]
V  [jvm.dll+0x330e1a]
V  [jvm.dll+0x21a8b1]
V  [jvm.dll+0x219cf1]
V  [jvm.dll+0x1a58bd]
V  [jvm.dll+0x229a2d]
V  [jvm.dll+0x227bdc]
V  [jvm.dll+0x7ec1f7]
V  [jvm.dll+0x7e65dc]
V  [jvm.dll+0x67e7f7]
C  [ucrtbase.dll+0x29333]
C  [KERNEL32.DLL+0x1257d]
C  [ntdll.dll+0x5af28]


---------------  P R O C E S S  ---------------

Threads class SMR info:
_java_thread_list=0x00000295d89d9ec0, length=46, elements={
0x00000295b13ddaf0, 0x00000295cc273010, 0x00000295cc275290, 0x00000295cc27e330,
0x00000295d1421010, 0x00000295d14219e0, 0x00000295d13f52f0, 0x00000295d13f7000,
0x00000295d13fee90, 0x00000295d1423510, 0x00000295d1462ac0, 0x00000295b143f070,
0x00000295d56a09c0, 0x00000295d5723920, 0x00000295d5e3afb0, 0x00000295d609a030,
0x00000295d6591bc0, 0x00000295d6a606a0, 0x00000295d6d16210, 0x00000295d6c55850,
0x00000295d6cacb00, 0x00000295d6cab6c0, 0x00000295d6cabbd0, 0x00000295d6cab1b0,
0x00000295d6cac0e0, 0x00000295d6cad010, 0x00000295d6cad520, 0x00000295d6cada30,
0x00000295d6cadf40, 0x00000295d6caa790, 0x00000295d7c1af60, 0x00000295d7c1b980,
0x00000295d7c1d7e0, 0x00000295d7c1d2d0, 0x00000295d7c17cc0, 0x00000295d7c19b20,
0x00000295d7c19100, 0x00000295d7c1be90, 0x00000295d7c181d0, 0x00000295d7c1a030,
0x00000295d7c1dcf0, 0x00000295d7c186e0, 0x00000295d7c1e710, 0x00000295d7c1e200,
0x00000295d7c1c3a0, 0x00000295d7c1c8b0
}

Java Threads: ( => current thread )
  0x00000295b13ddaf0 JavaThread "main" [_thread_blocked, id=32328, stack(0x000000b788400000,0x000000b788500000)]
  0x00000295cc273010 JavaThread "Reference Handler" daemon [_thread_blocked, id=33120, stack(0x000000b788700000,0x000000b788800000)]
  0x00000295cc275290 JavaThread "Finalizer" daemon [_thread_blocked, id=31800, stack(0x000000b788800000,0x000000b788900000)]
  0x00000295cc27e330 JavaThread "Signal Dispatcher" daemon [_thread_blocked, id=21360, stack(0x000000b788900000,0x000000b788a00000)]
  0x00000295d1421010 JavaThread "Attach Listener" daemon [_thread_blocked, id=32348, stack(0x000000b788a00000,0x000000b788b00000)]
  0x00000295d14219e0 JavaThread "Service Thread" daemon [_thread_blocked, id=28328, stack(0x000000b788b00000,0x000000b788c00000)]
  0x00000295d13f52f0 JavaThread "Monitor Deflation Thread" daemon [_thread_blocked, id=33444, stack(0x000000b788c00000,0x000000b788d00000)]
=>0x00000295d13f7000 JavaThread "C2 CompilerThread0" daemon [_thread_in_native, id=11784, stack(0x000000b788d00000,0x000000b788e00000)]
  0x00000295d13fee90 JavaThread "C1 CompilerThread0" daemon [_thread_in_native, id=2852, stack(0x000000b788e00000,0x000000b788f00000)]
  0x00000295d1423510 JavaThread "Sweeper thread" daemon [_thread_blocked, id=23020, stack(0x000000b788f00000,0x000000b789000000)]
  0x00000295d1462ac0 JavaThread "Common-Cleaner" daemon [_thread_blocked, id=33360, stack(0x000000b789000000,0x000000b789100000)]
  0x00000295b143f070 JavaThread "C2 CompilerThread1" daemon [_thread_in_native, id=33328, stack(0x000000b789100000,0x000000b789200000)]
  0x00000295d56a09c0 JavaThread "Notification Thread" daemon [_thread_blocked, id=32136, stack(0x000000b789200000,0x000000b789300000)]
  0x00000295d5723920 JavaThread "C2 CompilerThread2" daemon [_thread_in_native, id=32220, stack(0x000000b789400000,0x000000b789500000)]
  0x00000295d5e3afb0 JavaThread "Active Thread: Equinox Container: b11b91b2-d638-4995-a865-a4346a6b8e67" [_thread_blocked, id=33304, stack(0x000000b789b00000,0x000000b789c00000)]
  0x00000295d609a030 JavaThread "Framework Event Dispatcher: Equinox Container: b11b91b2-d638-4995-a865-a4346a6b8e67" daemon [_thread_blocked, id=33108, stack(0x000000b789c00000,0x000000b789d00000)]
  0x00000295d6591bc0 JavaThread "Start Level: Equinox Container: b11b91b2-d638-4995-a865-a4346a6b8e67" daemon [_thread_blocked, id=33040, stack(0x000000b789d00000,0x000000b789e00000)]
  0x00000295d6a606a0 JavaThread "Bundle File Closer" daemon [_thread_blocked, id=4808, stack(0x000000b789f00000,0x000000b78a000000)]
  0x00000295d6d16210 JavaThread "SCR Component Actor" daemon [_thread_blocked, id=33060, stack(0x000000b78a200000,0x000000b78a300000)]
  0x00000295d6c55850 JavaThread "SCR Component Registry" daemon [_thread_blocked, id=32180, stack(0x000000b78a300000,0x000000b78a400000)]
  0x00000295d6cacb00 JavaThread "Worker-JM" [_thread_blocked, id=33204, stack(0x000000b78a400000,0x000000b78a500000)]
  0x00000295d6cab6c0 JavaThread "JNA Cleaner" daemon [_thread_blocked, id=33744, stack(0x000000b78a500000,0x000000b78a600000)]
  0x00000295d6cabbd0 JavaThread "Worker-0" [_thread_blocked, id=32852, stack(0x000000b78a600000,0x000000b78a700000)]
  0x00000295d6cab1b0 JavaThread "Worker-1" [_thread_blocked, id=32216, stack(0x000000b78a700000,0x000000b78a800000)]
  0x00000295d6cac0e0 JavaThread "Worker-2: Updating Maven Dependencies" [_thread_blocked, id=33272, stack(0x000000b78a800000,0x000000b78a900000)]
  0x00000295d6cad010 JavaThread "Java indexing" daemon [_thread_in_Java, id=29220, stack(0x000000b78a900000,0x000000b78aa00000)]
  0x00000295d6cad520 JavaThread "Thread-2" daemon [_thread_in_native, id=33156, stack(0x000000b78ac00000,0x000000b78ad00000)]
  0x00000295d6cada30 JavaThread "Thread-3" daemon [_thread_in_native, id=33420, stack(0x000000b78ad00000,0x000000b78ae00000)]
  0x00000295d6cadf40 JavaThread "Thread-4" daemon [_thread_in_native, id=33096, stack(0x000000b78ae00000,0x000000b78af00000)]
  0x00000295d6caa790 JavaThread "Thread-5" daemon [_thread_in_native, id=33732, stack(0x000000b78af00000,0x000000b78b000000)]
  0x00000295d7c1af60 JavaThread "Thread-6" daemon [_thread_in_native, id=32952, stack(0x000000b78b000000,0x000000b78b100000)]
  0x00000295d7c1b980 JavaThread "Thread-7" daemon [_thread_in_native, id=33364, stack(0x000000b78b100000,0x000000b78b200000)]
  0x00000295d7c1d7e0 JavaThread "Thread-8" daemon [_thread_in_native, id=12592, stack(0x000000b78b200000,0x000000b78b300000)]
  0x00000295d7c1d2d0 JavaThread "Thread-9" daemon [_thread_in_native, id=33760, stack(0x000000b78b300000,0x000000b78b400000)]
  0x00000295d7c17cc0 JavaThread "Thread-10" daemon [_thread_in_native, id=32804, stack(0x000000b78b400000,0x000000b78b500000)]
  0x00000295d7c19b20 JavaThread "Thread-11" daemon [_thread_in_native, id=33484, stack(0x000000b78b500000,0x000000b78b600000)]
  0x00000295d7c19100 JavaThread "Thread-12" daemon [_thread_in_native, id=33520, stack(0x000000b78b600000,0x000000b78b700000)]
  0x00000295d7c1be90 JavaThread "Thread-13" daemon [_thread_in_native, id=23448, stack(0x000000b78b700000,0x000000b78b800000)]
  0x00000295d7c181d0 JavaThread "Thread-14" daemon [_thread_in_native, id=33524, stack(0x000000b78b800000,0x000000b78b900000)]
  0x00000295d7c1a030 JavaThread "pool-2-thread-1" [_thread_blocked, id=33076, stack(0x000000b78b900000,0x000000b78ba00000)]
  0x00000295d7c1dcf0 JavaThread "Worker-3: Repository registry initialization" [_thread_in_vm, id=20168, stack(0x000000b78ba00000,0x000000b78bb00000)]
  0x00000295d7c186e0 JavaThread "Worker-4: Building" [_thread_in_Java, id=33252, stack(0x000000b78bb00000,0x000000b78bc00000)]
  0x00000295d7c1e710 JavaThread "Worker-5: Java indexing... " [_thread_blocked, id=33504, stack(0x000000b78bc00000,0x000000b78bd00000)]
  0x00000295d7c1e200 JavaThread "Worker-6" [_thread_blocked, id=33612, stack(0x000000b78bd00000,0x000000b78be00000)]
  0x00000295d7c1c3a0 JavaThread "WorkspaceEventsHandler" [_thread_blocked, id=32776, stack(0x000000b78be00000,0x000000b78bf00000)]
  0x00000295d7c1c8b0 JavaThread "pool-1-thread-1" [_thread_blocked, id=38316, stack(0x000000b78bf00000,0x000000b78c000000)]

Other Threads:
  0x00000295b1487b00 VMThread "VM Thread" [stack: 0x000000b788600000,0x000000b788700000] [id=33688]
  0x00000295d5698390 WatcherThread [stack: 0x000000b789300000,0x000000b789400000] [id=33092]
  0x00000295b13f0ce0 GCTaskThread "GC Thread#0" [stack: 0x000000b788500000,0x000000b788600000] [id=32068]
  0x00000295d623aba0 GCTaskThread "GC Thread#1" [stack: 0x000000b789500000,0x000000b789600000] [id=33616]
  0x00000295d5c21170 GCTaskThread "GC Thread#2" [stack: 0x000000b789600000,0x000000b789700000] [id=33480]
  0x00000295d61103d0 GCTaskThread "GC Thread#3" [stack: 0x000000b789700000,0x000000b789800000] [id=32828]
  0x00000295d6110ea0 GCTaskThread "GC Thread#4" [stack: 0x000000b789800000,0x000000b789900000] [id=33224]
  0x00000295d6111160 GCTaskThread "GC Thread#5" [stack: 0x000000b789900000,0x000000b789a00000] [id=5852]
  0x00000295d59754b0 GCTaskThread "GC Thread#6" [stack: 0x000000b789a00000,0x000000b789b00000] [id=31960]
  0x00000295d57692c0 GCTaskThread "GC Thread#7" [stack: 0x000000b789e00000,0x000000b789f00000] [id=25200]
  0x00000295d68706d0 GCTaskThread "GC Thread#8" [stack: 0x000000b78a000000,0x000000b78a100000] [id=11536]
  0x00000295d6870990 GCTaskThread "GC Thread#9" [stack: 0x000000b78a100000,0x000000b78a200000] [id=33152]

Threads with active compile tasks:
C2 CompilerThread0     3911 4945       4       org.eclipse.jdt.internal.core.index.MemoryIndex::addIndexEntry (118 bytes)
C1 CompilerThread0     3911 5209       2       org.codehaus.plexus.util.xml.pull.MXParser::parseStartTag (1190 bytes)
C2 CompilerThread1     3912 5054       4       org.eclipse.jdt.internal.core.search.indexing.AbstractIndexer::addIndexEntry (10 bytes)
C2 CompilerThread2     3912 5148       4       java.io.InputStreamReader::read (11 bytes)

VM state: not at safepoint (normal execution)

VM Mutex/Monitor currently owned by a thread: None

Heap address: 0x0000000700000000, size: 4096 MB, Compressed Oops mode: Zero based, Oop shift amount: 3

CDS archive(s) not mapped
Compressed class space mapped at: 0x0000000800000000-0x0000000840000000, reserved size: 1073741824
Narrow klass base: 0x0000000800000000, Narrow klass shift: 0, Narrow klass range: 0x40000000

GC Precious Log:
 CPUs: 12 total, 12 available
 Memory: 16328M
 Large Page Support: Disabled
 NUMA Support: Disabled
 Compressed Oops: Enabled (Zero based)
 Alignments: Space 512K, Generation 512K, Heap 2M
 Heap Min Capacity: 100M
 Heap Initial Capacity: 100M
 Heap Max Capacity: 4G
 Pre-touch: Disabled
 Parallel Workers: 10

Heap:
 PSYoungGen      total 22528K, used 16429K [0x00000007aab00000, 0x00000007ac480000, 0x0000000800000000)
  eden space 20992K, 71% used [0x00000007aab00000,0x00000007ab99af08,0x00000007abf80000)
  from space 1536K, 98% used [0x00000007ac300000,0x00000007ac4791a0,0x00000007ac480000)
  to   space 2560K, 0% used [0x00000007ac080000,0x00000007ac080000,0x00000007ac300000)
 ParOldGen       total 68608K, used 31655K [0x0000000700000000, 0x0000000704300000, 0x00000007aab00000)
  object space 68608K, 46% used [0x0000000700000000,0x0000000701ee9ce0,0x0000000704300000)
 Metaspace       used 46019K, committed 46976K, reserved 1114112K
  class space    used 4780K, committed 5184K, reserved 1048576K

Card table byte_map: [0x00000295c3070000,0x00000295c3880000] _byte_map_base: 0x00000295bf870000

Marking Bits: (ParMarkBitMap*) 0x00007ffd22dd58b0
 Begin Bits: [0x00000295c3880000, 0x00000295c7880000)
 End Bits:   [0x00000295c7880000, 0x00000295cb880000)

Polling page: 0x00000295b0b90000

Metaspace:

Usage:
  Non-class:     40.27 MB used.
      Class:      4.67 MB used.
       Both:     44.94 MB used.

Virtual space:
  Non-class space:       64.00 MB reserved,      40.81 MB ( 64%) committed,  1 nodes.
      Class space:        1.00 GB reserved,       5.06 MB ( <1%) committed,  1 nodes.
             Both:        1.06 GB reserved,      45.88 MB (  4%) committed. 

Chunk freelists:
   Non-Class:  6.58 MB
       Class:  10.77 MB
        Both:  17.34 MB

MaxMetaspaceSize: unlimited
CompressedClassSpaceSize: 1.00 GB
Initial GC threshold: 21.00 MB
Current GC threshold: 58.38 MB
CDS: off
MetaspaceReclaimPolicy: balanced
 - commit_granule_bytes: 65536.
 - commit_granule_words: 8192.
 - virtual_space_node_default_size: 8388608.
 - enlarge_chunks_in_place: 1.
 - new_chunks_are_fully_committed: 0.
 - uncommit_free_chunks: 1.
 - use_allocation_guard: 0.
 - handle_deallocations: 1.


Internal statistics:

num_allocs_failed_limit: 6.
num_arena_births: 566.
num_arena_deaths: 14.
num_vsnodes_births: 2.
num_vsnodes_deaths: 0.
num_space_committed: 734.
num_space_uncommitted: 0.
num_chunks_returned_to_freelist: 20.
num_chunks_taken_from_freelist: 2275.
num_chunk_merges: 11.
num_chunk_splits: 1386.
num_chunks_enlarged: 776.
num_inconsistent_stats: 0.

CodeHeap 'non-profiled nmethods': size=120000Kb used=2086Kb max_used=2475Kb free=117913Kb
 bounds [0x00000295bbb40000, 0x00000295bbdb0000, 0x00000295c3070000]
CodeHeap 'profiled nmethods': size=120000Kb used=8151Kb max_used=10676Kb free=111848Kb
 bounds [0x00000295b4070000, 0x00000295b4ae0000, 0x00000295bb5a0000]
CodeHeap 'non-nmethods': size=5760Kb used=1311Kb max_used=1370Kb free=4448Kb
 bounds [0x00000295bb5a0000, 0x00000295bb810000, 0x00000295bbb40000]
 total_blobs=4870 nmethods=4226 adapters=558
 compilation: enabled
              stopped_count=0, restarted_count=0
 full_count=0

Compilation events (20 events):
Event: 3.852 Thread 0x00000295d13fee90 nmethod 5163 0x00000295b4acf890 code [0x00000295b4acfa60, 0x00000295b4acfce8]
Event: 3.852 Thread 0x00000295d13fee90 5161       1       org.codehaus.plexus.util.xml.pull.MXParser::getDepth (5 bytes)
Event: 3.852 Thread 0x00000295d13fee90 nmethod 5161 0x00000295bbdaa910 code [0x00000295bbdaaaa0, 0x00000295bbdaab78]
Event: 3.852 Thread 0x00000295d13fee90 5027       3       java.time.temporal.TemporalAccessor::range (66 bytes)
Event: 3.852 Thread 0x00000295d13fee90 nmethod 5027 0x00000295b4acfe90 code [0x00000295b4ad0140, 0x00000295b4ad0e68]
Event: 3.852 Thread 0x00000295d13fee90 5167   !   3       java.lang.ClassLoader::addClass (27 bytes)
Event: 3.853 Thread 0x00000295d13fee90 nmethod 5167 0x00000295b4ad1290 code [0x00000295b4ad1460, 0x00000295b4ad1a68]
Event: 3.853 Thread 0x00000295d13fee90 5168       2       org.codehaus.plexus.util.xml.pull.MXParser::isNameStartChar (56 bytes)
Event: 3.853 Thread 0x00000295d13fee90 nmethod 5168 0x00000295b4ad1d90 code [0x00000295b4ad1f20, 0x00000295b4ad20b8]
Event: 3.853 Thread 0x00000295d13fee90 5028       3       java.time.format.Parsed::isSupported (80 bytes)
Event: 3.853 Thread 0x00000295d13fee90 nmethod 5028 0x00000295b4ad2190 code [0x00000295b4ad23c0, 0x00000295b4ad2e68]
Event: 3.853 Thread 0x00000295d13fee90 5169       2       org.codehaus.plexus.util.xml.pull.MXParser::parseEndTag (429 bytes)
Event: 3.859 Thread 0x00000295d13fee90 nmethod 5169 0x00000295b4ad3090 code [0x00000295b4ad34e0, 0x00000295b4ad47e8]
Event: 3.859 Thread 0x00000295d13fee90 5175       3       org.codehaus.plexus.util.xml.pull.MXParser::nextImpl (1203 bytes)
Event: 3.871 Thread 0x00000295d13fee90 nmethod 5175 0x00000295b4ad5490 code [0x00000295b4ad5b00, 0x00000295b4ad8d08]
Event: 3.871 Thread 0x00000295d13fee90 5180       3       java.util.ArrayList::contains (14 bytes)
Event: 3.872 Thread 0x00000295d13fee90 nmethod 5180 0x00000295b4ad9b90 code [0x00000295b4ad9d40, 0x00000295b4ada048]
Event: 3.872 Thread 0x00000295d13fee90 5181       3       org.eclipse.jdt.internal.core.search.indexing.BinaryIndexer::extractArgCount (8 bytes)
Event: 3.872 Thread 0x00000295d13fee90 nmethod 5181 0x00000295b4ada110 code [0x00000295b4ada2a0, 0x00000295b4ada3e8]
Event: 3.872 Thread 0x00000295d13fee90 5182       3       org.eclipse.jdt.internal.core.search.indexing.AbstractIndexer::addMethodReference (13 bytes)

GC Heap History (20 events):
Event: 2.999 GC heap after
{Heap after GC invocations=12 (full 1):
 PSYoungGen      total 24064K, used 518K [0x00000007aab00000, 0x00000007ac680000, 0x0000000800000000)
  eden space 23040K, 0% used [0x00000007aab00000,0x00000007aab00000,0x00000007ac180000)
  from space 1024K, 50% used [0x00000007ac180000,0x00000007ac201978,0x00000007ac280000)
  to   space 2048K, 0% used [0x00000007ac480000,0x00000007ac480000,0x00000007ac680000)
 ParOldGen       total 68608K, used 16828K [0x0000000700000000, 0x0000000704300000, 0x00000007aab00000)
  object space 68608K, 24% used [0x0000000700000000,0x000000070106f300,0x0000000704300000)
 Metaspace       used 35183K, committed 35840K, reserved 1114112K
  class space    used 3437K, committed 3712K, reserved 1048576K
}
Event: 2.999 GC heap before
{Heap before GC invocations=13 (full 2):
 PSYoungGen      total 24064K, used 518K [0x00000007aab00000, 0x00000007ac680000, 0x0000000800000000)
  eden space 23040K, 0% used [0x00000007aab00000,0x00000007aab00000,0x00000007ac180000)
  from space 1024K, 50% used [0x00000007ac180000,0x00000007ac201978,0x00000007ac280000)
  to   space 2048K, 0% used [0x00000007ac480000,0x00000007ac480000,0x00000007ac680000)
 ParOldGen       total 68608K, used 16828K [0x0000000700000000, 0x0000000704300000, 0x00000007aab00000)
  object space 68608K, 24% used [0x0000000700000000,0x000000070106f300,0x0000000704300000)
 Metaspace       used 35183K, committed 35840K, reserved 1114112K
  class space    used 3437K, committed 3712K, reserved 1048576K
}
Event: 3.028 GC heap after
{Heap after GC invocations=13 (full 2):
 PSYoungGen      total 24064K, used 0K [0x00000007aab00000, 0x00000007ac680000, 0x0000000800000000)
  eden space 23040K, 0% used [0x00000007aab00000,0x00000007aab00000,0x00000007ac180000)
  from space 1024K, 0% used [0x00000007ac180000,0x00000007ac180000,0x00000007ac280000)
  to   space 2048K, 0% used [0x00000007ac480000,0x00000007ac480000,0x00000007ac680000)
 ParOldGen       total 68608K, used 15387K [0x0000000700000000, 0x0000000704300000, 0x00000007aab00000)
  object space 68608K, 22% used [0x0000000700000000,0x0000000700f06d28,0x0000000704300000)
 Metaspace       used 35170K, committed 35840K, reserved 1114112K
  class space    used 3433K, committed 3712K, reserved 1048576K
}
Event: 3.269 GC heap before
{Heap before GC invocations=14 (full 2):
 PSYoungGen      total 24064K, used 23039K [0x00000007aab00000, 0x00000007ac680000, 0x0000000800000000)
  eden space 23040K, 99% used [0x00000007aab00000,0x00000007ac17fff8,0x00000007ac180000)
  from space 1024K, 0% used [0x00000007ac180000,0x00000007ac180000,0x00000007ac280000)
  to   space 2048K, 0% used [0x00000007ac480000,0x00000007ac480000,0x00000007ac680000)
 ParOldGen       total 68608K, used 15387K [0x0000000700000000, 0x0000000704300000, 0x00000007aab00000)
  object space 68608K, 22% used [0x0000000700000000,0x0000000700f06d60,0x0000000704300000)
 Metaspace       used 38179K, committed 38976K, reserved 1114112K
  class space    used 3768K, committed 4032K, reserved 1048576K
}
Event: 3.270 GC heap after
{Heap after GC invocations=14 (full 2):
 PSYoungGen      total 25088K, used 2023K [0x00000007aab00000, 0x00000007ac680000, 0x0000000800000000)
  eden space 23040K, 0% used [0x00000007aab00000,0x00000007aab00000,0x00000007ac180000)
  from space 2048K, 98% used [0x00000007ac480000,0x00000007ac679e30,0x00000007ac680000)
  to   space 2560K, 0% used [0x00000007ac180000,0x00000007ac180000,0x00000007ac400000)
 ParOldGen       total 68608K, used 15403K [0x0000000700000000, 0x0000000704300000, 0x00000007aab00000)
  object space 68608K, 22% used [0x0000000700000000,0x0000000700f0ad60,0x0000000704300000)
 Metaspace       used 38179K, committed 38976K, reserved 1114112K
  class space    used 3768K, committed 4032K, reserved 1048576K
}
Event: 3.388 GC heap before
{Heap before GC invocations=15 (full 2):
 PSYoungGen      total 25088K, used 25063K [0x00000007aab00000, 0x00000007ac680000, 0x0000000800000000)
  eden space 23040K, 100% used [0x00000007aab00000,0x00000007ac180000,0x00000007ac180000)
  from space 2048K, 98% used [0x00000007ac480000,0x00000007ac679e30,0x00000007ac680000)
  to   space 2560K, 0% used [0x00000007ac180000,0x00000007ac180000,0x00000007ac400000)
 ParOldGen       total 68608K, used 15405K [0x0000000700000000, 0x0000000704300000, 0x00000007aab00000)
  object space 68608K, 22% used [0x0000000700000000,0x0000000700f0b690,0x0000000704300000)
 Metaspace       used 39404K, committed 40192K, reserved 1114112K
  class space    used 3934K, committed 4224K, reserved 1048576K
}
Event: 3.389 GC heap after
{Heap after GC invocations=15 (full 2):
 PSYoungGen      total 24576K, used 1910K [0x00000007aab00000, 0x00000007ac500000, 0x0000000800000000)
  eden space 22528K, 0% used [0x00000007aab00000,0x00000007aab00000,0x00000007ac100000)
  from space 2048K, 93% used [0x00000007ac180000,0x00000007ac35d8b8,0x00000007ac380000)
  to   space 1536K, 0% used [0x00000007ac380000,0x00000007ac380000,0x00000007ac500000)
 ParOldGen       total 68608K, used 17204K [0x0000000700000000, 0x0000000704300000, 0x00000007aab00000)
  object space 68608K, 25% used [0x0000000700000000,0x00000007010cd1c0,0x0000000704300000)
 Metaspace       used 39404K, committed 40192K, reserved 1114112K
  class space    used 3934K, committed 4224K, reserved 1048576K
}
Event: 3.459 GC heap before
{Heap before GC invocations=16 (full 2):
 PSYoungGen      total 24576K, used 24438K [0x00000007aab00000, 0x00000007ac500000, 0x0000000800000000)
  eden space 22528K, 100% used [0x00000007aab00000,0x00000007ac100000,0x00000007ac100000)
  from space 2048K, 93% used [0x00000007ac180000,0x00000007ac35d8b8,0x00000007ac380000)
  to   space 1536K, 0% used [0x00000007ac380000,0x00000007ac380000,0x00000007ac500000)
 ParOldGen       total 68608K, used 17204K [0x0000000700000000, 0x0000000704300000, 0x00000007aab00000)
  object space 68608K, 25% used [0x0000000700000000,0x00000007010cd1c0,0x0000000704300000)
 Metaspace       used 40308K, committed 41216K, reserved 1114112K
  class space    used 4055K, committed 4416K, reserved 1048576K
}
Event: 3.461 GC heap after
{Heap after GC invocations=16 (full 2):
 PSYoungGen      total 22528K, used 1520K [0x00000007aab00000, 0x00000007ac880000, 0x0000000800000000)
  eden space 20992K, 0% used [0x00000007aab00000,0x00000007aab00000,0x00000007abf80000)
  from space 1536K, 98% used [0x00000007ac380000,0x00000007ac4fc010,0x00000007ac500000)
  to   space 4096K, 0% used [0x00000007abf80000,0x00000007abf80000,0x00000007ac380000)
 ParOldGen       total 68608K, used 19350K [0x0000000700000000, 0x0000000704300000, 0x00000007aab00000)
  object space 68608K, 28% used [0x0000000700000000,0x00000007012e5aa8,0x0000000704300000)
 Metaspace       used 40308K, committed 41216K, reserved 1114112K
  class space    used 4055K, committed 4416K, reserved 1048576K
}
Event: 3.525 GC heap before
{Heap before GC invocations=17 (full 2):
 PSYoungGen      total 22528K, used 22512K [0x00000007aab00000, 0x00000007ac880000, 0x0000000800000000)
  eden space 20992K, 100% used [0x00000007aab00000,0x00000007abf80000,0x00000007abf80000)
  from space 1536K, 98% used [0x00000007ac380000,0x00000007ac4fc010,0x00000007ac500000)
  to   space 4096K, 0% used [0x00000007abf80000,0x00000007abf80000,0x00000007ac380000)
 ParOldGen       total 68608K, used 19350K [0x0000000700000000, 0x0000000704300000, 0x00000007aab00000)
  object space 68608K, 28% used [0x0000000700000000,0x00000007012e5aa8,0x0000000704300000)
 Metaspace       used 41335K, committed 42240K, reserved 1114112K
  class space    used 4192K, committed 4544K, reserved 1048576K
}
Event: 3.527 GC heap after
{Heap after GC invocations=17 (full 2):
 PSYoungGen      total 23040K, used 1712K [0x00000007aab00000, 0x00000007ac480000, 0x0000000800000000)
  eden space 20992K, 0% used [0x00000007aab00000,0x00000007aab00000,0x00000007abf80000)
  from space 2048K, 83% used [0x00000007abf80000,0x00000007ac12c020,0x00000007ac180000)
  to   space 2560K, 0% used [0x00000007ac200000,0x00000007ac200000,0x00000007ac480000)
 ParOldGen       total 68608K, used 20798K [0x0000000700000000, 0x0000000704300000, 0x00000007aab00000)
  object space 68608K, 30% used [0x0000000700000000,0x000000070144faa8,0x0000000704300000)
 Metaspace       used 41335K, committed 42240K, reserved 1114112K
  class space    used 4192K, committed 4544K, reserved 1048576K
}
Event: 3.643 GC heap before
{Heap before GC invocations=18 (full 2):
 PSYoungGen      total 23040K, used 22704K [0x00000007aab00000, 0x00000007ac480000, 0x0000000800000000)
  eden space 20992K, 100% used [0x00000007aab00000,0x00000007abf80000,0x00000007abf80000)
  from space 2048K, 83% used [0x00000007abf80000,0x00000007ac12c020,0x00000007ac180000)
  to   space 2560K, 0% used [0x00000007ac200000,0x00000007ac200000,0x00000007ac480000)
 ParOldGen       total 68608K, used 20798K [0x0000000700000000, 0x0000000704300000, 0x00000007aab00000)
  object space 68608K, 30% used [0x0000000700000000,0x000000070144faa8,0x0000000704300000)
 Metaspace       used 43944K, committed 44864K, reserved 1114112K
  class space    used 4503K, committed 4864K, reserved 1048576K
}
Event: 3.644 GC heap after
{Heap after GC invocations=18 (full 2):
 PSYoungGen      total 23040K, used 1917K [0x00000007aab00000, 0x00000007ac400000, 0x0000000800000000)
  eden space 20992K, 0% used [0x00000007aab00000,0x00000007aab00000,0x00000007abf80000)
  from space 2048K, 93% used [0x00000007ac200000,0x00000007ac3df540,0x00000007ac400000)
  to   space 2048K, 0% used [0x00000007abf80000,0x00000007abf80000,0x00000007ac180000)
 ParOldGen       total 68608K, used 22322K [0x0000000700000000, 0x0000000704300000, 0x00000007aab00000)
  object space 68608K, 32% used [0x0000000700000000,0x00000007015cc9b8,0x0000000704300000)
 Metaspace       used 43944K, committed 44864K, reserved 1114112K
  class space    used 4503K, committed 4864K, reserved 1048576K
}
Event: 3.752 GC heap before
{Heap before GC invocations=19 (full 2):
 PSYoungGen      total 23040K, used 22909K [0x00000007aab00000, 0x00000007ac400000, 0x0000000800000000)
  eden space 20992K, 100% used [0x00000007aab00000,0x00000007abf80000,0x00000007abf80000)
  from space 2048K, 93% used [0x00000007ac200000,0x00000007ac3df540,0x00000007ac400000)
  to   space 2048K, 0% used [0x00000007abf80000,0x00000007abf80000,0x00000007ac180000)
 ParOldGen       total 68608K, used 22322K [0x0000000700000000, 0x0000000704300000, 0x00000007aab00000)
  object space 68608K, 32% used [0x0000000700000000,0x00000007015cc9b8,0x0000000704300000)
 Metaspace       used 45248K, committed 46208K, reserved 1114112K
  class space    used 4676K, committed 5056K, reserved 1048576K
}
Event: 3.754 GC heap after
{Heap after GC invocations=19 (full 2):
 PSYoungGen      total 23040K, used 2043K [0x00000007aab00000, 0x00000007ac880000, 0x0000000800000000)
  eden space 20992K, 0% used [0x00000007aab00000,0x00000007aab00000,0x00000007abf80000)
  from space 2048K, 99% used [0x00000007abf80000,0x00000007ac17ec08,0x00000007ac180000)
  to   space 4608K, 0% used [0x00000007ac400000,0x00000007ac400000,0x00000007ac880000)
 ParOldGen       total 68608K, used 24273K [0x0000000700000000, 0x0000000704300000, 0x00000007aab00000)
  object space 68608K, 35% used [0x0000000700000000,0x00000007017b4650,0x0000000704300000)
 Metaspace       used 45248K, committed 46208K, reserved 1114112K
  class space    used 4676K, committed 5056K, reserved 1048576K
}
Event: 3.793 GC heap before
{Heap before GC invocations=20 (full 2):
 PSYoungGen      total 23040K, used 23035K [0x00000007aab00000, 0x00000007ac880000, 0x0000000800000000)
  eden space 20992K, 99% used [0x00000007aab00000,0x00000007abf7fff8,0x00000007abf80000)
  from space 2048K, 99% used [0x00000007abf80000,0x00000007ac17ec08,0x00000007ac180000)
  to   space 4608K, 0% used [0x00000007ac400000,0x00000007ac400000,0x00000007ac880000)
 ParOldGen       total 68608K, used 24273K [0x0000000700000000, 0x0000000704300000, 0x00000007aab00000)
  object space 68608K, 35% used [0x0000000700000000,0x00000007017b4650,0x0000000704300000)
 Metaspace       used 45559K, committed 46528K, reserved 1114112K
  class space    used 4711K, committed 5120K, reserved 1048576K
}
Event: 3.799 GC heap after
{Heap after GC invocations=20 (full 2):
 PSYoungGen      total 23552K, used 2466K [0x00000007aab00000, 0x00000007ac680000, 0x0000000800000000)
  eden space 20992K, 0% used [0x00000007aab00000,0x00000007aab00000,0x00000007abf80000)
  from space 2560K, 96% used [0x00000007ac400000,0x00000007ac668b60,0x00000007ac680000)
  to   space 3072K, 0% used [0x00000007ac080000,0x00000007ac080000,0x00000007ac380000)
 ParOldGen       total 68608K, used 26282K [0x0000000700000000, 0x0000000704300000, 0x00000007aab00000)
  object space 68608K, 38% used [0x0000000700000000,0x00000007019aaa30,0x0000000704300000)
 Metaspace       used 45559K, committed 46528K, reserved 1114112K
  class space    used 4711K, committed 5120K, reserved 1048576K
}
Event: 3.825 GC heap before
{Heap before GC invocations=21 (full 2):
 PSYoungGen      total 23552K, used 23458K [0x00000007aab00000, 0x00000007ac680000, 0x0000000800000000)
  eden space 20992K, 100% used [0x00000007aab00000,0x00000007abf80000,0x00000007abf80000)
  from space 2560K, 96% used [0x00000007ac400000,0x00000007ac668b60,0x00000007ac680000)
  to   space 3072K, 0% used [0x00000007ac080000,0x00000007ac080000,0x00000007ac380000)
 ParOldGen       total 68608K, used 26282K [0x0000000700000000, 0x0000000704300000, 0x00000007aab00000)
  object space 68608K, 38% used [0x0000000700000000,0x00000007019aaa30,0x0000000704300000)
 Metaspace       used 45741K, committed 46720K, reserved 1114112K
  class space    used 4734K, committed 5120K, reserved 1048576K
}
Event: 3.827 GC heap after
{Heap after GC invocations=21 (full 2):
 PSYoungGen      total 23552K, used 2332K [0x00000007aab00000, 0x00000007ac480000, 0x0000000800000000)
  eden space 20992K, 0% used [0x00000007aab00000,0x00000007aab00000,0x00000007abf80000)
  from space 2560K, 91% used [0x00000007ac080000,0x00000007ac2c7350,0x00000007ac300000)
  to   space 1536K, 0% used [0x00000007ac300000,0x00000007ac300000,0x00000007ac480000)
 ParOldGen       total 68608K, used 28621K [0x0000000700000000, 0x0000000704300000, 0x00000007aab00000)
  object space 68608K, 41% used [0x0000000700000000,0x0000000701bf35a8,0x0000000704300000)
 Metaspace       used 45741K, committed 46720K, reserved 1114112K
  class space    used 4734K, committed 5120K, reserved 1048576K
}
Event: 3.873 GC heap before
{Heap before GC invocations=22 (full 2):
 PSYoungGen      total 23552K, used 23324K [0x00000007aab00000, 0x00000007ac480000, 0x0000000800000000)
  eden space 20992K, 100% used [0x00000007aab00000,0x00000007abf80000,0x00000007abf80000)
  from space 2560K, 91% used [0x00000007ac080000,0x00000007ac2c7350,0x00000007ac300000)
  to   space 1536K, 0% used [0x00000007ac300000,0x00000007ac300000,0x00000007ac480000)
 ParOldGen       total 68608K, used 28621K [0x0000000700000000, 0x0000000704300000, 0x00000007aab00000)
  object space 68608K, 41% used [0x0000000700000000,0x0000000701bf35a8,0x0000000704300000)
 Metaspace       used 45839K, committed 46784K, reserved 1114112K
  class space    used 4751K, committed 5120K, reserved 1048576K
}

Dll operation events (10 events):
Event: 0.006 Loaded shared library c:\Users\¸¼À½\.vscode\extensions\redhat.java-1.34.0-win32-x64\jre\17.0.12-win32-x86_64\bin\java.dll
Event: 0.110 Loaded shared library c:\Users\¸¼À½\.vscode\extensions\redhat.java-1.34.0-win32-x64\jre\17.0.12-win32-x86_64\bin\zip.dll
Event: 0.114 Loaded shared library C:\Users\¸¼À½\.vscode\extensions\redhat.java-1.34.0-win32-x64\jre\17.0.12-win32-x86_64\bin\instrument.dll
Event: 0.123 Loaded shared library C:\Users\¸¼À½\.vscode\extensions\redhat.java-1.34.0-win32-x64\jre\17.0.12-win32-x86_64\bin\net.dll
Event: 0.125 Loaded shared library C:\Users\¸¼À½\.vscode\extensions\redhat.java-1.34.0-win32-x64\jre\17.0.12-win32-x86_64\bin\nio.dll
Event: 0.131 Loaded shared library C:\Users\¸¼À½\.vscode\extensions\redhat.java-1.34.0-win32-x64\jre\17.0.12-win32-x86_64\bin\zip.dll
Event: 0.142 Loaded shared library C:\Users\¸¼À½\.vscode\extensions\redhat.java-1.34.0-win32-x64\jre\17.0.12-win32-x86_64\bin\jimage.dll
Event: 0.193 Loaded shared library c:\Users\¸¼À½\.vscode\extensions\redhat.java-1.34.0-win32-x64\jre\17.0.12-win32-x86_64\bin\verify.dll
Event: 0.972 Loaded shared library C:\Users\¸¼À½\AppData\Roaming\Code\User\globalStorage\redhat.java\1.34.0\config_win\org.eclipse.equinox.launcher\org.eclipse.equinox.launcher.win32.win32.x86_64_1.2.1100.v20240722-2106\eclipse_11904.dll
Event: 1.915 Loaded shared library C:\Users\¸¼À½\AppData\Local\Temp\jna-1525659\jna11545308621149055351.dll

Deoptimization events (20 events):
Event: 3.709 Thread 0x00000295d6cad010 DEOPT PACKING pc=0x00000295bbd82558 sp=0x000000b78a9fe780
Event: 3.709 Thread 0x00000295d6cad010 DEOPT UNPACKING pc=0x00000295bb5f66a3 sp=0x000000b78a9fe6c0 mode 2
Event: 3.713 Thread 0x00000295d6cad010 DEOPT PACKING pc=0x00000295b4a2e76c sp=0x000000b78a9fe890
Event: 3.713 Thread 0x00000295d6cad010 DEOPT UNPACKING pc=0x00000295bb5f6e43 sp=0x000000b78a9fdcd0 mode 0
Event: 3.719 Thread 0x00000295d6cad010 DEOPT PACKING pc=0x00000295b4a1fcf5 sp=0x000000b78a9fe940
Event: 3.719 Thread 0x00000295d6cad010 DEOPT UNPACKING pc=0x00000295bb5f6e43 sp=0x000000b78a9fdde8 mode 0
Event: 3.801 Thread 0x00000295b13ddaf0 Uncommon trap: trap_request=0xffffff45 fr.pc=0x00000295bbd778c8 relative=0x0000000000000048
Event: 3.801 Thread 0x00000295b13ddaf0 Uncommon trap: reason=unstable_if action=reinterpret pc=0x00000295bbd778c8 method=java.lang.StringConcatHelper.stringOf(Ljava/lang/Object;)Ljava/lang/String; @ 1 c2
Event: 3.801 Thread 0x00000295b13ddaf0 DEOPT PACKING pc=0x00000295bbd778c8 sp=0x000000b7884fe270
Event: 3.801 Thread 0x00000295b13ddaf0 DEOPT UNPACKING pc=0x00000295bb5f66a3 sp=0x000000b7884fe200 mode 2
Event: 3.820 Thread 0x00000295d7c1dcf0 Uncommon trap: trap_request=0xffffff45 fr.pc=0x00000295bbc5921c relative=0x00000000000000fc
Event: 3.820 Thread 0x00000295d7c1dcf0 Uncommon trap: reason=unstable_if action=reinterpret pc=0x00000295bbc5921c method=java.util.ArrayList.indexOfRange(Ljava/lang/Object;II)I @ 7 c2
Event: 3.820 Thread 0x00000295d7c1dcf0 DEOPT PACKING pc=0x00000295bbc5921c sp=0x000000b78bafe350
Event: 3.820 Thread 0x00000295d7c1dcf0 DEOPT UNPACKING pc=0x00000295bb5f66a3 sp=0x000000b78bafe210 mode 2
Event: 3.837 Thread 0x00000295d7c1dcf0 Uncommon trap: trap_request=0xffffff45 fr.pc=0x00000295bbc52e8c relative=0x00000000000000ec
Event: 3.837 Thread 0x00000295d7c1dcf0 Uncommon trap: reason=unstable_if action=reinterpret pc=0x00000295bbc52e8c method=java.util.ArrayList.indexOfRange(Ljava/lang/Object;II)I @ 7 c2
Event: 3.837 Thread 0x00000295d7c1dcf0 DEOPT PACKING pc=0x00000295bbc52e8c sp=0x000000b78bafe270
Event: 3.837 Thread 0x00000295d7c1dcf0 DEOPT UNPACKING pc=0x00000295bb5f66a3 sp=0x000000b78bafe210 mode 2
Event: 3.858 Thread 0x00000295d7c1dcf0 DEOPT PACKING pc=0x00000295b49add50 sp=0x000000b78bafe200
Event: 3.858 Thread 0x00000295d7c1dcf0 DEOPT UNPACKING pc=0x00000295bb5f6e43 sp=0x000000b78bafd728 mode 0

Classes loaded (20 events):
Event: 3.633 Loading class sun/reflect/annotation/AnnotatedTypeFactory
Event: 3.634 Loading class sun/reflect/annotation/AnnotatedTypeFactory done
Event: 3.634 Loading class sun/reflect/annotation/AnnotatedTypeFactory$AnnotatedTypeBaseImpl
Event: 3.634 Loading class sun/reflect/annotation/AnnotatedTypeFactory$AnnotatedTypeBaseImpl done
Event: 3.634 Loading class java/util/stream/Streams$ConcatSpliterator$OfRef
Event: 3.634 Loading class java/util/stream/Streams$ConcatSpliterator
Event: 3.634 Loading class java/util/stream/Streams$ConcatSpliterator done
Event: 3.634 Loading class java/util/stream/Streams$ConcatSpliterator$OfRef done
Event: 3.634 Loading class java/util/stream/Streams$2
Event: 3.634 Loading class java/util/stream/Streams$2 done
Event: 3.643 Loading class sun/reflect/generics/repository/FieldRepository
Event: 3.643 Loading class sun/reflect/generics/repository/FieldRepository done
Event: 3.663 Loading class jdk/internal/reflect/UnsafeQualifiedIntegerFieldAccessorImpl
Event: 3.664 Loading class jdk/internal/reflect/UnsafeQualifiedIntegerFieldAccessorImpl done
Event: 3.705 Loading class java/lang/annotation/ElementType
Event: 3.705 Loading class java/lang/annotation/ElementType done
Event: 3.802 Loading class java/lang/annotation/IncompleteAnnotationException
Event: 3.802 Loading class java/lang/annotation/IncompleteAnnotationException done
Event: 3.804 Loading class sun/nio/ch/WindowsAsynchronousFileChannelImpl$WriteTask
Event: 3.805 Loading class sun/nio/ch/WindowsAsynchronousFileChannelImpl$WriteTask done

Classes unloaded (7 events):
Event: 3.006 Thread 0x00000295b1487b00 Unloading class 0x000000080024a400 'java/lang/invoke/LambdaForm$MH+0x000000080024a400'
Event: 3.006 Thread 0x00000295b1487b00 Unloading class 0x000000080024a000 'java/lang/invoke/LambdaForm$MH+0x000000080024a000'
Event: 3.006 Thread 0x00000295b1487b00 Unloading class 0x0000000800249c00 'java/lang/invoke/LambdaForm$MH+0x0000000800249c00'
Event: 3.006 Thread 0x00000295b1487b00 Unloading class 0x0000000800249800 'java/lang/invoke/LambdaForm$MH+0x0000000800249800'
Event: 3.006 Thread 0x00000295b1487b00 Unloading class 0x0000000800249400 'java/lang/invoke/LambdaForm$BMH+0x0000000800249400'
Event: 3.006 Thread 0x00000295b1487b00 Unloading class 0x0000000800249000 'java/lang/invoke/LambdaForm$DMH+0x0000000800249000'
Event: 3.006 Thread 0x00000295b1487b00 Unloading class 0x0000000800244400 'java/lang/invoke/LambdaForm$DMH+0x0000000800244400'

Classes redefined (0 events):
No events

Internal exceptions (20 events):
Event: 3.425 Thread 0x00000295d6cac0e0 Exception <a 'java/lang/NoSuchMethodError'{0x00000007ab40f290}: 'int java.lang.invoke.DirectMethodHandle$Holder.invokeSpecial(java.lang.Object, java.lang.Object, java.lang.Object, java.lang.Object)'> (0x00000007ab40f290) 
thrown [s\src\hotspot\share\interpreter\linkResolver.cpp, line 759]
Event: 3.427 Thread 0x00000295d6cac0e0 Exception <a 'java/lang/NoSuchMethodError'{0x00000007ab47dbf0}: 'java.lang.Object java.lang.invoke.DirectMethodHandle$Holder.invokeStatic(java.lang.Object, int, java.lang.Object, java.lang.Object)'> (0x00000007ab47dbf0) 
thrown [s\src\hotspot\share\interpreter\linkResolver.cpp, line 759]
Event: 3.427 Thread 0x00000295d6cac0e0 Exception <a 'java/lang/NoSuchMethodError'{0x00000007ab48db88}: 'java.lang.Object java.lang.invoke.DelegatingMethodHandle$Holder.delegate(java.lang.Object, int, java.lang.Object, java.lang.Object)'> (0x00000007ab48db88) 
thrown [s\src\hotspot\share\interpreter\linkResolver.cpp, line 759]
Event: 3.428 Thread 0x00000295d6cac0e0 Exception <a 'java/lang/NoSuchMethodError'{0x00000007ab4fe8f8}: 'int java.lang.invoke.Invokers$Holder.linkToTargetMethod(java.lang.Object, java.lang.Object, java.lang.Object)'> (0x00000007ab4fe8f8) 
thrown [s\src\hotspot\share\interpreter\linkResolver.cpp, line 759]
Event: 3.482 Thread 0x00000295d7c1dcf0 Exception <a 'java/lang/NoSuchMethodError'{0x00000007ab092598}: 'java.lang.Object java.lang.invoke.DirectMethodHandle$Holder.invokeSpecialIFC(java.lang.Object, java.lang.Object, java.lang.Object, java.lang.Object)'> (0x00000007ab092598) 
thrown [s\src\hotspot\share\interpreter\linkResolver.cpp, line 759]
Event: 3.524 Thread 0x00000295d6cabbd0 Exception <a 'java/io/FileNotFoundException'{0x00000007abdf9478}> (0x00000007abdf9478) 
thrown [s\src\hotspot\share\prims\jni.cpp, line 516]
Event: 3.524 Thread 0x00000295d6cabbd0 Exception <a 'java/io/FileNotFoundException'{0x00000007abdfd0c0}> (0x00000007abdfd0c0) 
thrown [s\src\hotspot\share\prims\jni.cpp, line 516]
Event: 3.553 Thread 0x00000295d6cabbd0 Exception <a 'java/io/FileNotFoundException'{0x00000007aacf2638}> (0x00000007aacf2638) 
thrown [s\src\hotspot\share\prims\jni.cpp, line 516]
Event: 3.554 Thread 0x00000295d6cabbd0 Exception <a 'java/io/FileNotFoundException'{0x00000007aaf98068}> (0x00000007aaf98068) 
thrown [s\src\hotspot\share\prims\jni.cpp, line 516]
Event: 3.554 Thread 0x00000295d6cabbd0 Exception <a 'java/io/FileNotFoundException'{0x00000007aaf99268}> (0x00000007aaf99268) 
thrown [s\src\hotspot\share\prims\jni.cpp, line 516]
Event: 3.577 Thread 0x00000295b13ddaf0 Exception <a 'java/lang/NoSuchMethodError'{0x00000007ab4776c0}: 'void java.lang.invoke.DirectMethodHandle$Holder.invokeSpecial(java.lang.Object, java.lang.Object, java.lang.Object, java.lang.Object, java.lang.Object, java.lang.Object)'> (0x00000007ab4776c0) 
thrown [s\src\hotspot\share\interpreter\linkResolver.cpp, line 759]
Event: 3.578 Thread 0x00000295b13ddaf0 Exception <a 'java/lang/IncompatibleClassChangeError'{0x00000007ab495700}: Found class java.lang.Object, but interface was expected> (0x00000007ab495700) 
thrown [s\src\hotspot\share\interpreter\linkResolver.cpp, line 826]
Event: 3.665 Thread 0x00000295d7c1dcf0 Exception <a 'java/lang/NoSuchMethodError'{0x00000007aabb29a8}: 'int java.lang.invoke.DirectMethodHandle$Holder.invokeStatic(java.lang.Object, java.lang.Object, java.lang.Object, java.lang.Object, java.lang.Object)'> (0x00000007aabb29a8) 
thrown [s\src\hotspot\share\interpreter\linkResolver.cpp, line 759]
Event: 3.720 Thread 0x00000295d7c186e0 Exception <a 'java/lang/NoSuchMethodError'{0x00000007ab8bac48}: 'int java.lang.invoke.DirectMethodHandle$Holder.invokeStatic(java.lang.Object)'> (0x00000007ab8bac48) 
thrown [s\src\hotspot\share\interpreter\linkResolver.cpp, line 759]
Event: 3.742 Thread 0x00000295d7c186e0 Exception <a 'java/io/FileNotFoundException'{0x00000007abd4c0f0}> (0x00000007abd4c0f0) 
thrown [s\src\hotspot\share\prims\jni.cpp, line 516]
Event: 3.743 Thread 0x00000295d7c186e0 Exception <a 'java/io/FileNotFoundException'{0x00000007abd77888}> (0x00000007abd77888) 
thrown [s\src\hotspot\share\prims\jni.cpp, line 516]
Event: 3.743 Thread 0x00000295d7c186e0 Exception <a 'java/io/FileNotFoundException'{0x00000007abd9e350}> (0x00000007abd9e350) 
thrown [s\src\hotspot\share\prims\jni.cpp, line 516]
Event: 3.743 Thread 0x00000295d7c186e0 Exception <a 'java/io/FileNotFoundException'{0x00000007abd9ff78}> (0x00000007abd9ff78) 
thrown [s\src\hotspot\share\prims\jni.cpp, line 516]
Event: 3.743 Thread 0x00000295d7c186e0 Exception <a 'java/io/FileNotFoundException'{0x00000007abda1458}> (0x00000007abda1458) 
thrown [s\src\hotspot\share\prims\jni.cpp, line 516]
Event: 3.802 Thread 0x00000295d7c1dcf0 Exception <a 'java/lang/NoClassDefFoundError'{0x00000007aadcdd50}: javax/enterprise/inject/Typed> (0x00000007aadcdd50) 
thrown [s\src\hotspot\share\classfile\systemDictionary.cpp, line 245]

VM Operations (20 events):
Event: 3.461 Executing VM operation: ParallelGCFailedAllocation done
Event: 3.525 Executing VM operation: ParallelGCFailedAllocation
Event: 3.527 Executing VM operation: ParallelGCFailedAllocation done
Event: 3.643 Executing VM operation: ParallelGCFailedAllocation
Event: 3.644 Executing VM operation: ParallelGCFailedAllocation done
Event: 3.720 Executing VM operation: HandshakeAllThreads
Event: 3.720 Executing VM operation: HandshakeAllThreads done
Event: 3.751 Executing VM operation: ParallelGCFailedAllocation
Event: 3.763 Executing VM operation: ParallelGCFailedAllocation done
Event: 3.777 Executing VM operation: HandshakeAllThreads
Event: 3.777 Executing VM operation: HandshakeAllThreads done
Event: 3.790 Executing VM operation: ParallelGCFailedAllocation
Event: 3.799 Executing VM operation: ParallelGCFailedAllocation done
Event: 3.825 Executing VM operation: ParallelGCFailedAllocation
Event: 3.833 Executing VM operation: ParallelGCFailedAllocation done
Event: 3.846 Executing VM operation: HandshakeAllThreads
Event: 3.846 Executing VM operation: HandshakeAllThreads done
Event: 3.866 Executing VM operation: HandshakeAllThreads
Event: 3.872 Executing VM operation: HandshakeAllThreads done
Event: 3.872 Executing VM operation: ParallelGCFailedAllocation

Events (20 events):
Event: 3.288 Thread 0x00000295d6cada30 Thread added: 0x00000295d6cada30
Event: 3.289 Thread 0x00000295d6cadf40 Thread added: 0x00000295d6cadf40
Event: 3.290 Thread 0x00000295d6caa790 Thread added: 0x00000295d6caa790
Event: 3.295 Thread 0x00000295d7c1af60 Thread added: 0x00000295d7c1af60
Event: 3.295 Thread 0x00000295d7c1b980 Thread added: 0x00000295d7c1b980
Event: 3.295 Thread 0x00000295d7c1d7e0 Thread added: 0x00000295d7c1d7e0
Event: 3.295 Thread 0x00000295d7c1d2d0 Thread added: 0x00000295d7c1d2d0
Event: 3.295 Thread 0x00000295d7c17cc0 Thread added: 0x00000295d7c17cc0
Event: 3.295 Thread 0x00000295d7c19b20 Thread added: 0x00000295d7c19b20
Event: 3.295 Thread 0x00000295d7c19100 Thread added: 0x00000295d7c19100
Event: 3.295 Thread 0x00000295d7c1be90 Thread added: 0x00000295d7c1be90
Event: 3.295 Thread 0x00000295d7c181d0 Thread added: 0x00000295d7c181d0
Event: 3.314 Thread 0x00000295d7c1a030 Thread added: 0x00000295d7c1a030
Event: 3.397 Thread 0x00000295d7c1dcf0 Thread added: 0x00000295d7c1dcf0
Event: 3.397 Thread 0x00000295d7c186e0 Thread added: 0x00000295d7c186e0
Event: 3.524 Thread 0x00000295d7c1e710 Thread added: 0x00000295d7c1e710
Event: 3.524 Thread 0x00000295d7c1e200 Thread added: 0x00000295d7c1e200
Event: 3.604 Thread 0x00000295d7c1c3a0 Thread added: 0x00000295d7c1c3a0
Event: 3.604 Thread 0x00000295d7c1c8b0 Thread added: 0x00000295d7c1c8b0
Event: 3.872 Thread 0x00000295d1423510 flushing nmethod 0x00000295bbb40010


Dynamic libraries:
0x00007ff6bc1a0000 - 0x00007ff6bc1ae000 	c:\Users\¸¼À½\.vscode\extensions\redhat.java-1.34.0-win32-x64\jre\17.0.12-win32-x86_64\bin\java.exe
0x00007ffd9b3b0000 - 0x00007ffd9b5c7000 	C:\WINDOWS\SYSTEM32\ntdll.dll
0x00007ffd99a90000 - 0x00007ffd99b54000 	C:\WINDOWS\System32\KERNEL32.DLL
0x00007ffd987a0000 - 0x00007ffd98b4d000 	C:\WINDOWS\System32\KERNELBASE.dll
0x00007ffd98dd0000 - 0x00007ffd98ee1000 	C:\WINDOWS\System32\ucrtbase.dll
0x00007ffd89d60000 - 0x00007ffd89d77000 	c:\Users\¸¼À½\.vscode\extensions\redhat.java-1.34.0-win32-x64\jre\17.0.12-win32-x86_64\bin\jli.dll
0x00007ffd99580000 - 0x00007ffd9972e000 	C:\WINDOWS\System32\USER32.dll
0x00007ffd98770000 - 0x00007ffd98796000 	C:\WINDOWS\System32\win32u.dll
0x00007ffd99730000 - 0x00007ffd99759000 	C:\WINDOWS\System32\GDI32.dll
0x00007ffd98bf0000 - 0x00007ffd98d09000 	C:\WINDOWS\System32\gdi32full.dll
0x00007ffd986d0000 - 0x00007ffd9876a000 	C:\WINDOWS\System32\msvcp_win.dll
0x00007ffd85b70000 - 0x00007ffd85b8b000 	c:\Users\¸¼À½\.vscode\extensions\redhat.java-1.34.0-win32-x64\jre\17.0.12-win32-x86_64\bin\VCRUNTIME140.dll
0x00007ffd78d20000 - 0x00007ffd78fb3000 	C:\WINDOWS\WinSxS\amd64_microsoft.windows.common-controls_6595b64144ccf1df_6.0.22621.3672_none_2713b9d173822955\COMCTL32.dll
0x00007ffd992a0000 - 0x00007ffd99347000 	C:\WINDOWS\System32\msvcrt.dll
0x00007ffd9b010000 - 0x00007ffd9b041000 	C:\WINDOWS\System32\IMM32.DLL
0x00007ffd95990000 - 0x00007ffd9599c000 	c:\Users\¸¼À½\.vscode\extensions\redhat.java-1.34.0-win32-x64\jre\17.0.12-win32-x86_64\bin\vcruntime140_1.dll
0x00007ffd775a0000 - 0x00007ffd7762d000 	c:\Users\¸¼À½\.vscode\extensions\redhat.java-1.34.0-win32-x64\jre\17.0.12-win32-x86_64\bin\msvcp140.dll
0x00007ffd22230000 - 0x00007ffd22e9a000 	c:\Users\¸¼À½\.vscode\extensions\redhat.java-1.34.0-win32-x64\jre\17.0.12-win32-x86_64\bin\server\jvm.dll
0x00007ffd9b050000 - 0x00007ffd9b102000 	C:\WINDOWS\System32\ADVAPI32.dll
0x00007ffd9b170000 - 0x00007ffd9b219000 	C:\WINDOWS\System32\sechost.dll
0x00007ffd98bc0000 - 0x00007ffd98be8000 	C:\WINDOWS\System32\bcrypt.dll
0x00007ffd990e0000 - 0x00007ffd991f4000 	C:\WINDOWS\System32\RPCRT4.dll
0x00007ffd99350000 - 0x00007ffd993c1000 	C:\WINDOWS\System32\WS2_32.dll
0x00007ffd985a0000 - 0x00007ffd985ed000 	C:\WINDOWS\SYSTEM32\POWRPROF.dll
0x00007ffd8eca0000 - 0x00007ffd8ecaa000 	C:\WINDOWS\SYSTEM32\VERSION.dll
0x00007ffd908a0000 - 0x00007ffd908d4000 	C:\WINDOWS\SYSTEM32\WINMM.dll
0x00007ffd98580000 - 0x00007ffd98593000 	C:\WINDOWS\SYSTEM32\UMPDC.dll
0x00007ffd97720000 - 0x00007ffd97738000 	C:\WINDOWS\SYSTEM32\kernel.appcore.dll
0x00007ffd93a60000 - 0x00007ffd93a6a000 	c:\Users\¸¼À½\.vscode\extensions\redhat.java-1.34.0-win32-x64\jre\17.0.12-win32-x86_64\bin\jimage.dll
0x00007ffd8f6c0000 - 0x00007ffd8f8f2000 	C:\WINDOWS\SYSTEM32\DBGHELP.DLL
0x00007ffd9a800000 - 0x00007ffd9ab8e000 	C:\WINDOWS\System32\combase.dll
0x00007ffd99eb0000 - 0x00007ffd99f87000 	C:\WINDOWS\System32\OLEAUT32.dll
0x00007ffd78cc0000 - 0x00007ffd78cf2000 	C:\WINDOWS\SYSTEM32\dbgcore.DLL
0x00007ffd99060000 - 0x00007ffd990db000 	C:\WINDOWS\System32\bcryptPrimitives.dll
0x00007ffd83bf0000 - 0x00007ffd83bfe000 	c:\Users\¸¼À½\.vscode\extensions\redhat.java-1.34.0-win32-x64\jre\17.0.12-win32-x86_64\bin\instrument.dll
0x00007ffd85b40000 - 0x00007ffd85b65000 	c:\Users\¸¼À½\.vscode\extensions\redhat.java-1.34.0-win32-x64\jre\17.0.12-win32-x86_64\bin\java.dll
0x00007ffd85090000 - 0x00007ffd850a8000 	c:\Users\¸¼À½\.vscode\extensions\redhat.java-1.34.0-win32-x64\jre\17.0.12-win32-x86_64\bin\zip.dll
0x00007ffd99f90000 - 0x00007ffd9a7f7000 	C:\WINDOWS\System32\SHELL32.dll
0x00007ffd96650000 - 0x00007ffd96f4f000 	C:\WINDOWS\SYSTEM32\windows.storage.dll
0x00007ffd96510000 - 0x00007ffd9664f000 	C:\WINDOWS\SYSTEM32\wintypes.dll
0x00007ffd99c30000 - 0x00007ffd99d29000 	C:\WINDOWS\System32\SHCORE.dll
0x00007ffd99930000 - 0x00007ffd9998e000 	C:\WINDOWS\System32\shlwapi.dll
0x00007ffd98600000 - 0x00007ffd98627000 	C:\WINDOWS\SYSTEM32\profapi.dll
0x00007ffd80a30000 - 0x00007ffd80a49000 	C:\Users\¸¼À½\.vscode\extensions\redhat.java-1.34.0-win32-x64\jre\17.0.12-win32-x86_64\bin\net.dll
0x00007ffd916a0000 - 0x00007ffd917d6000 	C:\WINDOWS\SYSTEM32\WINHTTP.dll
0x00007ffd97b90000 - 0x00007ffd97bf9000 	C:\WINDOWS\system32\mswsock.dll
0x00007ffd7da20000 - 0x00007ffd7da36000 	C:\Users\¸¼À½\.vscode\extensions\redhat.java-1.34.0-win32-x64\jre\17.0.12-win32-x86_64\bin\nio.dll
0x00007ffd91ba0000 - 0x00007ffd91bb0000 	c:\Users\¸¼À½\.vscode\extensions\redhat.java-1.34.0-win32-x64\jre\17.0.12-win32-x86_64\bin\verify.dll
0x00007ffd61d60000 - 0x00007ffd61da5000 	C:\Users\¸¼À½\AppData\Roaming\Code\User\globalStorage\redhat.java\1.34.0\config_win\org.eclipse.equinox.launcher\org.eclipse.equinox.launcher.win32.win32.x86_64_1.2.1100.v20240722-2106\eclipse_11904.dll
0x00007ffd993d0000 - 0x00007ffd99575000 	C:\WINDOWS\System32\ole32.dll
0x00007ffd97df0000 - 0x00007ffd97e0b000 	C:\WINDOWS\SYSTEM32\CRYPTSP.dll
0x00007ffd97680000 - 0x00007ffd976b5000 	C:\WINDOWS\system32\rsaenh.dll
0x00007ffd97c80000 - 0x00007ffd97ca8000 	C:\WINDOWS\SYSTEM32\USERENV.dll
0x00007ffd97de0000 - 0x00007ffd97dec000 	C:\WINDOWS\SYSTEM32\CRYPTBASE.dll
0x00007ffd971b0000 - 0x00007ffd971dd000 	C:\WINDOWS\SYSTEM32\IPHLPAPI.DLL
0x00007ffd99290000 - 0x00007ffd99299000 	C:\WINDOWS\System32\NSI.dll
0x00007ffd91410000 - 0x00007ffd91429000 	C:\WINDOWS\SYSTEM32\dhcpcsvc6.DLL
0x00007ffd90cd0000 - 0x00007ffd90cef000 	C:\WINDOWS\SYSTEM32\dhcpcsvc.DLL
0x00007ffd97220000 - 0x00007ffd97318000 	C:\WINDOWS\SYSTEM32\DNSAPI.dll
0x00007ffd60910000 - 0x00007ffd60955000 	C:\Users\¸¼À½\AppData\Local\Temp\jna-1525659\jna11545308621149055351.dll
0x00007ffd99990000 - 0x00007ffd99998000 	C:\WINDOWS\System32\PSAPI.DLL

dbghelp: loaded successfully - version: 4.0.5 - missing functions: none
symbol engine: initialized successfully - sym options: 0x614 - pdb path: .;c:\Users\¸¼À½\.vscode\extensions\redhat.java-1.34.0-win32-x64\jre\17.0.12-win32-x86_64\bin;C:\WINDOWS\SYSTEM32;C:\WINDOWS\WinSxS\amd64_microsoft.windows.common-controls_6595b64144ccf1df_6.0.22621.3672_none_2713b9d173822955;c:\Users\¸¼À½\.vscode\extensions\redhat.java-1.34.0-win32-x64\jre\17.0.12-win32-x86_64\bin\se;c:\Users\¸¼À½\.vscode\extensions\redhat.java-1.34.0-win32-x64\jre\17.0.12-win32-x86_64\bin\;c:\Users\¸¼À½\.vscode\extensions\redhat.java-1.34.0-win32-x64\jre\17.0.12-win32-x86_64\bi;c:\Users\¸¼À½\.vscode\extensions\redhat.java-1.34.0-win32-x64\jre\17.0.12-win32-x86_64\;c:\Users\¸¼À½\.vscode\extensions\redhat.java-1.34.0-win32-x64\jre\17.0.12-win32-x86_6;c:\Users\¸¼À½\.vscode\extensions\redhat.java-1.34.0-win32-x64\jre\17.0.12-win32-x86;c:\Users\¸¼À½\.vscode\extensions\redhat.java-1.34.0-win32-x64\jre\17.0.12-win32-x86_64\bin\server;C:\Users\¸¼À½\AppData\Roaming\Code\User\globalStorage\redhat.java\1.34.0\config_win\org.eclipse.equinox.launcher\org.eclipse.equinox.launcher.win32.win32.x86_64_1.2.1;C:\Users\¸¼À½\AppData\Roaming\Code\User\globalStorage\redhat.java\1.34.0\config_win\org.eclipse.equinox.launcher\org.eclipse.equinox.launcher.win32.win32.x86_64_1.2.1100.v20240722-2106;C:\Users\¸¼À½\AppData\

VM Arguments:
jvm_args: --add-modules=ALL-SYSTEM --add-opens=java.base/java.util=ALL-UNNAMED --add-opens=java.base/java.lang=ALL-UNNAMED --add-opens=java.base/sun.nio.fs=ALL-UNNAMED -Declipse.application=org.eclipse.jdt.ls.core.id1 -Dosgi.bundles.defaultStartLevel=4 -Declipse.product=org.eclipse.jdt.ls.core.product -Djava.import.generatesMetadataFilesAtProjectRoot=false -DDetectVMInstallationsJob.disabled=true -Dfile.encoding=utf8 -XX:+UseParallelGC -XX:GCTimeRatio=4 -XX:AdaptiveSizePolicyWeight=90 -Dsun.zip.disableMemoryMapping=true -Xmx4G -Xms100m -Xlog:disable -javaagent:c:\Users\¸¼À½\.vscode\extensions\redhat.java-1.34.0-win32-x64\lombok\lombok-1.18.33.jar -XX:+HeapDumpOnOutOfMemoryError -XX:HeapDumpPath=c:\Users\¸¼À½\AppData\Roaming\Code\User\workspaceStorage\ba45a564f799ac6533c4f6e0f3ae2d63\redhat.java -Daether.dependencyCollector.impl=bf 
java_command: c:\Users\¸¼À½\.vscode\extensions\redhat.java-1.34.0-win32-x64\server\plugins\org.eclipse.equinox.launcher_1.6.900.v20240613-2009.jar -configuration c:\Users\¸¼À½\AppData\Roaming\Code\User\globalStorage\redhat.java\1.34.0\config_win -data c:\Users\¸¼À½\AppData\Roaming\Code\User\workspaceStorage\ba45a564f799ac6533c4f6e0f3ae2d63\redhat.java\jdt_ws --pipe=\\.\pipe\lsp-0de1ec40b6c8a2b188b0f745fe63cbdc-sock
java_class_path (initial): c:\Users\¸¼À½\.vscode\extensions\redhat.java-1.34.0-win32-x64\server\plugins\org.eclipse.equinox.launcher_1.6.900.v20240613-2009.jar
Launcher Type: SUN_STANDARD

[Global flags]
    uintx AdaptiveSizePolicyWeight                 = 90                                        {product} {command line}
     intx CICompilerCount                          = 4                                         {product} {ergonomic}
    uintx GCTimeRatio                              = 4                                         {product} {command line}
     bool HeapDumpOnOutOfMemoryError               = true                                   {manageable} {command line}
    ccstr HeapDumpPath                             = c:\Users\¸¼À½\AppData\Roaming\Code\User\workspaceStorage\ba45a564f799ac6533c4f6e0f3ae2d63\redhat.java         {manageable} {command line}
   size_t InitialHeapSize                          = 104857600                                 {product} {command line}
   size_t MaxHeapSize                              = 4294967296                                {product} {command line}
   size_t MaxNewSize                               = 1431306240                                {product} {ergonomic}
   size_t MinHeapDeltaBytes                        = 524288                                    {product} {ergonomic}
   size_t MinHeapSize                              = 104857600                                 {product} {command line}
   size_t NewSize                                  = 34603008                                  {product} {ergonomic}
    uintx NonNMethodCodeHeapSize                   = 5839372                                {pd product} {ergonomic}
    uintx NonProfiledCodeHeapSize                  = 122909434                              {pd product} {ergonomic}
   size_t OldSize                                  = 70254592                                  {product} {ergonomic}
    uintx ProfiledCodeHeapSize                     = 122909434                              {pd product} {ergonomic}
    uintx ReservedCodeCacheSize                    = 251658240                              {pd product} {ergonomic}
     bool SegmentedCodeCache                       = true                                      {product} {ergonomic}
   size_t SoftMaxHeapSize                          = 4294967296                             {manageable} {ergonomic}
     bool UseCompressedClassPointers               = true                           {product lp64_product} {ergonomic}
     bool UseCompressedOops                        = true                           {product lp64_product} {ergonomic}
     bool UseLargePagesIndividualAllocation        = false                                  {pd product} {ergonomic}
     bool UseParallelGC                            = true                                      {product} {command line}

Logging:
Log output configuration:
 #0: stdout all=off uptime,level,tags
 #1: stderr all=off uptime,level,tags

Environment Variables:
JAVA_HOME=C:\Program Files\Amazon Corretto\jdk17.0.12_7
CLASSPATH=C:\Program Files\Amazon Corretto\jdk17.0.12_7\lib
PATH=C:\Program Files\Amazon Corretto\jdk17.0.12_7\bin;C:\Program Files\Common Files\Oracle\Java\javapath;C:\Program Files\Java\jdk-8.0.392.8-hotspot\bin;C:\Program Files\Python39\Scripts\;C:\Program Files\Python39\;C:\WINDOWS\system32;C:\WINDOWS;C:\WINDOWS\System32\Wbem;C:\WINDOWS\System32\WindowsPowerShell\v1.0\;C:\WINDOWS\System32\OpenSSH\;C:\Program Files\dotnet\;C:\Program Files\Git\cmd;C:\Program Files\Amazon Corretto\jdk17.0.12_7\bin;C:\Program Files\Bandizip\;C:\Program Files\nodejs\;C:\Users\¸¼À½\AppData\Local\Microsoft\WindowsApps;;C:\Users\¸¼À½\AppData\Local\afreeca;C:\Users\¸¼À½\AppData\Local\Programs\Microsoft VS Code\bin;C:\Users\¸¼À½\AppData\Roaming\npm
USERNAME=¸¼À½
OS=Windows_NT
PROCESSOR_IDENTIFIER=AMD64 Family 25 Model 33 Stepping 2, AuthenticAMD
TMP=C:\Users\¸¼À½\AppData\Local\Temp
TEMP=C:\Users\¸¼À½\AppData\Local\Temp



Periodic native trim disabled


---------------  S Y S T E M  ---------------

OS:
 Windows 11 , 64 bit Build 22621 (10.0.22621.3958)
OS uptime: 0 days 6:11 hours

CPU: total 12 (initial active 12) (12 cores per cpu, 2 threads per core) family 25 model 33 stepping 2 microcode 0x0, cx8, cmov, fxsr, ht, mmx, 3dnowpref, sse, sse2, sse3, ssse3, sse4a, sse4.1, sse4.2, popcnt, lzcnt, tsc, tscinvbit, avx, avx2, aes, erms, clmul, bmi1, bmi2, adx, sha, fma, vzeroupper, clflush, clflushopt
Processor Information for all 12 processors :
  Max Mhz: 3701, Current Mhz: 3701, Mhz Limit: 3701

Memory: 4k page, system-wide physical 16328M (5612M free)
TotalPageFile size 20424M (AvailPageFile size 5M)
current process WorkingSet (physical memory assigned to process): 204M, peak: 204M
current process commit charge ("private bytes"): 388M, peak: 393M

vm_info: OpenJDK 64-Bit Server VM (17.0.12+7) for windows-amd64 JRE (17.0.12+7), built on Jul 16 2024 22:08:24 by "admin" with MS VC++ 16.10 / 16.11 (VS2019)

END.
