#
# There is insufficient memory for the Java Runtime Environment to continue.
# Native memory allocation (malloc) failed to allocate 144576 bytes. Error detail: Chunk::new
# Possible reasons:
#   The system is out of physical RAM or swap space
#   This process is running with CompressedOops enabled, and the Java Heap may be blocking the growth of the native heap
# Possible solutions:
#   Reduce memory load on the system
#   Increase physical memory or swap space
#   Check if swap backing store is full
#   Decrease Java heap size (-Xmx/-Xms)
#   Decrease number of Java threads
#   Decrease Java thread stack sizes (-Xss)
#   Set larger code cache with -XX:ReservedCodeCacheSize=
#   JVM is running with Zero Based Compressed Oops mode in which the Java heap is
#     placed in the first 32GB address space. The Java Heap base address is the
#     maximum limit for the native heap growth. Please use -XX:HeapBaseMinAddress
#     to set the Java Heap base and to place the Java Heap above 32GB virtual address.
# This output file may be truncated or incomplete.
#
#  Out of Memory Error (arena.cpp:191), pid=35520, tid=34656
#
# JRE version: OpenJDK Runtime Environment Temurin-17.0.12+7 (17.0.12+7) (build 17.0.12+7)
# Java VM: OpenJDK 64-Bit Server VM Temurin-17.0.12+7 (17.0.12+7, mixed mode, tiered, compressed oops, compressed class ptrs, parallel gc, windows-amd64)
# No core dump will be written. Minidumps are not enabled by default on client versions of Windows
#

---------------  S U M M A R Y ------------

Command Line: --add-modules=ALL-SYSTEM --add-opens=java.base/java.util=ALL-UNNAMED --add-opens=java.base/java.lang=ALL-UNNAMED --add-opens=java.base/sun.nio.fs=ALL-UNNAMED -Declipse.application=org.eclipse.jdt.ls.core.id1 -Dosgi.bundles.defaultStartLevel=4 -Declipse.product=org.eclipse.jdt.ls.core.product -Djava.import.generatesMetadataFilesAtProjectRoot=false -DDetectVMInstallationsJob.disabled=true -Dfile.encoding=utf8 -XX:+UseParallelGC -XX:GCTimeRatio=4 -XX:AdaptiveSizePolicyWeight=90 -Dsun.zip.disableMemoryMapping=true -Xmx4G -Xms100m -Xlog:disable -javaagent:c:\Users\¸¼À½\.vscode\extensions\redhat.java-1.34.0-win32-x64\lombok\lombok-1.18.33.jar c:\Users\¸¼À½\.vscode\extensions\redhat.java-1.34.0-win32-x64\server\plugins\org.eclipse.equinox.launcher_1.6.900.v20240613-2009.jar -configuration c:\Users\¸¼À½\AppData\Roaming\Code\User\globalStorage\redhat.java\1.34.0\config_ss_win -data c:\Users\¸¼À½\AppData\Roaming\Code\User\workspaceStorage\ba45a564f799ac6533c4f6e0f3ae2d63\redhat.java\ss_ws --pipe=\\.\pipe\lsp-6d6db7f1aebf61d7a095b6cd29bf6c69-sock

Host: AMD Ryzen 5 5600X 6-Core Processor             , 12 cores, 15G,  Windows 11 , 64 bit Build 22621 (10.0.22621.3958)
Time: Sat Sep 14 18:42:14 2024  Windows 11 , 64 bit Build 22621 (10.0.22621.3958) elapsed time: 9.297679 seconds (0d 0h 0m 9s)

---------------  T H R E A D  ---------------

Current thread (0x000001fd1edac490):  JavaThread "C2 CompilerThread0" daemon [_thread_in_native, id=34656, stack(0x0000003545900000,0x0000003545a00000)]


Current CompileTask:
C2:   9297 5063       4       java.io.DataOutputStream::writeUTF (411 bytes)

Stack: [0x0000003545900000,0x0000003545a00000]
Native frames: (J=compiled Java code, j=interpreted, Vv=VM code, C=native code)
V  [jvm.dll+0x67f929]
V  [jvm.dll+0x8371ba]
V  [jvm.dll+0x838c7e]
V  [jvm.dll+0x8392e3]
V  [jvm.dll+0x24834f]
V  [jvm.dll+0xac9d4]
V  [jvm.dll+0xad01c]
V  [jvm.dll+0x2af96f]
V  [jvm.dll+0x5868d7]
V  [jvm.dll+0x2231c2]
V  [jvm.dll+0x21c0bd]
V  [jvm.dll+0x219be1]
V  [jvm.dll+0x1a58bd]
V  [jvm.dll+0x229a2d]
V  [jvm.dll+0x227bdc]
V  [jvm.dll+0x7ec1f7]
V  [jvm.dll+0x7e65dc]
V  [jvm.dll+0x67e7f7]
C  [ucrtbase.dll+0x29333]
C  [KERNEL32.DLL+0x1257d]
C  [ntdll.dll+0x5af28]


---------------  P R O C E S S  ---------------

Threads class SMR info:
_java_thread_list=0x000001fd23d3e390, length=42, elements={
0x000001fd7e9b9d10, 0x000001fd7fc71010, 0x000001fd7fc72b30, 0x000001fd1ed8c600,
0x000001fd1ed8d390, 0x000001fd7fc7d520, 0x000001fd7fc7e140, 0x000001fd1edac490,
0x000001fd1edbad50, 0x000001fd1edbd280, 0x000001fd1ee7f0c0, 0x000001fd230ee020,
0x000001fd23a1f690, 0x000001fd23cb5af0, 0x000001fd23c3a1b0, 0x000001fd2360b9e0,
0x000001fd23f7f970, 0x000001fd23f7fe80, 0x000001fd23f80390, 0x000001fd23f821f0,
0x000001fd23f82c10, 0x000001fd23f808a0, 0x000001fd23f80db0, 0x000001fd23f82700,
0x000001fd23f83120, 0x000001fd23f812c0, 0x000001fd24530190, 0x000001fd245306a0,
0x000001fd24531ff0, 0x000001fd2452e840, 0x000001fd2452fc80, 0x000001fd2452e330,
0x000001fd2452c9e0, 0x000001fd2452b090, 0x000001fd2452cef0, 0x000001fd24531ae0,
0x000001fd2452f770, 0x000001fd24532500, 0x000001fd24530bb0, 0x000001fd2452c4d0,
0x000001fd245310c0, 0x000001fd245315d0
}

Java Threads: ( => current thread )
  0x000001fd7e9b9d10 JavaThread "main" [_thread_blocked, id=34400, stack(0x0000003545000000,0x0000003545100000)]
  0x000001fd7fc71010 JavaThread "Reference Handler" daemon [_thread_blocked, id=31752, stack(0x0000003545300000,0x0000003545400000)]
  0x000001fd7fc72b30 JavaThread "Finalizer" daemon [_thread_blocked, id=35544, stack(0x0000003545400000,0x0000003545500000)]
  0x000001fd1ed8c600 JavaThread "Signal Dispatcher" daemon [_thread_blocked, id=15176, stack(0x0000003545500000,0x0000003545600000)]
  0x000001fd1ed8d390 JavaThread "Attach Listener" daemon [_thread_blocked, id=34236, stack(0x0000003545600000,0x0000003545700000)]
  0x000001fd7fc7d520 JavaThread "Service Thread" daemon [_thread_blocked, id=34288, stack(0x0000003545700000,0x0000003545800000)]
  0x000001fd7fc7e140 JavaThread "Monitor Deflation Thread" daemon [_thread_blocked, id=34436, stack(0x0000003545800000,0x0000003545900000)]
=>0x000001fd1edac490 JavaThread "C2 CompilerThread0" daemon [_thread_in_native, id=34656, stack(0x0000003545900000,0x0000003545a00000)]
  0x000001fd1edbad50 JavaThread "C1 CompilerThread0" daemon [_thread_blocked, id=34032, stack(0x0000003545a00000,0x0000003545b00000)]
  0x000001fd1edbd280 JavaThread "Sweeper thread" daemon [_thread_blocked, id=34508, stack(0x0000003545b00000,0x0000003545c00000)]
  0x000001fd1ee7f0c0 JavaThread "Common-Cleaner" daemon [_thread_blocked, id=34616, stack(0x0000003545c00000,0x0000003545d00000)]
  0x000001fd230ee020 JavaThread "Notification Thread" daemon [_thread_blocked, id=34132, stack(0x0000003545d00000,0x0000003545e00000)]
  0x000001fd23a1f690 JavaThread "Active Thread: Equinox Container: 026d14a8-4979-4765-91a4-9697312638c7" [_thread_blocked, id=36172, stack(0x0000003546700000,0x0000003546800000)]
  0x000001fd23cb5af0 JavaThread "Framework Event Dispatcher: Equinox Container: 026d14a8-4979-4765-91a4-9697312638c7" daemon [_thread_blocked, id=35912, stack(0x0000003546800000,0x0000003546900000)]
  0x000001fd23c3a1b0 JavaThread "Start Level: Equinox Container: 026d14a8-4979-4765-91a4-9697312638c7" daemon [_thread_blocked, id=36400, stack(0x0000003546900000,0x0000003546a00000)]
  0x000001fd2360b9e0 JavaThread "SCR Component Actor" daemon [_thread_blocked, id=36420, stack(0x0000003546a00000,0x0000003546b00000)]
  0x000001fd23f7f970 JavaThread "Worker-JM" [_thread_blocked, id=36044, stack(0x0000003546000000,0x0000003546100000)]
  0x000001fd23f7fe80 JavaThread "JNA Cleaner" daemon [_thread_blocked, id=36240, stack(0x0000003546f00000,0x0000003547000000)]
  0x000001fd23f80390 JavaThread "Worker-0" [_thread_blocked, id=36048, stack(0x0000003547000000,0x0000003547100000)]
  0x000001fd23f821f0 JavaThread "Worker-1" [_thread_blocked, id=36296, stack(0x0000003547100000,0x0000003547200000)]
  0x000001fd23f82c10 JavaThread "Thread-2" daemon [_thread_in_native, id=36696, stack(0x0000003547500000,0x0000003547600000)]
  0x000001fd23f808a0 JavaThread "Thread-3" daemon [_thread_in_native, id=36580, stack(0x0000003547600000,0x0000003547700000)]
  0x000001fd23f80db0 JavaThread "Thread-4" daemon [_thread_in_native, id=35432, stack(0x0000003547700000,0x0000003547800000)]
  0x000001fd23f82700 JavaThread "Thread-5" daemon [_thread_in_native, id=36336, stack(0x0000003547800000,0x0000003547900000)]
  0x000001fd23f83120 JavaThread "Thread-6" daemon [_thread_in_native, id=36832, stack(0x0000003547900000,0x0000003547a00000)]
  0x000001fd23f812c0 JavaThread "Thread-7" daemon [_thread_in_native, id=35476, stack(0x0000003547a00000,0x0000003547b00000)]
  0x000001fd24530190 JavaThread "Thread-8" daemon [_thread_in_native, id=36804, stack(0x0000003547b00000,0x0000003547c00000)]
  0x000001fd245306a0 JavaThread "Thread-9" daemon [_thread_in_native, id=35532, stack(0x0000003547c00000,0x0000003547d00000)]
  0x000001fd24531ff0 JavaThread "Thread-10" daemon [_thread_in_native, id=24860, stack(0x0000003547d00000,0x0000003547e00000)]
  0x000001fd2452e840 JavaThread "Thread-11" daemon [_thread_in_native, id=36388, stack(0x0000003547e00000,0x0000003547f00000)]
  0x000001fd2452fc80 JavaThread "Thread-12" daemon [_thread_in_native, id=36608, stack(0x0000003547f00000,0x0000003548000000)]
  0x000001fd2452e330 JavaThread "Thread-13" daemon [_thread_in_native, id=35948, stack(0x0000003548000000,0x0000003548100000)]
  0x000001fd2452c9e0 JavaThread "Thread-14" daemon [_thread_in_native, id=35732, stack(0x0000003548100000,0x0000003548200000)]
  0x000001fd2452b090 JavaThread "pool-2-thread-1" [_thread_blocked, id=36224, stack(0x0000003548200000,0x0000003548300000)]
  0x000001fd2452cef0 JavaThread "WorkspaceEventsHandler" [_thread_blocked, id=36004, stack(0x0000003548300000,0x0000003548400000)]
  0x000001fd24531ae0 JavaThread "pool-1-thread-1" [_thread_blocked, id=35480, stack(0x0000003548400000,0x0000003548500000)]
  0x000001fd2452f770 JavaThread "ForkJoinPool.commonPool-worker-1" daemon [_thread_blocked, id=35628, stack(0x0000003548500000,0x0000003548600000)]
  0x000001fd24532500 JavaThread "ForkJoinPool.commonPool-worker-2" daemon [_thread_blocked, id=36788, stack(0x0000003548600000,0x0000003548700000)]
  0x000001fd24530bb0 JavaThread "ForkJoinPool.commonPool-worker-3" daemon [_thread_blocked, id=35964, stack(0x0000003548700000,0x0000003548800000)]
  0x000001fd2452c4d0 JavaThread "ForkJoinPool.commonPool-worker-4" daemon [_thread_blocked, id=36144, stack(0x0000003548800000,0x0000003548900000)]
  0x000001fd245310c0 JavaThread "ForkJoinPool.commonPool-worker-5" daemon [_thread_blocked, id=34324, stack(0x0000003548900000,0x0000003548a00000)]
  0x000001fd245315d0 JavaThread "ForkJoinPool.commonPool-worker-6" daemon [_thread_blocked, id=34908, stack(0x0000003548a00000,0x0000003548b00000)]

Other Threads:
  0x000001fd7ea67950 VMThread "VM Thread" [stack: 0x0000003545200000,0x0000003545300000] [id=34124]
  0x000001fd230ee500 WatcherThread [stack: 0x0000003545e00000,0x0000003545f00000] [id=34708]
  0x000001fd7e9cef00 GCTaskThread "GC Thread#0" [stack: 0x0000003545100000,0x0000003545200000] [id=35092]
  0x000001fd236edb70 GCTaskThread "GC Thread#1" [stack: 0x0000003546100000,0x0000003546200000] [id=35316]
  0x000001fd2372fd60 GCTaskThread "GC Thread#2" [stack: 0x0000003546200000,0x0000003546300000] [id=35216]
  0x000001fd23730020 GCTaskThread "GC Thread#3" [stack: 0x0000003546300000,0x0000003546400000] [id=34824]
  0x000001fd237302e0 GCTaskThread "GC Thread#4" [stack: 0x0000003546400000,0x0000003546500000] [id=34168]
  0x000001fd2376c420 GCTaskThread "GC Thread#5" [stack: 0x0000003546500000,0x0000003546600000] [id=34264]
  0x000001fd2376c6e0 GCTaskThread "GC Thread#6" [stack: 0x0000003546600000,0x0000003546700000] [id=34536]
  0x000001fd1f0cec00 GCTaskThread "GC Thread#7" [stack: 0x0000003546b00000,0x0000003546c00000] [id=36304]
  0x000001fd23f7f3c0 GCTaskThread "GC Thread#8" [stack: 0x0000003546d00000,0x0000003546e00000] [id=36664]
  0x000001fd23bf3140 GCTaskThread "GC Thread#9" [stack: 0x0000003546e00000,0x0000003546f00000] [id=36396]

Threads with active compile tasks:
C2 CompilerThread0     9323 5063       4       java.io.DataOutputStream::writeUTF (411 bytes)

VM state: not at safepoint (normal execution)

VM Mutex/Monitor currently owned by a thread: None

Heap address: 0x0000000700000000, size: 4096 MB, Compressed Oops mode: Zero based, Oop shift amount: 3

CDS archive(s) not mapped
Compressed class space mapped at: 0x0000000800000000-0x0000000840000000, reserved size: 1073741824
Narrow klass base: 0x0000000800000000, Narrow klass shift: 0, Narrow klass range: 0x40000000

GC Precious Log:
 CPUs: 12 total, 12 available
 Memory: 16328M
 Large Page Support: Disabled
 NUMA Support: Disabled
 Compressed Oops: Enabled (Zero based)
 Alignments: Space 512K, Generation 512K, Heap 2M
 Heap Min Capacity: 100M
 Heap Initial Capacity: 100M
 Heap Max Capacity: 4G
 Pre-touch: Disabled
 Parallel Workers: 10

Heap:
 PSYoungGen      total 18944K, used 6217K [0x00000007aab00000, 0x00000007ac080000, 0x0000000800000000)
  eden space 17920K, 30% used [0x00000007aab00000,0x00000007ab052548,0x00000007abc80000)
  from space 1024K, 75% used [0x00000007abf80000,0x00000007ac040020,0x00000007ac080000)
  to   space 1024K, 0% used [0x00000007abc80000,0x00000007abc80000,0x00000007abd80000)
 ParOldGen       total 68608K, used 32932K [0x0000000700000000, 0x0000000704300000, 0x00000007aab00000)
  object space 68608K, 48% used [0x0000000700000000,0x00000007020292e8,0x0000000704300000)
 Metaspace       used 48202K, committed 48960K, reserved 1114112K
  class space    used 4880K, committed 5184K, reserved 1048576K

Card table byte_map: [0x000001fd7ea70000,0x000001fd7f280000] _byte_map_base: 0x000001fd7b270000

Marking Bits: (ParMarkBitMap*) 0x00007ffd22dd58b0
 Begin Bits: [0x000001fd11be0000, 0x000001fd15be0000)
 End Bits:   [0x000001fd15be0000, 0x000001fd19be0000)

Polling page: 0x000001fd7c920000

Metaspace:

Usage:
  Non-class:     42.31 MB used.
      Class:      4.77 MB used.
       Both:     47.07 MB used.

Virtual space:
  Non-class space:       64.00 MB reserved,      42.75 MB ( 67%) committed,  1 nodes.
      Class space:        1.00 GB reserved,       5.06 MB ( <1%) committed,  1 nodes.
             Both:        1.06 GB reserved,      47.81 MB (  4%) committed. 

Chunk freelists:
   Non-Class:  4.41 MB
       Class:  10.94 MB
        Both:  15.35 MB

MaxMetaspaceSize: unlimited
CompressedClassSpaceSize: 1.00 GB
Initial GC threshold: 21.00 MB
Current GC threshold: 58.38 MB
CDS: off
MetaspaceReclaimPolicy: balanced
 - commit_granule_bytes: 65536.
 - commit_granule_words: 8192.
 - virtual_space_node_default_size: 8388608.
 - enlarge_chunks_in_place: 1.
 - new_chunks_are_fully_committed: 0.
 - uncommit_free_chunks: 1.
 - use_allocation_guard: 0.
 - handle_deallocations: 1.


Internal statistics:

num_allocs_failed_limit: 6.
num_arena_births: 464.
num_arena_deaths: 14.
num_vsnodes_births: 2.
num_vsnodes_deaths: 0.
num_space_committed: 765.
num_space_uncommitted: 0.
num_chunks_returned_to_freelist: 20.
num_chunks_taken_from_freelist: 2139.
num_chunk_merges: 8.
num_chunk_splits: 1380.
num_chunks_enlarged: 894.
num_inconsistent_stats: 0.

CodeHeap 'non-profiled nmethods': size=120000Kb used=2979Kb max_used=2979Kb free=117021Kb
 bounds [0x000001fd0a6b0000, 0x000001fd0a9a0000, 0x000001fd11be0000]
CodeHeap 'profiled nmethods': size=120000Kb used=11092Kb max_used=11092Kb free=108907Kb
 bounds [0x000001fd02be0000, 0x000001fd036c0000, 0x000001fd0a110000]
CodeHeap 'non-nmethods': size=5760Kb used=1347Kb max_used=1391Kb free=4412Kb
 bounds [0x000001fd0a110000, 0x000001fd0a380000, 0x000001fd0a6b0000]
 total_blobs=5756 nmethods=5067 adapters=603
 compilation: enabled
              stopped_count=0, restarted_count=0
 full_count=0

Compilation events (20 events):
Event: 9.289 Thread 0x000001fd1edbad50 nmethod 5059 0x000001fd036aee90 code [0x000001fd036af040, 0x000001fd036af388]
Event: 9.289 Thread 0x000001fd1edbad50 5060       3       org.eclipse.core.internal.resources.MarkerAttributeMap::getMap (11 bytes)
Event: 9.289 Thread 0x000001fd1edbad50 nmethod 5060 0x000001fd036af490 code [0x000001fd036af640, 0x000001fd036af898]
Event: 9.290 Thread 0x000001fd1edbad50 5061       1       org.eclipse.core.internal.resources.MarkerInfo::getType (5 bytes)
Event: 9.290 Thread 0x000001fd1edbad50 nmethod 5061 0x000001fd0a997910 code [0x000001fd0a997aa0, 0x000001fd0a997b78]
Event: 9.290 Thread 0x000001fd1edac490 5062       4       java.io.OutputStream::write (34 bytes)
Event: 9.291 Thread 0x000001fd1edbad50 5064       3       org.eclipse.core.internal.resources.MarkerInfo::getAttribute (9 bytes)
Event: 9.291 Thread 0x000001fd1edbad50 nmethod 5064 0x000001fd036af990 code [0x000001fd036afb60, 0x000001fd036aff48]
Event: 9.291 Thread 0x000001fd1edbad50 5065       3       org.eclipse.core.internal.resources.MarkerAttributeMap::get (11 bytes)
Event: 9.291 Thread 0x000001fd1edbad50 nmethod 5065 0x000001fd036b0110 code [0x000001fd036b02c0, 0x000001fd036b0628]
Event: 9.292 Thread 0x000001fd1edbad50 5066       1       org.eclipse.core.internal.resources.MarkerInfo::getCreationTime (5 bytes)
Event: 9.292 Thread 0x000001fd1edbad50 nmethod 5066 0x000001fd0a997c10 code [0x000001fd0a997da0, 0x000001fd0a997e78]
Event: 9.293 Thread 0x000001fd1edbad50 5067       3       org.eclipse.core.internal.resources.MarkerWriter::write (155 bytes)
Event: 9.294 Thread 0x000001fd1edbad50 nmethod 5067 0x000001fd036b0790 code [0x000001fd036b0b40, 0x000001fd036b2b78]
Event: 9.294 Thread 0x000001fd1edbad50 5068       3       org.eclipse.core.internal.resources.MarkerManager::isPersistent (49 bytes)
Event: 9.294 Thread 0x000001fd1edac490 nmethod 5062 0x000001fd0a997f10 code [0x000001fd0a9980c0, 0x000001fd0a998608]
Event: 9.294 Thread 0x000001fd1edac490 5063       4       java.io.DataOutputStream::writeUTF (411 bytes)
Event: 9.294 Thread 0x000001fd1edbad50 nmethod 5068 0x000001fd036b3390 code [0x000001fd036b35c0, 0x000001fd036b4098]
Event: 9.294 Thread 0x000001fd1edbad50 5069       3       org.eclipse.core.internal.resources.MarkerTypeDefinitionCache::isPersistent (27 bytes)
Event: 9.294 Thread 0x000001fd1edbad50 nmethod 5069 0x000001fd036b4390 code [0x000001fd036b4540, 0x000001fd036b48c8]

GC Heap History (20 events):
Event: 3.283 GC heap before
{Heap before GC invocations=17 (full 2):
 PSYoungGen      total 24064K, used 23872K [0x00000007aab00000, 0x00000007ac580000, 0x0000000800000000)
  eden space 22016K, 100% used [0x00000007aab00000,0x00000007ac080000,0x00000007ac080000)
  from space 2048K, 90% used [0x00000007ac380000,0x00000007ac550010,0x00000007ac580000)
  to   space 2048K, 0% used [0x00000007ac080000,0x00000007ac080000,0x00000007ac280000)
 ParOldGen       total 68608K, used 19976K [0x0000000700000000, 0x0000000704300000, 0x00000007aab00000)
  object space 68608K, 29% used [0x0000000700000000,0x0000000701382090,0x0000000704300000)
 Metaspace       used 39918K, committed 40704K, reserved 1114112K
  class space    used 4084K, committed 4416K, reserved 1048576K
}
Event: 3.284 GC heap after
{Heap after GC invocations=17 (full 2):
 PSYoungGen      total 24064K, used 1677K [0x00000007aab00000, 0x00000007ac480000, 0x0000000800000000)
  eden space 22016K, 0% used [0x00000007aab00000,0x00000007aab00000,0x00000007ac080000)
  from space 2048K, 81% used [0x00000007ac080000,0x00000007ac2237a8,0x00000007ac280000)
  to   space 2048K, 0% used [0x00000007ac280000,0x00000007ac280000,0x00000007ac480000)
 ParOldGen       total 68608K, used 21760K [0x0000000700000000, 0x0000000704300000, 0x00000007aab00000)
  object space 68608K, 31% used [0x0000000700000000,0x00000007015400a0,0x0000000704300000)
 Metaspace       used 39918K, committed 40704K, reserved 1114112K
  class space    used 4084K, committed 4416K, reserved 1048576K
}
Event: 3.643 GC heap before
{Heap before GC invocations=18 (full 2):
 PSYoungGen      total 24064K, used 23693K [0x00000007aab00000, 0x00000007ac480000, 0x0000000800000000)
  eden space 22016K, 100% used [0x00000007aab00000,0x00000007ac080000,0x00000007ac080000)
  from space 2048K, 81% used [0x00000007ac080000,0x00000007ac2237a8,0x00000007ac280000)
  to   space 2048K, 0% used [0x00000007ac280000,0x00000007ac280000,0x00000007ac480000)
 ParOldGen       total 68608K, used 21891K [0x0000000700000000, 0x0000000704300000, 0x00000007aab00000)
  object space 68608K, 31% used [0x0000000700000000,0x0000000701560c18,0x0000000704300000)
 Metaspace       used 41535K, committed 42368K, reserved 1114112K
  class space    used 4242K, committed 4608K, reserved 1048576K
}
Event: 3.644 GC heap after
{Heap after GC invocations=18 (full 2):
 PSYoungGen      total 22528K, used 480K [0x00000007aab00000, 0x00000007ac300000, 0x0000000800000000)
  eden space 22016K, 0% used [0x00000007aab00000,0x00000007aab00000,0x00000007ac080000)
  from space 512K, 93% used [0x00000007ac280000,0x00000007ac2f8000,0x00000007ac300000)
  to   space 1024K, 0% used [0x00000007ac100000,0x00000007ac100000,0x00000007ac200000)
 ParOldGen       total 68608K, used 23098K [0x0000000700000000, 0x0000000704300000, 0x00000007aab00000)
  object space 68608K, 33% used [0x0000000700000000,0x000000070168ead0,0x0000000704300000)
 Metaspace       used 41535K, committed 42368K, reserved 1114112K
  class space    used 4242K, committed 4608K, reserved 1048576K
}
Event: 4.002 GC heap before
{Heap before GC invocations=19 (full 2):
 PSYoungGen      total 22528K, used 22496K [0x00000007aab00000, 0x00000007ac300000, 0x0000000800000000)
  eden space 22016K, 100% used [0x00000007aab00000,0x00000007ac080000,0x00000007ac080000)
  from space 512K, 93% used [0x00000007ac280000,0x00000007ac2f8000,0x00000007ac300000)
  to   space 1024K, 0% used [0x00000007ac100000,0x00000007ac100000,0x00000007ac200000)
 ParOldGen       total 68608K, used 23098K [0x0000000700000000, 0x0000000704300000, 0x00000007aab00000)
  object space 68608K, 33% used [0x0000000700000000,0x000000070168ead0,0x0000000704300000)
 Metaspace       used 43410K, committed 44160K, reserved 1114112K
  class space    used 4417K, committed 4736K, reserved 1048576K
}
Event: 4.003 GC heap after
{Heap after GC invocations=19 (full 2):
 PSYoungGen      total 23040K, used 608K [0x00000007aab00000, 0x00000007ac300000, 0x0000000800000000)
  eden space 22016K, 0% used [0x00000007aab00000,0x00000007aab00000,0x00000007ac080000)
  from space 1024K, 59% used [0x00000007ac100000,0x00000007ac198000,0x00000007ac200000)
  to   space 1024K, 0% used [0x00000007ac200000,0x00000007ac200000,0x00000007ac300000)
 ParOldGen       total 68608K, used 23418K [0x0000000700000000, 0x0000000704300000, 0x00000007aab00000)
  object space 68608K, 34% used [0x0000000700000000,0x00000007016dead0,0x0000000704300000)
 Metaspace       used 43410K, committed 44160K, reserved 1114112K
  class space    used 4417K, committed 4736K, reserved 1048576K
}
Event: 4.449 GC heap before
{Heap before GC invocations=20 (full 2):
 PSYoungGen      total 23040K, used 22624K [0x00000007aab00000, 0x00000007ac300000, 0x0000000800000000)
  eden space 22016K, 100% used [0x00000007aab00000,0x00000007ac080000,0x00000007ac080000)
  from space 1024K, 59% used [0x00000007ac100000,0x00000007ac198000,0x00000007ac200000)
  to   space 1024K, 0% used [0x00000007ac200000,0x00000007ac200000,0x00000007ac300000)
 ParOldGen       total 68608K, used 23418K [0x0000000700000000, 0x0000000704300000, 0x00000007aab00000)
  object space 68608K, 34% used [0x0000000700000000,0x00000007016dead0,0x0000000704300000)
 Metaspace       used 44283K, committed 45056K, reserved 1114112K
  class space    used 4480K, committed 4800K, reserved 1048576K
}
Event: 4.452 GC heap after
{Heap after GC invocations=20 (full 2):
 PSYoungGen      total 21504K, used 992K [0x00000007aab00000, 0x00000007ac680000, 0x0000000800000000)
  eden space 20480K, 0% used [0x00000007aab00000,0x00000007aab00000,0x00000007abf00000)
  from space 1024K, 96% used [0x00000007ac200000,0x00000007ac2f8020,0x00000007ac300000)
  to   space 3072K, 0% used [0x00000007abf00000,0x00000007abf00000,0x00000007ac200000)
 ParOldGen       total 68608K, used 24867K [0x0000000700000000, 0x0000000704300000, 0x00000007aab00000)
  object space 68608K, 36% used [0x0000000700000000,0x0000000701848d70,0x0000000704300000)
 Metaspace       used 44283K, committed 45056K, reserved 1114112K
  class space    used 4480K, committed 4800K, reserved 1048576K
}
Event: 4.490 GC heap before
{Heap before GC invocations=21 (full 2):
 PSYoungGen      total 21504K, used 21472K [0x00000007aab00000, 0x00000007ac680000, 0x0000000800000000)
  eden space 20480K, 100% used [0x00000007aab00000,0x00000007abf00000,0x00000007abf00000)
  from space 1024K, 96% used [0x00000007ac200000,0x00000007ac2f8020,0x00000007ac300000)
  to   space 3072K, 0% used [0x00000007abf00000,0x00000007abf00000,0x00000007ac200000)
 ParOldGen       total 68608K, used 24867K [0x0000000700000000, 0x0000000704300000, 0x00000007aab00000)
  object space 68608K, 36% used [0x0000000700000000,0x0000000701848d70,0x0000000704300000)
 Metaspace       used 44283K, committed 45056K, reserved 1114112K
  class space    used 4480K, committed 4800K, reserved 1048576K
}
Event: 4.495 GC heap after
{Heap after GC invocations=21 (full 2):
 PSYoungGen      total 23040K, used 2368K [0x00000007aab00000, 0x00000007ac400000, 0x0000000800000000)
  eden space 20480K, 0% used [0x00000007aab00000,0x00000007aab00000,0x00000007abf00000)
  from space 2560K, 92% used [0x00000007abf00000,0x00000007ac150000,0x00000007ac180000)
  to   space 2560K, 0% used [0x00000007ac180000,0x00000007ac180000,0x00000007ac400000)
 ParOldGen       total 68608K, used 25880K [0x0000000700000000, 0x0000000704300000, 0x00000007aab00000)
  object space 68608K, 37% used [0x0000000700000000,0x00000007019462b0,0x0000000704300000)
 Metaspace       used 44283K, committed 45056K, reserved 1114112K
  class space    used 4480K, committed 4800K, reserved 1048576K
}
Event: 4.531 GC heap before
{Heap before GC invocations=22 (full 2):
 PSYoungGen      total 23040K, used 22848K [0x00000007aab00000, 0x00000007ac400000, 0x0000000800000000)
  eden space 20480K, 100% used [0x00000007aab00000,0x00000007abf00000,0x00000007abf00000)
  from space 2560K, 92% used [0x00000007abf00000,0x00000007ac150000,0x00000007ac180000)
  to   space 2560K, 0% used [0x00000007ac180000,0x00000007ac180000,0x00000007ac400000)
 ParOldGen       total 68608K, used 25880K [0x0000000700000000, 0x0000000704300000, 0x00000007aab00000)
  object space 68608K, 37% used [0x0000000700000000,0x00000007019462b0,0x0000000704300000)
 Metaspace       used 44283K, committed 45056K, reserved 1114112K
  class space    used 4480K, committed 4800K, reserved 1048576K
}
Event: 4.536 GC heap after
{Heap after GC invocations=22 (full 2):
 PSYoungGen      total 23040K, used 2048K [0x00000007aab00000, 0x00000007ac400000, 0x0000000800000000)
  eden space 20480K, 0% used [0x00000007aab00000,0x00000007aab00000,0x00000007abf00000)
  from space 2560K, 80% used [0x00000007ac180000,0x00000007ac380010,0x00000007ac400000)
  to   space 2560K, 0% used [0x00000007abf00000,0x00000007abf00000,0x00000007ac180000)
 ParOldGen       total 68608K, used 27838K [0x0000000700000000, 0x0000000704300000, 0x00000007aab00000)
  object space 68608K, 40% used [0x0000000700000000,0x0000000701b2fb30,0x0000000704300000)
 Metaspace       used 44283K, committed 45056K, reserved 1114112K
  class space    used 4480K, committed 4800K, reserved 1048576K
}
Event: 4.587 GC heap before
{Heap before GC invocations=23 (full 2):
 PSYoungGen      total 23040K, used 22528K [0x00000007aab00000, 0x00000007ac400000, 0x0000000800000000)
  eden space 20480K, 100% used [0x00000007aab00000,0x00000007abf00000,0x00000007abf00000)
  from space 2560K, 80% used [0x00000007ac180000,0x00000007ac380010,0x00000007ac400000)
  to   space 2560K, 0% used [0x00000007abf00000,0x00000007abf00000,0x00000007ac180000)
 ParOldGen       total 68608K, used 27838K [0x0000000700000000, 0x0000000704300000, 0x00000007aab00000)
  object space 68608K, 40% used [0x0000000700000000,0x0000000701b2fb30,0x0000000704300000)
 Metaspace       used 44328K, committed 45056K, reserved 1114112K
  class space    used 4487K, committed 4800K, reserved 1048576K
}
Event: 4.593 GC heap after
{Heap after GC invocations=23 (full 2):
 PSYoungGen      total 22528K, used 1696K [0x00000007aab00000, 0x00000007ac300000, 0x0000000800000000)
  eden space 20480K, 0% used [0x00000007aab00000,0x00000007aab00000,0x00000007abf00000)
  from space 2048K, 82% used [0x00000007abf00000,0x00000007ac0a8000,0x00000007ac100000)
  to   space 2048K, 0% used [0x00000007ac100000,0x00000007ac100000,0x00000007ac300000)
 ParOldGen       total 68608K, used 29718K [0x0000000700000000, 0x0000000704300000, 0x00000007aab00000)
  object space 68608K, 43% used [0x0000000700000000,0x0000000701d05b40,0x0000000704300000)
 Metaspace       used 44328K, committed 45056K, reserved 1114112K
  class space    used 4487K, committed 4800K, reserved 1048576K
}
Event: 4.838 GC heap before
{Heap before GC invocations=24 (full 2):
 PSYoungGen      total 22528K, used 22176K [0x00000007aab00000, 0x00000007ac300000, 0x0000000800000000)
  eden space 20480K, 100% used [0x00000007aab00000,0x00000007abf00000,0x00000007abf00000)
  from space 2048K, 82% used [0x00000007abf00000,0x00000007ac0a8000,0x00000007ac100000)
  to   space 2048K, 0% used [0x00000007ac100000,0x00000007ac100000,0x00000007ac300000)
 ParOldGen       total 68608K, used 29718K [0x0000000700000000, 0x0000000704300000, 0x00000007aab00000)
  object space 68608K, 43% used [0x0000000700000000,0x0000000701d05b40,0x0000000704300000)
 Metaspace       used 45911K, committed 46720K, reserved 1114112K
  class space    used 4654K, committed 4992K, reserved 1048576K
}
Event: 4.840 GC heap after
{Heap after GC invocations=24 (full 2):
 PSYoungGen      total 19968K, used 2037K [0x00000007aab00000, 0x00000007ac800000, 0x0000000800000000)
  eden space 17920K, 0% used [0x00000007aab00000,0x00000007aab00000,0x00000007abc80000)
  from space 2048K, 99% used [0x00000007ac100000,0x00000007ac2fd6d8,0x00000007ac300000)
  to   space 4608K, 0% used [0x00000007abc80000,0x00000007abc80000,0x00000007ac100000)
 ParOldGen       total 68608K, used 31444K [0x0000000700000000, 0x0000000704300000, 0x00000007aab00000)
  object space 68608K, 45% used [0x0000000700000000,0x0000000701eb5158,0x0000000704300000)
 Metaspace       used 45911K, committed 46720K, reserved 1114112K
  class space    used 4654K, committed 4992K, reserved 1048576K
}
Event: 4.894 GC heap before
{Heap before GC invocations=25 (full 2):
 PSYoungGen      total 19968K, used 19957K [0x00000007aab00000, 0x00000007ac800000, 0x0000000800000000)
  eden space 17920K, 100% used [0x00000007aab00000,0x00000007abc80000,0x00000007abc80000)
  from space 2048K, 99% used [0x00000007ac100000,0x00000007ac2fd6d8,0x00000007ac300000)
  to   space 4608K, 0% used [0x00000007abc80000,0x00000007abc80000,0x00000007ac100000)
 ParOldGen       total 68608K, used 31444K [0x0000000700000000, 0x0000000704300000, 0x00000007aab00000)
  object space 68608K, 45% used [0x0000000700000000,0x0000000701eb5158,0x0000000704300000)
 Metaspace       used 45924K, committed 46720K, reserved 1114112K
  class space    used 4654K, committed 4992K, reserved 1048576K
}
Event: 4.895 GC heap after
{Heap after GC invocations=25 (full 2):
 PSYoungGen      total 18944K, used 571K [0x00000007aab00000, 0x00000007ac180000, 0x0000000800000000)
  eden space 17920K, 0% used [0x00000007aab00000,0x00000007aab00000,0x00000007abc80000)
  from space 1024K, 55% used [0x00000007abc80000,0x00000007abd0ecc0,0x00000007abd80000)
  to   space 2048K, 0% used [0x00000007abf80000,0x00000007abf80000,0x00000007ac180000)
 ParOldGen       total 68608K, used 32916K [0x0000000700000000, 0x0000000704300000, 0x00000007aab00000)
  object space 68608K, 47% used [0x0000000700000000,0x00000007020252e8,0x0000000704300000)
 Metaspace       used 45924K, committed 46720K, reserved 1114112K
  class space    used 4654K, committed 4992K, reserved 1048576K
}
Event: 5.057 GC heap before
{Heap before GC invocations=26 (full 2):
 PSYoungGen      total 18944K, used 18491K [0x00000007aab00000, 0x00000007ac180000, 0x0000000800000000)
  eden space 17920K, 100% used [0x00000007aab00000,0x00000007abc80000,0x00000007abc80000)
  from space 1024K, 55% used [0x00000007abc80000,0x00000007abd0ecc0,0x00000007abd80000)
  to   space 2048K, 0% used [0x00000007abf80000,0x00000007abf80000,0x00000007ac180000)
 ParOldGen       total 68608K, used 32916K [0x0000000700000000, 0x0000000704300000, 0x00000007aab00000)
  object space 68608K, 47% used [0x0000000700000000,0x00000007020252e8,0x0000000704300000)
 Metaspace       used 47736K, committed 48448K, reserved 1114112K
  class space    used 4826K, committed 5120K, reserved 1048576K
}
Event: 5.059 GC heap after
{Heap after GC invocations=26 (full 2):
 PSYoungGen      total 18944K, used 768K [0x00000007aab00000, 0x00000007ac080000, 0x0000000800000000)
  eden space 17920K, 0% used [0x00000007aab00000,0x00000007aab00000,0x00000007abc80000)
  from space 1024K, 75% used [0x00000007abf80000,0x00000007ac040020,0x00000007ac080000)
  to   space 1024K, 0% used [0x00000007abc80000,0x00000007abc80000,0x00000007abd80000)
 ParOldGen       total 68608K, used 32932K [0x0000000700000000, 0x0000000704300000, 0x00000007aab00000)
  object space 68608K, 48% used [0x0000000700000000,0x00000007020292e8,0x0000000704300000)
 Metaspace       used 47736K, committed 48448K, reserved 1114112K
  class space    used 4826K, committed 5120K, reserved 1048576K
}

Dll operation events (10 events):
Event: 0.007 Loaded shared library c:\Users\¸¼À½\.vscode\extensions\redhat.java-1.34.0-win32-x64\jre\17.0.12-win32-x86_64\bin\java.dll
Event: 0.112 Loaded shared library c:\Users\¸¼À½\.vscode\extensions\redhat.java-1.34.0-win32-x64\jre\17.0.12-win32-x86_64\bin\zip.dll
Event: 0.117 Loaded shared library C:\Users\¸¼À½\.vscode\extensions\redhat.java-1.34.0-win32-x64\jre\17.0.12-win32-x86_64\bin\instrument.dll
Event: 0.125 Loaded shared library C:\Users\¸¼À½\.vscode\extensions\redhat.java-1.34.0-win32-x64\jre\17.0.12-win32-x86_64\bin\net.dll
Event: 0.127 Loaded shared library C:\Users\¸¼À½\.vscode\extensions\redhat.java-1.34.0-win32-x64\jre\17.0.12-win32-x86_64\bin\nio.dll
Event: 0.132 Loaded shared library C:\Users\¸¼À½\.vscode\extensions\redhat.java-1.34.0-win32-x64\jre\17.0.12-win32-x86_64\bin\zip.dll
Event: 0.143 Loaded shared library C:\Users\¸¼À½\.vscode\extensions\redhat.java-1.34.0-win32-x64\jre\17.0.12-win32-x86_64\bin\jimage.dll
Event: 0.200 Loaded shared library c:\Users\¸¼À½\.vscode\extensions\redhat.java-1.34.0-win32-x64\jre\17.0.12-win32-x86_64\bin\verify.dll
Event: 1.002 Loaded shared library C:\Users\¸¼À½\AppData\Roaming\Code\User\globalStorage\redhat.java\1.34.0\config_ss_win\org.eclipse.equinox.launcher\org.eclipse.equinox.launcher.win32.win32.x86_64_1.2.1100.v20240722-2106\eclipse_11904.dll
Event: 1.674 Loaded shared library C:\Users\¸¼À½\AppData\Local\Temp\jna-1525659\jna1604670370219217289.dll

Deoptimization events (20 events):
Event: 9.253 Thread 0x000001fd23f821f0 Uncommon trap: trap_request=0xffffffde fr.pc=0x000001fd0a874988 relative=0x0000000000000ce8
Event: 9.253 Thread 0x000001fd23f821f0 Uncommon trap: reason=class_check action=maybe_recompile pc=0x000001fd0a874988 method=java.util.Spliterators$1Adapter.hasNext()Z @ 12 c2
Event: 9.253 Thread 0x000001fd23f821f0 DEOPT PACKING pc=0x000001fd0a874988 sp=0x00000035471feb30
Event: 9.253 Thread 0x000001fd23f821f0 DEOPT UNPACKING pc=0x000001fd0a1666a3 sp=0x00000035471feaf8 mode 2
Event: 9.253 Thread 0x000001fd23f821f0 Uncommon trap: trap_request=0xffffffde fr.pc=0x000001fd0a874988 relative=0x0000000000000ce8
Event: 9.253 Thread 0x000001fd23f821f0 Uncommon trap: reason=class_check action=maybe_recompile pc=0x000001fd0a874988 method=java.util.Spliterators$1Adapter.hasNext()Z @ 12 c2
Event: 9.253 Thread 0x000001fd23f821f0 DEOPT PACKING pc=0x000001fd0a874988 sp=0x00000035471feb30
Event: 9.253 Thread 0x000001fd23f821f0 DEOPT UNPACKING pc=0x000001fd0a1666a3 sp=0x00000035471feaf8 mode 2
Event: 9.253 Thread 0x000001fd23f821f0 Uncommon trap: trap_request=0xffffffbe fr.pc=0x000001fd0a972df0 relative=0x0000000000001570
Event: 9.253 Thread 0x000001fd23f821f0 Uncommon trap: reason=profile_predicate action=maybe_recompile pc=0x000001fd0a972df0 method=org.eclipse.osgi.internal.loader.BundleLoader.searchHooks(Ljava/lang/String;I)Ljava/lang/Object; @ 186 c2
Event: 9.253 Thread 0x000001fd23f821f0 DEOPT PACKING pc=0x000001fd0a972df0 sp=0x00000035471fe8f0
Event: 9.253 Thread 0x000001fd23f821f0 DEOPT UNPACKING pc=0x000001fd0a1666a3 sp=0x00000035471fe900 mode 2
Event: 9.282 Thread 0x000001fd23f821f0 Uncommon trap: trap_request=0xffffff45 fr.pc=0x000001fd0a823464 relative=0x0000000000003304
Event: 9.282 Thread 0x000001fd23f821f0 Uncommon trap: reason=unstable_if action=reinterpret pc=0x000001fd0a823464 method=jdk.internal.org.objectweb.asm.Frame.push(I)V @ 26 c2
Event: 9.282 Thread 0x000001fd23f821f0 DEOPT PACKING pc=0x000001fd0a823464 sp=0x00000035471fd770
Event: 9.282 Thread 0x000001fd23f821f0 DEOPT UNPACKING pc=0x000001fd0a1666a3 sp=0x00000035471fd698 mode 2
Event: 9.283 Thread 0x000001fd23f821f0 Uncommon trap: trap_request=0xffffff45 fr.pc=0x000001fd0a812830 relative=0x0000000000000190
Event: 9.283 Thread 0x000001fd23f821f0 Uncommon trap: reason=unstable_if action=reinterpret pc=0x000001fd0a812830 method=jdk.internal.org.objectweb.asm.Frame.push(I)V @ 26 c2
Event: 9.283 Thread 0x000001fd23f821f0 DEOPT PACKING pc=0x000001fd0a812830 sp=0x00000035471fd850
Event: 9.283 Thread 0x000001fd23f821f0 DEOPT UNPACKING pc=0x000001fd0a1666a3 sp=0x00000035471fd7e8 mode 2

Classes loaded (20 events):
Event: 9.264 Loading class java/util/concurrent/ForkJoinTask$AdaptedCallable
Event: 9.264 Loading class java/util/concurrent/ForkJoinTask$AdaptedCallable done
Event: 9.267 Loading class java/util/stream/Nodes$CollectorTask$OfRef
Event: 9.267 Loading class java/util/stream/Nodes$CollectorTask
Event: 9.267 Loading class java/util/stream/AbstractTask
Event: 9.267 Loading class java/util/concurrent/CountedCompleter
Event: 9.268 Loading class java/util/concurrent/CountedCompleter done
Event: 9.268 Loading class java/util/stream/AbstractTask done
Event: 9.268 Loading class java/util/stream/Nodes$CollectorTask done
Event: 9.268 Loading class java/util/stream/Nodes$CollectorTask$OfRef done
Event: 9.268 Loading class java/util/function/LongFunction
Event: 9.268 Loading class java/util/function/LongFunction done
Event: 9.268 Loading class java/util/stream/Nodes$ConcNode
Event: 9.268 Loading class java/util/stream/Nodes$AbstractConcNode
Event: 9.268 Loading class java/util/stream/Nodes$AbstractConcNode done
Event: 9.268 Loading class java/util/stream/Nodes$ConcNode done
Event: 9.269 Loading class java/util/stream/Nodes$ToArrayTask$OfRef
Event: 9.269 Loading class java/util/stream/Nodes$ToArrayTask
Event: 9.269 Loading class java/util/stream/Nodes$ToArrayTask done
Event: 9.269 Loading class java/util/stream/Nodes$ToArrayTask$OfRef done

Classes unloaded (7 events):
Event: 1.536 Thread 0x000001fd7ea67950 Unloading class 0x000000080023a400 'java/lang/invoke/LambdaForm$MH+0x000000080023a400'
Event: 1.536 Thread 0x000001fd7ea67950 Unloading class 0x000000080023a000 'java/lang/invoke/LambdaForm$MH+0x000000080023a000'
Event: 1.536 Thread 0x000001fd7ea67950 Unloading class 0x0000000800239c00 'java/lang/invoke/LambdaForm$MH+0x0000000800239c00'
Event: 1.536 Thread 0x000001fd7ea67950 Unloading class 0x0000000800239800 'java/lang/invoke/LambdaForm$MH+0x0000000800239800'
Event: 1.536 Thread 0x000001fd7ea67950 Unloading class 0x0000000800239400 'java/lang/invoke/LambdaForm$BMH+0x0000000800239400'
Event: 1.536 Thread 0x000001fd7ea67950 Unloading class 0x0000000800239000 'java/lang/invoke/LambdaForm$DMH+0x0000000800239000'
Event: 1.536 Thread 0x000001fd7ea67950 Unloading class 0x0000000800234400 'java/lang/invoke/LambdaForm$DMH+0x0000000800234400'

Classes redefined (0 events):
No events

Internal exceptions (20 events):
Event: 2.752 Thread 0x000001fd24530bb0 Exception <a 'sun/nio/fs/WindowsException'{0x00000007ab7c5270}> (0x00000007ab7c5270) 
thrown [s\src\hotspot\share\prims\jni.cpp, line 516]
Event: 2.754 Thread 0x000001fd24530bb0 Exception <a 'java/lang/NoSuchMethodError'{0x00000007ab7d9f60}: 'void java.lang.invoke.DirectMethodHandle$Holder.invokeVirtual(java.lang.Object, java.lang.Object, java.lang.Object, java.lang.Object)'> (0x00000007ab7d9f60) 
thrown [s\src\hotspot\share\interpreter\linkResolver.cpp, line 759]
Event: 2.979 Thread 0x000001fd23f80390 Exception <a 'java/lang/NoSuchMethodError'{0x00000007ab1e49a8}: 'java.lang.Object java.lang.invoke.DirectMethodHandle$Holder.newInvokeSpecial(java.lang.Object, java.lang.Object, java.lang.Object, java.lang.Object, java.lang.Object, java.lang.Object)'> (0x00000007ab1e49a8) 
thrown [s\src\hotspot\share\interpreter\linkResolver.cpp, line 759]
Event: 4.000 Thread 0x000001fd245310c0 Exception <a 'java/lang/NoSuchMethodError'{0x00000007ac062e20}: 'int java.lang.invoke.DirectMethodHandle$Holder.invokeVirtual(java.lang.Object, java.lang.Object)'> (0x00000007ac062e20) 
thrown [s\src\hotspot\share\interpreter\linkResolver.cpp, line 759]
Event: 4.393 Thread 0x000001fd245310c0 Exception <a 'java/lang/ArrayIndexOutOfBoundsException'{0x00000007aad9ab48}: Index 896 out of bounds for length 895> (0x00000007aad9ab48) 
thrown [s\src\hotspot\share\interpreter\interpreterRuntime.cpp, line 428]
Event: 4.546 Thread 0x000001fd245315d0 Exception <a 'java/lang/NoSuchMethodError'{0x00000007aae86218}: 'int java.lang.invoke.DirectMethodHandle$Holder.invokeInterface(java.lang.Object, java.lang.Object)'> (0x00000007aae86218) 
thrown [s\src\hotspot\share\interpreter\linkResolver.cpp, line 759]
Event: 4.546 Thread 0x000001fd245315d0 Exception <a 'java/lang/IncompatibleClassChangeError'{0x00000007aae897a8}: Found class java.lang.Object, but interface was expected> (0x00000007aae897a8) 
thrown [s\src\hotspot\share\interpreter\linkResolver.cpp, line 826]
Event: 4.631 Thread 0x000001fd245315d0 Exception <a 'java/lang/NoSuchMethodError'{0x00000007aaf2bea0}: 'int java.lang.invoke.DirectMethodHandle$Holder.invokeStatic(java.lang.Object, java.lang.Object, java.lang.Object, int)'> (0x00000007aaf2bea0) 
thrown [s\src\hotspot\share\interpreter\linkResolver.cpp, line 759]
Event: 4.656 Thread 0x000001fd245315d0 Exception <a 'java/lang/NoSuchMethodError'{0x00000007ab02eba8}: 'int java.lang.invoke.DirectMethodHandle$Holder.invokeVirtual(java.lang.Object, java.lang.Object, java.lang.Object)'> (0x00000007ab02eba8) 
thrown [s\src\hotspot\share\interpreter\linkResolver.cpp, line 759]
Event: 4.660 Thread 0x000001fd245315d0 Exception <a 'java/lang/NoSuchMethodError'{0x00000007ab05bc30}: 'int java.lang.invoke.DirectMethodHandle$Holder.invokeSpecialIFC(java.lang.Object, java.lang.Object, java.lang.Object)'> (0x00000007ab05bc30) 
thrown [s\src\hotspot\share\interpreter\linkResolver.cpp, line 759]
Event: 4.714 Thread 0x000001fd245315d0 Exception <a 'java/io/FileNotFoundException'{0x00000007ab308ce0}> (0x00000007ab308ce0) 
thrown [s\src\hotspot\share\prims\jni.cpp, line 516]
Event: 4.714 Thread 0x000001fd245315d0 Exception <a 'java/io/FileNotFoundException'{0x00000007ab30a448}> (0x00000007ab30a448) 
thrown [s\src\hotspot\share\prims\jni.cpp, line 516]
Event: 5.069 Thread 0x000001fd23f80390 Exception <a 'java/io/FileNotFoundException'{0x00000007aabab360}> (0x00000007aabab360) 
thrown [s\src\hotspot\share\prims\jni.cpp, line 516]
Event: 5.069 Thread 0x000001fd23f80390 Exception <a 'java/io/FileNotFoundException'{0x00000007aabaca88}> (0x00000007aabaca88) 
thrown [s\src\hotspot\share\prims\jni.cpp, line 516]
Event: 5.069 Thread 0x000001fd23f80390 Exception <a 'java/io/FileNotFoundException'{0x00000007aabadce0}> (0x00000007aabadce0) 
thrown [s\src\hotspot\share\prims\jni.cpp, line 516]
Event: 9.157 Thread 0x000001fd245315d0 Exception <a 'java/lang/ArrayIndexOutOfBoundsException'{0x00000007aad93628}> (0x00000007aad93628) 
thrown [s\src\hotspot\share\runtime\sharedRuntime.cpp, line 631]
Event: 9.272 Thread 0x000001fd23f821f0 Exception <a 'java/io/FileNotFoundException'{0x00000007aaf0de68}> (0x00000007aaf0de68) 
thrown [s\src\hotspot\share\prims\jni.cpp, line 516]
Event: 9.283 Thread 0x000001fd23f821f0 Exception <a 'java/lang/NoSuchMethodError'{0x00000007aaf62ac0}: 'java.lang.Object java.lang.invoke.DirectMethodHandle$Holder.newInvokeSpecial(java.lang.Object, java.lang.Object, java.lang.Object, java.lang.Object, java.lang.Object, java.lang.Object, java.lang.Object, java.lang.Object, java.lang.Object, java.lang.Object)'> (0x00000007aaf62ac0) 
thrown [s\src\hotspot\share\interpreter\linkResolver.cpp, line 759]
Event: 9.283 Thread 0x000001fd23f821f0 Exception <a 'java/lang/NoSuchMethodError'{0x00000007aaf68818}: 'java.lang.Object java.lang.invoke.DirectMethodHandle$Holder.invokeSpecial(java.lang.Object, java.lang.Object, java.lang.Object, java.lang.Object, java.lang.Object, java.lang.Object, java.lang.Object, java.lang.Object, java.lang.Object, java.lang.Object, java.lang.Object)'> (0x00000007aaf68818) 
thrown [s\src\hotspot\share\interpreter\linkResolver.cpp, line 759]
Event: 9.284 Thread 0x000001fd23f821f0 Exception <a 'java/lang/NoSuchMethodError'{0x00000007aaf6d818}: 'java.lang.Object java.lang.invoke.Invokers$Holder.linkToTargetMethod(java.lang.Object, java.lang.Object, java.lang.Object, java.lang.Object, java.lang.Object, java.lang.Object, java.lang.Object, java.lang.Object, java.lang.Object, java.lang.Object)'> (0x00000007aaf6d818) 
thrown [s\src\hotspot\share\interpreter\linkResolver.cpp, line 759]

VM Operations (20 events):
Event: 4.449 Executing VM operation: ParallelGCFailedAllocation
Event: 4.455 Executing VM operation: ParallelGCFailedAllocation done
Event: 4.490 Executing VM operation: ParallelGCFailedAllocation
Event: 4.495 Executing VM operation: ParallelGCFailedAllocation done
Event: 4.531 Executing VM operation: ParallelGCFailedAllocation
Event: 4.536 Executing VM operation: ParallelGCFailedAllocation done
Event: 4.587 Executing VM operation: ParallelGCFailedAllocation
Event: 4.593 Executing VM operation: ParallelGCFailedAllocation done
Event: 4.663 Executing VM operation: HandshakeAllThreads
Event: 4.663 Executing VM operation: HandshakeAllThreads done
Event: 4.717 Executing VM operation: HandshakeAllThreads
Event: 4.717 Executing VM operation: HandshakeAllThreads done
Event: 4.838 Executing VM operation: ParallelGCFailedAllocation
Event: 4.841 Executing VM operation: ParallelGCFailedAllocation done
Event: 4.894 Executing VM operation: ParallelGCFailedAllocation
Event: 4.897 Executing VM operation: ParallelGCFailedAllocation done
Event: 5.057 Executing VM operation: ParallelGCFailedAllocation
Event: 5.059 Executing VM operation: ParallelGCFailedAllocation done
Event: 6.072 Executing VM operation: Cleanup
Event: 6.072 Executing VM operation: Cleanup done

Events (20 events):
Event: 2.622 Thread 0x000001fd24532500 Thread added: 0x000001fd24532500
Event: 2.623 Thread 0x000001fd24530bb0 Thread added: 0x000001fd24530bb0
Event: 2.624 Thread 0x000001fd2452c4d0 Thread added: 0x000001fd2452c4d0
Event: 3.999 Thread 0x000001fd245310c0 Thread added: 0x000001fd245310c0
Event: 4.006 Thread 0x000001fd245315d0 Thread added: 0x000001fd245315d0
Event: 4.383 Thread 0x000001fd242fe730 Thread exited: 0x000001fd242fe730
Event: 4.384 Thread 0x000001fd230cf340 Thread exited: 0x000001fd230cf340
Event: 4.424 Thread 0x000001fd230cf290 Thread added: 0x000001fd230cf290
Event: 4.426 Thread 0x000001fd24623a30 Thread added: 0x000001fd24623a30
Event: 5.476 Thread 0x000001fd230cf290 Thread exited: 0x000001fd230cf290
Event: 5.476 Thread 0x000001fd24623a30 Thread exited: 0x000001fd24623a30
Event: 6.753 Thread 0x000001fd23c585c0 Thread exited: 0x000001fd23c585c0
Event: 9.266 Thread 0x000001fd24532a10 Thread added: 0x000001fd24532a10
Event: 9.269 Thread 0x000001fd2452b5a0 Thread added: 0x000001fd2452b5a0
Event: 9.269 Thread 0x000001fd2452bab0 Thread added: 0x000001fd2452bab0
Event: 9.270 Thread 0x000001fd2452b5a0 Thread exited: 0x000001fd2452b5a0
Event: 9.270 Thread 0x000001fd2452bab0 Thread exited: 0x000001fd2452bab0
Event: 9.270 Thread 0x000001fd24532a10 Thread exited: 0x000001fd24532a10
Event: 9.286 Thread 0x000001fd24532a10 Thread added: 0x000001fd24532a10
Event: 9.288 Thread 0x000001fd2452b5a0 Thread added: 0x000001fd2452b5a0


Dynamic libraries:
0x00007ff6bc1a0000 - 0x00007ff6bc1ae000 	c:\Users\¸¼À½\.vscode\extensions\redhat.java-1.34.0-win32-x64\jre\17.0.12-win32-x86_64\bin\java.exe
0x00007ffd9b3b0000 - 0x00007ffd9b5c7000 	C:\WINDOWS\SYSTEM32\ntdll.dll
0x00007ffd99a90000 - 0x00007ffd99b54000 	C:\WINDOWS\System32\KERNEL32.DLL
0x00007ffd987a0000 - 0x00007ffd98b4d000 	C:\WINDOWS\System32\KERNELBASE.dll
0x00007ffd98dd0000 - 0x00007ffd98ee1000 	C:\WINDOWS\System32\ucrtbase.dll
0x00007ffd85b70000 - 0x00007ffd85b8b000 	c:\Users\¸¼À½\.vscode\extensions\redhat.java-1.34.0-win32-x64\jre\17.0.12-win32-x86_64\bin\VCRUNTIME140.dll
0x00007ffd89d60000 - 0x00007ffd89d77000 	c:\Users\¸¼À½\.vscode\extensions\redhat.java-1.34.0-win32-x64\jre\17.0.12-win32-x86_64\bin\jli.dll
0x00007ffd99580000 - 0x00007ffd9972e000 	C:\WINDOWS\System32\USER32.dll
0x00007ffd98770000 - 0x00007ffd98796000 	C:\WINDOWS\System32\win32u.dll
0x00007ffd78d20000 - 0x00007ffd78fb3000 	C:\WINDOWS\WinSxS\amd64_microsoft.windows.common-controls_6595b64144ccf1df_6.0.22621.3672_none_2713b9d173822955\COMCTL32.dll
0x00007ffd99730000 - 0x00007ffd99759000 	C:\WINDOWS\System32\GDI32.dll
0x00007ffd992a0000 - 0x00007ffd99347000 	C:\WINDOWS\System32\msvcrt.dll
0x00007ffd98bf0000 - 0x00007ffd98d09000 	C:\WINDOWS\System32\gdi32full.dll
0x00007ffd986d0000 - 0x00007ffd9876a000 	C:\WINDOWS\System32\msvcp_win.dll
0x00007ffd9b010000 - 0x00007ffd9b041000 	C:\WINDOWS\System32\IMM32.DLL
0x00007ffd95990000 - 0x00007ffd9599c000 	c:\Users\¸¼À½\.vscode\extensions\redhat.java-1.34.0-win32-x64\jre\17.0.12-win32-x86_64\bin\vcruntime140_1.dll
0x00007ffd775a0000 - 0x00007ffd7762d000 	c:\Users\¸¼À½\.vscode\extensions\redhat.java-1.34.0-win32-x64\jre\17.0.12-win32-x86_64\bin\msvcp140.dll
0x00007ffd22230000 - 0x00007ffd22e9a000 	c:\Users\¸¼À½\.vscode\extensions\redhat.java-1.34.0-win32-x64\jre\17.0.12-win32-x86_64\bin\server\jvm.dll
0x00007ffd9b050000 - 0x00007ffd9b102000 	C:\WINDOWS\System32\ADVAPI32.dll
0x00007ffd9b170000 - 0x00007ffd9b219000 	C:\WINDOWS\System32\sechost.dll
0x00007ffd98bc0000 - 0x00007ffd98be8000 	C:\WINDOWS\System32\bcrypt.dll
0x00007ffd990e0000 - 0x00007ffd991f4000 	C:\WINDOWS\System32\RPCRT4.dll
0x00007ffd99350000 - 0x00007ffd993c1000 	C:\WINDOWS\System32\WS2_32.dll
0x00007ffd985a0000 - 0x00007ffd985ed000 	C:\WINDOWS\SYSTEM32\POWRPROF.dll
0x00007ffd908a0000 - 0x00007ffd908d4000 	C:\WINDOWS\SYSTEM32\WINMM.dll
0x00007ffd8eca0000 - 0x00007ffd8ecaa000 	C:\WINDOWS\SYSTEM32\VERSION.dll
0x00007ffd98580000 - 0x00007ffd98593000 	C:\WINDOWS\SYSTEM32\UMPDC.dll
0x00007ffd97720000 - 0x00007ffd97738000 	C:\WINDOWS\SYSTEM32\kernel.appcore.dll
0x00007ffd93a60000 - 0x00007ffd93a6a000 	c:\Users\¸¼À½\.vscode\extensions\redhat.java-1.34.0-win32-x64\jre\17.0.12-win32-x86_64\bin\jimage.dll
0x00007ffd8f6c0000 - 0x00007ffd8f8f2000 	C:\WINDOWS\SYSTEM32\DBGHELP.DLL
0x00007ffd9a800000 - 0x00007ffd9ab8e000 	C:\WINDOWS\System32\combase.dll
0x00007ffd99eb0000 - 0x00007ffd99f87000 	C:\WINDOWS\System32\OLEAUT32.dll
0x00007ffd78cc0000 - 0x00007ffd78cf2000 	C:\WINDOWS\SYSTEM32\dbgcore.DLL
0x00007ffd99060000 - 0x00007ffd990db000 	C:\WINDOWS\System32\bcryptPrimitives.dll
0x00007ffd92b60000 - 0x00007ffd92b6e000 	c:\Users\¸¼À½\.vscode\extensions\redhat.java-1.34.0-win32-x64\jre\17.0.12-win32-x86_64\bin\instrument.dll
0x00007ffd85b40000 - 0x00007ffd85b65000 	c:\Users\¸¼À½\.vscode\extensions\redhat.java-1.34.0-win32-x64\jre\17.0.12-win32-x86_64\bin\java.dll
0x00007ffd85090000 - 0x00007ffd850a8000 	c:\Users\¸¼À½\.vscode\extensions\redhat.java-1.34.0-win32-x64\jre\17.0.12-win32-x86_64\bin\zip.dll
0x00007ffd99f90000 - 0x00007ffd9a7f7000 	C:\WINDOWS\System32\SHELL32.dll
0x00007ffd96650000 - 0x00007ffd96f4f000 	C:\WINDOWS\SYSTEM32\windows.storage.dll
0x00007ffd96510000 - 0x00007ffd9664f000 	C:\WINDOWS\SYSTEM32\wintypes.dll
0x00007ffd99c30000 - 0x00007ffd99d29000 	C:\WINDOWS\System32\SHCORE.dll
0x00007ffd99930000 - 0x00007ffd9998e000 	C:\WINDOWS\System32\shlwapi.dll
0x00007ffd98600000 - 0x00007ffd98627000 	C:\WINDOWS\SYSTEM32\profapi.dll
0x00007ffd80a30000 - 0x00007ffd80a49000 	C:\Users\¸¼À½\.vscode\extensions\redhat.java-1.34.0-win32-x64\jre\17.0.12-win32-x86_64\bin\net.dll
0x00007ffd916a0000 - 0x00007ffd917d6000 	C:\WINDOWS\SYSTEM32\WINHTTP.dll
0x00007ffd97b90000 - 0x00007ffd97bf9000 	C:\WINDOWS\system32\mswsock.dll
0x00007ffd7da20000 - 0x00007ffd7da36000 	C:\Users\¸¼À½\.vscode\extensions\redhat.java-1.34.0-win32-x64\jre\17.0.12-win32-x86_64\bin\nio.dll
0x00007ffd91ba0000 - 0x00007ffd91bb0000 	c:\Users\¸¼À½\.vscode\extensions\redhat.java-1.34.0-win32-x64\jre\17.0.12-win32-x86_64\bin\verify.dll
0x00007ffd6ee30000 - 0x00007ffd6ee75000 	C:\Users\¸¼À½\AppData\Roaming\Code\User\globalStorage\redhat.java\1.34.0\config_ss_win\org.eclipse.equinox.launcher\org.eclipse.equinox.launcher.win32.win32.x86_64_1.2.1100.v20240722-2106\eclipse_11904.dll
0x00007ffd993d0000 - 0x00007ffd99575000 	C:\WINDOWS\System32\ole32.dll
0x00007ffd97df0000 - 0x00007ffd97e0b000 	C:\WINDOWS\SYSTEM32\CRYPTSP.dll
0x00007ffd97680000 - 0x00007ffd976b5000 	C:\WINDOWS\system32\rsaenh.dll
0x00007ffd97c80000 - 0x00007ffd97ca8000 	C:\WINDOWS\SYSTEM32\USERENV.dll
0x00007ffd97de0000 - 0x00007ffd97dec000 	C:\WINDOWS\SYSTEM32\CRYPTBASE.dll
0x00007ffd971b0000 - 0x00007ffd971dd000 	C:\WINDOWS\SYSTEM32\IPHLPAPI.DLL
0x00007ffd99290000 - 0x00007ffd99299000 	C:\WINDOWS\System32\NSI.dll
0x00007ffd91410000 - 0x00007ffd91429000 	C:\WINDOWS\SYSTEM32\dhcpcsvc6.DLL
0x00007ffd90cd0000 - 0x00007ffd90cef000 	C:\WINDOWS\SYSTEM32\dhcpcsvc.DLL
0x00007ffd97220000 - 0x00007ffd97318000 	C:\WINDOWS\SYSTEM32\DNSAPI.dll
0x00007ffd61d60000 - 0x00007ffd61da5000 	C:\Users\¸¼À½\AppData\Local\Temp\jna-1525659\jna1604670370219217289.dll
0x00007ffd99990000 - 0x00007ffd99998000 	C:\WINDOWS\System32\PSAPI.DLL
0x00007ffd97830000 - 0x00007ffd97864000 	C:\WINDOWS\SYSTEM32\ntmarta.dll

dbghelp: loaded successfully - version: 4.0.5 - missing functions: none
symbol engine: initialized successfully - sym options: 0x614 - pdb path: .;c:\Users\¸¼À½\.vscode\extensions\redhat.java-1.34.0-win32-x64\jre\17.0.12-win32-x86_64\bin;C:\WINDOWS\SYSTEM32;C:\WINDOWS\WinSxS\amd64_microsoft.windows.common-controls_6595b64144ccf1df_6.0.22621.3672_none_2713b9d173822955;c:\Users\¸¼À½\.vscode\extensions\redhat.java-1.34.0-win32-x64\jre\17.0.12-win32-x86_64\bin\se;c:\Users\¸¼À½\.vscode\extensions\redhat.java-1.34.0-win32-x64\jre\17.0.12-win32-x86_64\bin\;c:\Users\¸¼À½\.vscode\extensions\redhat.java-1.34.0-win32-x64\jre\17.0.12-win32-x86_64\bi;c:\Users\¸¼À½\.vscode\extensions\redhat.java-1.34.0-win32-x64\jre\17.0.12-win32-x86_64\;c:\Users\¸¼À½\.vscode\extensions\redhat.java-1.34.0-win32-x64\jre\17.0.12-win32-x86_6;c:\Users\¸¼À½\.vscode\extensions\redhat.java-1.34.0-win32-x64\jre\17.0.12-win32-x86;c:\Users\¸¼À½\.vscode\extensions\redhat.java-1.34.0-win32-x64\jre\17.0.12-win32-x86_64\bin\server;C:\Users\¸¼À½\AppData\Roaming\Code\User\globalStorage\redhat.java\1.34.0\config_ss_win\org.eclipse.equinox.launcher\org.eclipse.equinox.launcher.win32.win32.x86_64_1.2.1;C:\Users\¸¼À½\AppData\Roaming\Code\User\globalStorage\redhat.java\1.34.0\config_ss_win\org.eclipse.equinox.launcher\org.eclipse.equinox.launcher.win32.win32.x86_64_1.2.1100.v20240722-2106;C:\Users\¸¼À½\AppData\;C:\Users\¸¼À½\AppDat

VM Arguments:
jvm_args: --add-modules=ALL-SYSTEM --add-opens=java.base/java.util=ALL-UNNAMED --add-opens=java.base/java.lang=ALL-UNNAMED --add-opens=java.base/sun.nio.fs=ALL-UNNAMED -Declipse.application=org.eclipse.jdt.ls.core.id1 -Dosgi.bundles.defaultStartLevel=4 -Declipse.product=org.eclipse.jdt.ls.core.product -Djava.import.generatesMetadataFilesAtProjectRoot=false -DDetectVMInstallationsJob.disabled=true -Dfile.encoding=utf8 -XX:+UseParallelGC -XX:GCTimeRatio=4 -XX:AdaptiveSizePolicyWeight=90 -Dsun.zip.disableMemoryMapping=true -Xmx4G -Xms100m -Xlog:disable -javaagent:c:\Users\¸¼À½\.vscode\extensions\redhat.java-1.34.0-win32-x64\lombok\lombok-1.18.33.jar 
java_command: c:\Users\¸¼À½\.vscode\extensions\redhat.java-1.34.0-win32-x64\server\plugins\org.eclipse.equinox.launcher_1.6.900.v20240613-2009.jar -configuration c:\Users\¸¼À½\AppData\Roaming\Code\User\globalStorage\redhat.java\1.34.0\config_ss_win -data c:\Users\¸¼À½\AppData\Roaming\Code\User\workspaceStorage\ba45a564f799ac6533c4f6e0f3ae2d63\redhat.java\ss_ws --pipe=\\.\pipe\lsp-6d6db7f1aebf61d7a095b6cd29bf6c69-sock
java_class_path (initial): c:\Users\¸¼À½\.vscode\extensions\redhat.java-1.34.0-win32-x64\server\plugins\org.eclipse.equinox.launcher_1.6.900.v20240613-2009.jar
Launcher Type: SUN_STANDARD

[Global flags]
    uintx AdaptiveSizePolicyWeight                 = 90                                        {product} {command line}
     intx CICompilerCount                          = 4                                         {product} {ergonomic}
    uintx GCTimeRatio                              = 4                                         {product} {command line}
   size_t InitialHeapSize                          = 104857600                                 {product} {command line}
   size_t MaxHeapSize                              = 4294967296                                {product} {command line}
   size_t MaxNewSize                               = 1431306240                                {product} {ergonomic}
   size_t MinHeapDeltaBytes                        = 524288                                    {product} {ergonomic}
   size_t MinHeapSize                              = 104857600                                 {product} {command line}
   size_t NewSize                                  = 34603008                                  {product} {ergonomic}
    uintx NonNMethodCodeHeapSize                   = 5839372                                {pd product} {ergonomic}
    uintx NonProfiledCodeHeapSize                  = 122909434                              {pd product} {ergonomic}
   size_t OldSize                                  = 70254592                                  {product} {ergonomic}
    uintx ProfiledCodeHeapSize                     = 122909434                              {pd product} {ergonomic}
    uintx ReservedCodeCacheSize                    = 251658240                              {pd product} {ergonomic}
     bool SegmentedCodeCache                       = true                                      {product} {ergonomic}
   size_t SoftMaxHeapSize                          = 4294967296                             {manageable} {ergonomic}
     bool UseCompressedClassPointers               = true                           {product lp64_product} {ergonomic}
     bool UseCompressedOops                        = true                           {product lp64_product} {ergonomic}
     bool UseLargePagesIndividualAllocation        = false                                  {pd product} {ergonomic}
     bool UseParallelGC                            = true                                      {product} {command line}

Logging:
Log output configuration:
 #0: stdout all=off uptime,level,tags
 #1: stderr all=off uptime,level,tags

Environment Variables:
JAVA_HOME=C:\Program Files\Amazon Corretto\jdk17.0.12_7
CLASSPATH=C:\Program Files\Amazon Corretto\jdk17.0.12_7\lib
PATH=C:\Program Files\Amazon Corretto\jdk17.0.12_7\bin;C:\Program Files\Common Files\Oracle\Java\javapath;C:\Program Files\Java\jdk-8.0.392.8-hotspot\bin;C:\Program Files\Python39\Scripts\;C:\Program Files\Python39\;C:\WINDOWS\system32;C:\WINDOWS;C:\WINDOWS\System32\Wbem;C:\WINDOWS\System32\WindowsPowerShell\v1.0\;C:\WINDOWS\System32\OpenSSH\;C:\Program Files\dotnet\;C:\Program Files\Git\cmd;C:\Program Files\Amazon Corretto\jdk17.0.12_7\bin;C:\Program Files\Bandizip\;C:\Program Files\nodejs\;C:\Users\¸¼À½\AppData\Local\Microsoft\WindowsApps;;C:\Users\¸¼À½\AppData\Local\afreeca;C:\Users\¸¼À½\AppData\Local\Programs\Microsoft VS Code\bin;C:\Users\¸¼À½\AppData\Roaming\npm
USERNAME=¸¼À½
OS=Windows_NT
PROCESSOR_IDENTIFIER=AMD64 Family 25 Model 33 Stepping 2, AuthenticAMD
TMP=C:\Users\¸¼À½\AppData\Local\Temp
TEMP=C:\Users\¸¼À½\AppData\Local\Temp



Periodic native trim disabled


---------------  S Y S T E M  ---------------

OS:
 Windows 11 , 64 bit Build 22621 (10.0.22621.3958)
OS uptime: 0 days 6:08 hours

CPU: total 12 (initial active 12) (12 cores per cpu, 2 threads per core) family 25 model 33 stepping 2 microcode 0x0, cx8, cmov, fxsr, ht, mmx, 3dnowpref, sse, sse2, sse3, ssse3, sse4a, sse4.1, sse4.2, popcnt, lzcnt, tsc, tscinvbit, avx, avx2, aes, erms, clmul, bmi1, bmi2, adx, sha, fma, vzeroupper, clflush, clflushopt
Processor Information for all 12 processors :
  Max Mhz: 3701, Current Mhz: 3701, Mhz Limit: 3701

Memory: 4k page, system-wide physical 16328M (5220M free)
TotalPageFile size 20424M (AvailPageFile size 16M)
current process WorkingSet (physical memory assigned to process): 176M, peak: 214M
current process commit charge ("private bytes"): 363M, peak: 401M

vm_info: OpenJDK 64-Bit Server VM (17.0.12+7) for windows-amd64 JRE (17.0.12+7), built on Jul 16 2024 22:08:24 by "admin" with MS VC++ 16.10 / 16.11 (VS2019)

END.
