#
# There is insufficient memory for the Java Runtime Environment to continue.
# Native memory allocation (mmap) failed to map 65536 bytes. Error detail: Failed to commit metaspace.
# Possible reasons:
#   The system is out of physical RAM or swap space
#   This process is running with CompressedOops enabled, and the Java Heap may be blocking the growth of the native heap
# Possible solutions:
#   Reduce memory load on the system
#   Increase physical memory or swap space
#   Check if swap backing store is full
#   Decrease Java heap size (-Xmx/-Xms)
#   Decrease number of Java threads
#   Decrease Java thread stack sizes (-Xss)
#   Set larger code cache with -XX:ReservedCodeCacheSize=
#   JVM is running with Zero Based Compressed Oops mode in which the Java heap is
#     placed in the first 32GB address space. The Java Heap base address is the
#     maximum limit for the native heap growth. Please use -XX:HeapBaseMinAddress
#     to set the Java Heap base and to place the Java Heap above 32GB virtual address.
# This output file may be truncated or incomplete.
#
#  Out of Memory Error (virtualSpaceNode.cpp:110), pid=22756, tid=12280
#
# JRE version: OpenJDK Runtime Environment Temurin-17.0.12+7 (17.0.12+7) (build 17.0.12+7)
# Java VM: OpenJDK 64-Bit Server VM Temurin-17.0.12+7 (17.0.12+7, mixed mode, tiered, compressed oops, compressed class ptrs, parallel gc, windows-amd64)
# No core dump will be written. Minidumps are not enabled by default on client versions of Windows
#

---------------  S U M M A R Y ------------

Command Line: --add-modules=ALL-SYSTEM --add-opens=java.base/java.util=ALL-UNNAMED --add-opens=java.base/java.lang=ALL-UNNAMED --add-opens=java.base/sun.nio.fs=ALL-UNNAMED -Declipse.application=org.eclipse.jdt.ls.core.id1 -Dosgi.bundles.defaultStartLevel=4 -Declipse.product=org.eclipse.jdt.ls.core.product -Djava.import.generatesMetadataFilesAtProjectRoot=false -DDetectVMInstallationsJob.disabled=true -Dfile.encoding=utf8 -XX:+UseParallelGC -XX:GCTimeRatio=4 -XX:AdaptiveSizePolicyWeight=90 -Dsun.zip.disableMemoryMapping=true -Xmx4G -Xms100m -Xlog:disable -javaagent:c:\Users\¸¼À½\.vscode\extensions\redhat.java-1.34.0-win32-x64\lombok\lombok-1.18.33.jar -XX:+HeapDumpOnOutOfMemoryError -XX:HeapDumpPath=c:\Users\¸¼À½\AppData\Roaming\Code\User\workspaceStorage\ba45a564f799ac6533c4f6e0f3ae2d63\redhat.java -Daether.dependencyCollector.impl=bf c:\Users\¸¼À½\.vscode\extensions\redhat.java-1.34.0-win32-x64\server\plugins\org.eclipse.equinox.launcher_1.6.900.v20240613-2009.jar -configuration c:\Users\¸¼À½\AppData\Roaming\Code\User\globalStorage\redhat.java\1.34.0\config_win -data c:\Users\¸¼À½\AppData\Roaming\Code\User\workspaceStorage\ba45a564f799ac6533c4f6e0f3ae2d63\redhat.java\jdt_ws --pipe=\\.\pipe\lsp-60100807e091f7a062d028a9cf21f526-sock

Host: AMD Ryzen 5 5600X 6-Core Processor             , 12 cores, 15G,  Windows 11 , 64 bit Build 22621 (10.0.22621.3958)
Time: Sat Sep 14 18:46:19 2024  Windows 11 , 64 bit Build 22621 (10.0.22621.3958) elapsed time: 1.723814 seconds (0d 0h 0m 1s)

---------------  T H R E A D  ---------------

Current thread (0x000001e869401d00):  JavaThread "Start Level: Equinox Container: c887a900-7dc7-4e71-b3cc-918912d50c41" daemon [_thread_in_vm, id=12280, stack(0x00000005d2800000,0x00000005d2900000)]

Stack: [0x00000005d2800000,0x00000005d2900000]
Native frames: (J=compiled Java code, j=interpreted, Vv=VM code, C=native code)
V  [jvm.dll+0x67f929]
V  [jvm.dll+0x8371ba]
V  [jvm.dll+0x838c7e]
V  [jvm.dll+0x8392e3]
V  [jvm.dll+0x24834f]
V  [jvm.dll+0x832e6d]
V  [jvm.dll+0x623e9e]
V  [jvm.dll+0x1c1e3b]
V  [jvm.dll+0x6267ed]
V  [jvm.dll+0x624846]
V  [jvm.dll+0x245bec]
V  [jvm.dll+0x6d5dad]
V  [jvm.dll+0x6d67ef]
V  [jvm.dll+0x374364]
V  [jvm.dll+0x3733e4]
V  [jvm.dll+0x373388]
V  [jvm.dll+0x38343a]
C  0x000001e84dd8b164

The last pc belongs to new (printed below).
Java frames: (J=compiled Java code, j=interpreted, Vv=VM code)
j  org.apache.felix.scr.impl.xml.XmlHandler.startElement(Ljava/lang/String;Ljava/lang/String;Ljava/lang/String;Lorg/xml/sax/Attributes;)V+110
j  com.sun.org.apache.xerces.internal.parsers.AbstractSAXParser.startElement(Lcom/sun/org/apache/xerces/internal/xni/QName;Lcom/sun/org/apache/xerces/internal/xni/XMLAttributes;Lcom/sun/org/apache/xerces/internal/xni/Augmentations;)V+302 java.xml@17.0.12
j  com.sun.org.apache.xerces.internal.impl.XMLNSDocumentScannerImpl.scanStartElement()Z+1027 java.xml@17.0.12
j  com.sun.org.apache.xerces.internal.impl.XMLNSDocumentScannerImpl$NSContentDriver.scanRootElementHook()Z+8 java.xml@17.0.12
j  com.sun.org.apache.xerces.internal.impl.XMLDocumentFragmentScannerImpl$FragmentContentDriver.next()I+2177 java.xml@17.0.12
j  com.sun.org.apache.xerces.internal.impl.XMLDocumentScannerImpl$PrologDriver.next()I+196 java.xml@17.0.12
j  com.sun.org.apache.xerces.internal.impl.XMLDocumentScannerImpl.next()I+4 java.xml@17.0.12
j  com.sun.org.apache.xerces.internal.impl.XMLNSDocumentScannerImpl.next()I+31 java.xml@17.0.12
j  com.sun.org.apache.xerces.internal.impl.XMLDocumentFragmentScannerImpl.scanDocument(Z)Z+312 java.xml@17.0.12
j  com.sun.org.apache.xerces.internal.parsers.XML11Configuration.parse(Z)Z+121 java.xml@17.0.12
j  com.sun.org.apache.xerces.internal.parsers.XML11Configuration.parse(Lcom/sun/org/apache/xerces/internal/xni/parser/XMLInputSource;)V+30 java.xml@17.0.12
j  com.sun.org.apache.xerces.internal.parsers.XMLParser.parse(Lcom/sun/org/apache/xerces/internal/xni/parser/XMLInputSource;)V+76 java.xml@17.0.12
j  com.sun.org.apache.xerces.internal.parsers.AbstractSAXParser.parse(Lorg/xml/sax/InputSource;)V+44 java.xml@17.0.12
j  com.sun.org.apache.xerces.internal.jaxp.SAXParserImpl$JAXPSAXParser.parse(Lorg/xml/sax/InputSource;)V+53 java.xml@17.0.12
j  com.sun.org.apache.xerces.internal.jaxp.SAXParserImpl.parse(Lorg/xml/sax/InputSource;Lorg/xml/sax/helpers/DefaultHandler;)V+61 java.xml@17.0.12
j  javax.xml.parsers.SAXParser.parse(Ljava/io/InputStream;Lorg/xml/sax/helpers/DefaultHandler;)V+26 java.xml@17.0.12
j  org.apache.felix.scr.impl.BundleComponentActivator.loadDescriptor(Ljava/net/URL;)V+74
j  org.apache.felix.scr.impl.BundleComponentActivator.initialize(Ljava/util/List;)V+221
j  org.apache.felix.scr.impl.BundleComponentActivator.<init>(Lorg/apache/felix/scr/impl/logger/ScrLogger;Lorg/apache/felix/scr/impl/ComponentRegistry;Lorg/apache/felix/scr/impl/ComponentActorThread;Lorg/osgi/framework/BundleContext;Lorg/apache/felix/scr/impl/manager/ScrConfiguration;Ljava/util/List;Lorg/osgi/framework/ServiceReference;)V+124
j  org.apache.felix.scr.impl.Activator.loadComponents(Lorg/osgi/framework/Bundle;)V+385
j  org.apache.felix.scr.impl.Activator.access$200(Lorg/apache/felix/scr/impl/Activator;Lorg/osgi/framework/Bundle;)V+2
j  org.apache.felix.scr.impl.Activator$ScrExtension.start()V+72
j  org.apache.felix.scr.impl.AbstractExtender.createExtension(Lorg/osgi/framework/Bundle;)V+71
j  org.apache.felix.scr.impl.AbstractExtender.modifiedBundle(Lorg/osgi/framework/Bundle;Lorg/osgi/framework/BundleEvent;Lorg/osgi/framework/Bundle;)V+115
j  org.apache.felix.scr.impl.AbstractExtender.addingBundle(Lorg/osgi/framework/Bundle;Lorg/osgi/framework/BundleEvent;)Lorg/osgi/framework/Bundle;+4
j  org.apache.felix.scr.impl.AbstractExtender.addingBundle(Lorg/osgi/framework/Bundle;Lorg/osgi/framework/BundleEvent;)Ljava/lang/Object;+3
j  org.osgi.util.tracker.BundleTracker$Tracked.customizerAdding(Lorg/osgi/framework/Bundle;Lorg/osgi/framework/BundleEvent;)Ljava/lang/Object;+9
j  org.osgi.util.tracker.BundleTracker$Tracked.customizerAdding(Ljava/lang/Object;Ljava/lang/Object;)Ljava/lang/Object;+9
j  org.osgi.util.tracker.AbstractTracked.trackAdding(Ljava/lang/Object;Ljava/lang/Object;)V+8
j  org.osgi.util.tracker.AbstractTracked.track(Ljava/lang/Object;Ljava/lang/Object;)V+83
j  org.osgi.util.tracker.BundleTracker$Tracked.bundleChanged(Lorg/osgi/framework/BundleEvent;)V+35
j  org.eclipse.osgi.internal.framework.BundleContextImpl.dispatchEvent(Ljava/lang/Object;Ljava/lang/Object;ILjava/lang/Object;)V+159
j  org.eclipse.osgi.framework.eventmgr.EventManager.dispatchEvent(Ljava/util/Set;Lorg/eclipse/osgi/framework/eventmgr/EventDispatcher;ILjava/lang/Object;)V+48
j  org.eclipse.osgi.framework.eventmgr.ListenerQueue.dispatchEventSynchronous(ILjava/lang/Object;)V+67
j  org.eclipse.osgi.internal.framework.EquinoxEventPublisher.publishBundleEventPrivileged(Lorg/osgi/framework/BundleEvent;)V+547
j  org.eclipse.osgi.internal.framework.EquinoxEventPublisher.publishBundleEvent(Lorg/osgi/framework/BundleEvent;)V+8
j  org.eclipse.osgi.internal.framework.EquinoxEventPublisher.publishBundleEvent(ILorg/osgi/framework/Bundle;Lorg/osgi/framework/Bundle;)V+15
j  org.eclipse.osgi.internal.framework.EquinoxContainerAdaptor.publishModuleEvent(Lorg/eclipse/osgi/container/ModuleContainerAdaptor$ModuleEvent;Lorg/eclipse/osgi/container/Module;Lorg/eclipse/osgi/container/Module;)V+29
j  org.eclipse.osgi.container.Module.publishEvent(Lorg/eclipse/osgi/container/ModuleContainerAdaptor$ModuleEvent;)V+13
j  org.eclipse.osgi.container.Module.start([Lorg/eclipse/osgi/container/Module$StartOptions;)V+588
j  org.eclipse.osgi.container.ModuleContainer$ContainerStartLevel$2.run()V+71
j  org.eclipse.osgi.internal.framework.EquinoxContainerAdaptor$1$1.execute(Ljava/lang/Runnable;)V+1
j  org.eclipse.osgi.container.ModuleContainer$ContainerStartLevel.incStartLevel(ILjava/util/List;Z)V+193
j  org.eclipse.osgi.container.ModuleContainer$ContainerStartLevel.incStartLevel(ILjava/util/List;Ljava/util/List;Ljava/util/List;Ljava/util/List;)V+4
j  org.eclipse.osgi.container.ModuleContainer$ContainerStartLevel.doContainerStartLevel(Lorg/eclipse/osgi/container/Module;I[Lorg/osgi/framework/FrameworkListener;)V+349
j  org.eclipse.osgi.container.ModuleContainer$ContainerStartLevel.dispatchEvent(Lorg/eclipse/osgi/container/Module;[Lorg/osgi/framework/FrameworkListener;ILjava/lang/Integer;)V+32
j  org.eclipse.osgi.container.ModuleContainer$ContainerStartLevel.dispatchEvent(Ljava/lang/Object;Ljava/lang/Object;ILjava/lang/Object;)V+15
j  org.eclipse.osgi.framework.eventmgr.EventManager.dispatchEvent(Ljava/util/Set;Lorg/eclipse/osgi/framework/eventmgr/EventDispatcher;ILjava/lang/Object;)V+48
j  org.eclipse.osgi.framework.eventmgr.EventManager$EventThread.run()V+26
v  ~StubRoutines::call_stub
new  187 new  [0x000001e84dd8afc0, 0x000001e84dd8b1e0]  544 bytes
[MachCode]
  0x000001e84dd8afc0: 4883 ec08 | c5fa 1104 | 24eb 1f48 | 83ec 10c5 | fb11 0424 | eb14 4883 | ec10 4889 | 0424 48c7 
  0x000001e84dd8afe0: 4424 0800 | 0000 00eb | 0150 410f | b755 010f | cac1 ea10 | 488b 4de8 | 488b 4908 | 488b 4908 
  0x000001e84dd8b000: 488b 4108 | 807c 1004 | 070f 85df | 0000 0066 | 8b54 d148 | 488b 4928 | 488b 4cd1 | 0851 80b9 
  0x000001e84dd8b020: 3301 0000 | 040f 85c2 | 0000 008b | 5108 f7c2 | 0100 0000 | 0f85 b300 | 0000 498b | 8708 0100 
  0x000001e84dd8b040: 0048 8d1c | 1049 3b9f | 1801 0000 | 0f87 9b00 | 0000 4989 | 9f08 0100 | 00e9 0000 | 0000 4883 
  0x000001e84dd8b060: ea10 0f84 | 0f00 0000 | 33c9 c1ea | 0348 894c | d008 48ff | ca75 f648 | c700 0100 | 0000 5933 
  0x000001e84dd8b080: f689 700c | 49ba 0000 | 0000 0800 | 0000 492b | ca89 4808 | 49ba d9b5 | db22 fd7f | 0000 4180 
  0x000001e84dd8b0a0: 3a00 0f84 | 4000 0000 | 5048 8bc8 | 4883 ec20 | f7c4 0f00 | 0000 0f84 | 1a00 0000 | 4883 ec08 
  0x000001e84dd8b0c0: 49ba b04c | 9122 fd7f | 0000 41ff | d248 83c4 | 08e9 0d00 | 0000 49ba | b04c 9122 | fd7f 0000 
  0x000001e84dd8b0e0: 41ff d248 | 83c4 2058 | e9cd 0000 | 0059 488b | 55e8 488b | 5208 488b | 5208 450f | b745 0141 
  0x000001e84dd8b100: 0fc8 41c1 | e810 e805 | 0000 00e9 | aa00 0000 | 488d 4424 | 084c 896d | c049 8bcf | c5f8 7749 
  0x000001e84dd8b120: 89af a802 | 0000 4989 | 8798 0200 | 0048 83ec | 20f7 c40f | 0000 000f | 841a 0000 | 0048 83ec 
  0x000001e84dd8b140: 0849 bab0 | 335b 22fd | 7f00 0041 | ffd2 4883 | c408 e90d | 0000 0049 | bab0 335b | 22fd 7f00 
  0x000001e84dd8b160: 0041 ffd2 | 4883 c420 | 49c7 8798 | 0200 0000 | 0000 0049 | c787 a802 | 0000 0000 | 0000 49c7 
  0x000001e84dd8b180: 87a0 0200 | 0000 0000 | 00c5 f877 | 4981 7f08 | 0000 0000 | 0f84 0500 | 0000 e961 | 5dfe ff49 
  0x000001e84dd8b1a0: 8b87 f002 | 0000 49c7 | 87f0 0200 | 0000 0000 | 004c 8b6d | c04c 8b75 | c8c3 410f | b65d 0349 
  0x000001e84dd8b1c0: 83c5 0349 | ba90 22de | 22fd 7f00 | 0041 ff24 | da0f 1f80 | 0000 0000 | 0000 0000 | 0000 0000 
[/MachCode]

---------------  P R O C E S S  ---------------

Threads class SMR info:
_java_thread_list=0x000001e86984ef20, length=19, elements={
0x000001e84238d190, 0x000001e85f18e6d0, 0x000001e8644d6310, 0x000001e8644ed550,
0x000001e8644edf20, 0x000001e8644eeae0, 0x000001e8644ef6a0, 0x000001e86452e010,
0x000001e864532e30, 0x000001e864543ff0, 0x000001e8423eed50, 0x000001e86857b480,
0x000001e8647c6960, 0x000001e86869e9e0, 0x000001e869239200, 0x000001e8691f0b20,
0x000001e869401d00, 0x000001e8692de470, 0x000001e869004370
}

Java Threads: ( => current thread )
  0x000001e84238d190 JavaThread "main" [_thread_blocked, id=21640, stack(0x00000005d0f00000,0x00000005d1000000)]
  0x000001e85f18e6d0 JavaThread "Reference Handler" daemon [_thread_blocked, id=23548, stack(0x00000005d1200000,0x00000005d1300000)]
  0x000001e8644d6310 JavaThread "Finalizer" daemon [_thread_blocked, id=15724, stack(0x00000005d1300000,0x00000005d1400000)]
  0x000001e8644ed550 JavaThread "Signal Dispatcher" daemon [_thread_blocked, id=12116, stack(0x00000005d1400000,0x00000005d1500000)]
  0x000001e8644edf20 JavaThread "Attach Listener" daemon [_thread_blocked, id=1896, stack(0x00000005d1500000,0x00000005d1600000)]
  0x000001e8644eeae0 JavaThread "Service Thread" daemon [_thread_blocked, id=21588, stack(0x00000005d1600000,0x00000005d1700000)]
  0x000001e8644ef6a0 JavaThread "Monitor Deflation Thread" daemon [_thread_blocked, id=31568, stack(0x00000005d1700000,0x00000005d1800000)]
  0x000001e86452e010 JavaThread "C2 CompilerThread0" daemon [_thread_in_native, id=30168, stack(0x00000005d1800000,0x00000005d1900000)]
  0x000001e864532e30 JavaThread "C1 CompilerThread0" daemon [_thread_blocked, id=19260, stack(0x00000005d1900000,0x00000005d1a00000)]
  0x000001e864543ff0 JavaThread "Sweeper thread" daemon [_thread_blocked, id=19096, stack(0x00000005d1a00000,0x00000005d1b00000)]
  0x000001e8423eed50 JavaThread "Common-Cleaner" daemon [_thread_blocked, id=24156, stack(0x00000005d1b00000,0x00000005d1c00000)]
  0x000001e86857b480 JavaThread "Notification Thread" daemon [_thread_blocked, id=14896, stack(0x00000005d1c00000,0x00000005d1d00000)]
  0x000001e8647c6960 JavaThread "C2 CompilerThread1" daemon [_thread_blocked, id=38692, stack(0x00000005d1e00000,0x00000005d1f00000)]
  0x000001e86869e9e0 JavaThread "C2 CompilerThread2" daemon [_thread_blocked, id=18680, stack(0x00000005d1f00000,0x00000005d2000000)]
  0x000001e869239200 JavaThread "Active Thread: Equinox Container: c887a900-7dc7-4e71-b3cc-918912d50c41" [_thread_blocked, id=38576, stack(0x00000005d2600000,0x00000005d2700000)]
  0x000001e8691f0b20 JavaThread "Framework Event Dispatcher: Equinox Container: c887a900-7dc7-4e71-b3cc-918912d50c41" daemon [_thread_blocked, id=18924, stack(0x00000005d2700000,0x00000005d2800000)]
=>0x000001e869401d00 JavaThread "Start Level: Equinox Container: c887a900-7dc7-4e71-b3cc-918912d50c41" daemon [_thread_in_vm, id=12280, stack(0x00000005d2800000,0x00000005d2900000)]
  0x000001e8692de470 JavaThread "Bundle File Closer" daemon [_thread_blocked, id=24852, stack(0x00000005d2a00000,0x00000005d2b00000)]
  0x000001e869004370 JavaThread "SCR Component Actor" daemon [_thread_blocked, id=1424, stack(0x00000005d2d00000,0x00000005d2e00000)]

Other Threads:
  0x000001e842418060 VMThread "VM Thread" [stack: 0x00000005d1100000,0x00000005d1200000] [id=19504]
  0x000001e86857b960 WatcherThread [stack: 0x00000005d1d00000,0x00000005d1e00000] [id=3668]
  0x000001e8423a0d90 GCTaskThread "GC Thread#0" [stack: 0x00000005d1000000,0x00000005d1100000] [id=10048]
  0x000001e868afe0a0 GCTaskThread "GC Thread#1" [stack: 0x00000005d2000000,0x00000005d2100000] [id=38484]
  0x000001e868d3ccc0 GCTaskThread "GC Thread#2" [stack: 0x00000005d2100000,0x00000005d2200000] [id=18892]
  0x000001e868afe360 GCTaskThread "GC Thread#3" [stack: 0x00000005d2200000,0x00000005d2300000] [id=37172]
  0x000001e868affb30 GCTaskThread "GC Thread#4" [stack: 0x00000005d2300000,0x00000005d2400000] [id=25440]
  0x000001e868b00200 GCTaskThread "GC Thread#5" [stack: 0x00000005d2400000,0x00000005d2500000] [id=2896]
  0x000001e868b00ad0 GCTaskThread "GC Thread#6" [stack: 0x00000005d2500000,0x00000005d2600000] [id=25276]
  0x000001e868a125c0 GCTaskThread "GC Thread#7" [stack: 0x00000005d2900000,0x00000005d2a00000] [id=5964]
  0x000001e869066e70 GCTaskThread "GC Thread#8" [stack: 0x00000005d2b00000,0x00000005d2c00000] [id=32164]
  0x000001e869067130 GCTaskThread "GC Thread#9" [stack: 0x00000005d2c00000,0x00000005d2d00000] [id=20572]

Threads with active compile tasks:
C2 CompilerThread0     1747 2239       4       jdk.internal.jimage.ImageLocation::verify (218 bytes)

VM state: not at safepoint (normal execution)

VM Mutex/Monitor currently owned by a thread:  ([mutex/lock_event])
[0x000001e842387e20] Metaspace_lock - owner thread: 0x000001e869401d00

Heap address: 0x0000000700000000, size: 4096 MB, Compressed Oops mode: Zero based, Oop shift amount: 3

CDS archive(s) not mapped
Compressed class space mapped at: 0x0000000800000000-0x0000000840000000, reserved size: 1073741824
Narrow klass base: 0x0000000800000000, Narrow klass shift: 0, Narrow klass range: 0x40000000

GC Precious Log:
 CPUs: 12 total, 12 available
 Memory: 16328M
 Large Page Support: Disabled
 NUMA Support: Disabled
 Compressed Oops: Enabled (Zero based)
 Alignments: Space 512K, Generation 512K, Heap 2M
 Heap Min Capacity: 100M
 Heap Initial Capacity: 100M
 Heap Max Capacity: 4G
 Pre-touch: Disabled
 Parallel Workers: 10

Heap:
 PSYoungGen      total 29696K, used 13561K [0x00000007aab00000, 0x00000007acc00000, 0x0000000800000000)
  eden space 25600K, 37% used [0x00000007aab00000,0x00000007ab442328,0x00000007ac400000)
  from space 4096K, 99% used [0x00000007ac400000,0x00000007ac7fc0e0,0x00000007ac800000)
  to   space 4096K, 0% used [0x00000007ac800000,0x00000007ac800000,0x00000007acc00000)
 ParOldGen       total 68608K, used 5606K [0x0000000700000000, 0x0000000704300000, 0x00000007aab00000)
  object space 68608K, 8% used [0x0000000700000000,0x0000000700579b40,0x0000000704300000)
 Metaspace       used 17435K, committed 17728K, reserved 1114112K
  class space    used 1776K, committed 1920K, reserved 1048576K

Card table byte_map: [0x000001e855a20000,0x000001e856230000] _byte_map_base: 0x000001e852220000

Marking Bits: (ParMarkBitMap*) 0x00007ffd22dd58b0
 Begin Bits: [0x000001e856790000, 0x000001e85a790000)
 End Bits:   [0x000001e85a790000, 0x000001e85e790000)

Polling page: 0x000001e8420f0000

Metaspace:

Usage:
  Non-class:     15.29 MB used.
      Class:      1.74 MB used.
       Both:     17.03 MB used.

Virtual space:
  Non-class space:       64.00 MB reserved,      15.44 MB ( 24%) committed,  1 nodes.
      Class space:        1.00 GB reserved,       1.88 MB ( <1%) committed,  1 nodes.
             Both:        1.06 GB reserved,      17.31 MB (  2%) committed. 

Chunk freelists:
   Non-Class:  437.00 KB
       Class:  14.04 MB
        Both:  14.46 MB

MaxMetaspaceSize: unlimited
CompressedClassSpaceSize: 1.00 GB
Initial GC threshold: 21.00 MB
Current GC threshold: 21.00 MB
CDS: off
MetaspaceReclaimPolicy: balanced
 - commit_granule_bytes: 65536.
 - commit_granule_words: 8192.
 - virtual_space_node_default_size: 8388608.
 - enlarge_chunks_in_place: 1.
 - new_chunks_are_fully_committed: 0.
 - uncommit_free_chunks: 1.
 - use_allocation_guard: 0.
 - handle_deallocations: 1.


Internal statistics:

num_allocs_failed_limit: 0.
num_arena_births: 130.
num_arena_deaths: 0.
num_vsnodes_births: 2.
num_vsnodes_deaths: 0.
num_space_committed: 277.
num_space_uncommitted: 0.
num_chunks_returned_to_freelist: 0.
num_chunks_taken_from_freelist: 387.
num_chunk_merges: 0.
num_chunk_splits: 245.
num_chunks_enlarged: 174.
num_inconsistent_stats: 0.

CodeHeap 'non-profiled nmethods': size=120000Kb used=1058Kb max_used=1058Kb free=118941Kb
 bounds [0x000001e84e310000, 0x000001e84e580000, 0x000001e855840000]
CodeHeap 'profiled nmethods': size=120000Kb used=4236Kb max_used=4236Kb free=115763Kb
 bounds [0x000001e846840000, 0x000001e846c70000, 0x000001e84dd70000]
CodeHeap 'non-nmethods': size=5760Kb used=1178Kb max_used=1215Kb free=4581Kb
 bounds [0x000001e84dd70000, 0x000001e84dfe0000, 0x000001e84e310000]
 total_blobs=2721 nmethods=2250 adapters=385
 compilation: enabled
              stopped_count=0, restarted_count=0
 full_count=0

Compilation events (20 events):
Event: 1.695 Thread 0x000001e864532e30 nmethod 2242 0x000001e84e411c10 code [0x000001e84e411da0, 0x000001e84e411e78]
Event: 1.695 Thread 0x000001e864532e30 2243       3       jdk.internal.org.objectweb.asm.MethodWriter::visitEnd (1 bytes)
Event: 1.695 Thread 0x000001e864532e30 nmethod 2243 0x000001e846c5a990 code [0x000001e846c5ab20, 0x000001e846c5ac38]
Event: 1.695 Thread 0x000001e864532e30 2247       3       jdk.internal.org.objectweb.asm.Handler::putExceptionTable (63 bytes)
Event: 1.696 Thread 0x000001e864532e30 nmethod 2247 0x000001e846c5ad10 code [0x000001e846c5af20, 0x000001e846c5b3a8]
Event: 1.696 Thread 0x000001e864532e30 2246       3       jdk.internal.org.objectweb.asm.MethodWriter::putMethodInfo (1274 bytes)
Event: 1.699 Thread 0x000001e864532e30 nmethod 2246 0x000001e846c5b690 code [0x000001e846c5bd60, 0x000001e846c5e6c8]
Event: 1.699 Thread 0x000001e864532e30 2244       3       jdk.internal.org.objectweb.asm.MethodWriter::computeMethodInfoSize (571 bytes)
Event: 1.700 Thread 0x000001e864532e30 nmethod 2244 0x000001e846c5f990 code [0x000001e846c5fcc0, 0x000001e846c60ca8]
Event: 1.700 Thread 0x000001e864532e30 2245       3       jdk.internal.org.objectweb.asm.MethodWriter::hasFrames (13 bytes)
Event: 1.700 Thread 0x000001e864532e30 nmethod 2245 0x000001e846c61310 code [0x000001e846c614a0, 0x000001e846c61618]
Event: 1.700 Thread 0x000001e86869e9e0 nmethod 2138 0x000001e84e411f10 code [0x000001e84e412200, 0x000001e84e415860]
Event: 1.702 Thread 0x000001e864532e30 2248       3       java.security.AccessController::executePrivileged (65 bytes)
Event: 1.703 Thread 0x000001e864532e30 nmethod 2248 0x000001e846c61690 code [0x000001e846c61860, 0x000001e846c61b58]
Event: 1.718 Thread 0x000001e864532e30 2249       3       java.util.Arrays::fill (28 bytes)
Event: 1.718 Thread 0x000001e864532e30 nmethod 2249 0x000001e846c61c90 code [0x000001e846c61e40, 0x000001e846c62068]
Event: 1.718 Thread 0x000001e864532e30 2250       3       java.util.Arrays::rangeCheck (74 bytes)
Event: 1.718 Thread 0x000001e8647c6960 2251 %     4       java.util.Arrays::fill @ 10 (28 bytes)
Event: 1.719 Thread 0x000001e864532e30 nmethod 2250 0x000001e846c62190 code [0x000001e846c62440, 0x000001e846c62e88]
Event: 1.721 Thread 0x000001e8647c6960 nmethod 2251% 0x000001e84e418610 code [0x000001e84e418780, 0x000001e84e418938]

GC Heap History (6 events):
Event: 0.772 GC heap before
{Heap before GC invocations=1 (full 0):
 PSYoungGen      total 29696K, used 25600K [0x00000007aab00000, 0x00000007acc00000, 0x0000000800000000)
  eden space 25600K, 100% used [0x00000007aab00000,0x00000007ac400000,0x00000007ac400000)
  from space 4096K, 0% used [0x00000007ac800000,0x00000007ac800000,0x00000007acc00000)
  to   space 4096K, 0% used [0x00000007ac400000,0x00000007ac400000,0x00000007ac800000)
 ParOldGen       total 68608K, used 0K [0x0000000700000000, 0x0000000704300000, 0x00000007aab00000)
  object space 68608K, 0% used [0x0000000700000000,0x0000000700000000,0x0000000704300000)
 Metaspace       used 10924K, committed 11072K, reserved 1114112K
  class space    used 1091K, committed 1152K, reserved 1048576K
}
Event: 0.777 GC heap after
{Heap after GC invocations=1 (full 0):
 PSYoungGen      total 29696K, used 3344K [0x00000007aab00000, 0x00000007acc00000, 0x0000000800000000)
  eden space 25600K, 0% used [0x00000007aab00000,0x00000007aab00000,0x00000007ac400000)
  from space 4096K, 81% used [0x00000007ac400000,0x00000007ac7443c0,0x00000007ac800000)
  to   space 4096K, 0% used [0x00000007ac800000,0x00000007ac800000,0x00000007acc00000)
 ParOldGen       total 68608K, used 35K [0x0000000700000000, 0x0000000704300000, 0x00000007aab00000)
  object space 68608K, 0% used [0x0000000700000000,0x0000000700008dd0,0x0000000704300000)
 Metaspace       used 10924K, committed 11072K, reserved 1114112K
  class space    used 1091K, committed 1152K, reserved 1048576K
}
Event: 1.289 GC heap before
{Heap before GC invocations=2 (full 0):
 PSYoungGen      total 29696K, used 28944K [0x00000007aab00000, 0x00000007acc00000, 0x0000000800000000)
  eden space 25600K, 100% used [0x00000007aab00000,0x00000007ac400000,0x00000007ac400000)
  from space 4096K, 81% used [0x00000007ac400000,0x00000007ac7443c0,0x00000007ac800000)
  to   space 4096K, 0% used [0x00000007ac800000,0x00000007ac800000,0x00000007acc00000)
 ParOldGen       total 68608K, used 35K [0x0000000700000000, 0x0000000704300000, 0x00000007aab00000)
  object space 68608K, 0% used [0x0000000700000000,0x0000000700008dd0,0x0000000704300000)
 Metaspace       used 14229K, committed 14400K, reserved 1114112K
  class space    used 1416K, committed 1472K, reserved 1048576K
}
Event: 1.294 GC heap after
{Heap after GC invocations=2 (full 0):
 PSYoungGen      total 29696K, used 4077K [0x00000007aab00000, 0x00000007acc00000, 0x0000000800000000)
  eden space 25600K, 0% used [0x00000007aab00000,0x00000007aab00000,0x00000007ac400000)
  from space 4096K, 99% used [0x00000007ac800000,0x00000007acbfb5a0,0x00000007acc00000)
  to   space 4096K, 0% used [0x00000007ac400000,0x00000007ac400000,0x00000007ac800000)
 ParOldGen       total 68608K, used 1742K [0x0000000700000000, 0x0000000704300000, 0x00000007aab00000)
  object space 68608K, 2% used [0x0000000700000000,0x00000007001b3b28,0x0000000704300000)
 Metaspace       used 14229K, committed 14400K, reserved 1114112K
  class space    used 1416K, committed 1472K, reserved 1048576K
}
Event: 1.607 GC heap before
{Heap before GC invocations=3 (full 0):
 PSYoungGen      total 29696K, used 29677K [0x00000007aab00000, 0x00000007acc00000, 0x0000000800000000)
  eden space 25600K, 100% used [0x00000007aab00000,0x00000007ac400000,0x00000007ac400000)
  from space 4096K, 99% used [0x00000007ac800000,0x00000007acbfb5a0,0x00000007acc00000)
  to   space 4096K, 0% used [0x00000007ac400000,0x00000007ac400000,0x00000007ac800000)
 ParOldGen       total 68608K, used 1742K [0x0000000700000000, 0x0000000704300000, 0x00000007aab00000)
  object space 68608K, 2% used [0x0000000700000000,0x00000007001b3b28,0x0000000704300000)
 Metaspace       used 15916K, committed 16128K, reserved 1114112K
  class space    used 1599K, committed 1664K, reserved 1048576K
}
Event: 1.611 GC heap after
{Heap after GC invocations=3 (full 0):
 PSYoungGen      total 29696K, used 4080K [0x00000007aab00000, 0x00000007acc00000, 0x0000000800000000)
  eden space 25600K, 0% used [0x00000007aab00000,0x00000007aab00000,0x00000007ac400000)
  from space 4096K, 99% used [0x00000007ac400000,0x00000007ac7fc0e0,0x00000007ac800000)
  to   space 4096K, 0% used [0x00000007ac800000,0x00000007ac800000,0x00000007acc00000)
 ParOldGen       total 68608K, used 5606K [0x0000000700000000, 0x0000000704300000, 0x00000007aab00000)
  object space 68608K, 8% used [0x0000000700000000,0x0000000700579b40,0x0000000704300000)
 Metaspace       used 15916K, committed 16128K, reserved 1114112K
  class space    used 1599K, committed 1664K, reserved 1048576K
}

Dll operation events (9 events):
Event: 0.011 Loaded shared library c:\Users\¸¼À½\.vscode\extensions\redhat.java-1.34.0-win32-x64\jre\17.0.12-win32-x86_64\bin\java.dll
Event: 0.147 Loaded shared library c:\Users\¸¼À½\.vscode\extensions\redhat.java-1.34.0-win32-x64\jre\17.0.12-win32-x86_64\bin\zip.dll
Event: 0.154 Loaded shared library C:\Users\¸¼À½\.vscode\extensions\redhat.java-1.34.0-win32-x64\jre\17.0.12-win32-x86_64\bin\instrument.dll
Event: 0.167 Loaded shared library C:\Users\¸¼À½\.vscode\extensions\redhat.java-1.34.0-win32-x64\jre\17.0.12-win32-x86_64\bin\net.dll
Event: 0.171 Loaded shared library C:\Users\¸¼À½\.vscode\extensions\redhat.java-1.34.0-win32-x64\jre\17.0.12-win32-x86_64\bin\nio.dll
Event: 0.179 Loaded shared library C:\Users\¸¼À½\.vscode\extensions\redhat.java-1.34.0-win32-x64\jre\17.0.12-win32-x86_64\bin\zip.dll
Event: 0.196 Loaded shared library C:\Users\¸¼À½\.vscode\extensions\redhat.java-1.34.0-win32-x64\jre\17.0.12-win32-x86_64\bin\jimage.dll
Event: 0.281 Loaded shared library c:\Users\¸¼À½\.vscode\extensions\redhat.java-1.34.0-win32-x64\jre\17.0.12-win32-x86_64\bin\verify.dll
Event: 1.273 Loaded shared library C:\Users\¸¼À½\AppData\Roaming\Code\User\globalStorage\redhat.java\1.34.0\config_win\org.eclipse.equinox.launcher\org.eclipse.equinox.launcher.win32.win32.x86_64_1.2.1100.v20240722-2106\eclipse_11904.dll

Deoptimization events (20 events):
Event: 1.520 Thread 0x000001e869401d00 Uncommon trap: trap_request=0xffffff45 fr.pc=0x000001e84e36053c relative=0x000000000000047c
Event: 1.520 Thread 0x000001e869401d00 Uncommon trap: reason=unstable_if action=reinterpret pc=0x000001e84e36053c method=java.util.jar.Manifest$FastInputStream.readLine([BII)I @ 106 c2
Event: 1.520 Thread 0x000001e869401d00 DEOPT PACKING pc=0x000001e84e36053c sp=0x00000005d28fd600
Event: 1.520 Thread 0x000001e869401d00 DEOPT UNPACKING pc=0x000001e84ddc66a3 sp=0x00000005d28fd538 mode 2
Event: 1.520 Thread 0x000001e869401d00 Uncommon trap: trap_request=0xffffff45 fr.pc=0x000001e84e3548c8 relative=0x0000000000000488
Event: 1.520 Thread 0x000001e869401d00 Uncommon trap: reason=unstable_if action=reinterpret pc=0x000001e84e3548c8 method=java.util.jar.Manifest$FastInputStream.readLine([BII)I @ 106 c2
Event: 1.520 Thread 0x000001e869401d00 DEOPT PACKING pc=0x000001e84e3548c8 sp=0x00000005d28fd580
Event: 1.520 Thread 0x000001e869401d00 DEOPT UNPACKING pc=0x000001e84ddc66a3 sp=0x00000005d28fd530 mode 2
Event: 1.520 Thread 0x000001e869401d00 Uncommon trap: trap_request=0xffffff45 fr.pc=0x000001e84e36178c relative=0x000000000000008c
Event: 1.520 Thread 0x000001e869401d00 Uncommon trap: reason=unstable_if action=reinterpret pc=0x000001e84e36178c method=java.util.jar.Manifest$FastInputStream.peek()B @ 8 c2
Event: 1.520 Thread 0x000001e869401d00 DEOPT PACKING pc=0x000001e84e36178c sp=0x00000005d28fd650
Event: 1.520 Thread 0x000001e869401d00 DEOPT UNPACKING pc=0x000001e84ddc66a3 sp=0x00000005d28fd5e8 mode 2
Event: 1.546 Thread 0x000001e869401d00 DEOPT PACKING pc=0x000001e846b9c5d0 sp=0x00000005d28fd190
Event: 1.546 Thread 0x000001e869401d00 DEOPT UNPACKING pc=0x000001e84ddc6e43 sp=0x00000005d28fc660 mode 0
Event: 1.561 Thread 0x000001e869401d00 DEOPT PACKING pc=0x000001e846be8b68 sp=0x00000005d28fd510
Event: 1.561 Thread 0x000001e869401d00 DEOPT UNPACKING pc=0x000001e84ddc6e43 sp=0x00000005d28fc9a0 mode 0
Event: 1.650 Thread 0x000001e869401d00 Uncommon trap: trap_request=0xffffff45 fr.pc=0x000001e84e409638 relative=0x0000000000000c58
Event: 1.650 Thread 0x000001e869401d00 Uncommon trap: reason=unstable_if action=reinterpret pc=0x000001e84e409638 method=org.eclipse.osgi.framework.util.CaseInsensitiveDictionaryMap.findCommonKeyIndex(Ljava/lang/String;)Lorg/eclipse/osgi/framework/util/CaseInsensitiveDictionaryMap$CaseInsensit
Event: 1.650 Thread 0x000001e869401d00 DEOPT PACKING pc=0x000001e84e409638 sp=0x00000005d28fe380
Event: 1.650 Thread 0x000001e869401d00 DEOPT UNPACKING pc=0x000001e84ddc66a3 sp=0x00000005d28fe320 mode 2

Classes loaded (20 events):
Event: 1.717 Loading class com/sun/xml/internal/stream/Entity$ScannedEntity
Event: 1.717 Loading class com/sun/xml/internal/stream/Entity
Event: 1.717 Loading class com/sun/xml/internal/stream/Entity done
Event: 1.717 Loading class com/sun/xml/internal/stream/Entity$ScannedEntity done
Event: 1.718 Loading class com/sun/org/apache/xerces/internal/util/XMLChar
Event: 1.718 Loading class com/sun/org/apache/xerces/internal/util/XMLChar done
Event: 1.718 Loading class com/sun/org/apache/xerces/internal/util/XMLSymbols
Event: 1.719 Loading class com/sun/org/apache/xerces/internal/util/XMLSymbols done
Event: 1.719 Loading class com/sun/org/apache/xerces/internal/parsers/AbstractSAXParser$LocatorProxy
Event: 1.719 Loading class org/xml/sax/ext/Locator2
Event: 1.719 Loading class org/xml/sax/Locator
Event: 1.719 Loading class org/xml/sax/Locator done
Event: 1.719 Loading class org/xml/sax/ext/Locator2 done
Event: 1.719 Loading class com/sun/org/apache/xerces/internal/parsers/AbstractSAXParser$LocatorProxy done
Event: 1.719 Loading class com/sun/org/apache/xerces/internal/impl/XMLScanner$NameType
Event: 1.719 Loading class com/sun/org/apache/xerces/internal/impl/XMLScanner$NameType done
Event: 1.719 Loading class com/sun/org/apache/xerces/internal/impl/Constants
Event: 1.720 Loading class com/sun/org/apache/xerces/internal/impl/Constants done
Event: 1.720 Loading class com/sun/org/apache/xerces/internal/impl/Constants$ArrayEnumeration
Event: 1.720 Loading class com/sun/org/apache/xerces/internal/impl/Constants$ArrayEnumeration done

Classes unloaded (0 events):
No events

Classes redefined (0 events):
No events

Internal exceptions (20 events):
Event: 0.712 Thread 0x000001e84238d190 Exception <a 'java/lang/ClassNotFoundException'{0x00000007ac1ac938}: sun/net/www/protocol/c/Handler> (0x00000007ac1ac938) 
thrown [s\src\hotspot\share\classfile\systemDictionary.cpp, line 256]
Event: 0.729 Thread 0x000001e84238d190 Exception <a 'java/io/FileNotFoundException'{0x00000007ac1d9c58}> (0x00000007ac1d9c58) 
thrown [s\src\hotspot\share\prims\jni.cpp, line 516]
Event: 0.757 Thread 0x000001e84238d190 Implicit null exception at 0x000001e84e366bfb to 0x000001e84e3675c0
Event: 0.757 Thread 0x000001e84238d190 Implicit null exception at 0x000001e84e35bfef to 0x000001e84e35c1e4
Event: 0.757 Thread 0x000001e84238d190 Implicit null exception at 0x000001e84e35d16f to 0x000001e84e35d35c
Event: 0.757 Thread 0x000001e84238d190 Implicit null exception at 0x000001e84e35570f to 0x000001e84e355789
Event: 0.796 Thread 0x000001e84238d190 Exception <a 'java/lang/NoSuchMethodError'{0x00000007aac23608}: 'int java.lang.invoke.DirectMethodHandle$Holder.invokeStaticInit(java.lang.Object, java.lang.Object, java.lang.Object, java.lang.Object)'> (0x00000007aac23608) 
thrown [s\src\hotspot\share\interpreter\linkResolver.cpp, line 759]
Event: 0.797 Thread 0x000001e84238d190 Exception <a 'java/lang/NoSuchMethodError'{0x00000007aac2dd70}: 'java.lang.Object java.lang.invoke.DirectMethodHandle$Holder.invokeInterface(java.lang.Object, java.lang.Object)'> (0x00000007aac2dd70) 
thrown [s\src\hotspot\share\interpreter\linkResolver.cpp, line 759]
Event: 0.798 Thread 0x000001e84238d190 Exception <a 'java/lang/IncompatibleClassChangeError'{0x00000007aac31568}: Found class java.lang.Object, but interface was expected> (0x00000007aac31568) 
thrown [s\src\hotspot\share\interpreter\linkResolver.cpp, line 826]
Event: 0.798 Thread 0x000001e84238d190 Exception <a 'java/lang/NoSuchMethodError'{0x00000007aac35a48}: 'void java.lang.invoke.DirectMethodHandle$Holder.invokeStatic(java.lang.Object, java.lang.Object)'> (0x00000007aac35a48) 
thrown [s\src\hotspot\share\interpreter\linkResolver.cpp, line 759]
Event: 0.798 Thread 0x000001e84238d190 Exception <a 'java/lang/NoSuchMethodError'{0x00000007aac39248}: 'void java.lang.invoke.DirectMethodHandle$Holder.invokeStaticInit(java.lang.Object, java.lang.Object)'> (0x00000007aac39248) 
thrown [s\src\hotspot\share\interpreter\linkResolver.cpp, line 759]
Event: 0.799 Thread 0x000001e84238d190 Exception <a 'java/lang/NoSuchMethodError'{0x00000007aac40768}: 'int java.lang.invoke.DirectMethodHandle$Holder.invokeStaticInit(java.lang.Object, java.lang.Object)'> (0x00000007aac40768) 
thrown [s\src\hotspot\share\interpreter\linkResolver.cpp, line 759]
Event: 0.858 Thread 0x000001e84238d190 Exception <a 'java/lang/NoSuchMethodError'{0x00000007aad8c7e0}: 'void java.lang.invoke.DirectMethodHandle$Holder.invokeSpecial(java.lang.Object, java.lang.Object, java.lang.Object)'> (0x00000007aad8c7e0) 
thrown [s\src\hotspot\share\interpreter\linkResolver.cpp, line 759]
Event: 1.105 Thread 0x000001e84238d190 Exception <a 'java/lang/NoSuchMethodError'{0x00000007abbb1ff8}: 'java.lang.Object java.lang.invoke.DirectMethodHandle$Holder.newInvokeSpecial(java.lang.Object, int, java.lang.Object)'> (0x00000007abbb1ff8) 
thrown [s\src\hotspot\share\interpreter\linkResolver.cpp, line 759]
Event: 1.269 Thread 0x000001e84238d190 Exception <a 'java/lang/UnsatisfiedLinkError'{0x00000007ac2bc990}: 'void org.eclipse.equinox.launcher.JNIBridge._update_splash()'> (0x00000007ac2bc990) 
thrown [s\src\hotspot\share\prims\nativeLookup.cpp, line 543]
Event: 1.352 Thread 0x000001e869401d00 Exception <a 'java/lang/NoSuchMethodError'{0x00000007aae86068}: 'java.lang.Object java.lang.invoke.DirectMethodHandle$Holder.newInvokeSpecial(java.lang.Object, java.lang.Object, int, java.lang.Object)'> (0x00000007aae86068) 
thrown [s\src\hotspot\share\interpreter\linkResolver.cpp, line 759]
Event: 1.352 Thread 0x000001e869401d00 Exception <a 'java/lang/NoSuchMethodError'{0x00000007aae8a350}: 'java.lang.Object java.lang.invoke.DirectMethodHandle$Holder.invokeSpecial(java.lang.Object, java.lang.Object, java.lang.Object, int, java.lang.Object)'> (0x00000007aae8a350) 
thrown [s\src\hotspot\share\interpreter\linkResolver.cpp, line 759]
Event: 1.391 Thread 0x000001e869401d00 Exception <a 'java/lang/ClassNotFoundException'{0x00000007ab0c64c8}: sun/util/logging/resources/spi/loggingProvider> (0x00000007ab0c64c8) 
thrown [s\src\hotspot\share\classfile\systemDictionary.cpp, line 256]
Event: 1.678 Thread 0x000001e869401d00 Exception <a 'java/lang/NullPointerException'{0x00000007ab032470}> (0x00000007ab032470) 
thrown [s\src\hotspot\share\interpreter\linkResolver.cpp, line 1350]
Event: 1.678 Thread 0x000001e869401d00 Exception <a 'java/lang/NullPointerException'{0x00000007ab032748}> (0x00000007ab032748) 
thrown [s\src\hotspot\share\interpreter\linkResolver.cpp, line 1350]

VM Operations (20 events):
Event: 1.088 Executing VM operation: HandshakeAllThreads
Event: 1.088 Executing VM operation: HandshakeAllThreads done
Event: 1.093 Executing VM operation: HandshakeAllThreads
Event: 1.093 Executing VM operation: HandshakeAllThreads done
Event: 1.102 Executing VM operation: HandshakeAllThreads
Event: 1.102 Executing VM operation: HandshakeAllThreads done
Event: 1.289 Executing VM operation: ParallelGCFailedAllocation
Event: 1.294 Executing VM operation: ParallelGCFailedAllocation done
Event: 1.327 Executing VM operation: HandshakeAllThreads
Event: 1.327 Executing VM operation: HandshakeAllThreads done
Event: 1.374 Executing VM operation: HandshakeAllThreads
Event: 1.374 Executing VM operation: HandshakeAllThreads done
Event: 1.400 Executing VM operation: HandshakeAllThreads
Event: 1.400 Executing VM operation: HandshakeAllThreads done
Event: 1.421 Executing VM operation: HandshakeAllThreads
Event: 1.421 Executing VM operation: HandshakeAllThreads done
Event: 1.606 Executing VM operation: ParallelGCFailedAllocation
Event: 1.611 Executing VM operation: ParallelGCFailedAllocation done
Event: 1.675 Executing VM operation: HandshakeAllThreads
Event: 1.675 Executing VM operation: HandshakeAllThreads done

Events (19 events):
Event: 0.033 Thread 0x000001e84238d190 Thread added: 0x000001e84238d190
Event: 0.043 Thread 0x000001e85f18e6d0 Thread added: 0x000001e85f18e6d0
Event: 0.043 Thread 0x000001e8644d6310 Thread added: 0x000001e8644d6310
Event: 0.065 Thread 0x000001e8644ed550 Thread added: 0x000001e8644ed550
Event: 0.065 Thread 0x000001e8644edf20 Thread added: 0x000001e8644edf20
Event: 0.065 Thread 0x000001e8644eeae0 Thread added: 0x000001e8644eeae0
Event: 0.065 Thread 0x000001e8644ef6a0 Thread added: 0x000001e8644ef6a0
Event: 0.065 Thread 0x000001e86452e010 Thread added: 0x000001e86452e010
Event: 0.066 Thread 0x000001e864532e30 Thread added: 0x000001e864532e30
Event: 0.066 Thread 0x000001e864543ff0 Thread added: 0x000001e864543ff0
Event: 0.111 Thread 0x000001e8423eed50 Thread added: 0x000001e8423eed50
Event: 0.385 Thread 0x000001e86857b480 Thread added: 0x000001e86857b480
Event: 0.389 Thread 0x000001e8647c6960 Thread added: 0x000001e8647c6960
Event: 0.538 Thread 0x000001e86869e9e0 Thread added: 0x000001e86869e9e0
Event: 1.079 Thread 0x000001e869239200 Thread added: 0x000001e869239200
Event: 1.263 Thread 0x000001e8691f0b20 Thread added: 0x000001e8691f0b20
Event: 1.269 Thread 0x000001e869401d00 Thread added: 0x000001e869401d00
Event: 1.530 Thread 0x000001e8692de470 Thread added: 0x000001e8692de470
Event: 1.651 Thread 0x000001e869004370 Thread added: 0x000001e869004370


Dynamic libraries:
0x00007ff6bc1a0000 - 0x00007ff6bc1ae000 	c:\Users\¸¼À½\.vscode\extensions\redhat.java-1.34.0-win32-x64\jre\17.0.12-win32-x86_64\bin\java.exe
0x00007ffd9b3b0000 - 0x00007ffd9b5c7000 	C:\WINDOWS\SYSTEM32\ntdll.dll
0x00007ffd99a90000 - 0x00007ffd99b54000 	C:\WINDOWS\System32\KERNEL32.DLL
0x00007ffd987a0000 - 0x00007ffd98b4d000 	C:\WINDOWS\System32\KERNELBASE.dll
0x00007ffd98dd0000 - 0x00007ffd98ee1000 	C:\WINDOWS\System32\ucrtbase.dll
0x00007ffd89d60000 - 0x00007ffd89d77000 	c:\Users\¸¼À½\.vscode\extensions\redhat.java-1.34.0-win32-x64\jre\17.0.12-win32-x86_64\bin\jli.dll
0x00007ffd99580000 - 0x00007ffd9972e000 	C:\WINDOWS\System32\USER32.dll
0x00007ffd98770000 - 0x00007ffd98796000 	C:\WINDOWS\System32\win32u.dll
0x00007ffd99730000 - 0x00007ffd99759000 	C:\WINDOWS\System32\GDI32.dll
0x00007ffd98bf0000 - 0x00007ffd98d09000 	C:\WINDOWS\System32\gdi32full.dll
0x00007ffd986d0000 - 0x00007ffd9876a000 	C:\WINDOWS\System32\msvcp_win.dll
0x00007ffd85b70000 - 0x00007ffd85b8b000 	c:\Users\¸¼À½\.vscode\extensions\redhat.java-1.34.0-win32-x64\jre\17.0.12-win32-x86_64\bin\VCRUNTIME140.dll
0x00007ffd78d20000 - 0x00007ffd78fb3000 	C:\WINDOWS\WinSxS\amd64_microsoft.windows.common-controls_6595b64144ccf1df_6.0.22621.3672_none_2713b9d173822955\COMCTL32.dll
0x00007ffd992a0000 - 0x00007ffd99347000 	C:\WINDOWS\System32\msvcrt.dll
0x00007ffd9b010000 - 0x00007ffd9b041000 	C:\WINDOWS\System32\IMM32.DLL
0x00007ffd95990000 - 0x00007ffd9599c000 	c:\Users\¸¼À½\.vscode\extensions\redhat.java-1.34.0-win32-x64\jre\17.0.12-win32-x86_64\bin\vcruntime140_1.dll
0x00007ffd775a0000 - 0x00007ffd7762d000 	c:\Users\¸¼À½\.vscode\extensions\redhat.java-1.34.0-win32-x64\jre\17.0.12-win32-x86_64\bin\msvcp140.dll
0x00007ffd22230000 - 0x00007ffd22e9a000 	c:\Users\¸¼À½\.vscode\extensions\redhat.java-1.34.0-win32-x64\jre\17.0.12-win32-x86_64\bin\server\jvm.dll
0x00007ffd9b050000 - 0x00007ffd9b102000 	C:\WINDOWS\System32\ADVAPI32.dll
0x00007ffd9b170000 - 0x00007ffd9b219000 	C:\WINDOWS\System32\sechost.dll
0x00007ffd98bc0000 - 0x00007ffd98be8000 	C:\WINDOWS\System32\bcrypt.dll
0x00007ffd990e0000 - 0x00007ffd991f4000 	C:\WINDOWS\System32\RPCRT4.dll
0x00007ffd99350000 - 0x00007ffd993c1000 	C:\WINDOWS\System32\WS2_32.dll
0x00007ffd985a0000 - 0x00007ffd985ed000 	C:\WINDOWS\SYSTEM32\POWRPROF.dll
0x00007ffd908a0000 - 0x00007ffd908d4000 	C:\WINDOWS\SYSTEM32\WINMM.dll
0x00007ffd8eca0000 - 0x00007ffd8ecaa000 	C:\WINDOWS\SYSTEM32\VERSION.dll
0x00007ffd98580000 - 0x00007ffd98593000 	C:\WINDOWS\SYSTEM32\UMPDC.dll
0x00007ffd97720000 - 0x00007ffd97738000 	C:\WINDOWS\SYSTEM32\kernel.appcore.dll
0x00007ffd93a60000 - 0x00007ffd93a6a000 	c:\Users\¸¼À½\.vscode\extensions\redhat.java-1.34.0-win32-x64\jre\17.0.12-win32-x86_64\bin\jimage.dll
0x00007ffd8f6c0000 - 0x00007ffd8f8f2000 	C:\WINDOWS\SYSTEM32\DBGHELP.DLL
0x00007ffd9a800000 - 0x00007ffd9ab8e000 	C:\WINDOWS\System32\combase.dll
0x00007ffd99eb0000 - 0x00007ffd99f87000 	C:\WINDOWS\System32\OLEAUT32.dll
0x00007ffd78cc0000 - 0x00007ffd78cf2000 	C:\WINDOWS\SYSTEM32\dbgcore.DLL
0x00007ffd99060000 - 0x00007ffd990db000 	C:\WINDOWS\System32\bcryptPrimitives.dll
0x00007ffd833b0000 - 0x00007ffd833be000 	c:\Users\¸¼À½\.vscode\extensions\redhat.java-1.34.0-win32-x64\jre\17.0.12-win32-x86_64\bin\instrument.dll
0x00007ffd85b40000 - 0x00007ffd85b65000 	c:\Users\¸¼À½\.vscode\extensions\redhat.java-1.34.0-win32-x64\jre\17.0.12-win32-x86_64\bin\java.dll
0x00007ffd85090000 - 0x00007ffd850a8000 	c:\Users\¸¼À½\.vscode\extensions\redhat.java-1.34.0-win32-x64\jre\17.0.12-win32-x86_64\bin\zip.dll
0x00007ffd99f90000 - 0x00007ffd9a7f7000 	C:\WINDOWS\System32\SHELL32.dll
0x00007ffd96650000 - 0x00007ffd96f4f000 	C:\WINDOWS\SYSTEM32\windows.storage.dll
0x00007ffd96510000 - 0x00007ffd9664f000 	C:\WINDOWS\SYSTEM32\wintypes.dll
0x00007ffd99c30000 - 0x00007ffd99d29000 	C:\WINDOWS\System32\SHCORE.dll
0x00007ffd99930000 - 0x00007ffd9998e000 	C:\WINDOWS\System32\shlwapi.dll
0x00007ffd98600000 - 0x00007ffd98627000 	C:\WINDOWS\SYSTEM32\profapi.dll
0x00007ffd80a30000 - 0x00007ffd80a49000 	C:\Users\¸¼À½\.vscode\extensions\redhat.java-1.34.0-win32-x64\jre\17.0.12-win32-x86_64\bin\net.dll
0x00007ffd916a0000 - 0x00007ffd917d6000 	C:\WINDOWS\SYSTEM32\WINHTTP.dll
0x00007ffd97b90000 - 0x00007ffd97bf9000 	C:\WINDOWS\system32\mswsock.dll
0x00007ffd7da20000 - 0x00007ffd7da36000 	C:\Users\¸¼À½\.vscode\extensions\redhat.java-1.34.0-win32-x64\jre\17.0.12-win32-x86_64\bin\nio.dll
0x00007ffd91ba0000 - 0x00007ffd91bb0000 	c:\Users\¸¼À½\.vscode\extensions\redhat.java-1.34.0-win32-x64\jre\17.0.12-win32-x86_64\bin\verify.dll
0x00007ffd62000000 - 0x00007ffd62045000 	C:\Users\¸¼À½\AppData\Roaming\Code\User\globalStorage\redhat.java\1.34.0\config_win\org.eclipse.equinox.launcher\org.eclipse.equinox.launcher.win32.win32.x86_64_1.2.1100.v20240722-2106\eclipse_11904.dll
0x00007ffd993d0000 - 0x00007ffd99575000 	C:\WINDOWS\System32\ole32.dll

dbghelp: loaded successfully - version: 4.0.5 - missing functions: none
symbol engine: initialized successfully - sym options: 0x614 - pdb path: .;c:\Users\¸¼À½\.vscode\extensions\redhat.java-1.34.0-win32-x64\jre\17.0.12-win32-x86_64\bin;C:\WINDOWS\SYSTEM32;C:\WINDOWS\WinSxS\amd64_microsoft.windows.common-controls_6595b64144ccf1df_6.0.22621.3672_none_2713b9d173822955;c:\Users\¸¼À½\.vscode\extensions\redhat.java-1.34.0-win32-x64\jre\17.0.12-win32-x86_64\bin\se;c:\Users\¸¼À½\.vscode\extensions\redhat.java-1.34.0-win32-x64\jre\17.0.12-win32-x86_64\bin\;c:\Users\¸¼À½\.vscode\extensions\redhat.java-1.34.0-win32-x64\jre\17.0.12-win32-x86_64\bi;c:\Users\¸¼À½\.vscode\extensions\redhat.java-1.34.0-win32-x64\jre\17.0.12-win32-x86_64\;c:\Users\¸¼À½\.vscode\extensions\redhat.java-1.34.0-win32-x64\jre\17.0.12-win32-x86_6;c:\Users\¸¼À½\.vscode\extensions\redhat.java-1.34.0-win32-x64\jre\17.0.12-win32-x86;c:\Users\¸¼À½\.vscode\extensions\redhat.java-1.34.0-win32-x64\jre\17.0.12-win32-x86_64\bin\server;C:\Users\¸¼À½\AppData\Roaming\Code\User\globalStorage\redhat.java\1.34.0\config_win\org.eclipse.equinox.launcher\org.eclipse.equinox.launcher.win32.win32.x86_64_1.2.1

VM Arguments:
jvm_args: --add-modules=ALL-SYSTEM --add-opens=java.base/java.util=ALL-UNNAMED --add-opens=java.base/java.lang=ALL-UNNAMED --add-opens=java.base/sun.nio.fs=ALL-UNNAMED -Declipse.application=org.eclipse.jdt.ls.core.id1 -Dosgi.bundles.defaultStartLevel=4 -Declipse.product=org.eclipse.jdt.ls.core.product -Djava.import.generatesMetadataFilesAtProjectRoot=false -DDetectVMInstallationsJob.disabled=true -Dfile.encoding=utf8 -XX:+UseParallelGC -XX:GCTimeRatio=4 -XX:AdaptiveSizePolicyWeight=90 -Dsun.zip.disableMemoryMapping=true -Xmx4G -Xms100m -Xlog:disable -javaagent:c:\Users\¸¼À½\.vscode\extensions\redhat.java-1.34.0-win32-x64\lombok\lombok-1.18.33.jar -XX:+HeapDumpOnOutOfMemoryError -XX:HeapDumpPath=c:\Users\¸¼À½\AppData\Roaming\Code\User\workspaceStorage\ba45a564f799ac6533c4f6e0f3ae2d63\redhat.java -Daether.dependencyCollector.impl=bf 
java_command: c:\Users\¸¼À½\.vscode\extensions\redhat.java-1.34.0-win32-x64\server\plugins\org.eclipse.equinox.launcher_1.6.900.v20240613-2009.jar -configuration c:\Users\¸¼À½\AppData\Roaming\Code\User\globalStorage\redhat.java\1.34.0\config_win -data c:\Users\¸¼À½\AppData\Roaming\Code\User\workspaceStorage\ba45a564f799ac6533c4f6e0f3ae2d63\redhat.java\jdt_ws --pipe=\\.\pipe\lsp-60100807e091f7a062d028a9cf21f526-sock
java_class_path (initial): c:\Users\¸¼À½\.vscode\extensions\redhat.java-1.34.0-win32-x64\server\plugins\org.eclipse.equinox.launcher_1.6.900.v20240613-2009.jar
Launcher Type: SUN_STANDARD

[Global flags]
    uintx AdaptiveSizePolicyWeight                 = 90                                        {product} {command line}
     intx CICompilerCount                          = 4                                         {product} {ergonomic}
    uintx GCTimeRatio                              = 4                                         {product} {command line}
     bool HeapDumpOnOutOfMemoryError               = true                                   {manageable} {command line}
    ccstr HeapDumpPath                             = c:\Users\¸¼À½\AppData\Roaming\Code\User\workspaceStorage\ba45a564f799ac6533c4f6e0f3ae2d63\redhat.java         {manageable} {command line}
   size_t InitialHeapSize                          = 104857600                                 {product} {command line}
   size_t MaxHeapSize                              = 4294967296                                {product} {command line}
   size_t MaxNewSize                               = 1431306240                                {product} {ergonomic}
   size_t MinHeapDeltaBytes                        = 524288                                    {product} {ergonomic}
   size_t MinHeapSize                              = 104857600                                 {product} {command line}
   size_t NewSize                                  = 34603008                                  {product} {ergonomic}
    uintx NonNMethodCodeHeapSize                   = 5839372                                {pd product} {ergonomic}
    uintx NonProfiledCodeHeapSize                  = 122909434                              {pd product} {ergonomic}
   size_t OldSize                                  = 70254592                                  {product} {ergonomic}
    uintx ProfiledCodeHeapSize                     = 122909434                              {pd product} {ergonomic}
    uintx ReservedCodeCacheSize                    = 251658240                              {pd product} {ergonomic}
     bool SegmentedCodeCache                       = true                                      {product} {ergonomic}
   size_t SoftMaxHeapSize                          = 4294967296                             {manageable} {ergonomic}
     bool UseCompressedClassPointers               = true                           {product lp64_product} {ergonomic}
     bool UseCompressedOops                        = true                           {product lp64_product} {ergonomic}
     bool UseLargePagesIndividualAllocation        = false                                  {pd product} {ergonomic}
     bool UseParallelGC                            = true                                      {product} {command line}

Logging:
Log output configuration:
 #0: stdout all=off uptime,level,tags
 #1: stderr all=off uptime,level,tags

Environment Variables:
JAVA_HOME=C:\Program Files\Amazon Corretto\jdk17.0.12_7
CLASSPATH=C:\Program Files\Amazon Corretto\jdk17.0.12_7\lib
PATH=C:\Program Files\Amazon Corretto\jdk17.0.12_7\bin;C:\Program Files\Common Files\Oracle\Java\javapath;C:\Program Files\Java\jdk-8.0.392.8-hotspot\bin;C:\Program Files\Python39\Scripts\;C:\Program Files\Python39\;C:\WINDOWS\system32;C:\WINDOWS;C:\WINDOWS\System32\Wbem;C:\WINDOWS\System32\WindowsPowerShell\v1.0\;C:\WINDOWS\System32\OpenSSH\;C:\Program Files\dotnet\;C:\Program Files\Git\cmd;C:\Program Files\Amazon Corretto\jdk17.0.12_7\bin;C:\Program Files\Bandizip\;C:\Program Files\nodejs\;C:\Users\¸¼À½\AppData\Local\Microsoft\WindowsApps;;C:\Users\¸¼À½\AppData\Local\afreeca;C:\Users\¸¼À½\AppData\Local\Programs\Microsoft VS Code\bin;C:\Users\¸¼À½\AppData\Roaming\npm;C:\Program Files (x86)\ESTsoft\ALSee\x64
USERNAME=¸¼À½
OS=Windows_NT
PROCESSOR_IDENTIFIER=AMD64 Family 25 Model 33 Stepping 2, AuthenticAMD
TMP=C:\Users\¸¼À½\AppData\Local\Temp
TEMP=C:\Users\¸¼À½\AppData\Local\Temp



Periodic native trim disabled


---------------  S Y S T E M  ---------------

OS:
 Windows 11 , 64 bit Build 22621 (10.0.22621.3958)
OS uptime: 0 days 6:12 hours

CPU: total 12 (initial active 12) (12 cores per cpu, 2 threads per core) family 25 model 33 stepping 2 microcode 0x0, cx8, cmov, fxsr, ht, mmx, 3dnowpref, sse, sse2, sse3, ssse3, sse4a, sse4.1, sse4.2, popcnt, lzcnt, tsc, tscinvbit, avx, avx2, aes, erms, clmul, bmi1, bmi2, adx, sha, fma, vzeroupper, clflush, clflushopt
Processor Information for all 12 processors :
  Max Mhz: 3701, Current Mhz: 3701, Mhz Limit: 3701

Memory: 4k page, system-wide physical 16328M (5876M free)
TotalPageFile size 20424M (AvailPageFile size 11M)
current process WorkingSet (physical memory assigned to process): 114M, peak: 114M
current process commit charge ("private bytes"): 331M, peak: 331M

vm_info: OpenJDK 64-Bit Server VM (17.0.12+7) for windows-amd64 JRE (17.0.12+7), built on Jul 16 2024 22:08:24 by "admin" with MS VC++ 16.10 / 16.11 (VS2019)

END.
