#
# There is insufficient memory for the Java Runtime Environment to continue.
# Native memory allocation (malloc) failed to allocate 272176 bytes. Error detail: Chunk::new
# Possible reasons:
#   The system is out of physical RAM or swap space
#   This process is running with CompressedOops enabled, and the Java Heap may be blocking the growth of the native heap
# Possible solutions:
#   Reduce memory load on the system
#   Increase physical memory or swap space
#   Check if swap backing store is full
#   Decrease Java heap size (-Xmx/-Xms)
#   Decrease number of Java threads
#   Decrease Java thread stack sizes (-Xss)
#   Set larger code cache with -XX:ReservedCodeCacheSize=
#   JVM is running with Zero Based Compressed Oops mode in which the Java heap is
#     placed in the first 32GB address space. The Java Heap base address is the
#     maximum limit for the native heap growth. Please use -XX:HeapBaseMinAddress
#     to set the Java Heap base and to place the Java Heap above 32GB virtual address.
# This output file may be truncated or incomplete.
#
#  Out of Memory Error (arena.cpp:191), pid=36540, tid=36160
#
# JRE version: OpenJDK Runtime Environment Temurin-17.0.12+7 (17.0.12+7) (build 17.0.12+7)
# Java VM: OpenJDK 64-Bit Server VM Temurin-17.0.12+7 (17.0.12+7, mixed mode, tiered, compressed oops, compressed class ptrs, parallel gc, windows-amd64)
# No core dump will be written. Minidumps are not enabled by default on client versions of Windows
#

---------------  S U M M A R Y ------------

Command Line: --add-modules=ALL-SYSTEM --add-opens=java.base/java.util=ALL-UNNAMED --add-opens=java.base/java.lang=ALL-UNNAMED --add-opens=java.base/sun.nio.fs=ALL-UNNAMED -Declipse.application=org.eclipse.jdt.ls.core.id1 -Dosgi.bundles.defaultStartLevel=4 -Declipse.product=org.eclipse.jdt.ls.core.product -Djava.import.generatesMetadataFilesAtProjectRoot=false -DDetectVMInstallationsJob.disabled=true -Dfile.encoding=utf8 -XX:+UseParallelGC -XX:GCTimeRatio=4 -XX:AdaptiveSizePolicyWeight=90 -Dsun.zip.disableMemoryMapping=true -Xmx4G -Xms100m -Xlog:disable -javaagent:c:\Users\¸¼À½\.vscode\extensions\redhat.java-1.34.0-win32-x64\lombok\lombok-1.18.33.jar c:\Users\¸¼À½\.vscode\extensions\redhat.java-1.34.0-win32-x64\server\plugins\org.eclipse.equinox.launcher_1.6.900.v20240613-2009.jar -configuration c:\Users\¸¼À½\AppData\Roaming\Code\User\globalStorage\redhat.java\1.34.0\config_ss_win -data c:\Users\¸¼À½\AppData\Roaming\Code\User\workspaceStorage\ba45a564f799ac6533c4f6e0f3ae2d63\redhat.java\ss_ws --pipe=\\.\pipe\lsp-847988095528aa092c7e55b39537aea0-sock

Host: AMD Ryzen 5 5600X 6-Core Processor             , 12 cores, 15G,  Windows 11 , 64 bit Build 22621 (10.0.22621.3958)
Time: Sat Sep 14 18:39:20 2024  Windows 11 , 64 bit Build 22621 (10.0.22621.3958) elapsed time: 28.708874 seconds (0d 0h 0m 28s)

---------------  T H R E A D  ---------------

Current thread (0x00000189fd6a1510):  JavaThread "C2 CompilerThread0" daemon [_thread_in_native, id=36160, stack(0x00000048b6000000,0x00000048b6100000)]


Current CompileTask:
C2:  28708 4934       4       jdk.internal.org.objectweb.asm.SymbolTable::addConstantUtf8 (98 bytes)

Stack: [0x00000048b6000000,0x00000048b6100000]
Native frames: (J=compiled Java code, j=interpreted, Vv=VM code, C=native code)
V  [jvm.dll+0x67f929]
V  [jvm.dll+0x8371ba]
V  [jvm.dll+0x838c7e]
V  [jvm.dll+0x8392e3]
V  [jvm.dll+0x24834f]
V  [jvm.dll+0xac9d4]
V  [jvm.dll+0xad01c]
V  [jvm.dll+0x2af96f]
V  [jvm.dll+0x5868d7]
V  [jvm.dll+0x2231c2]
V  [jvm.dll+0x2235bf]
V  [jvm.dll+0x21c6e0]
V  [jvm.dll+0x219be1]
V  [jvm.dll+0x1a58bd]
V  [jvm.dll+0x229a2d]
V  [jvm.dll+0x227bdc]
V  [jvm.dll+0x7ec1f7]
V  [jvm.dll+0x7e65dc]
V  [jvm.dll+0x67e7f7]
C  [ucrtbase.dll+0x29333]
C  [KERNEL32.DLL+0x1257d]
C  [ntdll.dll+0x5af28]


---------------  P R O C E S S  ---------------

Threads class SMR info:
_java_thread_list=0x0000018997d6c150, length=49, elements={
0x00000189f071ad70, 0x00000189fc5b0010, 0x00000189fc5b1280, 0x00000189fc5ba840,
0x00000189fc5bb400, 0x00000189fc5bc760, 0x00000189fc5bda60, 0x00000189fd6a1510,
0x00000189fd6abce0, 0x00000189fd6b42e0, 0x00000189fd810cc0, 0x00000189fedb7030,
0x0000018995c6fff0, 0x00000189fd938a50, 0x000001899627d910, 0x00000189fd953c40,
0x00000189ff396b20, 0x00000189ff397f60, 0x00000189ff396610, 0x00000189ff397a50,
0x00000189ff398470, 0x00000189ff398980, 0x00000189ff398e90, 0x00000189ff3993a0,
0x00000189ff3998b0, 0x00000189ff396100, 0x0000018997af40c0, 0x0000018997af5500,
0x0000018997af45d0, 0x0000018997af7360, 0x0000018997af8290, 0x0000018997afa0f0,
0x0000018997afab10, 0x0000018997af6e50, 0x0000018997af96d0, 0x0000018997afa600,
0x0000018997af8cb0, 0x0000018997af5f20, 0x0000018997af5a10, 0x0000018997af9be0,
0x0000018997af36a0, 0x0000018997af91c0, 0x0000018997af7870, 0x0000018997afb020,
0x0000018997af3bb0, 0x0000018997af6430, 0x0000018997af4ae0, 0x0000018997af4ff0,
0x0000018995cf0130
}

Java Threads: ( => current thread )
  0x00000189f071ad70 JavaThread "main" [_thread_blocked, id=36792, stack(0x00000048b5700000,0x00000048b5800000)]
  0x00000189fc5b0010 JavaThread "Reference Handler" daemon [_thread_blocked, id=35908, stack(0x00000048b5a00000,0x00000048b5b00000)]
  0x00000189fc5b1280 JavaThread "Finalizer" daemon [_thread_blocked, id=36476, stack(0x00000048b5b00000,0x00000048b5c00000)]
  0x00000189fc5ba840 JavaThread "Signal Dispatcher" daemon [_thread_blocked, id=36484, stack(0x00000048b5c00000,0x00000048b5d00000)]
  0x00000189fc5bb400 JavaThread "Attach Listener" daemon [_thread_blocked, id=36728, stack(0x00000048b5d00000,0x00000048b5e00000)]
  0x00000189fc5bc760 JavaThread "Service Thread" daemon [_thread_blocked, id=36600, stack(0x00000048b5e00000,0x00000048b5f00000)]
  0x00000189fc5bda60 JavaThread "Monitor Deflation Thread" daemon [_thread_blocked, id=36760, stack(0x00000048b5f00000,0x00000048b6000000)]
=>0x00000189fd6a1510 JavaThread "C2 CompilerThread0" daemon [_thread_in_native, id=36160, stack(0x00000048b6000000,0x00000048b6100000)]
  0x00000189fd6abce0 JavaThread "C1 CompilerThread0" daemon [_thread_in_native, id=35880, stack(0x00000048b6100000,0x00000048b6200000)]
  0x00000189fd6b42e0 JavaThread "Sweeper thread" daemon [_thread_blocked, id=36064, stack(0x00000048b6200000,0x00000048b6300000)]
  0x00000189fd810cc0 JavaThread "Common-Cleaner" daemon [_thread_blocked, id=36212, stack(0x00000048b6300000,0x00000048b6400000)]
  0x00000189fedb7030 JavaThread "Notification Thread" daemon [_thread_blocked, id=36096, stack(0x00000048b6400000,0x00000048b6500000)]
  0x0000018995c6fff0 JavaThread "Active Thread: Equinox Container: 6c4f56d2-3323-42eb-a61e-beeaae7a7608" [_thread_blocked, id=37052, stack(0x00000048b6e00000,0x00000048b6f00000)]
  0x00000189fd938a50 JavaThread "Framework Event Dispatcher: Equinox Container: 6c4f56d2-3323-42eb-a61e-beeaae7a7608" daemon [_thread_blocked, id=38748, stack(0x00000048b6600000,0x00000048b6700000)]
  0x000001899627d910 JavaThread "Start Level: Equinox Container: 6c4f56d2-3323-42eb-a61e-beeaae7a7608" daemon [_thread_blocked, id=38900, stack(0x00000048b6700000,0x00000048b6800000)]
  0x00000189fd953c40 JavaThread "SCR Component Actor" daemon [_thread_blocked, id=38088, stack(0x00000048b6f00000,0x00000048b7000000)]
  0x00000189ff396b20 JavaThread "Worker-JM" [_thread_blocked, id=37948, stack(0x00000048b7300000,0x00000048b7400000)]
  0x00000189ff397f60 JavaThread "JNA Cleaner" daemon [_thread_blocked, id=38308, stack(0x00000048b7600000,0x00000048b7700000)]
  0x00000189ff396610 JavaThread "Worker-0" [_thread_blocked, id=38680, stack(0x00000048b7700000,0x00000048b7800000)]
  0x00000189ff397a50 JavaThread "Worker-1" [_thread_blocked, id=38820, stack(0x00000048b7800000,0x00000048b7900000)]
  0x00000189ff398470 JavaThread "Thread-2" daemon [_thread_in_native, id=38652, stack(0x00000048b7c00000,0x00000048b7d00000)]
  0x00000189ff398980 JavaThread "Thread-3" daemon [_thread_in_native, id=38676, stack(0x00000048b7d00000,0x00000048b7e00000)]
  0x00000189ff398e90 JavaThread "Thread-4" daemon [_thread_in_native, id=38876, stack(0x00000048b7e00000,0x00000048b7f00000)]
  0x00000189ff3993a0 JavaThread "Thread-5" daemon [_thread_in_native, id=38768, stack(0x00000048b7f00000,0x00000048b8000000)]
  0x00000189ff3998b0 JavaThread "Thread-6" daemon [_thread_in_native, id=37820, stack(0x00000048b8000000,0x00000048b8100000)]
  0x00000189ff396100 JavaThread "Thread-7" daemon [_thread_in_native, id=37904, stack(0x00000048b8100000,0x00000048b8200000)]
  0x0000018997af40c0 JavaThread "Thread-8" daemon [_thread_in_native, id=37984, stack(0x00000048b8200000,0x00000048b8300000)]
  0x0000018997af5500 JavaThread "Thread-9" daemon [_thread_in_native, id=38140, stack(0x00000048b8300000,0x00000048b8400000)]
  0x0000018997af45d0 JavaThread "Thread-10" daemon [_thread_in_native, id=38564, stack(0x00000048b8400000,0x00000048b8500000)]
  0x0000018997af7360 JavaThread "Thread-11" daemon [_thread_in_native, id=38356, stack(0x00000048b8500000,0x00000048b8600000)]
  0x0000018997af8290 JavaThread "Thread-12" daemon [_thread_in_native, id=38576, stack(0x00000048b8600000,0x00000048b8700000)]
  0x0000018997afa0f0 JavaThread "Thread-13" daemon [_thread_in_native, id=38600, stack(0x00000048b8700000,0x00000048b8800000)]
  0x0000018997afab10 JavaThread "Thread-14" daemon [_thread_in_native, id=38776, stack(0x00000048b8800000,0x00000048b8900000)]
  0x0000018997af6e50 JavaThread "pool-2-thread-1" [_thread_blocked, id=38240, stack(0x00000048b8900000,0x00000048b8a00000)]
  0x0000018997af96d0 JavaThread "WorkspaceEventsHandler" [_thread_blocked, id=37676, stack(0x00000048b8a00000,0x00000048b8b00000)]
  0x0000018997afa600 JavaThread "pool-1-thread-1" [_thread_blocked, id=37964, stack(0x00000048b8b00000,0x00000048b8c00000)]
  0x0000018997af8cb0 JavaThread "ForkJoinPool.commonPool-worker-1" daemon [_thread_blocked, id=38624, stack(0x00000048b8c00000,0x00000048b8d00000)]
  0x0000018997af5f20 JavaThread "ForkJoinPool.commonPool-worker-2" daemon [_thread_blocked, id=38728, stack(0x00000048b8d00000,0x00000048b8e00000)]
  0x0000018997af5a10 JavaThread "ForkJoinPool.commonPool-worker-3" daemon [_thread_blocked, id=38076, stack(0x00000048b8e00000,0x00000048b8f00000)]
  0x0000018997af9be0 JavaThread "Worker-2" [_thread_blocked, id=38884, stack(0x00000048b8f00000,0x00000048b9000000)]
  0x0000018997af36a0 JavaThread "Compiler Source File Reader" daemon [_thread_blocked, id=38784, stack(0x00000048b9000000,0x00000048b9100000)]
  0x0000018997af91c0 JavaThread "Compiler Processing Task" daemon [_thread_blocked, id=38072, stack(0x00000048b9100000,0x00000048b9200000)]
  0x0000018997af7870 JavaThread "ForkJoinPool.commonPool-worker-4" daemon [_thread_blocked, id=38224, stack(0x00000048b9200000,0x00000048b9300000)]
  0x0000018997afb020 JavaThread "Worker-3: Shutdown..." [_thread_blocked, id=38252, stack(0x00000048b9300000,0x00000048b9400000)]
  0x0000018997af3bb0 JavaThread "Compiler Source File Reader" daemon [_thread_blocked, id=37920, stack(0x00000048b7100000,0x00000048b7200000)]
  0x0000018997af6430 JavaThread "pool-3-thread-1" [_thread_blocked, id=25364, stack(0x00000048b7200000,0x00000048b7300000)]
  0x0000018997af4ae0 JavaThread "ForkJoinPool-2-worker-1" daemon [_thread_in_Java, id=2656, stack(0x00000048b7900000,0x00000048b7a00000)]
  0x0000018997af4ff0 JavaThread "ForkJoinPool-2-worker-2" daemon [_thread_blocked, id=24628, stack(0x00000048b9400000,0x00000048b9500000)]
  0x0000018995cf0130 JavaThread "C2 CompilerThread1" daemon [_thread_in_vm, id=19744, stack(0x00000048b9500000,0x00000048b9600000)]

Other Threads:
  0x00000189f07c7930 VMThread "VM Thread" [stack: 0x00000048b5900000,0x00000048b5a00000] [id=35464]
  0x00000189fedb7510 WatcherThread [stack: 0x00000048b6500000,0x00000048b6600000] [id=36692]
  0x00000189f072fd00 GCTaskThread "GC Thread#0" [stack: 0x00000048b5800000,0x00000048b5900000] [id=35456]
  0x00000189feec60e0 GCTaskThread "GC Thread#1" [stack: 0x00000048b6800000,0x00000048b6900000] [id=36964]
  0x00000189fee98400 GCTaskThread "GC Thread#2" [stack: 0x00000048b6900000,0x00000048b6a00000] [id=37356]
  0x00000189ff10df10 GCTaskThread "GC Thread#3" [stack: 0x00000048b6a00000,0x00000048b6b00000] [id=37692]
  0x0000018995c86010 GCTaskThread "GC Thread#4" [stack: 0x00000048b6b00000,0x00000048b6c00000] [id=37624]
  0x0000018995c862d0 GCTaskThread "GC Thread#5" [stack: 0x00000048b6c00000,0x00000048b6d00000] [id=37612]
  0x0000018995c86590 GCTaskThread "GC Thread#6" [stack: 0x00000048b6d00000,0x00000048b6e00000] [id=37152]
  0x0000018995f8dea0 GCTaskThread "GC Thread#7" [stack: 0x00000048b7000000,0x00000048b7100000] [id=38232]
  0x0000018995f8e160 GCTaskThread "GC Thread#8" [stack: 0x00000048b7400000,0x00000048b7500000] [id=37188]
  0x0000018995f8f760 GCTaskThread "GC Thread#9" [stack: 0x00000048b7500000,0x00000048b7600000] [id=38132]

Threads with active compile tasks:
C2 CompilerThread0    28735 4934       4       jdk.internal.org.objectweb.asm.SymbolTable::addConstantUtf8 (98 bytes)
C2 CompilerThread1    28735 4973       4       java.io.DataOutputStream::writeUTF (411 bytes)

VM state: not at safepoint (normal execution)

VM Mutex/Monitor currently owned by a thread: None

Heap address: 0x0000000700000000, size: 4096 MB, Compressed Oops mode: Zero based, Oop shift amount: 3

CDS archive(s) not mapped
Compressed class space mapped at: 0x0000000800000000-0x0000000840000000, reserved size: 1073741824
Narrow klass base: 0x0000000800000000, Narrow klass shift: 0, Narrow klass range: 0x40000000

GC Precious Log:
 CPUs: 12 total, 12 available
 Memory: 16328M
 Large Page Support: Disabled
 NUMA Support: Disabled
 Compressed Oops: Enabled (Zero based)
 Alignments: Space 512K, Generation 512K, Heap 2M
 Heap Min Capacity: 100M
 Heap Initial Capacity: 100M
 Heap Max Capacity: 4G
 Pre-touch: Disabled
 Parallel Workers: 10

Heap:
 PSYoungGen      total 20992K, used 8983K [0x00000007aab00000, 0x00000007ac180000, 0x0000000800000000)
  eden space 20480K, 41% used [0x00000007aab00000,0x00000007ab355fa8,0x00000007abf00000)
  from space 512K, 87% used [0x00000007ac100000,0x00000007ac170000,0x00000007ac180000)
  to   space 1024K, 0% used [0x00000007abf80000,0x00000007abf80000,0x00000007ac080000)
 ParOldGen       total 68608K, used 31052K [0x0000000700000000, 0x0000000704300000, 0x00000007aab00000)
  object space 68608K, 45% used [0x0000000700000000,0x0000000701e530d8,0x0000000704300000)
 Metaspace       used 48860K, committed 49664K, reserved 1114112K
  class space    used 4942K, committed 5312K, reserved 1048576K

Card table byte_map: [0x00000189f33b0000,0x00000189f3bc0000] _byte_map_base: 0x00000189efbb0000

Marking Bits: (ParMarkBitMap*) 0x00007ffd22dd58b0
 Begin Bits: [0x00000189f3bc0000, 0x00000189f7bc0000)
 End Bits:   [0x00000189f7bc0000, 0x00000189fbbc0000)

Polling page: 0x00000189efed0000

Metaspace:

Usage:
  Non-class:     42.89 MB used.
      Class:      4.83 MB used.
       Both:     47.72 MB used.

Virtual space:
  Non-class space:       64.00 MB reserved,      43.31 MB ( 68%) committed,  1 nodes.
      Class space:        1.00 GB reserved,       5.19 MB ( <1%) committed,  1 nodes.
             Both:        1.06 GB reserved,      48.50 MB (  4%) committed. 

Chunk freelists:
   Non-Class:  4.35 MB
       Class:  10.85 MB
        Both:  15.20 MB

MaxMetaspaceSize: unlimited
CompressedClassSpaceSize: 1.00 GB
Initial GC threshold: 21.00 MB
Current GC threshold: 58.38 MB
CDS: off
MetaspaceReclaimPolicy: balanced
 - commit_granule_bytes: 65536.
 - commit_granule_words: 8192.
 - virtual_space_node_default_size: 8388608.
 - enlarge_chunks_in_place: 1.
 - new_chunks_are_fully_committed: 0.
 - uncommit_free_chunks: 1.
 - use_allocation_guard: 0.
 - handle_deallocations: 1.


Internal statistics:

num_allocs_failed_limit: 6.
num_arena_births: 464.
num_arena_deaths: 14.
num_vsnodes_births: 2.
num_vsnodes_deaths: 0.
num_space_committed: 776.
num_space_uncommitted: 0.
num_chunks_returned_to_freelist: 20.
num_chunks_taken_from_freelist: 2182.
num_chunk_merges: 11.
num_chunk_splits: 1392.
num_chunks_enlarged: 884.
num_inconsistent_stats: 0.

CodeHeap 'non-profiled nmethods': size=120000Kb used=3093Kb max_used=3093Kb free=116906Kb
 bounds [0x0000018987ad0000, 0x0000018987de0000, 0x000001898f000000]
CodeHeap 'profiled nmethods': size=120000Kb used=10754Kb max_used=10754Kb free=109245Kb
 bounds [0x0000018980000000, 0x0000018980a90000, 0x0000018987530000]
CodeHeap 'non-nmethods': size=5760Kb used=1351Kb max_used=1393Kb free=4408Kb
 bounds [0x0000018987530000, 0x00000189877a0000, 0x0000018987ad0000]
 total_blobs=5669 nmethods=4974 adapters=609
 compilation: enabled
              stopped_count=0, restarted_count=0
 full_count=0

Compilation events (20 events):
Event: 28.693 Thread 0x00000189fd6abce0 nmethod 4927 0x0000018980a59c10 code [0x0000018980a59dc0, 0x0000018980a5a068]
Event: 28.693 Thread 0x00000189fd6abce0 4928       3       java.lang.invoke.MethodHandleNatives$CallSiteContext::<init> (5 bytes)
Event: 28.693 Thread 0x00000189fd6abce0 nmethod 4928 0x0000018980a5a190 code [0x0000018980a5a320, 0x0000018980a5a478]
Event: 28.693 Thread 0x00000189fd6abce0 4929       3       java.lang.invoke.BootstrapMethodInvoker::widenAndCast (47 bytes)
Event: 28.694 Thread 0x00000189fd6abce0 nmethod 4929 0x0000018980a5a510 code [0x0000018980a5a780, 0x0000018980a5b138]
Event: 28.697 Thread 0x00000189fd6abce0 4930   !   3       java.lang.invoke.BootstrapMethodInvoker::invoke (974 bytes)
Event: 28.698 Thread 0x00000189fd6a1510 4934       4       jdk.internal.org.objectweb.asm.SymbolTable::addConstantUtf8 (98 bytes)
Event: 28.701 Thread 0x00000189fd6abce0 nmethod 4930 0x0000018980a5b490 code [0x0000018980a5bd20, 0x0000018980a637f8]
Event: 28.702 Thread 0x00000189fd6abce0 4933       3       java.lang.invoke.Invokers::callSiteForm (308 bytes)
Event: 28.703 Thread 0x00000189fd6abce0 nmethod 4933 0x0000018980a66c90 code [0x0000018980a66fa0, 0x0000018980a68548]
Event: 28.703 Thread 0x00000189fd6abce0 4931       3       jdk.internal.org.objectweb.asm.MethodVisitor::visitMaxs (17 bytes)
Event: 28.703 Thread 0x00000189fd6abce0 nmethod 4931 0x0000018980a68e90 code [0x0000018980a69040, 0x0000018980a69248]
Event: 28.703 Thread 0x00000189fd6abce0 4932       3       jdk.internal.org.objectweb.asm.MethodVisitor::visitEnd (15 bytes)
Event: 28.703 Thread 0x00000189fd6abce0 nmethod 4932 0x0000018980a69310 code [0x0000018980a694c0, 0x0000018980a696c8]
Event: 28.703 Thread 0x00000189fd6abce0 4936       3       java.lang.invoke.MethodHandles$Lookup$ClassFile::readInt (65 bytes)
Event: 28.703 Thread 0x00000189fd6abce0 nmethod 4936 0x0000018980a69790 code [0x0000018980a69940, 0x0000018980a69c08]
Event: 28.703 Thread 0x00000189fd6abce0 4935       3       java.lang.invoke.MethodHandles$Lookup::makeHiddenClassDefiner (22 bytes)
Event: 28.703 Thread 0x00000189fd6abce0 nmethod 4935 0x0000018980a69d90 code [0x0000018980a69f40, 0x0000018980a6a128]
Event: 28.706 Thread 0x00000189fd6abce0 4937       3       java.lang.invoke.LambdaMetafactory::metafactory (71 bytes)
Event: 28.707 Thread 0x00000189fd6abce0 nmethod 4937 0x0000018980a6a290 code [0x0000018980a6a520, 0x0000018980a6b068]

GC Heap History (20 events):
Event: 5.189 GC heap before
{Heap before GC invocations=15 (full 2):
 PSYoungGen      total 23552K, used 23520K [0x00000007aab00000, 0x00000007ac980000, 0x0000000800000000)
  eden space 22016K, 100% used [0x00000007aab00000,0x00000007ac080000,0x00000007ac080000)
  from space 1536K, 97% used [0x00000007ac580000,0x00000007ac6f8010,0x00000007ac700000)
  to   space 4608K, 0% used [0x00000007ac080000,0x00000007ac080000,0x00000007ac500000)
 ParOldGen       total 68608K, used 17302K [0x0000000700000000, 0x0000000704300000, 0x00000007aab00000)
  object space 68608K, 25% used [0x0000000700000000,0x00000007010e5ad8,0x0000000704300000)
 Metaspace       used 40592K, committed 41280K, reserved 1114112K
  class space    used 4153K, committed 4416K, reserved 1048576K
}
Event: 5.190 GC heap after
{Heap after GC invocations=15 (full 2):
 PSYoungGen      total 25088K, used 2853K [0x00000007aab00000, 0x00000007ac780000, 0x0000000800000000)
  eden space 22016K, 0% used [0x00000007aab00000,0x00000007aab00000,0x00000007ac080000)
  from space 3072K, 92% used [0x00000007ac080000,0x00000007ac3497f0,0x00000007ac380000)
  to   space 3584K, 0% used [0x00000007ac400000,0x00000007ac400000,0x00000007ac780000)
 ParOldGen       total 68608K, used 18814K [0x0000000700000000, 0x0000000704300000, 0x00000007aab00000)
  object space 68608K, 27% used [0x0000000700000000,0x000000070125fb10,0x0000000704300000)
 Metaspace       used 40592K, committed 41280K, reserved 1114112K
  class space    used 4153K, committed 4416K, reserved 1048576K
}
Event: 5.207 GC heap before
{Heap before GC invocations=16 (full 2):
 PSYoungGen      total 25088K, used 24869K [0x00000007aab00000, 0x00000007ac780000, 0x0000000800000000)
  eden space 22016K, 100% used [0x00000007aab00000,0x00000007ac080000,0x00000007ac080000)
  from space 3072K, 92% used [0x00000007ac080000,0x00000007ac3497f0,0x00000007ac380000)
  to   space 3584K, 0% used [0x00000007ac400000,0x00000007ac400000,0x00000007ac780000)
 ParOldGen       total 68608K, used 18817K [0x0000000700000000, 0x0000000704300000, 0x00000007aab00000)
  object space 68608K, 27% used [0x0000000700000000,0x00000007012604e0,0x0000000704300000)
 Metaspace       used 40952K, committed 41728K, reserved 1114112K
  class space    used 4165K, committed 4480K, reserved 1048576K
}
Event: 5.210 GC heap after
{Heap after GC invocations=16 (full 2):
 PSYoungGen      total 24576K, used 2304K [0x00000007aab00000, 0x00000007ac680000, 0x0000000800000000)
  eden space 22016K, 0% used [0x00000007aab00000,0x00000007aab00000,0x00000007ac080000)
  from space 2560K, 90% used [0x00000007ac400000,0x00000007ac640000,0x00000007ac680000)
  to   space 3072K, 0% used [0x00000007ac080000,0x00000007ac080000,0x00000007ac380000)
 ParOldGen       total 68608K, used 21530K [0x0000000700000000, 0x0000000704300000, 0x00000007aab00000)
  object space 68608K, 31% used [0x0000000700000000,0x0000000701506848,0x0000000704300000)
 Metaspace       used 40952K, committed 41728K, reserved 1114112K
  class space    used 4165K, committed 4480K, reserved 1048576K
}
Event: 5.232 GC heap before
{Heap before GC invocations=17 (full 2):
 PSYoungGen      total 24576K, used 24320K [0x00000007aab00000, 0x00000007ac680000, 0x0000000800000000)
  eden space 22016K, 100% used [0x00000007aab00000,0x00000007ac080000,0x00000007ac080000)
  from space 2560K, 90% used [0x00000007ac400000,0x00000007ac640000,0x00000007ac680000)
  to   space 3072K, 0% used [0x00000007ac080000,0x00000007ac080000,0x00000007ac380000)
 ParOldGen       total 68608K, used 21530K [0x0000000700000000, 0x0000000704300000, 0x00000007aab00000)
  object space 68608K, 31% used [0x0000000700000000,0x0000000701506848,0x0000000704300000)
 Metaspace       used 41041K, committed 41792K, reserved 1114112K
  class space    used 4168K, committed 4480K, reserved 1048576K
}
Event: 5.234 GC heap after
{Heap after GC invocations=17 (full 2):
 PSYoungGen      total 24576K, used 2272K [0x00000007aab00000, 0x00000007ac580000, 0x0000000800000000)
  eden space 22016K, 0% used [0x00000007aab00000,0x00000007aab00000,0x00000007ac080000)
  from space 2560K, 88% used [0x00000007ac080000,0x00000007ac2b8010,0x00000007ac300000)
  to   space 2560K, 0% used [0x00000007ac300000,0x00000007ac300000,0x00000007ac580000)
 ParOldGen       total 68608K, used 23698K [0x0000000700000000, 0x0000000704300000, 0x00000007aab00000)
  object space 68608K, 34% used [0x0000000700000000,0x0000000701724848,0x0000000704300000)
 Metaspace       used 41041K, committed 41792K, reserved 1114112K
  class space    used 4168K, committed 4480K, reserved 1048576K
}
Event: 5.334 GC heap before
{Heap before GC invocations=18 (full 2):
 PSYoungGen      total 24576K, used 24253K [0x00000007aab00000, 0x00000007ac580000, 0x0000000800000000)
  eden space 22016K, 99% used [0x00000007aab00000,0x00000007ac077648,0x00000007ac080000)
  from space 2560K, 88% used [0x00000007ac080000,0x00000007ac2b8010,0x00000007ac300000)
  to   space 2560K, 0% used [0x00000007ac300000,0x00000007ac300000,0x00000007ac580000)
 ParOldGen       total 68608K, used 23698K [0x0000000700000000, 0x0000000704300000, 0x00000007aab00000)
  object space 68608K, 34% used [0x0000000700000000,0x0000000701724848,0x0000000704300000)
 Metaspace       used 42063K, committed 42880K, reserved 1114112K
  class space    used 4283K, committed 4608K, reserved 1048576K
}
Event: 5.336 GC heap after
{Heap after GC invocations=18 (full 2):
 PSYoungGen      total 23040K, used 784K [0x00000007aab00000, 0x00000007ac400000, 0x0000000800000000)
  eden space 22016K, 0% used [0x00000007aab00000,0x00000007aab00000,0x00000007ac080000)
  from space 1024K, 76% used [0x00000007ac300000,0x00000007ac3c4010,0x00000007ac400000)
  to   space 1536K, 0% used [0x00000007ac100000,0x00000007ac100000,0x00000007ac280000)
 ParOldGen       total 68608K, used 25834K [0x0000000700000000, 0x0000000704300000, 0x00000007aab00000)
  object space 68608K, 37% used [0x0000000700000000,0x000000070193a858,0x0000000704300000)
 Metaspace       used 42063K, committed 42880K, reserved 1114112K
  class space    used 4283K, committed 4608K, reserved 1048576K
}
Event: 5.575 GC heap before
{Heap before GC invocations=19 (full 2):
 PSYoungGen      total 23040K, used 22800K [0x00000007aab00000, 0x00000007ac400000, 0x0000000800000000)
  eden space 22016K, 100% used [0x00000007aab00000,0x00000007ac080000,0x00000007ac080000)
  from space 1024K, 76% used [0x00000007ac300000,0x00000007ac3c4010,0x00000007ac400000)
  to   space 1536K, 0% used [0x00000007ac100000,0x00000007ac100000,0x00000007ac280000)
 ParOldGen       total 68608K, used 25834K [0x0000000700000000, 0x0000000704300000, 0x00000007aab00000)
  object space 68608K, 37% used [0x0000000700000000,0x000000070193a858,0x0000000704300000)
 Metaspace       used 43614K, committed 44416K, reserved 1114112K
  class space    used 4420K, committed 4736K, reserved 1048576K
}
Event: 5.576 GC heap after
{Heap after GC invocations=19 (full 2):
 PSYoungGen      total 23552K, used 512K [0x00000007aab00000, 0x00000007ac380000, 0x0000000800000000)
  eden space 22016K, 0% used [0x00000007aab00000,0x00000007aab00000,0x00000007ac080000)
  from space 1536K, 33% used [0x00000007ac100000,0x00000007ac180000,0x00000007ac280000)
  to   space 1024K, 0% used [0x00000007ac280000,0x00000007ac280000,0x00000007ac380000)
 ParOldGen       total 68608K, used 26490K [0x0000000700000000, 0x0000000704300000, 0x00000007aab00000)
  object space 68608K, 38% used [0x0000000700000000,0x00000007019de878,0x0000000704300000)
 Metaspace       used 43614K, committed 44416K, reserved 1114112K
  class space    used 4420K, committed 4736K, reserved 1048576K
}
Event: 6.181 GC heap before
{Heap before GC invocations=20 (full 2):
 PSYoungGen      total 23552K, used 22528K [0x00000007aab00000, 0x00000007ac380000, 0x0000000800000000)
  eden space 22016K, 100% used [0x00000007aab00000,0x00000007ac080000,0x00000007ac080000)
  from space 1536K, 33% used [0x00000007ac100000,0x00000007ac180000,0x00000007ac280000)
  to   space 1024K, 0% used [0x00000007ac280000,0x00000007ac280000,0x00000007ac380000)
 ParOldGen       total 68608K, used 26490K [0x0000000700000000, 0x0000000704300000, 0x00000007aab00000)
  object space 68608K, 38% used [0x0000000700000000,0x00000007019de878,0x0000000704300000)
 Metaspace       used 46019K, committed 46848K, reserved 1114112K
  class space    used 4671K, committed 5056K, reserved 1048576K
}
Event: 6.183 GC heap after
{Heap after GC invocations=20 (full 2):
 PSYoungGen      total 23040K, used 1006K [0x00000007aab00000, 0x00000007ac480000, 0x0000000800000000)
  eden space 22016K, 0% used [0x00000007aab00000,0x00000007aab00000,0x00000007ac080000)
  from space 1024K, 98% used [0x00000007ac280000,0x00000007ac37ba98,0x00000007ac380000)
  to   space 2048K, 0% used [0x00000007ac080000,0x00000007ac080000,0x00000007ac280000)
 ParOldGen       total 68608K, used 27218K [0x0000000700000000, 0x0000000704300000, 0x00000007aab00000)
  object space 68608K, 39% used [0x0000000700000000,0x0000000701a94898,0x0000000704300000)
 Metaspace       used 46019K, committed 46848K, reserved 1114112K
  class space    used 4671K, committed 5056K, reserved 1048576K
}
Event: 6.246 GC heap before
{Heap before GC invocations=21 (full 2):
 PSYoungGen      total 23040K, used 23022K [0x00000007aab00000, 0x00000007ac480000, 0x0000000800000000)
  eden space 22016K, 100% used [0x00000007aab00000,0x00000007ac080000,0x00000007ac080000)
  from space 1024K, 98% used [0x00000007ac280000,0x00000007ac37ba98,0x00000007ac380000)
  to   space 2048K, 0% used [0x00000007ac080000,0x00000007ac080000,0x00000007ac280000)
 ParOldGen       total 68608K, used 27218K [0x0000000700000000, 0x0000000704300000, 0x00000007aab00000)
  object space 68608K, 39% used [0x0000000700000000,0x0000000701a94898,0x0000000704300000)
 Metaspace       used 46047K, committed 46848K, reserved 1114112K
  class space    used 4673K, committed 5056K, reserved 1048576K
}
Event: 6.249 GC heap after
{Heap after GC invocations=21 (full 2):
 PSYoungGen      total 22528K, used 480K [0x00000007aab00000, 0x00000007ac300000, 0x0000000800000000)
  eden space 22016K, 0% used [0x00000007aab00000,0x00000007aab00000,0x00000007ac080000)
  from space 512K, 93% used [0x00000007ac080000,0x00000007ac0f8000,0x00000007ac100000)
  to   space 1024K, 0% used [0x00000007ac200000,0x00000007ac200000,0x00000007ac300000)
 ParOldGen       total 68608K, used 28218K [0x0000000700000000, 0x0000000704300000, 0x00000007aab00000)
  object space 68608K, 41% used [0x0000000700000000,0x0000000701b8e858,0x0000000704300000)
 Metaspace       used 46047K, committed 46848K, reserved 1114112K
  class space    used 4673K, committed 5056K, reserved 1048576K
}
Event: 6.339 GC heap before
{Heap before GC invocations=22 (full 2):
 PSYoungGen      total 22528K, used 22464K [0x00000007aab00000, 0x00000007ac300000, 0x0000000800000000)
  eden space 22016K, 99% used [0x00000007aab00000,0x00000007ac0780f0,0x00000007ac080000)
  from space 512K, 93% used [0x00000007ac080000,0x00000007ac0f8000,0x00000007ac100000)
  to   space 1024K, 0% used [0x00000007ac200000,0x00000007ac200000,0x00000007ac300000)
 ParOldGen       total 68608K, used 28218K [0x0000000700000000, 0x0000000704300000, 0x00000007aab00000)
  object space 68608K, 41% used [0x0000000700000000,0x0000000701b8e858,0x0000000704300000)
 Metaspace       used 46534K, committed 47296K, reserved 1114112K
  class space    used 4723K, committed 5056K, reserved 1048576K
}
Event: 6.341 GC heap after
{Heap after GC invocations=22 (full 2):
 PSYoungGen      total 21504K, used 1023K [0x00000007aab00000, 0x00000007ac680000, 0x0000000800000000)
  eden space 20480K, 0% used [0x00000007aab00000,0x00000007aab00000,0x00000007abf00000)
  from space 1024K, 99% used [0x00000007ac200000,0x00000007ac2fffb8,0x00000007ac300000)
  to   space 3072K, 0% used [0x00000007abf00000,0x00000007abf00000,0x00000007ac200000)
 ParOldGen       total 68608K, used 29834K [0x0000000700000000, 0x0000000704300000, 0x00000007aab00000)
  object space 68608K, 43% used [0x0000000700000000,0x0000000701d22898,0x0000000704300000)
 Metaspace       used 46534K, committed 47296K, reserved 1114112K
  class space    used 4723K, committed 5056K, reserved 1048576K
}
Event: 6.400 GC heap before
{Heap before GC invocations=23 (full 2):
 PSYoungGen      total 21504K, used 21503K [0x00000007aab00000, 0x00000007ac680000, 0x0000000800000000)
  eden space 20480K, 100% used [0x00000007aab00000,0x00000007abf00000,0x00000007abf00000)
  from space 1024K, 99% used [0x00000007ac200000,0x00000007ac2fffb8,0x00000007ac300000)
  to   space 3072K, 0% used [0x00000007abf00000,0x00000007abf00000,0x00000007ac200000)
 ParOldGen       total 68608K, used 29834K [0x0000000700000000, 0x0000000704300000, 0x00000007aab00000)
  object space 68608K, 43% used [0x0000000700000000,0x0000000701d22898,0x0000000704300000)
 Metaspace       used 46563K, committed 47360K, reserved 1114112K
  class space    used 4723K, committed 5056K, reserved 1048576K
}
Event: 6.401 GC heap after
{Heap after GC invocations=23 (full 2):
 PSYoungGen      total 22016K, used 1225K [0x00000007aab00000, 0x00000007ac300000, 0x0000000800000000)
  eden space 20480K, 0% used [0x00000007aab00000,0x00000007aab00000,0x00000007abf00000)
  from space 1536K, 79% used [0x00000007abf00000,0x00000007ac032548,0x00000007ac080000)
  to   space 2048K, 0% used [0x00000007ac100000,0x00000007ac100000,0x00000007ac300000)
 ParOldGen       total 68608K, used 30876K [0x0000000700000000, 0x0000000704300000, 0x00000007aab00000)
  object space 68608K, 45% used [0x0000000700000000,0x0000000701e27040,0x0000000704300000)
 Metaspace       used 46563K, committed 47360K, reserved 1114112K
  class space    used 4723K, committed 5056K, reserved 1048576K
}
Event: 6.786 GC heap before
{Heap before GC invocations=24 (full 2):
 PSYoungGen      total 22016K, used 21705K [0x00000007aab00000, 0x00000007ac300000, 0x0000000800000000)
  eden space 20480K, 100% used [0x00000007aab00000,0x00000007abf00000,0x00000007abf00000)
  from space 1536K, 79% used [0x00000007abf00000,0x00000007ac032548,0x00000007ac080000)
  to   space 2048K, 0% used [0x00000007ac100000,0x00000007ac100000,0x00000007ac300000)
 ParOldGen       total 68608K, used 30876K [0x0000000700000000, 0x0000000704300000, 0x00000007aab00000)
  object space 68608K, 45% used [0x0000000700000000,0x0000000701e270d8,0x0000000704300000)
 Metaspace       used 48333K, committed 49088K, reserved 1114112K
  class space    used 4889K, committed 5248K, reserved 1048576K
}
Event: 6.787 GC heap after
{Heap after GC invocations=24 (full 2):
 PSYoungGen      total 20992K, used 448K [0x00000007aab00000, 0x00000007ac180000, 0x0000000800000000)
  eden space 20480K, 0% used [0x00000007aab00000,0x00000007aab00000,0x00000007abf00000)
  from space 512K, 87% used [0x00000007ac100000,0x00000007ac170000,0x00000007ac180000)
  to   space 1024K, 0% used [0x00000007abf80000,0x00000007abf80000,0x00000007ac080000)
 ParOldGen       total 68608K, used 31052K [0x0000000700000000, 0x0000000704300000, 0x00000007aab00000)
  object space 68608K, 45% used [0x0000000700000000,0x0000000701e530d8,0x0000000704300000)
 Metaspace       used 48333K, committed 49088K, reserved 1114112K
  class space    used 4889K, committed 5248K, reserved 1048576K
}

Dll operation events (10 events):
Event: 0.027 Loaded shared library c:\Users\¸¼À½\.vscode\extensions\redhat.java-1.34.0-win32-x64\jre\17.0.12-win32-x86_64\bin\java.dll
Event: 0.130 Loaded shared library c:\Users\¸¼À½\.vscode\extensions\redhat.java-1.34.0-win32-x64\jre\17.0.12-win32-x86_64\bin\zip.dll
Event: 0.137 Loaded shared library C:\Users\¸¼À½\.vscode\extensions\redhat.java-1.34.0-win32-x64\jre\17.0.12-win32-x86_64\bin\instrument.dll
Event: 0.149 Loaded shared library C:\Users\¸¼À½\.vscode\extensions\redhat.java-1.34.0-win32-x64\jre\17.0.12-win32-x86_64\bin\net.dll
Event: 0.150 Loaded shared library C:\Users\¸¼À½\.vscode\extensions\redhat.java-1.34.0-win32-x64\jre\17.0.12-win32-x86_64\bin\nio.dll
Event: 0.157 Loaded shared library C:\Users\¸¼À½\.vscode\extensions\redhat.java-1.34.0-win32-x64\jre\17.0.12-win32-x86_64\bin\zip.dll
Event: 0.169 Loaded shared library C:\Users\¸¼À½\.vscode\extensions\redhat.java-1.34.0-win32-x64\jre\17.0.12-win32-x86_64\bin\jimage.dll
Event: 0.225 Loaded shared library c:\Users\¸¼À½\.vscode\extensions\redhat.java-1.34.0-win32-x64\jre\17.0.12-win32-x86_64\bin\verify.dll
Event: 3.230 Loaded shared library C:\Users\¸¼À½\AppData\Roaming\Code\User\globalStorage\redhat.java\1.34.0\config_ss_win\org.eclipse.equinox.launcher\org.eclipse.equinox.launcher.win32.win32.x86_64_1.2.1100.v20240722-2106\eclipse_11904.dll
Event: 3.862 Loaded shared library C:\Users\¸¼À½\AppData\Local\Temp\jna-1525659\jna12783060351913318295.dll

Deoptimization events (20 events):
Event: 6.508 Thread 0x0000018997af8cb0 Uncommon trap: trap_request=0xffffff45 fr.pc=0x0000018987d38d10 relative=0x0000000000000e70
Event: 6.508 Thread 0x0000018997af8cb0 Uncommon trap: reason=unstable_if action=reinterpret pc=0x0000018987d38d10 method=java.util.concurrent.ConcurrentHashMap.putVal(Ljava/lang/Object;Ljava/lang/Object;Z)Ljava/lang/Object; @ 245 c2
Event: 6.508 Thread 0x0000018997af8cb0 DEOPT PACKING pc=0x0000018987d38d10 sp=0x00000048b8cfe4b0
Event: 6.508 Thread 0x0000018997af8cb0 DEOPT UNPACKING pc=0x00000189875866a3 sp=0x00000048b8cfe428 mode 2
Event: 6.787 Thread 0x0000018997af9be0 Uncommon trap: trap_request=0xffffffde fr.pc=0x0000018987c27804 relative=0x0000000000000784
Event: 6.787 Thread 0x0000018997af9be0 Uncommon trap: reason=class_check action=maybe_recompile pc=0x0000018987c27804 method=java.util.HashMap.computeIfAbsent(Ljava/lang/Object;Ljava/util/function/Function;)Ljava/lang/Object; @ 188 c2
Event: 6.787 Thread 0x0000018997af9be0 DEOPT PACKING pc=0x0000018987c27804 sp=0x00000048b8ffe540
Event: 6.787 Thread 0x0000018997af9be0 DEOPT UNPACKING pc=0x00000189875866a3 sp=0x00000048b8ffe4e8 mode 2
Event: 28.691 Thread 0x0000018997afb020 Uncommon trap: trap_request=0xffffffde fr.pc=0x0000018987c9f020 relative=0x0000000000000ce0
Event: 28.691 Thread 0x0000018997afb020 Uncommon trap: reason=class_check action=maybe_recompile pc=0x0000018987c9f020 method=java.util.Spliterators$1Adapter.hasNext()Z @ 12 c2
Event: 28.691 Thread 0x0000018997afb020 DEOPT PACKING pc=0x0000018987c9f020 sp=0x00000048b93fe7f0
Event: 28.691 Thread 0x0000018997afb020 DEOPT UNPACKING pc=0x00000189875866a3 sp=0x00000048b93fe7b8 mode 2
Event: 28.691 Thread 0x0000018997afb020 Uncommon trap: trap_request=0xffffffde fr.pc=0x0000018987c9f020 relative=0x0000000000000ce0
Event: 28.691 Thread 0x0000018997afb020 Uncommon trap: reason=class_check action=maybe_recompile pc=0x0000018987c9f020 method=java.util.Spliterators$1Adapter.hasNext()Z @ 12 c2
Event: 28.691 Thread 0x0000018997afb020 DEOPT PACKING pc=0x0000018987c9f020 sp=0x00000048b93fe800
Event: 28.691 Thread 0x0000018997afb020 DEOPT UNPACKING pc=0x00000189875866a3 sp=0x00000048b93fe7c8 mode 2
Event: 28.691 Thread 0x0000018997afb020 Uncommon trap: trap_request=0xffffffde fr.pc=0x0000018987c9f020 relative=0x0000000000000ce0
Event: 28.691 Thread 0x0000018997afb020 Uncommon trap: reason=class_check action=maybe_recompile pc=0x0000018987c9f020 method=java.util.Spliterators$1Adapter.hasNext()Z @ 12 c2
Event: 28.691 Thread 0x0000018997afb020 DEOPT PACKING pc=0x0000018987c9f020 sp=0x00000048b93fe800
Event: 28.691 Thread 0x0000018997afb020 DEOPT UNPACKING pc=0x00000189875866a3 sp=0x00000048b93fe7c8 mode 2

Classes loaded (20 events):
Event: 6.157 Loading class jdk/internal/reflect/UnsafeQualifiedStaticIntegerFieldAccessorImpl
Event: 6.157 Loading class jdk/internal/reflect/UnsafeQualifiedStaticIntegerFieldAccessorImpl done
Event: 6.509 Loading class java/util/concurrent/ConcurrentHashMap$TreeNode
Event: 6.509 Loading class java/util/concurrent/ConcurrentHashMap$TreeNode done
Event: 6.509 Loading class java/util/concurrent/ConcurrentHashMap$TreeBin
Event: 6.509 Loading class java/util/concurrent/ConcurrentHashMap$TreeBin done
Event: 28.691 Loading class java/util/concurrent/Executors$DelegatedScheduledExecutorService
Event: 28.691 Loading class java/util/concurrent/Executors$DelegatedExecutorService
Event: 28.691 Loading class java/util/concurrent/Executors$DelegatedExecutorService done
Event: 28.691 Loading class java/util/concurrent/Executors$DelegatedScheduledExecutorService done
Event: 28.692 Loading class com/sun/org/apache/xml/internal/serializer/EncodingInfo$EncodingImpl
Event: 28.692 Loading class com/sun/org/apache/xml/internal/serializer/EncodingInfo$InEncoding
Event: 28.692 Loading class com/sun/org/apache/xml/internal/serializer/EncodingInfo$InEncoding done
Event: 28.692 Loading class com/sun/org/apache/xml/internal/serializer/EncodingInfo$EncodingImpl done
Event: 28.693 Loading class java/io/DataOutputStream
Event: 28.693 Loading class java/io/DataOutputStream done
Event: 28.696 Loading class java/util/concurrent/ConcurrentHashMap$EntrySpliterator
Event: 28.697 Loading class java/util/concurrent/ConcurrentHashMap$EntrySpliterator done
Event: 28.700 Loading class java/util/concurrent/ForkJoinTask$AdaptedCallable
Event: 28.700 Loading class java/util/concurrent/ForkJoinTask$AdaptedCallable done

Classes unloaded (7 events):
Event: 3.750 Thread 0x00000189f07c7930 Unloading class 0x000000080023bc00 'java/lang/invoke/LambdaForm$MH+0x000000080023bc00'
Event: 3.750 Thread 0x00000189f07c7930 Unloading class 0x000000080023b800 'java/lang/invoke/LambdaForm$MH+0x000000080023b800'
Event: 3.750 Thread 0x00000189f07c7930 Unloading class 0x000000080023b400 'java/lang/invoke/LambdaForm$MH+0x000000080023b400'
Event: 3.750 Thread 0x00000189f07c7930 Unloading class 0x000000080023b000 'java/lang/invoke/LambdaForm$MH+0x000000080023b000'
Event: 3.750 Thread 0x00000189f07c7930 Unloading class 0x000000080023ac00 'java/lang/invoke/LambdaForm$BMH+0x000000080023ac00'
Event: 3.750 Thread 0x00000189f07c7930 Unloading class 0x000000080023a800 'java/lang/invoke/LambdaForm$DMH+0x000000080023a800'
Event: 3.750 Thread 0x00000189f07c7930 Unloading class 0x0000000800231400 'java/lang/invoke/LambdaForm$DMH+0x0000000800231400'

Classes redefined (0 events):
No events

Internal exceptions (20 events):
Event: 5.162 Thread 0x00000189ff396610 Exception <a 'java/lang/NoSuchMethodError'{0x00000007ab3921f8}: 'java.lang.Object java.lang.invoke.DirectMethodHandle$Holder.newInvokeSpecial(java.lang.Object, java.lang.Object, java.lang.Object, java.lang.Object, java.lang.Object, java.lang.Object)'> (0x00000007ab3921f8) 
thrown [s\src\hotspot\share\interpreter\linkResolver.cpp, line 759]
Event: 5.172 Thread 0x00000189ff396610 Exception <a 'java/io/FileNotFoundException'{0x00000007ab733430}> (0x00000007ab733430) 
thrown [s\src\hotspot\share\prims\jni.cpp, line 516]
Event: 5.172 Thread 0x00000189ff396610 Exception <a 'java/io/FileNotFoundException'{0x00000007ab7348f0}> (0x00000007ab7348f0) 
thrown [s\src\hotspot\share\prims\jni.cpp, line 516]
Event: 5.173 Thread 0x00000189ff396610 Exception <a 'java/io/FileNotFoundException'{0x00000007ab788770}> (0x00000007ab788770) 
thrown [s\src\hotspot\share\prims\jni.cpp, line 516]
Event: 5.173 Thread 0x00000189ff396610 Exception <a 'java/io/FileNotFoundException'{0x00000007ab78a3b0}> (0x00000007ab78a3b0) 
thrown [s\src\hotspot\share\prims\jni.cpp, line 516]
Event: 5.173 Thread 0x00000189ff396610 Exception <a 'java/io/FileNotFoundException'{0x00000007ab78b8b0}> (0x00000007ab78b8b0) 
thrown [s\src\hotspot\share\prims\jni.cpp, line 516]
Event: 5.194 Thread 0x0000018997af5f20 Exception <a 'java/lang/LinkageError'{0x00000007aaf28b20}: loader lombok.launch.ShadowClassLoader @29ea3fc2 attempted duplicate class definition for lombok.launch.PatchFixesHider$Transform. (lombok.launch.PatchFixesHider$Transform is in unnamed module of loader lombok.launch.ShadowClassLoader @29ea3fc2, parent loader org.eclipse.osgi.internal.loader.EquinoxClassLoader @73626f49)> (0x00000007aaf28b20) 
thrown [s\src\hotspot\share\classfile\systemDictionary.cpp, line 1723]
Event: 5.194 Thread 0x0000018997af8cb0 Exception <a 'java/lang/LinkageError'{0x00000007aaf3f2c0}: loader lombok.launch.ShadowClassLoader @29ea3fc2 attempted duplicate class definition for lombok.launch.PatchFixesHider$Transform. (lombok.launch.PatchFixesHider$Transform is in unnamed module of loader lombok.launch.ShadowClassLoader @29ea3fc2, parent loader org.eclipse.osgi.internal.loader.EquinoxClassLoader @73626f49)> (0x00000007aaf3f2c0) 
thrown [s\src\hotspot\share\classfile\systemDictionary.cpp, line 1723]
Event: 5.195 Thread 0x0000018997afa600 Exception <a 'java/lang/LinkageError'{0x00000007aab7d368}: loader lombok.launch.ShadowClassLoader @29ea3fc2 attempted duplicate class definition for lombok.launch.PatchFixesHider$Transform. (lombok.launch.PatchFixesHider$Transform is in unnamed module of loader lombok.launch.ShadowClassLoader @29ea3fc2, parent loader org.eclipse.osgi.internal.loader.EquinoxClassLoader @73626f49)> (0x00000007aab7d368) 
thrown [s\src\hotspot\share\classfile\systemDictionary.cpp, line 1723]
Event: 5.245 Thread 0x00000189ff396610 Exception <a 'java/lang/NoSuchMethodError'{0x00000007ab2eaa38}: 'java.lang.Object java.lang.invoke.DirectMethodHandle$Holder.invokeVirtual(java.lang.Object, java.lang.Object, java.lang.Object)'> (0x00000007ab2eaa38) 
thrown [s\src\hotspot\share\interpreter\linkResolver.cpp, line 759]
Event: 5.289 Thread 0x0000018997af9be0 Exception <a 'java/lang/NoSuchMethodError'{0x00000007aaeb9a98}: 'int java.lang.invoke.DirectMethodHandle$Holder.invokeVirtual(java.lang.Object, java.lang.Object)'> (0x00000007aaeb9a98) 
thrown [s\src\hotspot\share\interpreter\linkResolver.cpp, line 759]
Event: 5.593 Thread 0x00000189ff396610 Exception <a 'java/lang/NoSuchMethodError'{0x00000007aade6150}: 'int java.lang.invoke.DirectMethodHandle$Holder.invokeVirtual(java.lang.Object, java.lang.Object, java.lang.Object)'> (0x00000007aade6150) 
thrown [s\src\hotspot\share\interpreter\linkResolver.cpp, line 759]
Event: 5.597 Thread 0x00000189ff396610 Exception <a 'java/lang/NoSuchMethodError'{0x00000007aae268d0}: 'int java.lang.invoke.DirectMethodHandle$Holder.invokeSpecialIFC(java.lang.Object, java.lang.Object, java.lang.Object)'> (0x00000007aae268d0) 
thrown [s\src\hotspot\share\interpreter\linkResolver.cpp, line 759]
Event: 5.718 Thread 0x0000018997af9be0 Exception <a 'java/io/FileNotFoundException'{0x00000007ab9f9010}> (0x00000007ab9f9010) 
thrown [s\src\hotspot\share\prims\jni.cpp, line 516]
Event: 5.718 Thread 0x0000018997af9be0 Exception <a 'java/io/FileNotFoundException'{0x00000007ab9fa700}> (0x00000007ab9fa700) 
thrown [s\src\hotspot\share\prims\jni.cpp, line 516]
Event: 5.719 Thread 0x0000018997af9be0 Exception <a 'java/io/FileNotFoundException'{0x00000007ab9fb920}> (0x00000007ab9fb920) 
thrown [s\src\hotspot\share\prims\jni.cpp, line 516]
Event: 6.139 Thread 0x0000018997af7870 Exception <a 'java/lang/ArrayIndexOutOfBoundsException'{0x00000007abb88938}: Index 896 out of bounds for length 895> (0x00000007abb88938) 
thrown [s\src\hotspot\share\interpreter\interpreterRuntime.cpp, line 428]
Event: 6.234 Thread 0x0000018997af8cb0 Exception <a 'java/lang/NoSuchMethodError'{0x00000007abd18580}: 'int java.lang.invoke.DirectMethodHandle$Holder.invokeInterface(java.lang.Object, java.lang.Object)'> (0x00000007abd18580) 
thrown [s\src\hotspot\share\interpreter\linkResolver.cpp, line 759]
Event: 6.234 Thread 0x0000018997af8cb0 Exception <a 'java/lang/IncompatibleClassChangeError'{0x00000007abd1bb10}: Found class java.lang.Object, but interface was expected> (0x00000007abd1bb10) 
thrown [s\src\hotspot\share\interpreter\linkResolver.cpp, line 826]
Event: 6.290 Thread 0x0000018997af8cb0 Exception <a 'java/lang/NoSuchMethodError'{0x00000007abbd6f98}: 'int java.lang.invoke.DirectMethodHandle$Holder.invokeStatic(java.lang.Object, java.lang.Object, java.lang.Object, int)'> (0x00000007abbd6f98) 
thrown [s\src\hotspot\share\interpreter\linkResolver.cpp, line 759]

VM Operations (20 events):
Event: 6.181 Executing VM operation: ParallelGCFailedAllocation
Event: 6.184 Executing VM operation: ParallelGCFailedAllocation done
Event: 6.246 Executing VM operation: ParallelGCFailedAllocation
Event: 6.249 Executing VM operation: ParallelGCFailedAllocation done
Event: 6.299 Executing VM operation: HandshakeAllThreads
Event: 6.299 Executing VM operation: HandshakeAllThreads done
Event: 6.339 Executing VM operation: ParallelGCFailedAllocation
Event: 6.343 Executing VM operation: ParallelGCFailedAllocation done
Event: 6.400 Executing VM operation: ParallelGCFailedAllocation
Event: 6.401 Executing VM operation: ParallelGCFailedAllocation done
Event: 6.786 Executing VM operation: ParallelGCFailedAllocation
Event: 6.786 Executing VM operation: ParallelGCFailedAllocation done
Event: 6.786 Executing VM operation: ParallelGCSystemGC
Event: 6.787 Executing VM operation: ParallelGCSystemGC done
Event: 8.789 Executing VM operation: Cleanup
Event: 8.789 Executing VM operation: Cleanup done
Event: 9.790 Executing VM operation: Cleanup
Event: 9.790 Executing VM operation: Cleanup done
Event: 12.806 Executing VM operation: Cleanup
Event: 12.807 Executing VM operation: Cleanup done

Events (20 events):
Event: 4.730 Thread 0x0000018997af5a10 Thread added: 0x0000018997af5a10
Event: 5.154 Thread 0x0000018997af9be0 Thread added: 0x0000018997af9be0
Event: 5.285 Thread 0x0000018997af36a0 Thread added: 0x0000018997af36a0
Event: 5.634 Thread 0x0000018997af91c0 Thread added: 0x0000018997af91c0
Event: 5.675 Thread 0x0000018997af7870 Thread added: 0x0000018997af7870
Event: 6.064 Thread 0x00000189966b7840 Thread exited: 0x00000189966b7840
Event: 6.064 Thread 0x0000018995e97fd0 Thread exited: 0x0000018995e97fd0
Event: 6.165 Thread 0x00000189981fc6a0 Thread added: 0x00000189981fc6a0
Event: 6.179 Thread 0x00000189989fdeb0 Thread added: 0x00000189989fdeb0
Event: 6.784 Thread 0x00000189989fdeb0 Thread exited: 0x00000189989fdeb0
Event: 6.784 Thread 0x00000189981fc6a0 Thread exited: 0x00000189981fc6a0
Event: 6.785 Thread 0x0000018997afb020 Thread added: 0x0000018997afb020
Event: 6.789 Thread 0x0000018997af3bb0 Thread added: 0x0000018997af3bb0
Event: 6.793 Thread 0x0000018998a1d840 Thread added: 0x0000018998a1d840
Event: 6.827 Thread 0x0000018997ba2640 Thread added: 0x0000018997ba2640
Event: 8.937 Thread 0x0000018995cf0210 Thread exited: 0x0000018995cf0210
Event: 11.838 Thread 0x0000018997ba2640 Thread exited: 0x0000018997ba2640
Event: 11.838 Thread 0x0000018998a1d840 Thread exited: 0x0000018998a1d840
Event: 28.692 Thread 0x0000018997af6430 Thread added: 0x0000018997af6430
Event: 28.700 Thread 0x0000018997af4ae0 Thread added: 0x0000018997af4ae0


Dynamic libraries:
0x00007ff6bc1a0000 - 0x00007ff6bc1ae000 	c:\Users\¸¼À½\.vscode\extensions\redhat.java-1.34.0-win32-x64\jre\17.0.12-win32-x86_64\bin\java.exe
0x00007ffd9b3b0000 - 0x00007ffd9b5c7000 	C:\WINDOWS\SYSTEM32\ntdll.dll
0x00007ffd99a90000 - 0x00007ffd99b54000 	C:\WINDOWS\System32\KERNEL32.DLL
0x00007ffd987a0000 - 0x00007ffd98b4d000 	C:\WINDOWS\System32\KERNELBASE.dll
0x00007ffd98dd0000 - 0x00007ffd98ee1000 	C:\WINDOWS\System32\ucrtbase.dll
0x00007ffd89d60000 - 0x00007ffd89d77000 	c:\Users\¸¼À½\.vscode\extensions\redhat.java-1.34.0-win32-x64\jre\17.0.12-win32-x86_64\bin\jli.dll
0x00007ffd85b70000 - 0x00007ffd85b8b000 	c:\Users\¸¼À½\.vscode\extensions\redhat.java-1.34.0-win32-x64\jre\17.0.12-win32-x86_64\bin\VCRUNTIME140.dll
0x00007ffd99580000 - 0x00007ffd9972e000 	C:\WINDOWS\System32\USER32.dll
0x00007ffd98770000 - 0x00007ffd98796000 	C:\WINDOWS\System32\win32u.dll
0x00007ffd99730000 - 0x00007ffd99759000 	C:\WINDOWS\System32\GDI32.dll
0x00007ffd78d20000 - 0x00007ffd78fb3000 	C:\WINDOWS\WinSxS\amd64_microsoft.windows.common-controls_6595b64144ccf1df_6.0.22621.3672_none_2713b9d173822955\COMCTL32.dll
0x00007ffd98bf0000 - 0x00007ffd98d09000 	C:\WINDOWS\System32\gdi32full.dll
0x00007ffd992a0000 - 0x00007ffd99347000 	C:\WINDOWS\System32\msvcrt.dll
0x00007ffd986d0000 - 0x00007ffd9876a000 	C:\WINDOWS\System32\msvcp_win.dll
0x00007ffd9b010000 - 0x00007ffd9b041000 	C:\WINDOWS\System32\IMM32.DLL
0x00007ffd95990000 - 0x00007ffd9599c000 	c:\Users\¸¼À½\.vscode\extensions\redhat.java-1.34.0-win32-x64\jre\17.0.12-win32-x86_64\bin\vcruntime140_1.dll
0x00007ffd775a0000 - 0x00007ffd7762d000 	c:\Users\¸¼À½\.vscode\extensions\redhat.java-1.34.0-win32-x64\jre\17.0.12-win32-x86_64\bin\msvcp140.dll
0x00007ffd22230000 - 0x00007ffd22e9a000 	c:\Users\¸¼À½\.vscode\extensions\redhat.java-1.34.0-win32-x64\jre\17.0.12-win32-x86_64\bin\server\jvm.dll
0x00007ffd9b050000 - 0x00007ffd9b102000 	C:\WINDOWS\System32\ADVAPI32.dll
0x00007ffd9b170000 - 0x00007ffd9b219000 	C:\WINDOWS\System32\sechost.dll
0x00007ffd98bc0000 - 0x00007ffd98be8000 	C:\WINDOWS\System32\bcrypt.dll
0x00007ffd990e0000 - 0x00007ffd991f4000 	C:\WINDOWS\System32\RPCRT4.dll
0x00007ffd99350000 - 0x00007ffd993c1000 	C:\WINDOWS\System32\WS2_32.dll
0x00007ffd985a0000 - 0x00007ffd985ed000 	C:\WINDOWS\SYSTEM32\POWRPROF.dll
0x00007ffd908a0000 - 0x00007ffd908d4000 	C:\WINDOWS\SYSTEM32\WINMM.dll
0x00007ffd8eca0000 - 0x00007ffd8ecaa000 	C:\WINDOWS\SYSTEM32\VERSION.dll
0x00007ffd98580000 - 0x00007ffd98593000 	C:\WINDOWS\SYSTEM32\UMPDC.dll
0x00007ffd97720000 - 0x00007ffd97738000 	C:\WINDOWS\SYSTEM32\kernel.appcore.dll
0x00007ffd93a60000 - 0x00007ffd93a6a000 	c:\Users\¸¼À½\.vscode\extensions\redhat.java-1.34.0-win32-x64\jre\17.0.12-win32-x86_64\bin\jimage.dll
0x00007ffd8f6c0000 - 0x00007ffd8f8f2000 	C:\WINDOWS\SYSTEM32\DBGHELP.DLL
0x00007ffd9a800000 - 0x00007ffd9ab8e000 	C:\WINDOWS\System32\combase.dll
0x00007ffd99eb0000 - 0x00007ffd99f87000 	C:\WINDOWS\System32\OLEAUT32.dll
0x00007ffd78cc0000 - 0x00007ffd78cf2000 	C:\WINDOWS\SYSTEM32\dbgcore.DLL
0x00007ffd99060000 - 0x00007ffd990db000 	C:\WINDOWS\System32\bcryptPrimitives.dll
0x00007ffd92b60000 - 0x00007ffd92b6e000 	c:\Users\¸¼À½\.vscode\extensions\redhat.java-1.34.0-win32-x64\jre\17.0.12-win32-x86_64\bin\instrument.dll
0x00007ffd85b40000 - 0x00007ffd85b65000 	c:\Users\¸¼À½\.vscode\extensions\redhat.java-1.34.0-win32-x64\jre\17.0.12-win32-x86_64\bin\java.dll
0x00007ffd85090000 - 0x00007ffd850a8000 	c:\Users\¸¼À½\.vscode\extensions\redhat.java-1.34.0-win32-x64\jre\17.0.12-win32-x86_64\bin\zip.dll
0x00007ffd99f90000 - 0x00007ffd9a7f7000 	C:\WINDOWS\System32\SHELL32.dll
0x00007ffd96650000 - 0x00007ffd96f4f000 	C:\WINDOWS\SYSTEM32\windows.storage.dll
0x00007ffd96510000 - 0x00007ffd9664f000 	C:\WINDOWS\SYSTEM32\wintypes.dll
0x00007ffd99c30000 - 0x00007ffd99d29000 	C:\WINDOWS\System32\SHCORE.dll
0x00007ffd99930000 - 0x00007ffd9998e000 	C:\WINDOWS\System32\shlwapi.dll
0x00007ffd98600000 - 0x00007ffd98627000 	C:\WINDOWS\SYSTEM32\profapi.dll
0x00007ffd80a30000 - 0x00007ffd80a49000 	C:\Users\¸¼À½\.vscode\extensions\redhat.java-1.34.0-win32-x64\jre\17.0.12-win32-x86_64\bin\net.dll
0x00007ffd916a0000 - 0x00007ffd917d6000 	C:\WINDOWS\SYSTEM32\WINHTTP.dll
0x00007ffd97b90000 - 0x00007ffd97bf9000 	C:\WINDOWS\system32\mswsock.dll
0x00007ffd7da20000 - 0x00007ffd7da36000 	C:\Users\¸¼À½\.vscode\extensions\redhat.java-1.34.0-win32-x64\jre\17.0.12-win32-x86_64\bin\nio.dll
0x00007ffd91ba0000 - 0x00007ffd91bb0000 	c:\Users\¸¼À½\.vscode\extensions\redhat.java-1.34.0-win32-x64\jre\17.0.12-win32-x86_64\bin\verify.dll
0x00007ffd6ee30000 - 0x00007ffd6ee75000 	C:\Users\¸¼À½\AppData\Roaming\Code\User\globalStorage\redhat.java\1.34.0\config_ss_win\org.eclipse.equinox.launcher\org.eclipse.equinox.launcher.win32.win32.x86_64_1.2.1100.v20240722-2106\eclipse_11904.dll
0x00007ffd993d0000 - 0x00007ffd99575000 	C:\WINDOWS\System32\ole32.dll
0x00007ffd97df0000 - 0x00007ffd97e0b000 	C:\WINDOWS\SYSTEM32\CRYPTSP.dll
0x00007ffd97680000 - 0x00007ffd976b5000 	C:\WINDOWS\system32\rsaenh.dll
0x00007ffd97c80000 - 0x00007ffd97ca8000 	C:\WINDOWS\SYSTEM32\USERENV.dll
0x00007ffd97de0000 - 0x00007ffd97dec000 	C:\WINDOWS\SYSTEM32\CRYPTBASE.dll
0x00007ffd971b0000 - 0x00007ffd971dd000 	C:\WINDOWS\SYSTEM32\IPHLPAPI.DLL
0x00007ffd99290000 - 0x00007ffd99299000 	C:\WINDOWS\System32\NSI.dll
0x00007ffd91410000 - 0x00007ffd91429000 	C:\WINDOWS\SYSTEM32\dhcpcsvc6.DLL
0x00007ffd90cd0000 - 0x00007ffd90cef000 	C:\WINDOWS\SYSTEM32\dhcpcsvc.DLL
0x00007ffd97220000 - 0x00007ffd97318000 	C:\WINDOWS\SYSTEM32\DNSAPI.dll
0x00007ffd61d10000 - 0x00007ffd61d55000 	C:\Users\¸¼À½\AppData\Local\Temp\jna-1525659\jna12783060351913318295.dll
0x00007ffd99990000 - 0x00007ffd99998000 	C:\WINDOWS\System32\PSAPI.DLL
0x00007ffd97830000 - 0x00007ffd97864000 	C:\WINDOWS\SYSTEM32\ntmarta.dll

dbghelp: loaded successfully - version: 4.0.5 - missing functions: none
symbol engine: initialized successfully - sym options: 0x614 - pdb path: .;c:\Users\¸¼À½\.vscode\extensions\redhat.java-1.34.0-win32-x64\jre\17.0.12-win32-x86_64\bin;C:\WINDOWS\SYSTEM32;C:\WINDOWS\WinSxS\amd64_microsoft.windows.common-controls_6595b64144ccf1df_6.0.22621.3672_none_2713b9d173822955;c:\Users\¸¼À½\.vscode\extensions\redhat.java-1.34.0-win32-x64\jre\17.0.12-win32-x86_64\bin\se;c:\Users\¸¼À½\.vscode\extensions\redhat.java-1.34.0-win32-x64\jre\17.0.12-win32-x86_64\bin\;c:\Users\¸¼À½\.vscode\extensions\redhat.java-1.34.0-win32-x64\jre\17.0.12-win32-x86_64\bi;c:\Users\¸¼À½\.vscode\extensions\redhat.java-1.34.0-win32-x64\jre\17.0.12-win32-x86_64\;c:\Users\¸¼À½\.vscode\extensions\redhat.java-1.34.0-win32-x64\jre\17.0.12-win32-x86_6;c:\Users\¸¼À½\.vscode\extensions\redhat.java-1.34.0-win32-x64\jre\17.0.12-win32-x86;c:\Users\¸¼À½\.vscode\extensions\redhat.java-1.34.0-win32-x64\jre\17.0.12-win32-x86_64\bin\server;C:\Users\¸¼À½\AppData\Roaming\Code\User\globalStorage\redhat.java\1.34.0\config_ss_win\org.eclipse.equinox.launcher\org.eclipse.equinox.launcher.win32.win32.x86_64_1.2.1;C:\Users\¸¼À½\AppData\Roaming\Code\User\globalStorage\redhat.java\1.34.0\config_ss_win\org.eclipse.equinox.launcher\org.eclipse.equinox.launcher.win32.win32.x86_64_1.2.1100.v20240722-2106;C:\Users\¸¼À½\AppData\

VM Arguments:
jvm_args: --add-modules=ALL-SYSTEM --add-opens=java.base/java.util=ALL-UNNAMED --add-opens=java.base/java.lang=ALL-UNNAMED --add-opens=java.base/sun.nio.fs=ALL-UNNAMED -Declipse.application=org.eclipse.jdt.ls.core.id1 -Dosgi.bundles.defaultStartLevel=4 -Declipse.product=org.eclipse.jdt.ls.core.product -Djava.import.generatesMetadataFilesAtProjectRoot=false -DDetectVMInstallationsJob.disabled=true -Dfile.encoding=utf8 -XX:+UseParallelGC -XX:GCTimeRatio=4 -XX:AdaptiveSizePolicyWeight=90 -Dsun.zip.disableMemoryMapping=true -Xmx4G -Xms100m -Xlog:disable -javaagent:c:\Users\¸¼À½\.vscode\extensions\redhat.java-1.34.0-win32-x64\lombok\lombok-1.18.33.jar 
java_command: c:\Users\¸¼À½\.vscode\extensions\redhat.java-1.34.0-win32-x64\server\plugins\org.eclipse.equinox.launcher_1.6.900.v20240613-2009.jar -configuration c:\Users\¸¼À½\AppData\Roaming\Code\User\globalStorage\redhat.java\1.34.0\config_ss_win -data c:\Users\¸¼À½\AppData\Roaming\Code\User\workspaceStorage\ba45a564f799ac6533c4f6e0f3ae2d63\redhat.java\ss_ws --pipe=\\.\pipe\lsp-847988095528aa092c7e55b39537aea0-sock
java_class_path (initial): c:\Users\¸¼À½\.vscode\extensions\redhat.java-1.34.0-win32-x64\server\plugins\org.eclipse.equinox.launcher_1.6.900.v20240613-2009.jar
Launcher Type: SUN_STANDARD

[Global flags]
    uintx AdaptiveSizePolicyWeight                 = 90                                        {product} {command line}
     intx CICompilerCount                          = 4                                         {product} {ergonomic}
    uintx GCTimeRatio                              = 4                                         {product} {command line}
   size_t InitialHeapSize                          = 104857600                                 {product} {command line}
   size_t MaxHeapSize                              = 4294967296                                {product} {command line}
   size_t MaxNewSize                               = 1431306240                                {product} {ergonomic}
   size_t MinHeapDeltaBytes                        = 524288                                    {product} {ergonomic}
   size_t MinHeapSize                              = 104857600                                 {product} {command line}
   size_t NewSize                                  = 34603008                                  {product} {ergonomic}
    uintx NonNMethodCodeHeapSize                   = 5839372                                {pd product} {ergonomic}
    uintx NonProfiledCodeHeapSize                  = 122909434                              {pd product} {ergonomic}
   size_t OldSize                                  = 70254592                                  {product} {ergonomic}
    uintx ProfiledCodeHeapSize                     = 122909434                              {pd product} {ergonomic}
    uintx ReservedCodeCacheSize                    = 251658240                              {pd product} {ergonomic}
     bool SegmentedCodeCache                       = true                                      {product} {ergonomic}
   size_t SoftMaxHeapSize                          = 4294967296                             {manageable} {ergonomic}
     bool UseCompressedClassPointers               = true                           {product lp64_product} {ergonomic}
     bool UseCompressedOops                        = true                           {product lp64_product} {ergonomic}
     bool UseLargePagesIndividualAllocation        = false                                  {pd product} {ergonomic}
     bool UseParallelGC                            = true                                      {product} {command line}

Logging:
Log output configuration:
 #0: stdout all=off uptime,level,tags
 #1: stderr all=off uptime,level,tags

Environment Variables:
JAVA_HOME=C:\Program Files\Amazon Corretto\jdk17.0.12_7
CLASSPATH=C:\Program Files\Amazon Corretto\jdk17.0.12_7\lib
PATH=C:\Program Files\Amazon Corretto\jdk17.0.12_7\bin;C:\Program Files\Common Files\Oracle\Java\javapath;C:\Program Files\Java\jdk-8.0.392.8-hotspot\bin;C:\Program Files\Python39\Scripts\;C:\Program Files\Python39\;C:\WINDOWS\system32;C:\WINDOWS;C:\WINDOWS\System32\Wbem;C:\WINDOWS\System32\WindowsPowerShell\v1.0\;C:\WINDOWS\System32\OpenSSH\;C:\Program Files\dotnet\;C:\Program Files\Git\cmd;C:\Program Files\Amazon Corretto\jdk17.0.12_7\bin;C:\Program Files\Bandizip\;C:\Program Files\nodejs\;C:\Users\¸¼À½\AppData\Local\Microsoft\WindowsApps;;C:\Users\¸¼À½\AppData\Local\afreeca;C:\Users\¸¼À½\AppData\Local\Programs\Microsoft VS Code\bin;C:\Users\¸¼À½\AppData\Roaming\npm
USERNAME=¸¼À½
OS=Windows_NT
PROCESSOR_IDENTIFIER=AMD64 Family 25 Model 33 Stepping 2, AuthenticAMD
TMP=C:\Users\¸¼À½\AppData\Local\Temp
TEMP=C:\Users\¸¼À½\AppData\Local\Temp



Periodic native trim disabled


---------------  S Y S T E M  ---------------

OS:
 Windows 11 , 64 bit Build 22621 (10.0.22621.3958)
OS uptime: 0 days 6:05 hours

CPU: total 12 (initial active 12) (12 cores per cpu, 2 threads per core) family 25 model 33 stepping 2 microcode 0x0, cx8, cmov, fxsr, ht, mmx, 3dnowpref, sse, sse2, sse3, ssse3, sse4a, sse4.1, sse4.2, popcnt, lzcnt, tsc, tscinvbit, avx, avx2, aes, erms, clmul, bmi1, bmi2, adx, sha, fma, vzeroupper, clflush, clflushopt
Processor Information for all 12 processors :
  Max Mhz: 3701, Current Mhz: 3701, Mhz Limit: 3701

Memory: 4k page, system-wide physical 16328M (5887M free)
TotalPageFile size 20424M (AvailPageFile size 452M)
current process WorkingSet (physical memory assigned to process): 179M, peak: 223M
current process commit charge ("private bytes"): 366M, peak: 409M

vm_info: OpenJDK 64-Bit Server VM (17.0.12+7) for windows-amd64 JRE (17.0.12+7), built on Jul 16 2024 22:08:24 by "admin" with MS VC++ 16.10 / 16.11 (VS2019)

END.
