#
# There is insufficient memory for the Java Runtime Environment to continue.
# Native memory allocation (malloc) failed to allocate 955696 bytes. Error detail: Chunk::new
# Possible reasons:
#   The system is out of physical RAM or swap space
#   This process is running with CompressedOops enabled, and the Java Heap may be blocking the growth of the native heap
# Possible solutions:
#   Reduce memory load on the system
#   Increase physical memory or swap space
#   Check if swap backing store is full
#   Decrease Java heap size (-Xmx/-Xms)
#   Decrease number of Java threads
#   Decrease Java thread stack sizes (-Xss)
#   Set larger code cache with -XX:ReservedCodeCacheSize=
#   JVM is running with Zero Based Compressed Oops mode in which the Java heap is
#     placed in the first 32GB address space. The Java Heap base address is the
#     maximum limit for the native heap growth. Please use -XX:HeapBaseMinAddress
#     to set the Java Heap base and to place the Java Heap above 32GB virtual address.
# This output file may be truncated or incomplete.
#
#  Out of Memory Error (arena.cpp:191), pid=26556, tid=26856
#
# JRE version: OpenJDK Runtime Environment Temurin-17.0.12+7 (17.0.12+7) (build 17.0.12+7)
# Java VM: OpenJDK 64-Bit Server VM Temurin-17.0.12+7 (17.0.12+7, mixed mode, tiered, compressed oops, compressed class ptrs, parallel gc, windows-amd64)
# No core dump will be written. Minidumps are not enabled by default on client versions of Windows
#

---------------  S U M M A R Y ------------

Command Line: --add-modules=ALL-SYSTEM --add-opens=java.base/java.util=ALL-UNNAMED --add-opens=java.base/java.lang=ALL-UNNAMED --add-opens=java.base/sun.nio.fs=ALL-UNNAMED -Declipse.application=org.eclipse.jdt.ls.core.id1 -Dosgi.bundles.defaultStartLevel=4 -Declipse.product=org.eclipse.jdt.ls.core.product -Djava.import.generatesMetadataFilesAtProjectRoot=false -DDetectVMInstallationsJob.disabled=true -Dfile.encoding=utf8 -XX:+UseParallelGC -XX:GCTimeRatio=4 -XX:AdaptiveSizePolicyWeight=90 -Dsun.zip.disableMemoryMapping=true -Xmx4G -Xms100m -Xlog:disable -javaagent:c:\Users\¸¼À½\.vscode\extensions\redhat.java-1.34.0-win32-x64\lombok\lombok-1.18.33.jar c:\Users\¸¼À½\.vscode\extensions\redhat.java-1.34.0-win32-x64\server\plugins\org.eclipse.equinox.launcher_1.6.900.v20240613-2009.jar -configuration c:\Users\¸¼À½\AppData\Roaming\Code\User\globalStorage\redhat.java\1.34.0\config_ss_win -data c:\Users\¸¼À½\AppData\Roaming\Code\User\workspaceStorage\ba45a564f799ac6533c4f6e0f3ae2d63\redhat.java\ss_ws --pipe=\\.\pipe\lsp-57231799a6969aece135dafed6586651-sock

Host: AMD Ryzen 5 5600X 6-Core Processor             , 12 cores, 15G,  Windows 11 , 64 bit Build 22621 (10.0.22621.3958)
Time: Sat Sep 14 18:40:15 2024  Windows 11 , 64 bit Build 22621 (10.0.22621.3958) elapsed time: 1.143687 seconds (0d 0h 0m 1s)

---------------  T H R E A D  ---------------

Current thread (0x00000207bd9392e0):  JavaThread "C2 CompilerThread1" daemon [_thread_in_native, id=26856, stack(0x0000009baaf00000,0x0000009bab000000)]


Current CompileTask:
C2:   1143 1488       4       java.io.WinNTFileSystem::normalize (143 bytes)

Stack: [0x0000009baaf00000,0x0000009bab000000]
Native frames: (J=compiled Java code, j=interpreted, Vv=VM code, C=native code)
V  [jvm.dll+0x67f929]
V  [jvm.dll+0x8371ba]
V  [jvm.dll+0x838c7e]
V  [jvm.dll+0x8392e3]
V  [jvm.dll+0x24834f]
V  [jvm.dll+0xac9d4]
V  [jvm.dll+0xad01c]
V  [jvm.dll+0x367452]
V  [jvm.dll+0x33197a]
V  [jvm.dll+0x330e1a]
V  [jvm.dll+0x21a8b1]
V  [jvm.dll+0x219cf1]
V  [jvm.dll+0x1a58bd]
V  [jvm.dll+0x229a2d]
V  [jvm.dll+0x227bdc]
V  [jvm.dll+0x7ec1f7]
V  [jvm.dll+0x7e65dc]
V  [jvm.dll+0x67e7f7]
C  [ucrtbase.dll+0x29333]
C  [KERNEL32.DLL+0x1257d]
C  [ntdll.dll+0x5af28]


---------------  P R O C E S S  ---------------

Threads class SMR info:
_java_thread_list=0x00000207c2465d80, length=17, elements={
0x000002079b8bd250, 0x000002079b96bfe0, 0x000002079b96d250, 0x00000207bd8116e0,
0x00000207bd811fb0, 0x00000207bd8457b0, 0x00000207bd848830, 0x00000207bd854e10,
0x00000207bd85a740, 0x00000207bd863820, 0x000002079b9204e0, 0x00000207bd9392e0,
0x00000207c1b01cb0, 0x00000207bdad4f50, 0x00000207c2538730, 0x00000207c24c3a80,
0x00000207c25db6d0
}

Java Threads: ( => current thread )
  0x000002079b8bd250 JavaThread "main" [_thread_blocked, id=27204, stack(0x0000009baa200000,0x0000009baa300000)]
  0x000002079b96bfe0 JavaThread "Reference Handler" daemon [_thread_blocked, id=25652, stack(0x0000009baa500000,0x0000009baa600000)]
  0x000002079b96d250 JavaThread "Finalizer" daemon [_thread_blocked, id=15164, stack(0x0000009baa600000,0x0000009baa700000)]
  0x00000207bd8116e0 JavaThread "Signal Dispatcher" daemon [_thread_blocked, id=28872, stack(0x0000009baa700000,0x0000009baa800000)]
  0x00000207bd811fb0 JavaThread "Attach Listener" daemon [_thread_blocked, id=26012, stack(0x0000009baa800000,0x0000009baa900000)]
  0x00000207bd8457b0 JavaThread "Service Thread" daemon [_thread_blocked, id=26804, stack(0x0000009baa900000,0x0000009baaa00000)]
  0x00000207bd848830 JavaThread "Monitor Deflation Thread" daemon [_thread_blocked, id=29532, stack(0x0000009baaa00000,0x0000009baab00000)]
  0x00000207bd854e10 JavaThread "C2 CompilerThread0" daemon [_thread_in_native, id=29856, stack(0x0000009baab00000,0x0000009baac00000)]
  0x00000207bd85a740 JavaThread "C1 CompilerThread0" daemon [_thread_blocked, id=25864, stack(0x0000009baac00000,0x0000009baad00000)]
  0x00000207bd863820 JavaThread "Sweeper thread" daemon [_thread_blocked, id=29944, stack(0x0000009baad00000,0x0000009baae00000)]
  0x000002079b9204e0 JavaThread "Common-Cleaner" daemon [_thread_blocked, id=28880, stack(0x0000009baae00000,0x0000009baaf00000)]
=>0x00000207bd9392e0 JavaThread "C2 CompilerThread1" daemon [_thread_in_native, id=26856, stack(0x0000009baaf00000,0x0000009bab000000)]
  0x00000207c1b01cb0 JavaThread "Notification Thread" daemon [_thread_blocked, id=30232, stack(0x0000009bab000000,0x0000009bab100000)]
  0x00000207bdad4f50 JavaThread "C2 CompilerThread2" daemon [_thread_blocked, id=27600, stack(0x0000009bab200000,0x0000009bab300000)]
  0x00000207c2538730 JavaThread "Active Thread: Equinox Container: 1a69b121-9610-4978-a94f-e3d65e855a44" [_thread_blocked, id=21892, stack(0x0000009bab900000,0x0000009baba00000)]
  0x00000207c24c3a80 JavaThread "Framework Event Dispatcher: Equinox Container: 1a69b121-9610-4978-a94f-e3d65e855a44" daemon [_thread_blocked, id=27156, stack(0x0000009baba00000,0x0000009babb00000)]
  0x00000207c25db6d0 JavaThread "Start Level: Equinox Container: 1a69b121-9610-4978-a94f-e3d65e855a44" daemon [_thread_in_Java, id=31488, stack(0x0000009babb00000,0x0000009babc00000)]

Other Threads:
  0x000002079b969d20 VMThread "VM Thread" [stack: 0x0000009baa400000,0x0000009baa500000] [id=27100]
  0x00000207c1afd840 WatcherThread [stack: 0x0000009bab100000,0x0000009bab200000] [id=29312]
  0x000002079b8d1e60 GCTaskThread "GC Thread#0" [stack: 0x0000009baa300000,0x0000009baa400000] [id=30192]
  0x00000207c24ab8e0 GCTaskThread "GC Thread#1" [stack: 0x0000009bab300000,0x0000009bab400000] [id=30264]
  0x00000207c24367f0 GCTaskThread "GC Thread#2" [stack: 0x0000009bab400000,0x0000009bab500000] [id=25208]
  0x00000207c2436ab0 GCTaskThread "GC Thread#3" [stack: 0x0000009bab500000,0x0000009bab600000] [id=30080]
  0x00000207c2436d70 GCTaskThread "GC Thread#4" [stack: 0x0000009bab600000,0x0000009bab700000] [id=30108]
  0x00000207c2437030 GCTaskThread "GC Thread#5" [stack: 0x0000009bab700000,0x0000009bab800000] [id=29108]
  0x00000207c24372f0 GCTaskThread "GC Thread#6" [stack: 0x0000009bab800000,0x0000009bab900000] [id=24248]

Threads with active compile tasks:
C2 CompilerThread0     1170 1565   !   4       java.util.concurrent.ConcurrentHashMap::putVal (433 bytes)
C2 CompilerThread1     1170 1488       4       java.io.WinNTFileSystem::normalize (143 bytes)

VM state: not at safepoint (normal execution)

VM Mutex/Monitor currently owned by a thread: None

Heap address: 0x0000000700000000, size: 4096 MB, Compressed Oops mode: Zero based, Oop shift amount: 3

CDS archive(s) not mapped
Compressed class space mapped at: 0x0000000800000000-0x0000000840000000, reserved size: 1073741824
Narrow klass base: 0x0000000800000000, Narrow klass shift: 0, Narrow klass range: 0x40000000

GC Precious Log:
 CPUs: 12 total, 12 available
 Memory: 16328M
 Large Page Support: Disabled
 NUMA Support: Disabled
 Compressed Oops: Enabled (Zero based)
 Alignments: Space 512K, Generation 512K, Heap 2M
 Heap Min Capacity: 100M
 Heap Initial Capacity: 100M
 Heap Max Capacity: 4G
 Pre-touch: Disabled
 Parallel Workers: 10

Heap:
 PSYoungGen      total 29696K, used 27815K [0x00000007aab00000, 0x00000007acc00000, 0x0000000800000000)
  eden space 25600K, 95% used [0x00000007aab00000,0x00000007ac2e73f0,0x00000007ac400000)
  from space 4096K, 81% used [0x00000007ac400000,0x00000007ac742828,0x00000007ac800000)
  to   space 4096K, 0% used [0x00000007ac800000,0x00000007ac800000,0x00000007acc00000)
 ParOldGen       total 68608K, used 31K [0x0000000700000000, 0x0000000704300000, 0x00000007aab00000)
  object space 68608K, 0% used [0x0000000700000000,0x0000000700007de0,0x0000000704300000)
 Metaspace       used 14287K, committed 14464K, reserved 1114112K
  class space    used 1433K, committed 1536K, reserved 1048576K

Card table byte_map: [0x00000207aef10000,0x00000207af720000] _byte_map_base: 0x00000207ab710000

Marking Bits: (ParMarkBitMap*) 0x00007ffd22dd58b0
 Begin Bits: [0x00000207afc80000, 0x00000207b3c80000)
 End Bits:   [0x00000207b3c80000, 0x00000207b7c80000)

Polling page: 0x000002079b970000

Metaspace:

Usage:
  Non-class:     12.55 MB used.
      Class:      1.40 MB used.
       Both:     13.95 MB used.

Virtual space:
  Non-class space:       64.00 MB reserved,      12.62 MB ( 20%) committed,  1 nodes.
      Class space:        1.00 GB reserved,       1.50 MB ( <1%) committed,  1 nodes.
             Both:        1.06 GB reserved,      14.12 MB (  1%) committed. 

Chunk freelists:
   Non-Class:  2.95 MB
       Class:  14.42 MB
        Both:  17.37 MB

MaxMetaspaceSize: unlimited
CompressedClassSpaceSize: 1.00 GB
Initial GC threshold: 21.00 MB
Current GC threshold: 21.00 MB
CDS: off
MetaspaceReclaimPolicy: balanced
 - commit_granule_bytes: 65536.
 - commit_granule_words: 8192.
 - virtual_space_node_default_size: 8388608.
 - enlarge_chunks_in_place: 1.
 - new_chunks_are_fully_committed: 0.
 - uncommit_free_chunks: 1.
 - use_allocation_guard: 0.
 - handle_deallocations: 1.


Internal statistics:

num_allocs_failed_limit: 0.
num_arena_births: 64.
num_arena_deaths: 0.
num_vsnodes_births: 2.
num_vsnodes_deaths: 0.
num_space_committed: 226.
num_space_uncommitted: 0.
num_chunks_returned_to_freelist: 0.
num_chunks_taken_from_freelist: 261.
num_chunk_merges: 0.
num_chunk_splits: 168.
num_chunks_enlarged: 123.
num_inconsistent_stats: 0.

CodeHeap 'non-profiled nmethods': size=120000Kb used=665Kb max_used=665Kb free=119334Kb
 bounds [0x00000207a77f0000, 0x00000207a7a60000, 0x00000207aed20000]
CodeHeap 'profiled nmethods': size=120000Kb used=2872Kb max_used=2872Kb free=117127Kb
 bounds [0x000002079fd20000, 0x000002079fff0000, 0x00000207a7250000]
CodeHeap 'non-nmethods': size=5760Kb used=1167Kb max_used=1196Kb free=4592Kb
 bounds [0x00000207a7250000, 0x00000207a74c0000, 0x00000207a77f0000]
 total_blobs=2020 nmethods=1563 adapters=371
 compilation: enabled
              stopped_count=0, restarted_count=0
 full_count=0

Compilation events (20 events):
Event: 1.123 Thread 0x00000207bd854e10 nmethod 1535 0x00000207a7893610 code [0x00000207a78937a0, 0x00000207a7893a18]
Event: 1.133 Thread 0x00000207bd85a740 1539       3       java.lang.Character::codePointAt (51 bytes)
Event: 1.133 Thread 0x00000207bd85a740 nmethod 1539 0x000002079ffe4190 code [0x000002079ffe4380, 0x000002079ffe4a08]
Event: 1.133 Thread 0x00000207bd85a740 1540       3       java.lang.Character::isHighSurrogate (18 bytes)
Event: 1.133 Thread 0x00000207bd85a740 nmethod 1540 0x000002079ffe4c10 code [0x000002079ffe4da0, 0x000002079ffe4f38]
Event: 1.134 Thread 0x00000207bd85a740 1541       3       java.util.concurrent.locks.ReentrantReadWriteLock$ReadLock::lock (9 bytes)
Event: 1.134 Thread 0x00000207bd85a740 nmethod 1541 0x000002079ffe5010 code [0x000002079ffe51c0, 0x000002079ffe5308]
Event: 1.134 Thread 0x00000207bd85a740 1542       3       java.util.concurrent.locks.AbstractQueuedSynchronizer::acquireShared (20 bytes)
Event: 1.134 Thread 0x00000207bd85a740 nmethod 1542 0x000002079ffe5410 code [0x000002079ffe55c0, 0x000002079ffe5838]
Event: 1.134 Thread 0x00000207bd85a740 1543       3       java.util.concurrent.locks.ReentrantReadWriteLock$Sync::tryAcquireShared (177 bytes)
Event: 1.135 Thread 0x00000207bd85a740 nmethod 1543 0x000002079ffe5910 code [0x000002079ffe5b60, 0x000002079ffe6628]
Event: 1.135 Thread 0x00000207bd854e10 1544       4       java.lang.StringLatin1::toLowerCase (186 bytes)
Event: 1.137 Thread 0x00000207bd85a740 1545   !   3       java.util.zip.ZipFile$CleanableResource::getInflater (47 bytes)
Event: 1.137 Thread 0x00000207bd85a740 nmethod 1545 0x000002079ffe6990 code [0x000002079ffe6b60, 0x000002079ffe7078]
Event: 1.137 Thread 0x00000207bd85a740 1546       3       java.util.zip.ZipFile$InflaterCleanupAction::run (12 bytes)
Event: 1.137 Thread 0x00000207bd85a740 nmethod 1546 0x000002079ffe7210 code [0x000002079ffe73c0, 0x000002079ffe7528]
Event: 1.137 Thread 0x00000207bd85a740 1547   !   3       java.util.zip.ZipFile$CleanableResource::releaseInflater (53 bytes)
Event: 1.138 Thread 0x00000207bd85a740 nmethod 1547 0x000002079ffe7610 code [0x000002079ffe77e0, 0x000002079ffe7c08]
Event: 1.138 Thread 0x00000207bd85a740 1548   !   3       java.util.zip.Inflater::reset (64 bytes)
Event: 1.138 Thread 0x00000207bd85a740 nmethod 1548 0x000002079ffe7e10 code [0x000002079ffe7fc0, 0x000002079ffe82b8]

GC Heap History (2 events):
Event: 0.621 GC heap before
{Heap before GC invocations=1 (full 0):
 PSYoungGen      total 29696K, used 25600K [0x00000007aab00000, 0x00000007acc00000, 0x0000000800000000)
  eden space 25600K, 100% used [0x00000007aab00000,0x00000007ac400000,0x00000007ac400000)
  from space 4096K, 0% used [0x00000007ac800000,0x00000007ac800000,0x00000007acc00000)
  to   space 4096K, 0% used [0x00000007ac400000,0x00000007ac400000,0x00000007ac800000)
 ParOldGen       total 68608K, used 0K [0x0000000700000000, 0x0000000704300000, 0x00000007aab00000)
  object space 68608K, 0% used [0x0000000700000000,0x0000000700000000,0x0000000704300000)
 Metaspace       used 10927K, committed 11072K, reserved 1114112K
  class space    used 1092K, committed 1152K, reserved 1048576K
}
Event: 0.627 GC heap after
{Heap after GC invocations=1 (full 0):
 PSYoungGen      total 29696K, used 3338K [0x00000007aab00000, 0x00000007acc00000, 0x0000000800000000)
  eden space 25600K, 0% used [0x00000007aab00000,0x00000007aab00000,0x00000007ac400000)
  from space 4096K, 81% used [0x00000007ac400000,0x00000007ac742828,0x00000007ac800000)
  to   space 4096K, 0% used [0x00000007ac800000,0x00000007ac800000,0x00000007acc00000)
 ParOldGen       total 68608K, used 31K [0x0000000700000000, 0x0000000704300000, 0x00000007aab00000)
  object space 68608K, 0% used [0x0000000700000000,0x0000000700007de0,0x0000000704300000)
 Metaspace       used 10927K, committed 11072K, reserved 1114112K
  class space    used 1092K, committed 1152K, reserved 1048576K
}

Dll operation events (9 events):
Event: 0.008 Loaded shared library c:\Users\¸¼À½\.vscode\extensions\redhat.java-1.34.0-win32-x64\jre\17.0.12-win32-x86_64\bin\java.dll
Event: 0.119 Loaded shared library c:\Users\¸¼À½\.vscode\extensions\redhat.java-1.34.0-win32-x64\jre\17.0.12-win32-x86_64\bin\zip.dll
Event: 0.124 Loaded shared library C:\Users\¸¼À½\.vscode\extensions\redhat.java-1.34.0-win32-x64\jre\17.0.12-win32-x86_64\bin\instrument.dll
Event: 0.135 Loaded shared library C:\Users\¸¼À½\.vscode\extensions\redhat.java-1.34.0-win32-x64\jre\17.0.12-win32-x86_64\bin\net.dll
Event: 0.138 Loaded shared library C:\Users\¸¼À½\.vscode\extensions\redhat.java-1.34.0-win32-x64\jre\17.0.12-win32-x86_64\bin\nio.dll
Event: 0.146 Loaded shared library C:\Users\¸¼À½\.vscode\extensions\redhat.java-1.34.0-win32-x64\jre\17.0.12-win32-x86_64\bin\zip.dll
Event: 0.161 Loaded shared library C:\Users\¸¼À½\.vscode\extensions\redhat.java-1.34.0-win32-x64\jre\17.0.12-win32-x86_64\bin\jimage.dll
Event: 0.212 Loaded shared library c:\Users\¸¼À½\.vscode\extensions\redhat.java-1.34.0-win32-x64\jre\17.0.12-win32-x86_64\bin\verify.dll
Event: 1.123 Loaded shared library C:\Users\¸¼À½\AppData\Roaming\Code\User\globalStorage\redhat.java\1.34.0\config_ss_win\org.eclipse.equinox.launcher\org.eclipse.equinox.launcher.win32.win32.x86_64_1.2.1100.v20240722-2106\eclipse_11904.dll

Deoptimization events (20 events):
Event: 1.036 Thread 0x000002079b8bd250 DEOPT PACKING pc=0x00000207a7828020 sp=0x0000009baa2fc5b0
Event: 1.036 Thread 0x000002079b8bd250 DEOPT UNPACKING pc=0x00000207a72a66a3 sp=0x0000009baa2fc530 mode 2
Event: 1.037 Thread 0x000002079b8bd250 DEOPT PACKING pc=0x000002079fe5c848 sp=0x0000009baa2fc570
Event: 1.037 Thread 0x000002079b8bd250 DEOPT UNPACKING pc=0x00000207a72a6e43 sp=0x0000009baa2fb9f0 mode 0
Event: 1.055 Thread 0x000002079b8bd250 Uncommon trap: trap_request=0xffffff45 fr.pc=0x00000207a78637c0 relative=0x0000000000000140
Event: 1.055 Thread 0x000002079b8bd250 Uncommon trap: reason=unstable_if action=reinterpret pc=0x00000207a78637c0 method=java.lang.StringUTF16.indexOfCharUnsafe([BIII)I @ 16 c2
Event: 1.055 Thread 0x000002079b8bd250 DEOPT PACKING pc=0x00000207a78637c0 sp=0x0000009baa2fe330
Event: 1.055 Thread 0x000002079b8bd250 DEOPT UNPACKING pc=0x00000207a72a66a3 sp=0x0000009baa2fe2b0 mode 2
Event: 1.062 Thread 0x000002079b8bd250 DEOPT PACKING pc=0x000002079ffbe2b4 sp=0x0000009baa2fe240
Event: 1.062 Thread 0x000002079b8bd250 DEOPT UNPACKING pc=0x00000207a72a6e43 sp=0x0000009baa2fd6c0 mode 0
Event: 1.066 Thread 0x000002079b8bd250 DEOPT PACKING pc=0x000002079ffbe2b4 sp=0x0000009baa2fe290
Event: 1.066 Thread 0x000002079b8bd250 DEOPT UNPACKING pc=0x00000207a72a6e43 sp=0x0000009baa2fd710 mode 0
Event: 1.070 Thread 0x000002079b8bd250 DEOPT PACKING pc=0x000002079fd27996 sp=0x0000009baa2fe340
Event: 1.070 Thread 0x000002079b8bd250 DEOPT UNPACKING pc=0x00000207a72a6e43 sp=0x0000009baa2fd818 mode 0
Event: 1.071 Thread 0x000002079b8bd250 DEOPT PACKING pc=0x000002079ffbe2b4 sp=0x0000009baa2fe250
Event: 1.071 Thread 0x000002079b8bd250 DEOPT UNPACKING pc=0x00000207a72a6e43 sp=0x0000009baa2fd6d0 mode 0
Event: 1.076 Thread 0x000002079b8bd250 DEOPT PACKING pc=0x000002079ffbe2b4 sp=0x0000009baa2fe380
Event: 1.076 Thread 0x000002079b8bd250 DEOPT UNPACKING pc=0x00000207a72a6e43 sp=0x0000009baa2fd800 mode 0
Event: 1.080 Thread 0x000002079b8bd250 DEOPT PACKING pc=0x000002079ffbe2b4 sp=0x0000009baa2fe220
Event: 1.080 Thread 0x000002079b8bd250 DEOPT UNPACKING pc=0x00000207a72a6e43 sp=0x0000009baa2fd6a0 mode 0

Classes loaded (20 events):
Event: 1.013 Loading class java/net/ContentHandler
Event: 1.013 Loading class java/net/ContentHandler done
Event: 1.023 Loading class javax/xml/parsers/ParserConfigurationException
Event: 1.023 Loading class javax/xml/parsers/ParserConfigurationException done
Event: 1.025 Loading class java/security/KeyStoreException
Event: 1.025 Loading class java/security/KeyStoreException done
Event: 1.029 Loading class sun/security/x509/SubjectAlternativeNameExtension
Event: 1.029 Loading class sun/security/x509/SubjectAlternativeNameExtension done
Event: 1.029 Loading class sun/security/x509/RFC822Name
Event: 1.029 Loading class sun/security/x509/RFC822Name done
Event: 1.048 Loading class java/util/LinkedList$Node
Event: 1.048 Loading class java/util/LinkedList$Node done
Event: 1.048 Loading class java/util/LinkedList$ListItr
Event: 1.048 Loading class java/util/LinkedList$ListItr done
Event: 1.123 Loading class java/util/concurrent/locks/AbstractQueuedSynchronizer$SharedNode
Event: 1.124 Loading class java/util/concurrent/locks/AbstractQueuedSynchronizer$SharedNode done
Event: 1.131 Loading class java/util/concurrent/CountDownLatch
Event: 1.131 Loading class java/util/concurrent/CountDownLatch done
Event: 1.131 Loading class java/util/concurrent/CountDownLatch$Sync
Event: 1.131 Loading class java/util/concurrent/CountDownLatch$Sync done

Classes unloaded (0 events):
No events

Classes redefined (0 events):
No events

Internal exceptions (20 events):
Event: 0.384 Thread 0x000002079b8bd250 Exception <a 'java/io/FileNotFoundException'{0x00000007ab932990}> (0x00000007ab932990) 
thrown [s\src\hotspot\share\prims\jni.cpp, line 516]
Event: 0.387 Thread 0x000002079b8bd250 Implicit null exception at 0x00000207a7814975 to 0x00000207a7815164
Event: 0.389 Thread 0x000002079b8bd250 Exception <a 'java/io/FileNotFoundException'{0x00000007ab96dea8}> (0x00000007ab96dea8) 
thrown [s\src\hotspot\share\prims\jni.cpp, line 516]
Event: 0.550 Thread 0x000002079b8bd250 Exception <a 'java/lang/ClassNotFoundException'{0x00000007ac1b2f48}: sun/net/www/protocol/c/Handler> (0x00000007ac1b2f48) 
thrown [s\src\hotspot\share\classfile\systemDictionary.cpp, line 256]
Event: 0.550 Thread 0x000002079b8bd250 Exception <a 'java/lang/ClassNotFoundException'{0x00000007ac1b4360}: sun/net/www/protocol/c/Handler> (0x00000007ac1b4360) 
thrown [s\src\hotspot\share\classfile\systemDictionary.cpp, line 256]
Event: 0.550 Thread 0x000002079b8bd250 Exception <a 'java/lang/ClassNotFoundException'{0x00000007ac1b54b0}: sun/net/www/protocol/c/Handler> (0x00000007ac1b54b0) 
thrown [s\src\hotspot\share\classfile\systemDictionary.cpp, line 256]
Event: 0.560 Thread 0x000002079b8bd250 Exception <a 'java/io/FileNotFoundException'{0x00000007ac1de388}> (0x00000007ac1de388) 
thrown [s\src\hotspot\share\prims\jni.cpp, line 516]
Event: 0.599 Thread 0x000002079b8bd250 Implicit null exception at 0x00000207a784797b to 0x00000207a7848340
Event: 0.599 Thread 0x000002079b8bd250 Implicit null exception at 0x00000207a783cd6f to 0x00000207a783cf64
Event: 0.599 Thread 0x000002079b8bd250 Implicit null exception at 0x00000207a783e46f to 0x00000207a783e664
Event: 0.599 Thread 0x000002079b8bd250 Implicit null exception at 0x00000207a783468f to 0x00000207a7834709
Event: 0.650 Thread 0x000002079b8bd250 Exception <a 'java/lang/NoSuchMethodError'{0x00000007aabe3690}: 'int java.lang.invoke.DirectMethodHandle$Holder.invokeStaticInit(java.lang.Object, java.lang.Object, java.lang.Object, java.lang.Object)'> (0x00000007aabe3690) 
thrown [s\src\hotspot\share\interpreter\linkResolver.cpp, line 759]
Event: 0.651 Thread 0x000002079b8bd250 Exception <a 'java/lang/NoSuchMethodError'{0x00000007aabeddf8}: 'java.lang.Object java.lang.invoke.DirectMethodHandle$Holder.invokeInterface(java.lang.Object, java.lang.Object)'> (0x00000007aabeddf8) 
thrown [s\src\hotspot\share\interpreter\linkResolver.cpp, line 759]
Event: 0.651 Thread 0x000002079b8bd250 Exception <a 'java/lang/IncompatibleClassChangeError'{0x00000007aabf15f0}: Found class java.lang.Object, but interface was expected> (0x00000007aabf15f0) 
thrown [s\src\hotspot\share\interpreter\linkResolver.cpp, line 826]
Event: 0.652 Thread 0x000002079b8bd250 Exception <a 'java/lang/NoSuchMethodError'{0x00000007aabf5ad0}: 'void java.lang.invoke.DirectMethodHandle$Holder.invokeStatic(java.lang.Object, java.lang.Object)'> (0x00000007aabf5ad0) 
thrown [s\src\hotspot\share\interpreter\linkResolver.cpp, line 759]
Event: 0.652 Thread 0x000002079b8bd250 Exception <a 'java/lang/NoSuchMethodError'{0x00000007aabf92d0}: 'void java.lang.invoke.DirectMethodHandle$Holder.invokeStaticInit(java.lang.Object, java.lang.Object)'> (0x00000007aabf92d0) 
thrown [s\src\hotspot\share\interpreter\linkResolver.cpp, line 759]
Event: 0.652 Thread 0x000002079b8bd250 Exception <a 'java/lang/NoSuchMethodError'{0x00000007aac00810}: 'int java.lang.invoke.DirectMethodHandle$Holder.invokeStaticInit(java.lang.Object, java.lang.Object)'> (0x00000007aac00810) 
thrown [s\src\hotspot\share\interpreter\linkResolver.cpp, line 759]
Event: 0.682 Thread 0x000002079b8bd250 Exception <a 'java/lang/NoSuchMethodError'{0x00000007aad5ce18}: 'void java.lang.invoke.DirectMethodHandle$Holder.invokeSpecial(java.lang.Object, java.lang.Object, java.lang.Object)'> (0x00000007aad5ce18) 
thrown [s\src\hotspot\share\interpreter\linkResolver.cpp, line 759]
Event: 0.994 Thread 0x000002079b8bd250 Exception <a 'java/lang/NoSuchMethodError'{0x00000007ababb2e8}: 'java.lang.Object java.lang.invoke.DirectMethodHandle$Holder.newInvokeSpecial(java.lang.Object, int, java.lang.Object)'> (0x00000007ababb2e8) 
thrown [s\src\hotspot\share\interpreter\linkResolver.cpp, line 759]
Event: 1.120 Thread 0x000002079b8bd250 Exception <a 'java/lang/UnsatisfiedLinkError'{0x00000007ac0d8808}: 'void org.eclipse.equinox.launcher.JNIBridge._update_splash()'> (0x00000007ac0d8808) 
thrown [s\src\hotspot\share\prims\nativeLookup.cpp, line 543]

VM Operations (20 events):
Event: 0.179 Executing VM operation: HandshakeAllThreads
Event: 0.179 Executing VM operation: HandshakeAllThreads done
Event: 0.366 Executing VM operation: HandshakeAllThreads
Event: 0.366 Executing VM operation: HandshakeAllThreads done
Event: 0.377 Executing VM operation: HandshakeAllThreads
Event: 0.377 Executing VM operation: HandshakeAllThreads done
Event: 0.513 Executing VM operation: ICBufferFull
Event: 0.513 Executing VM operation: ICBufferFull done
Event: 0.621 Executing VM operation: ParallelGCFailedAllocation
Event: 0.627 Executing VM operation: ParallelGCFailedAllocation done
Event: 0.978 Executing VM operation: HandshakeAllThreads
Event: 0.978 Executing VM operation: HandshakeAllThreads done
Event: 0.978 Executing VM operation: HandshakeAllThreads
Event: 0.978 Executing VM operation: HandshakeAllThreads done
Event: 0.982 Executing VM operation: HandshakeAllThreads
Event: 0.982 Executing VM operation: HandshakeAllThreads done
Event: 0.991 Executing VM operation: HandshakeAllThreads
Event: 0.991 Executing VM operation: HandshakeAllThreads done
Event: 1.038 Executing VM operation: ICBufferFull
Event: 1.038 Executing VM operation: ICBufferFull done

Events (17 events):
Event: 0.028 Thread 0x000002079b8bd250 Thread added: 0x000002079b8bd250
Event: 0.036 Thread 0x000002079b96bfe0 Thread added: 0x000002079b96bfe0
Event: 0.037 Thread 0x000002079b96d250 Thread added: 0x000002079b96d250
Event: 0.057 Thread 0x00000207bd8116e0 Thread added: 0x00000207bd8116e0
Event: 0.057 Thread 0x00000207bd811fb0 Thread added: 0x00000207bd811fb0
Event: 0.058 Thread 0x00000207bd8457b0 Thread added: 0x00000207bd8457b0
Event: 0.058 Thread 0x00000207bd848830 Thread added: 0x00000207bd848830
Event: 0.058 Thread 0x00000207bd854e10 Thread added: 0x00000207bd854e10
Event: 0.058 Thread 0x00000207bd85a740 Thread added: 0x00000207bd85a740
Event: 0.058 Thread 0x00000207bd863820 Thread added: 0x00000207bd863820
Event: 0.093 Thread 0x000002079b9204e0 Thread added: 0x000002079b9204e0
Event: 0.112 Thread 0x00000207bd9392e0 Thread added: 0x00000207bd9392e0
Event: 0.273 Thread 0x00000207c1b01cb0 Thread added: 0x00000207c1b01cb0
Event: 0.375 Thread 0x00000207bdad4f50 Thread added: 0x00000207bdad4f50
Event: 0.968 Thread 0x00000207c2538730 Thread added: 0x00000207c2538730
Event: 1.117 Thread 0x00000207c24c3a80 Thread added: 0x00000207c24c3a80
Event: 1.120 Thread 0x00000207c25db6d0 Thread added: 0x00000207c25db6d0


Dynamic libraries:
0x00007ff6bc1a0000 - 0x00007ff6bc1ae000 	c:\Users\¸¼À½\.vscode\extensions\redhat.java-1.34.0-win32-x64\jre\17.0.12-win32-x86_64\bin\java.exe
0x00007ffd9b3b0000 - 0x00007ffd9b5c7000 	C:\WINDOWS\SYSTEM32\ntdll.dll
0x00007ffd99a90000 - 0x00007ffd99b54000 	C:\WINDOWS\System32\KERNEL32.DLL
0x00007ffd987a0000 - 0x00007ffd98b4d000 	C:\WINDOWS\System32\KERNELBASE.dll
0x00007ffd98dd0000 - 0x00007ffd98ee1000 	C:\WINDOWS\System32\ucrtbase.dll
0x00007ffd85b70000 - 0x00007ffd85b8b000 	c:\Users\¸¼À½\.vscode\extensions\redhat.java-1.34.0-win32-x64\jre\17.0.12-win32-x86_64\bin\VCRUNTIME140.dll
0x00007ffd89d60000 - 0x00007ffd89d77000 	c:\Users\¸¼À½\.vscode\extensions\redhat.java-1.34.0-win32-x64\jre\17.0.12-win32-x86_64\bin\jli.dll
0x00007ffd99580000 - 0x00007ffd9972e000 	C:\WINDOWS\System32\USER32.dll
0x00007ffd98770000 - 0x00007ffd98796000 	C:\WINDOWS\System32\win32u.dll
0x00007ffd78d20000 - 0x00007ffd78fb3000 	C:\WINDOWS\WinSxS\amd64_microsoft.windows.common-controls_6595b64144ccf1df_6.0.22621.3672_none_2713b9d173822955\COMCTL32.dll
0x00007ffd99730000 - 0x00007ffd99759000 	C:\WINDOWS\System32\GDI32.dll
0x00007ffd992a0000 - 0x00007ffd99347000 	C:\WINDOWS\System32\msvcrt.dll
0x00007ffd98bf0000 - 0x00007ffd98d09000 	C:\WINDOWS\System32\gdi32full.dll
0x00007ffd986d0000 - 0x00007ffd9876a000 	C:\WINDOWS\System32\msvcp_win.dll
0x00007ffd9b010000 - 0x00007ffd9b041000 	C:\WINDOWS\System32\IMM32.DLL
0x00007ffd95990000 - 0x00007ffd9599c000 	c:\Users\¸¼À½\.vscode\extensions\redhat.java-1.34.0-win32-x64\jre\17.0.12-win32-x86_64\bin\vcruntime140_1.dll
0x00007ffd775a0000 - 0x00007ffd7762d000 	c:\Users\¸¼À½\.vscode\extensions\redhat.java-1.34.0-win32-x64\jre\17.0.12-win32-x86_64\bin\msvcp140.dll
0x00007ffd22230000 - 0x00007ffd22e9a000 	c:\Users\¸¼À½\.vscode\extensions\redhat.java-1.34.0-win32-x64\jre\17.0.12-win32-x86_64\bin\server\jvm.dll
0x00007ffd9b050000 - 0x00007ffd9b102000 	C:\WINDOWS\System32\ADVAPI32.dll
0x00007ffd9b170000 - 0x00007ffd9b219000 	C:\WINDOWS\System32\sechost.dll
0x00007ffd98bc0000 - 0x00007ffd98be8000 	C:\WINDOWS\System32\bcrypt.dll
0x00007ffd990e0000 - 0x00007ffd991f4000 	C:\WINDOWS\System32\RPCRT4.dll
0x00007ffd99350000 - 0x00007ffd993c1000 	C:\WINDOWS\System32\WS2_32.dll
0x00007ffd985a0000 - 0x00007ffd985ed000 	C:\WINDOWS\SYSTEM32\POWRPROF.dll
0x00007ffd908a0000 - 0x00007ffd908d4000 	C:\WINDOWS\SYSTEM32\WINMM.dll
0x00007ffd8eca0000 - 0x00007ffd8ecaa000 	C:\WINDOWS\SYSTEM32\VERSION.dll
0x00007ffd98580000 - 0x00007ffd98593000 	C:\WINDOWS\SYSTEM32\UMPDC.dll
0x00007ffd97720000 - 0x00007ffd97738000 	C:\WINDOWS\SYSTEM32\kernel.appcore.dll
0x00007ffd93a60000 - 0x00007ffd93a6a000 	c:\Users\¸¼À½\.vscode\extensions\redhat.java-1.34.0-win32-x64\jre\17.0.12-win32-x86_64\bin\jimage.dll
0x00007ffd8f6c0000 - 0x00007ffd8f8f2000 	C:\WINDOWS\SYSTEM32\DBGHELP.DLL
0x00007ffd9a800000 - 0x00007ffd9ab8e000 	C:\WINDOWS\System32\combase.dll
0x00007ffd99eb0000 - 0x00007ffd99f87000 	C:\WINDOWS\System32\OLEAUT32.dll
0x00007ffd78cc0000 - 0x00007ffd78cf2000 	C:\WINDOWS\SYSTEM32\dbgcore.DLL
0x00007ffd99060000 - 0x00007ffd990db000 	C:\WINDOWS\System32\bcryptPrimitives.dll
0x00007ffd92b60000 - 0x00007ffd92b6e000 	c:\Users\¸¼À½\.vscode\extensions\redhat.java-1.34.0-win32-x64\jre\17.0.12-win32-x86_64\bin\instrument.dll
0x00007ffd85b40000 - 0x00007ffd85b65000 	c:\Users\¸¼À½\.vscode\extensions\redhat.java-1.34.0-win32-x64\jre\17.0.12-win32-x86_64\bin\java.dll
0x00007ffd85090000 - 0x00007ffd850a8000 	c:\Users\¸¼À½\.vscode\extensions\redhat.java-1.34.0-win32-x64\jre\17.0.12-win32-x86_64\bin\zip.dll
0x00007ffd99f90000 - 0x00007ffd9a7f7000 	C:\WINDOWS\System32\SHELL32.dll
0x00007ffd96650000 - 0x00007ffd96f4f000 	C:\WINDOWS\SYSTEM32\windows.storage.dll
0x00007ffd96510000 - 0x00007ffd9664f000 	C:\WINDOWS\SYSTEM32\wintypes.dll
0x00007ffd99c30000 - 0x00007ffd99d29000 	C:\WINDOWS\System32\SHCORE.dll
0x00007ffd99930000 - 0x00007ffd9998e000 	C:\WINDOWS\System32\shlwapi.dll
0x00007ffd98600000 - 0x00007ffd98627000 	C:\WINDOWS\SYSTEM32\profapi.dll
0x00007ffd80a30000 - 0x00007ffd80a49000 	C:\Users\¸¼À½\.vscode\extensions\redhat.java-1.34.0-win32-x64\jre\17.0.12-win32-x86_64\bin\net.dll
0x00007ffd916a0000 - 0x00007ffd917d6000 	C:\WINDOWS\SYSTEM32\WINHTTP.dll
0x00007ffd97b90000 - 0x00007ffd97bf9000 	C:\WINDOWS\system32\mswsock.dll
0x00007ffd7da20000 - 0x00007ffd7da36000 	C:\Users\¸¼À½\.vscode\extensions\redhat.java-1.34.0-win32-x64\jre\17.0.12-win32-x86_64\bin\nio.dll
0x00007ffd91ba0000 - 0x00007ffd91bb0000 	c:\Users\¸¼À½\.vscode\extensions\redhat.java-1.34.0-win32-x64\jre\17.0.12-win32-x86_64\bin\verify.dll
0x00007ffd61d10000 - 0x00007ffd61d55000 	C:\Users\¸¼À½\AppData\Roaming\Code\User\globalStorage\redhat.java\1.34.0\config_ss_win\org.eclipse.equinox.launcher\org.eclipse.equinox.launcher.win32.win32.x86_64_1.2.1100.v20240722-2106\eclipse_11904.dll
0x00007ffd993d0000 - 0x00007ffd99575000 	C:\WINDOWS\System32\ole32.dll

dbghelp: loaded successfully - version: 4.0.5 - missing functions: none
symbol engine: initialized successfully - sym options: 0x614 - pdb path: .;c:\Users\¸¼À½\.vscode\extensions\redhat.java-1.34.0-win32-x64\jre\17.0.12-win32-x86_64\bin;C:\WINDOWS\SYSTEM32;C:\WINDOWS\WinSxS\amd64_microsoft.windows.common-controls_6595b64144ccf1df_6.0.22621.3672_none_2713b9d173822955;c:\Users\¸¼À½\.vscode\extensions\redhat.java-1.34.0-win32-x64\jre\17.0.12-win32-x86_64\bin\se;c:\Users\¸¼À½\.vscode\extensions\redhat.java-1.34.0-win32-x64\jre\17.0.12-win32-x86_64\bin\;c:\Users\¸¼À½\.vscode\extensions\redhat.java-1.34.0-win32-x64\jre\17.0.12-win32-x86_64\bi;c:\Users\¸¼À½\.vscode\extensions\redhat.java-1.34.0-win32-x64\jre\17.0.12-win32-x86_64\;c:\Users\¸¼À½\.vscode\extensions\redhat.java-1.34.0-win32-x64\jre\17.0.12-win32-x86_6;c:\Users\¸¼À½\.vscode\extensions\redhat.java-1.34.0-win32-x64\jre\17.0.12-win32-x86;c:\Users\¸¼À½\.vscode\extensions\redhat.java-1.34.0-win32-x64\jre\17.0.12-win32-x86_64\bin\server;C:\Users\¸¼À½\AppData\Roaming\Code\User\globalStorage\redhat.java\1.34.0\config_ss_win\org.eclipse.equinox.launcher\org.eclipse.equinox.launcher.win32.win32.x86_64_1.2.1

VM Arguments:
jvm_args: --add-modules=ALL-SYSTEM --add-opens=java.base/java.util=ALL-UNNAMED --add-opens=java.base/java.lang=ALL-UNNAMED --add-opens=java.base/sun.nio.fs=ALL-UNNAMED -Declipse.application=org.eclipse.jdt.ls.core.id1 -Dosgi.bundles.defaultStartLevel=4 -Declipse.product=org.eclipse.jdt.ls.core.product -Djava.import.generatesMetadataFilesAtProjectRoot=false -DDetectVMInstallationsJob.disabled=true -Dfile.encoding=utf8 -XX:+UseParallelGC -XX:GCTimeRatio=4 -XX:AdaptiveSizePolicyWeight=90 -Dsun.zip.disableMemoryMapping=true -Xmx4G -Xms100m -Xlog:disable -javaagent:c:\Users\¸¼À½\.vscode\extensions\redhat.java-1.34.0-win32-x64\lombok\lombok-1.18.33.jar 
java_command: c:\Users\¸¼À½\.vscode\extensions\redhat.java-1.34.0-win32-x64\server\plugins\org.eclipse.equinox.launcher_1.6.900.v20240613-2009.jar -configuration c:\Users\¸¼À½\AppData\Roaming\Code\User\globalStorage\redhat.java\1.34.0\config_ss_win -data c:\Users\¸¼À½\AppData\Roaming\Code\User\workspaceStorage\ba45a564f799ac6533c4f6e0f3ae2d63\redhat.java\ss_ws --pipe=\\.\pipe\lsp-57231799a6969aece135dafed6586651-sock
java_class_path (initial): c:\Users\¸¼À½\.vscode\extensions\redhat.java-1.34.0-win32-x64\server\plugins\org.eclipse.equinox.launcher_1.6.900.v20240613-2009.jar
Launcher Type: SUN_STANDARD

[Global flags]
    uintx AdaptiveSizePolicyWeight                 = 90                                        {product} {command line}
     intx CICompilerCount                          = 4                                         {product} {ergonomic}
    uintx GCTimeRatio                              = 4                                         {product} {command line}
   size_t InitialHeapSize                          = 104857600                                 {product} {command line}
   size_t MaxHeapSize                              = 4294967296                                {product} {command line}
   size_t MaxNewSize                               = 1431306240                                {product} {ergonomic}
   size_t MinHeapDeltaBytes                        = 524288                                    {product} {ergonomic}
   size_t MinHeapSize                              = 104857600                                 {product} {command line}
   size_t NewSize                                  = 34603008                                  {product} {ergonomic}
    uintx NonNMethodCodeHeapSize                   = 5839372                                {pd product} {ergonomic}
    uintx NonProfiledCodeHeapSize                  = 122909434                              {pd product} {ergonomic}
   size_t OldSize                                  = 70254592                                  {product} {ergonomic}
    uintx ProfiledCodeHeapSize                     = 122909434                              {pd product} {ergonomic}
    uintx ReservedCodeCacheSize                    = 251658240                              {pd product} {ergonomic}
     bool SegmentedCodeCache                       = true                                      {product} {ergonomic}
   size_t SoftMaxHeapSize                          = 4294967296                             {manageable} {ergonomic}
     bool UseCompressedClassPointers               = true                           {product lp64_product} {ergonomic}
     bool UseCompressedOops                        = true                           {product lp64_product} {ergonomic}
     bool UseLargePagesIndividualAllocation        = false                                  {pd product} {ergonomic}
     bool UseParallelGC                            = true                                      {product} {command line}

Logging:
Log output configuration:
 #0: stdout all=off uptime,level,tags
 #1: stderr all=off uptime,level,tags

Environment Variables:
JAVA_HOME=C:\Program Files\Amazon Corretto\jdk17.0.12_7
CLASSPATH=C:\Program Files\Amazon Corretto\jdk17.0.12_7\lib
PATH=C:\Program Files\Amazon Corretto\jdk17.0.12_7\bin;C:\Program Files\Common Files\Oracle\Java\javapath;C:\Program Files\Java\jdk-8.0.392.8-hotspot\bin;C:\Program Files\Python39\Scripts\;C:\Program Files\Python39\;C:\WINDOWS\system32;C:\WINDOWS;C:\WINDOWS\System32\Wbem;C:\WINDOWS\System32\WindowsPowerShell\v1.0\;C:\WINDOWS\System32\OpenSSH\;C:\Program Files\dotnet\;C:\Program Files\Git\cmd;C:\Program Files\Amazon Corretto\jdk17.0.12_7\bin;C:\Program Files\Bandizip\;C:\Program Files\nodejs\;C:\Users\¸¼À½\AppData\Local\Microsoft\WindowsApps;;C:\Users\¸¼À½\AppData\Local\afreeca;C:\Users\¸¼À½\AppData\Local\Programs\Microsoft VS Code\bin;C:\Users\¸¼À½\AppData\Roaming\npm
USERNAME=¸¼À½
OS=Windows_NT
PROCESSOR_IDENTIFIER=AMD64 Family 25 Model 33 Stepping 2, AuthenticAMD
TMP=C:\Users\¸¼À½\AppData\Local\Temp
TEMP=C:\Users\¸¼À½\AppData\Local\Temp



Periodic native trim disabled


---------------  S Y S T E M  ---------------

OS:
 Windows 11 , 64 bit Build 22621 (10.0.22621.3958)
OS uptime: 0 days 6:06 hours

CPU: total 12 (initial active 12) (12 cores per cpu, 2 threads per core) family 25 model 33 stepping 2 microcode 0x0, cx8, cmov, fxsr, ht, mmx, 3dnowpref, sse, sse2, sse3, ssse3, sse4a, sse4.1, sse4.2, popcnt, lzcnt, tsc, tscinvbit, avx, avx2, aes, erms, clmul, bmi1, bmi2, adx, sha, fma, vzeroupper, clflush, clflushopt
Processor Information for all 12 processors :
  Max Mhz: 3701, Current Mhz: 3701, Mhz Limit: 3701

Memory: 4k page, system-wide physical 16328M (6247M free)
TotalPageFile size 20424M (AvailPageFile size 9M)
current process WorkingSet (physical memory assigned to process): 91M, peak: 91M
current process commit charge ("private bytes"): 319M, peak: 319M

vm_info: OpenJDK 64-Bit Server VM (17.0.12+7) for windows-amd64 JRE (17.0.12+7), built on Jul 16 2024 22:08:24 by "admin" with MS VC++ 16.10 / 16.11 (VS2019)

END.
