#
# There is insufficient memory for the Java Runtime Environment to continue.
# Native memory allocation (malloc) failed to allocate 32744 bytes. Error detail: ChunkPool::allocate
# Possible reasons:
#   The system is out of physical RAM or swap space
#   This process is running with CompressedOops enabled, and the Java Heap may be blocking the growth of the native heap
# Possible solutions:
#   Reduce memory load on the system
#   Increase physical memory or swap space
#   Check if swap backing store is full
#   Decrease Java heap size (-Xmx/-Xms)
#   Decrease number of Java threads
#   Decrease Java thread stack sizes (-Xss)
#   Set larger code cache with -XX:ReservedCodeCacheSize=
#   JVM is running with Zero Based Compressed Oops mode in which the Java heap is
#     placed in the first 32GB address space. The Java Heap base address is the
#     maximum limit for the native heap growth. Please use -XX:HeapBaseMinAddress
#     to set the Java Heap base and to place the Java Heap above 32GB virtual address.
# This output file may be truncated or incomplete.
#
#  Out of Memory Error (arena.cpp:79), pid=29940, tid=30216
#
# JRE version: OpenJDK Runtime Environment Temurin-17.0.12+7 (17.0.12+7) (build 17.0.12+7)
# Java VM: OpenJDK 64-Bit Server VM Temurin-17.0.12+7 (17.0.12+7, mixed mode, tiered, compressed oops, compressed class ptrs, parallel gc, windows-amd64)
# No core dump will be written. Minidumps are not enabled by default on client versions of Windows
#

---------------  S U M M A R Y ------------

Command Line: --add-modules=ALL-SYSTEM --add-opens=java.base/java.util=ALL-UNNAMED --add-opens=java.base/java.lang=ALL-UNNAMED --add-opens=java.base/sun.nio.fs=ALL-UNNAMED -Declipse.application=org.eclipse.jdt.ls.core.id1 -Dosgi.bundles.defaultStartLevel=4 -Declipse.product=org.eclipse.jdt.ls.core.product -Djava.import.generatesMetadataFilesAtProjectRoot=false -DDetectVMInstallationsJob.disabled=true -Dfile.encoding=utf8 -XX:+UseParallelGC -XX:GCTimeRatio=4 -XX:AdaptiveSizePolicyWeight=90 -Dsun.zip.disableMemoryMapping=true -Xmx4G -Xms100m -Xlog:disable -javaagent:c:\Users\¸¼À½\.vscode\extensions\redhat.java-1.34.0-win32-x64\lombok\lombok-1.18.33.jar c:\Users\¸¼À½\.vscode\extensions\redhat.java-1.34.0-win32-x64\server\plugins\org.eclipse.equinox.launcher_1.6.900.v20240613-2009.jar -configuration c:\Users\¸¼À½\AppData\Roaming\Code\User\globalStorage\redhat.java\1.34.0\config_ss_win -data c:\Users\¸¼À½\AppData\Roaming\Code\User\workspaceStorage\ba45a564f799ac6533c4f6e0f3ae2d63\redhat.java\ss_ws --pipe=\\.\pipe\lsp-0c690d08ca903ab0f2e94350c8b537c2-sock

Host: AMD Ryzen 5 5600X 6-Core Processor             , 12 cores, 15G,  Windows 11 , 64 bit Build 22621 (10.0.22621.3958)
Time: Sat Sep 14 18:45:07 2024  Windows 11 , 64 bit Build 22621 (10.0.22621.3958) elapsed time: 6.567850 seconds (0d 0h 0m 6s)

---------------  T H R E A D  ---------------

Current thread (0x000001aa850ca9c0):  JavaThread "C1 CompilerThread0" daemon [_thread_in_native, id=30216, stack(0x000000517a000000,0x000000517a100000)]


Current CompileTask:
C1:   6567 4447   !   3       java.util.regex.Pattern::closure (276 bytes)

Stack: [0x000000517a000000,0x000000517a100000]
Native frames: (J=compiled Java code, j=interpreted, Vv=VM code, C=native code)
V  [jvm.dll+0x67f929]
V  [jvm.dll+0x8371ba]
V  [jvm.dll+0x838c7e]
V  [jvm.dll+0x8392e3]
V  [jvm.dll+0x24834f]
V  [jvm.dll+0xacbd1]
V  [jvm.dll+0xad01c]
V  [jvm.dll+0x24a600]
V  [jvm.dll+0x1365f2]
V  [jvm.dll+0x135b9a]
V  [jvm.dll+0x137851]
V  [jvm.dll+0x229a2d]
V  [jvm.dll+0x227bdc]
V  [jvm.dll+0x7ec1f7]
V  [jvm.dll+0x7e65dc]
V  [jvm.dll+0x67e7f7]
C  [ucrtbase.dll+0x29333]
C  [KERNEL32.DLL+0x1257d]
C  [ntdll.dll+0x5af28]


---------------  P R O C E S S  ---------------

Threads class SMR info:
_java_thread_list=0x000001aa8b14ff90, length=43, elements={
0x000001aae06fad70, 0x000001aafb590010, 0x000001aafb591500, 0x000001aae07ae460,
0x000001aafb59df90, 0x000001aafb59e960, 0x000001aa850c8410, 0x000001aa850c90c0,
0x000001aa850ca9c0, 0x000001aa850cb2d0, 0x000001aa851a3d00, 0x000001aa893f7bc0,
0x000001aa89dd33e0, 0x000001aa8982de60, 0x000001aa89e1d320, 0x000001aa8a2478a0,
0x000001aa89a56e60, 0x000001aa8a259f20, 0x000001aa8a02bc20, 0x000001aa8a258ff0,
0x000001aa8a25b870, 0x000001aa8a25a940, 0x000001aa8a259500, 0x000001aa8a25bd80,
0x000001aa8a25ae50, 0x000001aa8a25c290, 0x000001aa8a25b360, 0x000001aa8a25c7a0,
0x000001aa8a259a10, 0x000001aa8a5cc820, 0x000001aa8a5cdc60, 0x000001aa8a5ce170,
0x000001aa8a5ce680, 0x000001aa8a5ceb90, 0x000001aa8a5cb3e0, 0x000001aa8a5cf0a0,
0x000001aa8a5cf5b0, 0x000001aa8a5c9a90, 0x000001aa8a5cb8f0, 0x000001aa8a5ca9c0,
0x000001aa8a5cfac0, 0x000001aa8a5cffd0, 0x000001aa8a5caed0
}

Java Threads: ( => current thread )
  0x000001aae06fad70 JavaThread "main" [_thread_blocked, id=31896, stack(0x0000005179600000,0x0000005179700000)]
  0x000001aafb590010 JavaThread "Reference Handler" daemon [_thread_blocked, id=31616, stack(0x0000005179900000,0x0000005179a00000)]
  0x000001aafb591500 JavaThread "Finalizer" daemon [_thread_blocked, id=3660, stack(0x0000005179a00000,0x0000005179b00000)]
  0x000001aae07ae460 JavaThread "Signal Dispatcher" daemon [_thread_blocked, id=29156, stack(0x0000005179b00000,0x0000005179c00000)]
  0x000001aafb59df90 JavaThread "Attach Listener" daemon [_thread_blocked, id=28728, stack(0x0000005179c00000,0x0000005179d00000)]
  0x000001aafb59e960 JavaThread "Service Thread" daemon [_thread_blocked, id=25040, stack(0x0000005179d00000,0x0000005179e00000)]
  0x000001aa850c8410 JavaThread "Monitor Deflation Thread" daemon [_thread_blocked, id=2288, stack(0x0000005179e00000,0x0000005179f00000)]
  0x000001aa850c90c0 JavaThread "C2 CompilerThread0" daemon [_thread_in_native, id=13264, stack(0x0000005179f00000,0x000000517a000000)]
=>0x000001aa850ca9c0 JavaThread "C1 CompilerThread0" daemon [_thread_in_native, id=30216, stack(0x000000517a000000,0x000000517a100000)]
  0x000001aa850cb2d0 JavaThread "Sweeper thread" daemon [_thread_blocked, id=28064, stack(0x000000517a100000,0x000000517a200000)]
  0x000001aa851a3d00 JavaThread "Common-Cleaner" daemon [_thread_blocked, id=28880, stack(0x000000517a200000,0x000000517a300000)]
  0x000001aa893f7bc0 JavaThread "Notification Thread" daemon [_thread_blocked, id=26016, stack(0x000000517a400000,0x000000517a500000)]
  0x000001aa89dd33e0 JavaThread "Active Thread: Equinox Container: 744b1e26-a280-4b04-9c0d-90c204c50f16" [_thread_blocked, id=29368, stack(0x000000517a600000,0x000000517a700000)]
  0x000001aa8982de60 JavaThread "Framework Event Dispatcher: Equinox Container: 744b1e26-a280-4b04-9c0d-90c204c50f16" daemon [_thread_blocked, id=31320, stack(0x000000517ad00000,0x000000517ae00000)]
  0x000001aa89e1d320 JavaThread "Start Level: Equinox Container: 744b1e26-a280-4b04-9c0d-90c204c50f16" daemon [_thread_blocked, id=28136, stack(0x000000517ae00000,0x000000517af00000)]
  0x000001aa8a2478a0 JavaThread "SCR Component Actor" daemon [_thread_blocked, id=27028, stack(0x000000517af00000,0x000000517b000000)]
  0x000001aa89a56e60 JavaThread "SCR Component Registry" daemon [_thread_blocked, id=22280, stack(0x000000517a300000,0x000000517a400000)]
  0x000001aa8a259f20 JavaThread "Worker-JM" [_thread_blocked, id=6200, stack(0x000000517b100000,0x000000517b200000)]
  0x000001aa8a02bc20 JavaThread "C2 CompilerThread1" daemon [_thread_in_native, id=28364, stack(0x000000517b200000,0x000000517b300000)]
  0x000001aa8a258ff0 JavaThread "JNA Cleaner" daemon [_thread_blocked, id=25912, stack(0x000000517b500000,0x000000517b600000)]
  0x000001aa8a25b870 JavaThread "Worker-0" [_thread_blocked, id=29336, stack(0x000000517b600000,0x000000517b700000)]
  0x000001aa8a25a940 JavaThread "Worker-1" [_thread_blocked, id=29692, stack(0x000000517b700000,0x000000517b800000)]
  0x000001aa8a259500 JavaThread "Thread-2" daemon [_thread_in_native, id=28028, stack(0x000000517bb00000,0x000000517bc00000)]
  0x000001aa8a25bd80 JavaThread "Thread-3" daemon [_thread_in_native, id=26684, stack(0x000000517bc00000,0x000000517bd00000)]
  0x000001aa8a25ae50 JavaThread "Thread-4" daemon [_thread_in_native, id=25244, stack(0x000000517bd00000,0x000000517be00000)]
  0x000001aa8a25c290 JavaThread "Thread-5" daemon [_thread_in_native, id=26824, stack(0x000000517be00000,0x000000517bf00000)]
  0x000001aa8a25b360 JavaThread "Thread-6" daemon [_thread_in_native, id=28128, stack(0x000000517bf00000,0x000000517c000000)]
  0x000001aa8a25c7a0 JavaThread "Thread-7" daemon [_thread_in_native, id=336, stack(0x000000517c000000,0x000000517c100000)]
  0x000001aa8a259a10 JavaThread "Thread-8" daemon [_thread_in_native, id=27400, stack(0x000000517c100000,0x000000517c200000)]
  0x000001aa8a5cc820 JavaThread "Thread-9" daemon [_thread_in_native, id=29612, stack(0x000000517c200000,0x000000517c300000)]
  0x000001aa8a5cdc60 JavaThread "Thread-10" daemon [_thread_in_native, id=29068, stack(0x000000517c300000,0x000000517c400000)]
  0x000001aa8a5ce170 JavaThread "Thread-11" daemon [_thread_in_native, id=29724, stack(0x000000517c400000,0x000000517c500000)]
  0x000001aa8a5ce680 JavaThread "Thread-12" daemon [_thread_in_native, id=25252, stack(0x000000517c500000,0x000000517c600000)]
  0x000001aa8a5ceb90 JavaThread "Thread-13" daemon [_thread_in_Java, id=31540, stack(0x000000517c600000,0x000000517c700000)]
  0x000001aa8a5cb3e0 JavaThread "Thread-14" daemon [_thread_in_native, id=28472, stack(0x000000517c700000,0x000000517c800000)]
  0x000001aa8a5cf0a0 JavaThread "pool-2-thread-1" [_thread_blocked, id=28940, stack(0x000000517c800000,0x000000517c900000)]
  0x000001aa8a5cf5b0 JavaThread "WorkspaceEventsHandler" [_thread_blocked, id=31028, stack(0x000000517c900000,0x000000517ca00000)]
  0x000001aa8a5c9a90 JavaThread "pool-1-thread-1" [_thread_blocked, id=30728, stack(0x000000517ca00000,0x000000517cb00000)]
  0x000001aa8a5cb8f0 JavaThread "ForkJoinPool.commonPool-worker-1" daemon [_thread_blocked, id=31176, stack(0x000000517b800000,0x000000517b900000)]
  0x000001aa8a5ca9c0 JavaThread "ForkJoinPool.commonPool-worker-2" daemon [_thread_blocked, id=25328, stack(0x000000517cb00000,0x000000517cc00000)]
  0x000001aa8a5cfac0 JavaThread "ForkJoinPool.commonPool-worker-3" daemon [_thread_blocked, id=29676, stack(0x000000517cc00000,0x000000517cd00000)]
  0x000001aa8a5cffd0 JavaThread "ForkJoinPool.commonPool-worker-4" daemon [_thread_blocked, id=28036, stack(0x000000517ce00000,0x000000517cf00000)]
  0x000001aa8a5caed0 JavaThread "ForkJoinPool.commonPool-worker-5" daemon [_thread_in_vm, id=32340, stack(0x000000517cf00000,0x000000517d000000)]

Other Threads:
  0x000001aa85082860 VMThread "VM Thread" [stack: 0x0000005179800000,0x0000005179900000] [id=31640]
  0x000001aa893fa0b0 WatcherThread [stack: 0x000000517a500000,0x000000517a600000] [id=31380]
  0x000001aae0710c10 GCTaskThread "GC Thread#0" [stack: 0x0000005179700000,0x0000005179800000] [id=1240]
  0x000001aa89bba1f0 GCTaskThread "GC Thread#1" [stack: 0x000000517a700000,0x000000517a800000] [id=26936]
  0x000001aa89fef430 GCTaskThread "GC Thread#2" [stack: 0x000000517a800000,0x000000517a900000] [id=29772]
  0x000001aa89695180 GCTaskThread "GC Thread#3" [stack: 0x000000517a900000,0x000000517aa00000] [id=27512]
  0x000001aa894f8fc0 GCTaskThread "GC Thread#4" [stack: 0x000000517aa00000,0x000000517ab00000] [id=27328]
  0x000001aa894f9280 GCTaskThread "GC Thread#5" [stack: 0x000000517ab00000,0x000000517ac00000] [id=25744]
  0x000001aa894f9540 GCTaskThread "GC Thread#6" [stack: 0x000000517ac00000,0x000000517ad00000] [id=25800]
  0x000001aa8968ba40 GCTaskThread "GC Thread#7" [stack: 0x000000517b000000,0x000000517b100000] [id=30924]
  0x000001aa89e442c0 GCTaskThread "GC Thread#8" [stack: 0x000000517b300000,0x000000517b400000] [id=29684]
  0x000001aa89e44580 GCTaskThread "GC Thread#9" [stack: 0x000000517b400000,0x000000517b500000] [id=31184]

Threads with active compile tasks:
C2 CompilerThread0     6597 4441       4       jdk.internal.org.objectweb.asm.SymbolTable::addConstantUtf8 (98 bytes)
C1 CompilerThread0     6597 4447   !   3       java.util.regex.Pattern::closure (276 bytes)
C2 CompilerThread1     6597 4343   !   4       org.eclipse.osgi.internal.loader.classpath.ClasspathManager::findLocalClass (210 bytes)

VM state: not at safepoint (normal execution)

VM Mutex/Monitor currently owned by a thread: None

Heap address: 0x0000000700000000, size: 4096 MB, Compressed Oops mode: Zero based, Oop shift amount: 3

CDS archive(s) not mapped
Compressed class space mapped at: 0x0000000800000000-0x0000000840000000, reserved size: 1073741824
Narrow klass base: 0x0000000800000000, Narrow klass shift: 0, Narrow klass range: 0x40000000

GC Precious Log:
 CPUs: 12 total, 12 available
 Memory: 16328M
 Large Page Support: Disabled
 NUMA Support: Disabled
 Compressed Oops: Enabled (Zero based)
 Alignments: Space 512K, Generation 512K, Heap 2M
 Heap Min Capacity: 100M
 Heap Initial Capacity: 100M
 Heap Max Capacity: 4G
 Pre-touch: Disabled
 Parallel Workers: 10

Heap:
 PSYoungGen      total 22528K, used 18884K [0x00000007aab00000, 0x00000007ac300000, 0x0000000800000000)
  eden space 22016K, 83% used [0x00000007aab00000,0x00000007abd092f0,0x00000007ac080000)
  from space 512K, 81% used [0x00000007ac280000,0x00000007ac2e8000,0x00000007ac300000)
  to   space 1024K, 0% used [0x00000007ac100000,0x00000007ac100000,0x00000007ac200000)
 ParOldGen       total 68608K, used 22632K [0x0000000700000000, 0x0000000704300000, 0x00000007aab00000)
  object space 68608K, 32% used [0x0000000700000000,0x000000070161a3f8,0x0000000704300000)
 Metaspace       used 43828K, committed 44544K, reserved 1114112K
  class space    used 4437K, committed 4736K, reserved 1048576K

Card table byte_map: [0x000001aaf2390000,0x000001aaf2ba0000] _byte_map_base: 0x000001aaeeb90000

Marking Bits: (ParMarkBitMap*) 0x00007ffd22dd58b0
 Begin Bits: [0x000001aaf2ba0000, 0x000001aaf6ba0000)
 End Bits:   [0x000001aaf6ba0000, 0x000001aafaba0000)

Polling page: 0x000001aade6c0000

Metaspace:

Usage:
  Non-class:     38.47 MB used.
      Class:      4.33 MB used.
       Both:     42.80 MB used.

Virtual space:
  Non-class space:       64.00 MB reserved,      38.88 MB ( 61%) committed,  1 nodes.
      Class space:        1.00 GB reserved,       4.62 MB ( <1%) committed,  1 nodes.
             Both:        1.06 GB reserved,      43.50 MB (  4%) committed. 

Chunk freelists:
   Non-Class:  9.00 MB
       Class:  11.33 MB
        Both:  20.33 MB

MaxMetaspaceSize: unlimited
CompressedClassSpaceSize: 1.00 GB
Initial GC threshold: 21.00 MB
Current GC threshold: 58.38 MB
CDS: off
MetaspaceReclaimPolicy: balanced
 - commit_granule_bytes: 65536.
 - commit_granule_words: 8192.
 - virtual_space_node_default_size: 8388608.
 - enlarge_chunks_in_place: 1.
 - new_chunks_are_fully_committed: 0.
 - uncommit_free_chunks: 1.
 - use_allocation_guard: 0.
 - handle_deallocations: 1.


Internal statistics:

num_allocs_failed_limit: 6.
num_arena_births: 424.
num_arena_deaths: 14.
num_vsnodes_births: 2.
num_vsnodes_deaths: 0.
num_space_committed: 697.
num_space_uncommitted: 0.
num_chunks_returned_to_freelist: 20.
num_chunks_taken_from_freelist: 1870.
num_chunk_merges: 11.
num_chunk_splits: 1210.
num_chunks_enlarged: 818.
num_inconsistent_stats: 0.

CodeHeap 'non-profiled nmethods': size=120000Kb used=2314Kb max_used=2314Kb free=117685Kb
 bounds [0x000001aaeae60000, 0x000001aaeb0d0000, 0x000001aaf2390000]
CodeHeap 'profiled nmethods': size=120000Kb used=9437Kb max_used=9437Kb free=110562Kb
 bounds [0x000001aae3390000, 0x000001aae3cd0000, 0x000001aaea8c0000]
CodeHeap 'non-nmethods': size=5760Kb used=1323Kb max_used=1358Kb free=4436Kb
 bounds [0x000001aaea8c0000, 0x000001aaeab30000, 0x000001aaeae60000]
 total_blobs=5099 nmethods=4438 adapters=575
 compilation: enabled
              stopped_count=0, restarted_count=0
 full_count=0

Compilation events (20 events):
Event: 6.214 Thread 0x000001aa8bdff750 4432       4       java.util.stream.AbstractPipeline::isParallel (8 bytes)
Event: 6.214 Thread 0x000001aa850ca9c0 nmethod 4438 0x000001aae3cc1510 code [0x000001aae3cc16e0, 0x000001aae3cc1b38]
Event: 6.214 Thread 0x000001aa850ca9c0 4437       3       com.google.gson.internal.$Gson$Types::equals (286 bytes)
Event: 6.214 Thread 0x000001aa8bdff750 nmethod 4432 0x000001aaeb0a0f90 code [0x000001aaeb0a1100, 0x000001aaeb0a1198]
Event: 6.214 Thread 0x000001aa8bdff750 4435       4       java.lang.String::valueOf (15 bytes)
Event: 6.215 Thread 0x000001aa8bdff750 nmethod 4435 0x000001aaeb0a1290 code [0x000001aaeb0a1400, 0x000001aaeb0a1498]
Event: 6.215 Thread 0x000001aa8bdff750 4439       4       java.lang.AbstractStringBuilder::checkRange (63 bytes)
Event: 6.216 Thread 0x000001aa850ca9c0 nmethod 4437 0x000001aae3cc1d10 code [0x000001aae3cc2180, 0x000001aae3cc4d48]
Event: 6.216 Thread 0x000001aa850ca9c0 4427       1       org.eclipse.core.internal.resources.ResourceInfo::getFileStoreRoot (5 bytes)
Event: 6.216 Thread 0x000001aa850ca9c0 nmethod 4427 0x000001aaeb0a1590 code [0x000001aaeb0a1720, 0x000001aaeb0a17f8]
Event: 6.216 Thread 0x000001aa8bdff750 nmethod 4439 0x000001aaeb0a1890 code [0x000001aaeb0a1a00, 0x000001aaeb0a1ab8]
Event: 6.218 Thread 0x000001aa850c90c0 nmethod 4431 0x000001aaeb0a1b90 code [0x000001aaeb0a1d20, 0x000001aaeb0a21b8]
Event: 6.410 Thread 0x000001aa850ca9c0 4440       3       java.util.HashSet::size (8 bytes)
Event: 6.410 Thread 0x000001aa850ca9c0 nmethod 4440 0x000001aae3cc5390 code [0x000001aae3cc5520, 0x000001aae3cc56d8]
Event: 6.561 Thread 0x000001aa850c90c0 4441       4       jdk.internal.org.objectweb.asm.SymbolTable::addConstantUtf8 (98 bytes)
Event: 6.561 Thread 0x000001aa850ca9c0 4442       3       java.lang.invoke.MethodHandleNatives::refKindIsGetter (32 bytes)
Event: 6.561 Thread 0x000001aa850ca9c0 nmethod 4442 0x000001aae3cc5790 code [0x000001aae3cc5920, 0x000001aae3cc5a78]
Event: 6.562 Thread 0x000001aa850ca9c0 4444       3       java.lang.invoke.InvokerBytecodeGenerator::isStaticallyNameable (150 bytes)
Event: 6.563 Thread 0x000001aa850ca9c0 nmethod 4444 0x000001aae3cc5b10 code [0x000001aae3cc5e40, 0x000001aae3cc7158]
Event: 6.566 Thread 0x000001aa850ca9c0 4447   !   3       java.util.regex.Pattern::closure (276 bytes)

GC Heap History (20 events):
Event: 3.672 GC heap before
{Heap before GC invocations=9 (full 1):
 PSYoungGen      total 26624K, used 26601K [0x00000007aab00000, 0x00000007acb80000, 0x0000000800000000)
  eden space 24064K, 100% used [0x00000007aab00000,0x00000007ac280000,0x00000007ac280000)
  from space 2560K, 99% used [0x00000007ac480000,0x00000007ac6fa570,0x00000007ac700000)
  to   space 4608K, 0% used [0x00000007ac700000,0x00000007ac700000,0x00000007acb80000)
 ParOldGen       total 68608K, used 8976K [0x0000000700000000, 0x0000000704300000, 0x00000007aab00000)
  object space 68608K, 13% used [0x0000000700000000,0x00000007008c4000,0x0000000704300000)
 Metaspace       used 33945K, committed 34624K, reserved 1114112K
  class space    used 3379K, committed 3584K, reserved 1048576K
}
Event: 3.674 GC heap after
{Heap after GC invocations=9 (full 1):
 PSYoungGen      total 27648K, used 3650K [0x00000007aab00000, 0x00000007acb00000, 0x0000000800000000)
  eden space 23552K, 0% used [0x00000007aab00000,0x00000007aab00000,0x00000007ac200000)
  from space 4096K, 89% used [0x00000007ac700000,0x00000007aca90840,0x00000007acb00000)
  to   space 4096K, 0% used [0x00000007ac300000,0x00000007ac300000,0x00000007ac700000)
 ParOldGen       total 68608K, used 8984K [0x0000000700000000, 0x0000000704300000, 0x00000007aab00000)
  object space 68608K, 13% used [0x0000000700000000,0x00000007008c6000,0x0000000704300000)
 Metaspace       used 33945K, committed 34624K, reserved 1114112K
  class space    used 3379K, committed 3584K, reserved 1048576K
}
Event: 3.837 GC heap before
{Heap before GC invocations=10 (full 1):
 PSYoungGen      total 27648K, used 12643K [0x00000007aab00000, 0x00000007acb00000, 0x0000000800000000)
  eden space 23552K, 38% used [0x00000007aab00000,0x00000007ab3c85f8,0x00000007ac200000)
  from space 4096K, 89% used [0x00000007ac700000,0x00000007aca90840,0x00000007acb00000)
  to   space 4096K, 0% used [0x00000007ac300000,0x00000007ac300000,0x00000007ac700000)
 ParOldGen       total 68608K, used 8984K [0x0000000700000000, 0x0000000704300000, 0x00000007aab00000)
  object space 68608K, 13% used [0x0000000700000000,0x00000007008c6000,0x0000000704300000)
 Metaspace       used 35189K, committed 35840K, reserved 1114112K
  class space    used 3522K, committed 3776K, reserved 1048576K
}
Event: 3.839 GC heap after
{Heap after GC invocations=10 (full 1):
 PSYoungGen      total 26624K, used 2899K [0x00000007aab00000, 0x00000007ac900000, 0x0000000800000000)
  eden space 23552K, 0% used [0x00000007aab00000,0x00000007aab00000,0x00000007ac200000)
  from space 3072K, 94% used [0x00000007ac300000,0x00000007ac5d4d48,0x00000007ac600000)
  to   space 3072K, 0% used [0x00000007ac600000,0x00000007ac600000,0x00000007ac900000)
 ParOldGen       total 68608K, used 10514K [0x0000000700000000, 0x0000000704300000, 0x00000007aab00000)
  object space 68608K, 15% used [0x0000000700000000,0x0000000700a44a50,0x0000000704300000)
 Metaspace       used 35189K, committed 35840K, reserved 1114112K
  class space    used 3522K, committed 3776K, reserved 1048576K
}
Event: 3.839 GC heap before
{Heap before GC invocations=11 (full 2):
 PSYoungGen      total 26624K, used 2899K [0x00000007aab00000, 0x00000007ac900000, 0x0000000800000000)
  eden space 23552K, 0% used [0x00000007aab00000,0x00000007aab00000,0x00000007ac200000)
  from space 3072K, 94% used [0x00000007ac300000,0x00000007ac5d4d48,0x00000007ac600000)
  to   space 3072K, 0% used [0x00000007ac600000,0x00000007ac600000,0x00000007ac900000)
 ParOldGen       total 68608K, used 10514K [0x0000000700000000, 0x0000000704300000, 0x00000007aab00000)
  object space 68608K, 15% used [0x0000000700000000,0x0000000700a44a50,0x0000000704300000)
 Metaspace       used 35189K, committed 35840K, reserved 1114112K
  class space    used 3522K, committed 3776K, reserved 1048576K
}
Event: 3.861 GC heap after
{Heap after GC invocations=11 (full 2):
 PSYoungGen      total 26624K, used 0K [0x00000007aab00000, 0x00000007ac900000, 0x0000000800000000)
  eden space 23552K, 0% used [0x00000007aab00000,0x00000007aab00000,0x00000007ac200000)
  from space 3072K, 0% used [0x00000007ac300000,0x00000007ac300000,0x00000007ac600000)
  to   space 3072K, 0% used [0x00000007ac600000,0x00000007ac600000,0x00000007ac900000)
 ParOldGen       total 68608K, used 13074K [0x0000000700000000, 0x0000000704300000, 0x00000007aab00000)
  object space 68608K, 19% used [0x0000000700000000,0x0000000700cc4858,0x0000000704300000)
 Metaspace       used 35189K, committed 35840K, reserved 1114112K
  class space    used 3522K, committed 3776K, reserved 1048576K
}
Event: 4.366 GC heap before
{Heap before GC invocations=12 (full 2):
 PSYoungGen      total 26624K, used 23552K [0x00000007aab00000, 0x00000007ac900000, 0x0000000800000000)
  eden space 23552K, 100% used [0x00000007aab00000,0x00000007ac200000,0x00000007ac200000)
  from space 3072K, 0% used [0x00000007ac300000,0x00000007ac300000,0x00000007ac600000)
  to   space 3072K, 0% used [0x00000007ac600000,0x00000007ac600000,0x00000007ac900000)
 ParOldGen       total 68608K, used 13074K [0x0000000700000000, 0x0000000704300000, 0x00000007aab00000)
  object space 68608K, 19% used [0x0000000700000000,0x0000000700cc4858,0x0000000704300000)
 Metaspace       used 37855K, committed 38656K, reserved 1114112K
  class space    used 3821K, committed 4160K, reserved 1048576K
}
Event: 4.369 GC heap after
{Heap after GC invocations=12 (full 2):
 PSYoungGen      total 25088K, used 1743K [0x00000007aab00000, 0x00000007ac800000, 0x0000000800000000)
  eden space 23040K, 0% used [0x00000007aab00000,0x00000007aab00000,0x00000007ac180000)
  from space 2048K, 85% used [0x00000007ac600000,0x00000007ac7b3c50,0x00000007ac800000)
  to   space 2560K, 0% used [0x00000007ac300000,0x00000007ac300000,0x00000007ac580000)
 ParOldGen       total 68608K, used 13082K [0x0000000700000000, 0x0000000704300000, 0x00000007aab00000)
  object space 68608K, 19% used [0x0000000700000000,0x0000000700cc6858,0x0000000704300000)
 Metaspace       used 37855K, committed 38656K, reserved 1114112K
  class space    used 3821K, committed 4160K, reserved 1048576K
}
Event: 4.503 GC heap before
{Heap before GC invocations=13 (full 2):
 PSYoungGen      total 25088K, used 24783K [0x00000007aab00000, 0x00000007ac800000, 0x0000000800000000)
  eden space 23040K, 100% used [0x00000007aab00000,0x00000007ac180000,0x00000007ac180000)
  from space 2048K, 85% used [0x00000007ac600000,0x00000007ac7b3c50,0x00000007ac800000)
  to   space 2560K, 0% used [0x00000007ac300000,0x00000007ac300000,0x00000007ac580000)
 ParOldGen       total 68608K, used 13082K [0x0000000700000000, 0x0000000704300000, 0x00000007aab00000)
  object space 68608K, 19% used [0x0000000700000000,0x0000000700cc6858,0x0000000704300000)
 Metaspace       used 38236K, committed 38912K, reserved 1114112K
  class space    used 3874K, committed 4160K, reserved 1048576K
}
Event: 4.505 GC heap after
{Heap after GC invocations=13 (full 2):
 PSYoungGen      total 25088K, used 2080K [0x00000007aab00000, 0x00000007ac680000, 0x0000000800000000)
  eden space 22528K, 0% used [0x00000007aab00000,0x00000007aab00000,0x00000007ac100000)
  from space 2560K, 81% used [0x00000007ac300000,0x00000007ac508080,0x00000007ac580000)
  to   space 1024K, 0% used [0x00000007ac580000,0x00000007ac580000,0x00000007ac680000)
 ParOldGen       total 68608K, used 14618K [0x0000000700000000, 0x0000000704300000, 0x00000007aab00000)
  object space 68608K, 21% used [0x0000000700000000,0x0000000700e46a60,0x0000000704300000)
 Metaspace       used 38236K, committed 38912K, reserved 1114112K
  class space    used 3874K, committed 4160K, reserved 1048576K
}
Event: 4.606 GC heap before
{Heap before GC invocations=14 (full 2):
 PSYoungGen      total 25088K, used 24608K [0x00000007aab00000, 0x00000007ac680000, 0x0000000800000000)
  eden space 22528K, 100% used [0x00000007aab00000,0x00000007ac100000,0x00000007ac100000)
  from space 2560K, 81% used [0x00000007ac300000,0x00000007ac508080,0x00000007ac580000)
  to   space 1024K, 0% used [0x00000007ac580000,0x00000007ac580000,0x00000007ac680000)
 ParOldGen       total 68608K, used 14618K [0x0000000700000000, 0x0000000704300000, 0x00000007aab00000)
  object space 68608K, 21% used [0x0000000700000000,0x0000000700e46a60,0x0000000704300000)
 Metaspace       used 38297K, committed 38976K, reserved 1114112K
  class space    used 3878K, committed 4160K, reserved 1048576K
}
Event: 4.608 GC heap after
{Heap after GC invocations=14 (full 2):
 PSYoungGen      total 23040K, used 1024K [0x00000007aab00000, 0x00000007ac880000, 0x0000000800000000)
  eden space 22016K, 0% used [0x00000007aab00000,0x00000007aab00000,0x00000007ac080000)
  from space 1024K, 100% used [0x00000007ac580000,0x00000007ac680000,0x00000007ac680000)
  to   space 4096K, 0% used [0x00000007ac080000,0x00000007ac080000,0x00000007ac480000)
 ParOldGen       total 68608K, used 17242K [0x0000000700000000, 0x0000000704300000, 0x00000007aab00000)
  object space 68608K, 25% used [0x0000000700000000,0x00000007010d6ae0,0x0000000704300000)
 Metaspace       used 38297K, committed 38976K, reserved 1114112K
  class space    used 3878K, committed 4160K, reserved 1048576K
}
Event: 4.691 GC heap before
{Heap before GC invocations=15 (full 2):
 PSYoungGen      total 23040K, used 23040K [0x00000007aab00000, 0x00000007ac880000, 0x0000000800000000)
  eden space 22016K, 100% used [0x00000007aab00000,0x00000007ac080000,0x00000007ac080000)
  from space 1024K, 100% used [0x00000007ac580000,0x00000007ac680000,0x00000007ac680000)
  to   space 4096K, 0% used [0x00000007ac080000,0x00000007ac080000,0x00000007ac480000)
 ParOldGen       total 68608K, used 17242K [0x0000000700000000, 0x0000000704300000, 0x00000007aab00000)
  object space 68608K, 25% used [0x0000000700000000,0x00000007010d6ae0,0x0000000704300000)
 Metaspace       used 38363K, committed 39104K, reserved 1114112K
  class space    used 3878K, committed 4160K, reserved 1048576K
}
Event: 4.694 GC heap after
{Heap after GC invocations=15 (full 2):
 PSYoungGen      total 24064K, used 1824K [0x00000007aab00000, 0x00000007ac600000, 0x0000000800000000)
  eden space 22016K, 0% used [0x00000007aab00000,0x00000007aab00000,0x00000007ac080000)
  from space 2048K, 89% used [0x00000007ac080000,0x00000007ac248000,0x00000007ac280000)
  to   space 2560K, 0% used [0x00000007ac380000,0x00000007ac380000,0x00000007ac600000)
 ParOldGen       total 68608K, used 18306K [0x0000000700000000, 0x0000000704300000, 0x00000007aab00000)
  object space 68608K, 26% used [0x0000000700000000,0x00000007011e0ae0,0x0000000704300000)
 Metaspace       used 38363K, committed 39104K, reserved 1114112K
  class space    used 3878K, committed 4160K, reserved 1048576K
}
Event: 4.761 GC heap before
{Heap before GC invocations=16 (full 2):
 PSYoungGen      total 24064K, used 23840K [0x00000007aab00000, 0x00000007ac600000, 0x0000000800000000)
  eden space 22016K, 100% used [0x00000007aab00000,0x00000007ac080000,0x00000007ac080000)
  from space 2048K, 89% used [0x00000007ac080000,0x00000007ac248000,0x00000007ac280000)
  to   space 2560K, 0% used [0x00000007ac380000,0x00000007ac380000,0x00000007ac600000)
 ParOldGen       total 68608K, used 18306K [0x0000000700000000, 0x0000000704300000, 0x00000007aab00000)
  object space 68608K, 26% used [0x0000000700000000,0x00000007011e0ae0,0x0000000704300000)
 Metaspace       used 38398K, committed 39104K, reserved 1114112K
  class space    used 3879K, committed 4160K, reserved 1048576K
}
Event: 4.765 GC heap after
{Heap after GC invocations=16 (full 2):
 PSYoungGen      total 24064K, used 1760K [0x00000007aab00000, 0x00000007ac580000, 0x0000000800000000)
  eden space 22016K, 0% used [0x00000007aab00000,0x00000007aab00000,0x00000007ac080000)
  from space 2048K, 85% used [0x00000007ac380000,0x00000007ac538010,0x00000007ac580000)
  to   space 2048K, 0% used [0x00000007ac080000,0x00000007ac080000,0x00000007ac280000)
 ParOldGen       total 68608K, used 20042K [0x0000000700000000, 0x0000000704300000, 0x00000007aab00000)
  object space 68608K, 29% used [0x0000000700000000,0x0000000701392ae0,0x0000000704300000)
 Metaspace       used 38398K, committed 39104K, reserved 1114112K
  class space    used 3879K, committed 4160K, reserved 1048576K
}
Event: 5.255 GC heap before
{Heap before GC invocations=17 (full 2):
 PSYoungGen      total 24064K, used 23776K [0x00000007aab00000, 0x00000007ac580000, 0x0000000800000000)
  eden space 22016K, 100% used [0x00000007aab00000,0x00000007ac080000,0x00000007ac080000)
  from space 2048K, 85% used [0x00000007ac380000,0x00000007ac538010,0x00000007ac580000)
  to   space 2048K, 0% used [0x00000007ac080000,0x00000007ac080000,0x00000007ac280000)
 ParOldGen       total 68608K, used 20042K [0x0000000700000000, 0x0000000704300000, 0x00000007aab00000)
  object space 68608K, 29% used [0x0000000700000000,0x0000000701392ae0,0x0000000704300000)
 Metaspace       used 40737K, committed 41472K, reserved 1114112K
  class space    used 4141K, committed 4416K, reserved 1048576K
}
Event: 5.256 GC heap after
{Heap after GC invocations=17 (full 2):
 PSYoungGen      total 24064K, used 1129K [0x00000007aab00000, 0x00000007ac400000, 0x0000000800000000)
  eden space 22016K, 0% used [0x00000007aab00000,0x00000007aab00000,0x00000007ac080000)
  from space 2048K, 55% used [0x00000007ac080000,0x00000007ac19a728,0x00000007ac280000)
  to   space 1536K, 0% used [0x00000007ac280000,0x00000007ac280000,0x00000007ac400000)
 ParOldGen       total 68608K, used 21625K [0x0000000700000000, 0x0000000704300000, 0x00000007aab00000)
  object space 68608K, 31% used [0x0000000700000000,0x000000070151e698,0x0000000704300000)
 Metaspace       used 40737K, committed 41472K, reserved 1114112K
  class space    used 4141K, committed 4416K, reserved 1048576K
}
Event: 5.683 GC heap before
{Heap before GC invocations=18 (full 2):
 PSYoungGen      total 24064K, used 23095K [0x00000007aab00000, 0x00000007ac400000, 0x0000000800000000)
  eden space 22016K, 99% used [0x00000007aab00000,0x00000007ac0738d0,0x00000007ac080000)
  from space 2048K, 55% used [0x00000007ac080000,0x00000007ac19a728,0x00000007ac280000)
  to   space 1536K, 0% used [0x00000007ac280000,0x00000007ac280000,0x00000007ac400000)
 ParOldGen       total 68608K, used 21625K [0x0000000700000000, 0x0000000704300000, 0x00000007aab00000)
  object space 68608K, 31% used [0x0000000700000000,0x000000070151e698,0x0000000704300000)
 Metaspace       used 41669K, committed 42432K, reserved 1114112K
  class space    used 4254K, committed 4544K, reserved 1048576K
}
Event: 5.688 GC heap after
{Heap after GC invocations=18 (full 2):
 PSYoungGen      total 22528K, used 416K [0x00000007aab00000, 0x00000007ac300000, 0x0000000800000000)
  eden space 22016K, 0% used [0x00000007aab00000,0x00000007aab00000,0x00000007ac080000)
  from space 512K, 81% used [0x00000007ac280000,0x00000007ac2e8000,0x00000007ac300000)
  to   space 1024K, 0% used [0x00000007ac100000,0x00000007ac100000,0x00000007ac200000)
 ParOldGen       total 68608K, used 22632K [0x0000000700000000, 0x0000000704300000, 0x00000007aab00000)
  object space 68608K, 32% used [0x0000000700000000,0x000000070161a3f8,0x0000000704300000)
 Metaspace       used 41669K, committed 42432K, reserved 1114112K
  class space    used 4254K, committed 4544K, reserved 1048576K
}

Dll operation events (10 events):
Event: 0.023 Loaded shared library c:\Users\¸¼À½\.vscode\extensions\redhat.java-1.34.0-win32-x64\jre\17.0.12-win32-x86_64\bin\java.dll
Event: 0.192 Loaded shared library c:\Users\¸¼À½\.vscode\extensions\redhat.java-1.34.0-win32-x64\jre\17.0.12-win32-x86_64\bin\zip.dll
Event: 0.197 Loaded shared library C:\Users\¸¼À½\.vscode\extensions\redhat.java-1.34.0-win32-x64\jre\17.0.12-win32-x86_64\bin\instrument.dll
Event: 0.209 Loaded shared library C:\Users\¸¼À½\.vscode\extensions\redhat.java-1.34.0-win32-x64\jre\17.0.12-win32-x86_64\bin\net.dll
Event: 0.210 Loaded shared library C:\Users\¸¼À½\.vscode\extensions\redhat.java-1.34.0-win32-x64\jre\17.0.12-win32-x86_64\bin\nio.dll
Event: 0.217 Loaded shared library C:\Users\¸¼À½\.vscode\extensions\redhat.java-1.34.0-win32-x64\jre\17.0.12-win32-x86_64\bin\zip.dll
Event: 0.228 Loaded shared library C:\Users\¸¼À½\.vscode\extensions\redhat.java-1.34.0-win32-x64\jre\17.0.12-win32-x86_64\bin\jimage.dll
Event: 0.317 Loaded shared library c:\Users\¸¼À½\.vscode\extensions\redhat.java-1.34.0-win32-x64\jre\17.0.12-win32-x86_64\bin\verify.dll
Event: 1.653 Loaded shared library C:\Users\¸¼À½\AppData\Roaming\Code\User\globalStorage\redhat.java\1.34.0\config_ss_win\org.eclipse.equinox.launcher\org.eclipse.equinox.launcher.win32.win32.x86_64_1.2.1100.v20240722-2106\eclipse_11904.dll
Event: 2.662 Loaded shared library C:\Users\¸¼À½\AppData\Local\Temp\jna-1525659\jna11905528738023910079.dll

Deoptimization events (20 events):
Event: 6.164 Thread 0x000001aa8a5c9a90 Uncommon trap: trap_request=0xffffffc6 fr.pc=0x000001aaeaff8e28 relative=0x0000000000000088
Event: 6.164 Thread 0x000001aa8a5c9a90 Uncommon trap: reason=bimorphic_or_optimized_type_check action=maybe_recompile pc=0x000001aaeaff8e28 method=java.util.stream.Sink$ChainedReference.cancellationRequested()Z @ 4 c2
Event: 6.164 Thread 0x000001aa8a5c9a90 DEOPT PACKING pc=0x000001aaeaff8e28 sp=0x000000517cafde90
Event: 6.164 Thread 0x000001aa8a5c9a90 DEOPT UNPACKING pc=0x000001aaea9166a3 sp=0x000000517cafddc0 mode 2
Event: 6.202 Thread 0x000001aa8a5cb8f0 Uncommon trap: trap_request=0xffffffbe fr.pc=0x000001aaeb09c20c relative=0x00000000000003cc
Event: 6.202 Thread 0x000001aa8a5cfac0 Uncommon trap: trap_request=0xffffffbe fr.pc=0x000001aaeb09c20c relative=0x00000000000003cc
Event: 6.202 Thread 0x000001aa8a5cb8f0 Uncommon trap: reason=profile_predicate action=maybe_recompile pc=0x000001aaeb09c20c method=java.io.WinNTFileSystem.normalize(Ljava/lang/String;)Ljava/lang/String; @ 25 c2
Event: 6.202 Thread 0x000001aa8a5cfac0 Uncommon trap: reason=profile_predicate action=maybe_recompile pc=0x000001aaeb09c20c method=java.io.WinNTFileSystem.normalize(Ljava/lang/String;)Ljava/lang/String; @ 25 c2
Event: 6.202 Thread 0x000001aa8a5cb8f0 DEOPT PACKING pc=0x000001aaeb09c20c sp=0x000000517b8fdff0
Event: 6.202 Thread 0x000001aa8a5cb8f0 DEOPT UNPACKING pc=0x000001aaea9166a3 sp=0x000000517b8fdf58 mode 2
Event: 6.202 Thread 0x000001aa8a5cfac0 DEOPT PACKING pc=0x000001aaeb09c20c sp=0x000000517ccfdfb0
Event: 6.202 Thread 0x000001aa8a5ca9c0 Uncommon trap: trap_request=0xffffffbe fr.pc=0x000001aaeb09c20c relative=0x00000000000003cc
Event: 6.202 Thread 0x000001aa8a5cfac0 DEOPT UNPACKING pc=0x000001aaea9166a3 sp=0x000000517ccfdf18 mode 2
Event: 6.202 Thread 0x000001aa8a5cb8f0 Uncommon trap: trap_request=0xffffffbe fr.pc=0x000001aaeb09c20c relative=0x00000000000003cc
Event: 6.202 Thread 0x000001aa8a5ca9c0 Uncommon trap: reason=profile_predicate action=maybe_recompile pc=0x000001aaeb09c20c method=java.io.WinNTFileSystem.normalize(Ljava/lang/String;)Ljava/lang/String; @ 25 c2
Event: 6.202 Thread 0x000001aa8a5cb8f0 Uncommon trap: reason=profile_predicate action=maybe_recompile pc=0x000001aaeb09c20c method=java.io.WinNTFileSystem.normalize(Ljava/lang/String;)Ljava/lang/String; @ 25 c2
Event: 6.202 Thread 0x000001aa8a5cb8f0 DEOPT PACKING pc=0x000001aaeb09c20c sp=0x000000517b8fe130
Event: 6.202 Thread 0x000001aa8a5cb8f0 DEOPT UNPACKING pc=0x000001aaea9166a3 sp=0x000000517b8fe098 mode 2
Event: 6.203 Thread 0x000001aa8a5ca9c0 DEOPT PACKING pc=0x000001aaeb09c20c sp=0x000000517cbfe380
Event: 6.203 Thread 0x000001aa8a5ca9c0 DEOPT UNPACKING pc=0x000001aaea9166a3 sp=0x000000517cbfe2e8 mode 2

Classes loaded (20 events):
Event: 4.784 Loading class sun/nio/cs/ThreadLocalCoders$Cache done
Event: 4.784 Loading class sun/nio/cs/ThreadLocalCoders$1 done
Event: 4.785 Loading class sun/nio/cs/ThreadLocalCoders$2
Event: 4.785 Loading class sun/nio/cs/ThreadLocalCoders$2 done
Event: 4.978 Loading class java/lang/ExceptionInInitializerError
Event: 4.979 Loading class java/lang/ExceptionInInitializerError done
Event: 5.403 Loading class java/util/Vector$1
Event: 5.403 Loading class java/util/Vector$1 done
Event: 5.780 Loading class java/util/regex/Pattern$Caret
Event: 5.780 Loading class java/util/regex/Pattern$Caret done
Event: 5.964 Loading class java/util/Hashtable$ValueCollection
Event: 5.964 Loading class java/util/Hashtable$ValueCollection done
Event: 6.143 Loading class java/util/WeakHashMap$KeyIterator
Event: 6.143 Loading class java/util/WeakHashMap$KeyIterator done
Event: 6.164 Loading class java/util/regex/PatternSyntaxException
Event: 6.164 Loading class java/util/regex/PatternSyntaxException done
Event: 6.168 Loading class java/util/concurrent/CompletionException
Event: 6.168 Loading class java/util/concurrent/CompletionException done
Event: 6.211 Loading class sun/reflect/misc/ReflectUtil
Event: 6.211 Loading class sun/reflect/misc/ReflectUtil done

Classes unloaded (7 events):
Event: 2.451 Thread 0x000001aa85082860 Unloading class 0x000000080023bc00 'java/lang/invoke/LambdaForm$MH+0x000000080023bc00'
Event: 2.451 Thread 0x000001aa85082860 Unloading class 0x000000080023b800 'java/lang/invoke/LambdaForm$MH+0x000000080023b800'
Event: 2.451 Thread 0x000001aa85082860 Unloading class 0x000000080023b400 'java/lang/invoke/LambdaForm$MH+0x000000080023b400'
Event: 2.452 Thread 0x000001aa85082860 Unloading class 0x000000080023b000 'java/lang/invoke/LambdaForm$MH+0x000000080023b000'
Event: 2.452 Thread 0x000001aa85082860 Unloading class 0x000000080023ac00 'java/lang/invoke/LambdaForm$BMH+0x000000080023ac00'
Event: 2.452 Thread 0x000001aa85082860 Unloading class 0x000000080023a800 'java/lang/invoke/LambdaForm$DMH+0x000000080023a800'
Event: 2.452 Thread 0x000001aa85082860 Unloading class 0x0000000800231400 'java/lang/invoke/LambdaForm$DMH+0x0000000800231400'

Classes redefined (0 events):
No events

Internal exceptions (20 events):
Event: 4.172 Thread 0x000001aa8a5c9a90 Exception <a 'sun/nio/fs/WindowsException'{0x00000007ab7d38c8}> (0x00000007ab7d38c8) 
thrown [s\src\hotspot\share\prims\jni.cpp, line 516]
Event: 4.172 Thread 0x000001aa8a5c9a90 Exception <a 'sun/nio/fs/WindowsException'{0x00000007ab7d41a8}> (0x00000007ab7d41a8) 
thrown [s\src\hotspot\share\prims\jni.cpp, line 516]
Event: 4.172 Thread 0x000001aa8a5c9a90 Exception <a 'sun/nio/fs/WindowsException'{0x00000007ab7d5988}> (0x00000007ab7d5988) 
thrown [s\src\hotspot\share\prims\jni.cpp, line 516]
Event: 4.172 Thread 0x000001aa8a5c9a90 Exception <a 'sun/nio/fs/WindowsException'{0x00000007ab7d6268}> (0x00000007ab7d6268) 
thrown [s\src\hotspot\share\prims\jni.cpp, line 516]
Event: 4.173 Thread 0x000001aa8a5c9a90 Exception <a 'sun/nio/fs/WindowsException'{0x00000007ab7d75a8}> (0x00000007ab7d75a8) 
thrown [s\src\hotspot\share\prims\jni.cpp, line 516]
Event: 4.173 Thread 0x000001aa8a5c9a90 Exception <a 'sun/nio/fs/WindowsException'{0x00000007ab7d7f18}> (0x00000007ab7d7f18) 
thrown [s\src\hotspot\share\prims\jni.cpp, line 516]
Event: 4.173 Thread 0x000001aa8a5c9a90 Exception <a 'sun/nio/fs/WindowsException'{0x00000007ab7d8ce0}> (0x00000007ab7d8ce0) 
thrown [s\src\hotspot\share\prims\jni.cpp, line 516]
Event: 4.173 Thread 0x000001aa8a5c9a90 Exception <a 'sun/nio/fs/WindowsException'{0x00000007ab7d9650}> (0x00000007ab7d9650) 
thrown [s\src\hotspot\share\prims\jni.cpp, line 516]
Event: 4.173 Thread 0x000001aa8a5c9a90 Exception <a 'sun/nio/fs/WindowsException'{0x00000007ab7da478}> (0x00000007ab7da478) 
thrown [s\src\hotspot\share\prims\jni.cpp, line 516]
Event: 4.173 Thread 0x000001aa8a5c9a90 Exception <a 'sun/nio/fs/WindowsException'{0x00000007ab7dade8}> (0x00000007ab7dade8) 
thrown [s\src\hotspot\share\prims\jni.cpp, line 516]
Event: 4.174 Thread 0x000001aa8a5c9a90 Exception <a 'sun/nio/fs/WindowsException'{0x00000007ab7dc8f0}> (0x00000007ab7dc8f0) 
thrown [s\src\hotspot\share\prims\jni.cpp, line 516]
Event: 4.174 Thread 0x000001aa8a5c9a90 Exception <a 'sun/nio/fs/WindowsException'{0x00000007ab7dd260}> (0x00000007ab7dd260) 
thrown [s\src\hotspot\share\prims\jni.cpp, line 516]
Event: 4.175 Thread 0x000001aa8a5c9a90 Exception <a 'java/lang/NoSuchMethodError'{0x00000007ab7f1ce0}: 'void java.lang.invoke.DirectMethodHandle$Holder.invokeVirtual(java.lang.Object, java.lang.Object, java.lang.Object, java.lang.Object)'> (0x00000007ab7f1ce0) 
thrown [s\src\hotspot\share\interpreter\linkResolver.cpp, line 759]
Event: 4.186 Thread 0x000001aa8a25a940 Exception <a 'java/lang/NoSuchMethodError'{0x00000007ab93db88}: 'java.lang.Object java.lang.invoke.DirectMethodHandle$Holder.newInvokeSpecial(java.lang.Object, java.lang.Object, java.lang.Object, java.lang.Object, java.lang.Object, java.lang.Object)'> (0x00000007ab93db88) 
thrown [s\src\hotspot\share\interpreter\linkResolver.cpp, line 759]
Event: 5.152 Thread 0x000001aa8a5ca9c0 Exception <a 'java/lang/LinkageError'{0x00000007abcd09e0}: loader lombok.launch.ShadowClassLoader @19f5f96 attempted duplicate class definition for lombok.launch.PatchFixesHider$Transform. (lombok.launch.PatchFixesHider$Transform is in unnamed module of loader lombok.launch.ShadowClassLoader @19f5f96, parent loader org.eclipse.osgi.internal.loader.EquinoxClassLoader @52328c52)> (0x00000007abcd09e0) 
thrown [s\src\hotspot\share\classfile\systemDictionary.cpp, line 1723]
Event: 5.152 Thread 0x000001aa8a5cfac0 Exception <a 'java/lang/LinkageError'{0x00000007abc68708}: loader lombok.launch.ShadowClassLoader @19f5f96 attempted duplicate class definition for lombok.launch.PatchFixesHider$Transform. (lombok.launch.PatchFixesHider$Transform is in unnamed module of loader lombok.launch.ShadowClassLoader @19f5f96, parent loader org.eclipse.osgi.internal.loader.EquinoxClassLoader @52328c52)> (0x00000007abc68708) 
thrown [s\src\hotspot\share\classfile\systemDictionary.cpp, line 1723]
Event: 5.153 Thread 0x000001aa8a5cb8f0 Exception <a 'java/lang/LinkageError'{0x00000007abb65378}: loader lombok.launch.ShadowClassLoader @19f5f96 attempted duplicate class definition for lombok.launch.PatchFixesHider$Transform. (lombok.launch.PatchFixesHider$Transform is in unnamed module of loader lombok.launch.ShadowClassLoader @19f5f96, parent loader org.eclipse.osgi.internal.loader.EquinoxClassLoader @52328c52)> (0x00000007abb65378) 
thrown [s\src\hotspot\share\classfile\systemDictionary.cpp, line 1723]
Event: 5.691 Thread 0x000001aa8a5c9a90 Implicit null exception at 0x000001aaeb075def to 0x000001aaeb076b8c
Event: 5.691 Thread 0x000001aa8a5c9a90 Implicit null exception at 0x000001aaeb074073 to 0x000001aaeb074e38
Event: 6.202 Thread 0x000001aa8a5cffd0 Exception <a 'java/lang/NoSuchMethodError'{0x00000007aba2f4a8}: 'int java.lang.invoke.DirectMethodHandle$Holder.invokeVirtual(java.lang.Object, java.lang.Object)'> (0x00000007aba2f4a8) 
thrown [s\src\hotspot\share\interpreter\linkResolver.cpp, line 759]

VM Operations (20 events):
Event: 4.244 Executing VM operation: HandshakeAllThreads
Event: 4.245 Executing VM operation: HandshakeAllThreads done
Event: 4.366 Executing VM operation: ParallelGCFailedAllocation
Event: 4.380 Executing VM operation: ParallelGCFailedAllocation done
Event: 4.418 Executing VM operation: HandshakeAllThreads
Event: 4.418 Executing VM operation: HandshakeAllThreads done
Event: 4.503 Executing VM operation: ParallelGCFailedAllocation
Event: 4.507 Executing VM operation: ParallelGCFailedAllocation done
Event: 4.606 Executing VM operation: ParallelGCFailedAllocation
Event: 4.609 Executing VM operation: ParallelGCFailedAllocation done
Event: 4.687 Executing VM operation: ParallelGCFailedAllocation
Event: 4.704 Executing VM operation: ParallelGCFailedAllocation done
Event: 4.761 Executing VM operation: ParallelGCFailedAllocation
Event: 4.765 Executing VM operation: ParallelGCFailedAllocation done
Event: 5.091 Executing VM operation: HandshakeAllThreads
Event: 5.091 Executing VM operation: HandshakeAllThreads done
Event: 5.255 Executing VM operation: ParallelGCFailedAllocation
Event: 5.256 Executing VM operation: ParallelGCFailedAllocation done
Event: 5.683 Executing VM operation: ParallelGCFailedAllocation
Event: 5.688 Executing VM operation: ParallelGCFailedAllocation done

Events (20 events):
Event: 3.526 Thread 0x000001aa8a259a10 Thread added: 0x000001aa8a259a10
Event: 3.526 Thread 0x000001aa8a5cc820 Thread added: 0x000001aa8a5cc820
Event: 3.526 Thread 0x000001aa8a5cdc60 Thread added: 0x000001aa8a5cdc60
Event: 3.526 Thread 0x000001aa8a5ce170 Thread added: 0x000001aa8a5ce170
Event: 3.526 Thread 0x000001aa8a5ce680 Thread added: 0x000001aa8a5ce680
Event: 3.526 Thread 0x000001aa8a5ceb90 Thread added: 0x000001aa8a5ceb90
Event: 3.526 Thread 0x000001aa8a5cb3e0 Thread added: 0x000001aa8a5cb3e0
Event: 3.558 Thread 0x000001aa8a5cf0a0 Thread added: 0x000001aa8a5cf0a0
Event: 3.712 Thread 0x000001aa8a5cf5b0 Thread added: 0x000001aa8a5cf5b0
Event: 3.712 Thread 0x000001aa8a5c9a90 Thread added: 0x000001aa8a5c9a90
Event: 3.989 Thread 0x000001aa8ba60b40 Thread exited: 0x000001aa8ba60b40
Event: 4.008 Thread 0x000001aa8a5cb8f0 Thread added: 0x000001aa8a5cb8f0
Event: 4.010 Thread 0x000001aa8a5ca9c0 Thread added: 0x000001aa8a5ca9c0
Event: 4.010 Thread 0x000001aa8a5cfac0 Thread added: 0x000001aa8a5cfac0
Event: 4.278 Thread 0x000001aa8bc8a900 Thread added: 0x000001aa8bc8a900
Event: 5.613 Thread 0x000001aa8bc8a900 Thread exited: 0x000001aa8bc8a900
Event: 6.139 Thread 0x000001aa8bdff750 Thread added: 0x000001aa8bdff750
Event: 6.186 Thread 0x000001aa8a5cffd0 Thread added: 0x000001aa8a5cffd0
Event: 6.201 Thread 0x000001aa8a5caed0 Thread added: 0x000001aa8a5caed0
Event: 6.410 Thread 0x000001aa8bdff750 Thread exited: 0x000001aa8bdff750


Dynamic libraries:
0x00007ff6bc1a0000 - 0x00007ff6bc1ae000 	c:\Users\¸¼À½\.vscode\extensions\redhat.java-1.34.0-win32-x64\jre\17.0.12-win32-x86_64\bin\java.exe
0x00007ffd9b3b0000 - 0x00007ffd9b5c7000 	C:\WINDOWS\SYSTEM32\ntdll.dll
0x00007ffd99a90000 - 0x00007ffd99b54000 	C:\WINDOWS\System32\KERNEL32.DLL
0x00007ffd987a0000 - 0x00007ffd98b4d000 	C:\WINDOWS\System32\KERNELBASE.dll
0x00007ffd98dd0000 - 0x00007ffd98ee1000 	C:\WINDOWS\System32\ucrtbase.dll
0x00007ffd89d60000 - 0x00007ffd89d77000 	c:\Users\¸¼À½\.vscode\extensions\redhat.java-1.34.0-win32-x64\jre\17.0.12-win32-x86_64\bin\jli.dll
0x00007ffd99580000 - 0x00007ffd9972e000 	C:\WINDOWS\System32\USER32.dll
0x00007ffd98770000 - 0x00007ffd98796000 	C:\WINDOWS\System32\win32u.dll
0x00007ffd85b70000 - 0x00007ffd85b8b000 	c:\Users\¸¼À½\.vscode\extensions\redhat.java-1.34.0-win32-x64\jre\17.0.12-win32-x86_64\bin\VCRUNTIME140.dll
0x00007ffd78d20000 - 0x00007ffd78fb3000 	C:\WINDOWS\WinSxS\amd64_microsoft.windows.common-controls_6595b64144ccf1df_6.0.22621.3672_none_2713b9d173822955\COMCTL32.dll
0x00007ffd99730000 - 0x00007ffd99759000 	C:\WINDOWS\System32\GDI32.dll
0x00007ffd992a0000 - 0x00007ffd99347000 	C:\WINDOWS\System32\msvcrt.dll
0x00007ffd98bf0000 - 0x00007ffd98d09000 	C:\WINDOWS\System32\gdi32full.dll
0x00007ffd986d0000 - 0x00007ffd9876a000 	C:\WINDOWS\System32\msvcp_win.dll
0x00007ffd9b010000 - 0x00007ffd9b041000 	C:\WINDOWS\System32\IMM32.DLL
0x00007ffd95990000 - 0x00007ffd9599c000 	c:\Users\¸¼À½\.vscode\extensions\redhat.java-1.34.0-win32-x64\jre\17.0.12-win32-x86_64\bin\vcruntime140_1.dll
0x00007ffd775a0000 - 0x00007ffd7762d000 	c:\Users\¸¼À½\.vscode\extensions\redhat.java-1.34.0-win32-x64\jre\17.0.12-win32-x86_64\bin\msvcp140.dll
0x00007ffd22230000 - 0x00007ffd22e9a000 	c:\Users\¸¼À½\.vscode\extensions\redhat.java-1.34.0-win32-x64\jre\17.0.12-win32-x86_64\bin\server\jvm.dll
0x00007ffd9b050000 - 0x00007ffd9b102000 	C:\WINDOWS\System32\ADVAPI32.dll
0x00007ffd9b170000 - 0x00007ffd9b219000 	C:\WINDOWS\System32\sechost.dll
0x00007ffd98bc0000 - 0x00007ffd98be8000 	C:\WINDOWS\System32\bcrypt.dll
0x00007ffd990e0000 - 0x00007ffd991f4000 	C:\WINDOWS\System32\RPCRT4.dll
0x00007ffd99350000 - 0x00007ffd993c1000 	C:\WINDOWS\System32\WS2_32.dll
0x00007ffd985a0000 - 0x00007ffd985ed000 	C:\WINDOWS\SYSTEM32\POWRPROF.dll
0x00007ffd908a0000 - 0x00007ffd908d4000 	C:\WINDOWS\SYSTEM32\WINMM.dll
0x00007ffd8eca0000 - 0x00007ffd8ecaa000 	C:\WINDOWS\SYSTEM32\VERSION.dll
0x00007ffd98580000 - 0x00007ffd98593000 	C:\WINDOWS\SYSTEM32\UMPDC.dll
0x00007ffd97720000 - 0x00007ffd97738000 	C:\WINDOWS\SYSTEM32\kernel.appcore.dll
0x00007ffd93a60000 - 0x00007ffd93a6a000 	c:\Users\¸¼À½\.vscode\extensions\redhat.java-1.34.0-win32-x64\jre\17.0.12-win32-x86_64\bin\jimage.dll
0x00007ffd8f6c0000 - 0x00007ffd8f8f2000 	C:\WINDOWS\SYSTEM32\DBGHELP.DLL
0x00007ffd9a800000 - 0x00007ffd9ab8e000 	C:\WINDOWS\System32\combase.dll
0x00007ffd99eb0000 - 0x00007ffd99f87000 	C:\WINDOWS\System32\OLEAUT32.dll
0x00007ffd78cc0000 - 0x00007ffd78cf2000 	C:\WINDOWS\SYSTEM32\dbgcore.DLL
0x00007ffd99060000 - 0x00007ffd990db000 	C:\WINDOWS\System32\bcryptPrimitives.dll
0x00007ffd83bf0000 - 0x00007ffd83bfe000 	c:\Users\¸¼À½\.vscode\extensions\redhat.java-1.34.0-win32-x64\jre\17.0.12-win32-x86_64\bin\instrument.dll
0x00007ffd85b40000 - 0x00007ffd85b65000 	c:\Users\¸¼À½\.vscode\extensions\redhat.java-1.34.0-win32-x64\jre\17.0.12-win32-x86_64\bin\java.dll
0x00007ffd85090000 - 0x00007ffd850a8000 	c:\Users\¸¼À½\.vscode\extensions\redhat.java-1.34.0-win32-x64\jre\17.0.12-win32-x86_64\bin\zip.dll
0x00007ffd99f90000 - 0x00007ffd9a7f7000 	C:\WINDOWS\System32\SHELL32.dll
0x00007ffd96650000 - 0x00007ffd96f4f000 	C:\WINDOWS\SYSTEM32\windows.storage.dll
0x00007ffd96510000 - 0x00007ffd9664f000 	C:\WINDOWS\SYSTEM32\wintypes.dll
0x00007ffd99c30000 - 0x00007ffd99d29000 	C:\WINDOWS\System32\SHCORE.dll
0x00007ffd99930000 - 0x00007ffd9998e000 	C:\WINDOWS\System32\shlwapi.dll
0x00007ffd98600000 - 0x00007ffd98627000 	C:\WINDOWS\SYSTEM32\profapi.dll
0x00007ffd80a30000 - 0x00007ffd80a49000 	C:\Users\¸¼À½\.vscode\extensions\redhat.java-1.34.0-win32-x64\jre\17.0.12-win32-x86_64\bin\net.dll
0x00007ffd916a0000 - 0x00007ffd917d6000 	C:\WINDOWS\SYSTEM32\WINHTTP.dll
0x00007ffd97b90000 - 0x00007ffd97bf9000 	C:\WINDOWS\system32\mswsock.dll
0x00007ffd7da20000 - 0x00007ffd7da36000 	C:\Users\¸¼À½\.vscode\extensions\redhat.java-1.34.0-win32-x64\jre\17.0.12-win32-x86_64\bin\nio.dll
0x00007ffd91ba0000 - 0x00007ffd91bb0000 	c:\Users\¸¼À½\.vscode\extensions\redhat.java-1.34.0-win32-x64\jre\17.0.12-win32-x86_64\bin\verify.dll
0x00007ffd61fb0000 - 0x00007ffd61ff5000 	C:\Users\¸¼À½\AppData\Roaming\Code\User\globalStorage\redhat.java\1.34.0\config_ss_win\org.eclipse.equinox.launcher\org.eclipse.equinox.launcher.win32.win32.x86_64_1.2.1100.v20240722-2106\eclipse_11904.dll
0x00007ffd993d0000 - 0x00007ffd99575000 	C:\WINDOWS\System32\ole32.dll
0x00007ffd97df0000 - 0x00007ffd97e0b000 	C:\WINDOWS\SYSTEM32\CRYPTSP.dll
0x00007ffd97680000 - 0x00007ffd976b5000 	C:\WINDOWS\system32\rsaenh.dll
0x00007ffd97c80000 - 0x00007ffd97ca8000 	C:\WINDOWS\SYSTEM32\USERENV.dll
0x00007ffd97de0000 - 0x00007ffd97dec000 	C:\WINDOWS\SYSTEM32\CRYPTBASE.dll
0x00007ffd971b0000 - 0x00007ffd971dd000 	C:\WINDOWS\SYSTEM32\IPHLPAPI.DLL
0x00007ffd99290000 - 0x00007ffd99299000 	C:\WINDOWS\System32\NSI.dll
0x00007ffd91410000 - 0x00007ffd91429000 	C:\WINDOWS\SYSTEM32\dhcpcsvc6.DLL
0x00007ffd90cd0000 - 0x00007ffd90cef000 	C:\WINDOWS\SYSTEM32\dhcpcsvc.DLL
0x00007ffd97220000 - 0x00007ffd97318000 	C:\WINDOWS\SYSTEM32\DNSAPI.dll
0x00007ffd61d10000 - 0x00007ffd61d55000 	C:\Users\¸¼À½\AppData\Local\Temp\jna-1525659\jna11905528738023910079.dll
0x00007ffd99990000 - 0x00007ffd99998000 	C:\WINDOWS\System32\PSAPI.DLL

dbghelp: loaded successfully - version: 4.0.5 - missing functions: none
symbol engine: initialized successfully - sym options: 0x614 - pdb path: .;c:\Users\¸¼À½\.vscode\extensions\redhat.java-1.34.0-win32-x64\jre\17.0.12-win32-x86_64\bin;C:\WINDOWS\SYSTEM32;C:\WINDOWS\WinSxS\amd64_microsoft.windows.common-controls_6595b64144ccf1df_6.0.22621.3672_none_2713b9d173822955;c:\Users\¸¼À½\.vscode\extensions\redhat.java-1.34.0-win32-x64\jre\17.0.12-win32-x86_64\bin\se;c:\Users\¸¼À½\.vscode\extensions\redhat.java-1.34.0-win32-x64\jre\17.0.12-win32-x86_64\bin\;c:\Users\¸¼À½\.vscode\extensions\redhat.java-1.34.0-win32-x64\jre\17.0.12-win32-x86_64\bi;c:\Users\¸¼À½\.vscode\extensions\redhat.java-1.34.0-win32-x64\jre\17.0.12-win32-x86_64\;c:\Users\¸¼À½\.vscode\extensions\redhat.java-1.34.0-win32-x64\jre\17.0.12-win32-x86_6;c:\Users\¸¼À½\.vscode\extensions\redhat.java-1.34.0-win32-x64\jre\17.0.12-win32-x86;c:\Users\¸¼À½\.vscode\extensions\redhat.java-1.34.0-win32-x64\jre\17.0.12-win32-x86_64\bin\server;C:\Users\¸¼À½\AppData\Roaming\Code\User\globalStorage\redhat.java\1.34.0\config_ss_win\org.eclipse.equinox.launcher\org.eclipse.equinox.launcher.win32.win32.x86_64_1.2.1;C:\Users\¸¼À½\AppData\Roaming\Code\User\globalStorage\redhat.java\1.34.0\config_ss_win\org.eclipse.equinox.launcher\org.eclipse.equinox.launcher.win32.win32.x86_64_1.2.1100.v20240722-2106;C:\Users\¸¼À½\AppData\

VM Arguments:
jvm_args: --add-modules=ALL-SYSTEM --add-opens=java.base/java.util=ALL-UNNAMED --add-opens=java.base/java.lang=ALL-UNNAMED --add-opens=java.base/sun.nio.fs=ALL-UNNAMED -Declipse.application=org.eclipse.jdt.ls.core.id1 -Dosgi.bundles.defaultStartLevel=4 -Declipse.product=org.eclipse.jdt.ls.core.product -Djava.import.generatesMetadataFilesAtProjectRoot=false -DDetectVMInstallationsJob.disabled=true -Dfile.encoding=utf8 -XX:+UseParallelGC -XX:GCTimeRatio=4 -XX:AdaptiveSizePolicyWeight=90 -Dsun.zip.disableMemoryMapping=true -Xmx4G -Xms100m -Xlog:disable -javaagent:c:\Users\¸¼À½\.vscode\extensions\redhat.java-1.34.0-win32-x64\lombok\lombok-1.18.33.jar 
java_command: c:\Users\¸¼À½\.vscode\extensions\redhat.java-1.34.0-win32-x64\server\plugins\org.eclipse.equinox.launcher_1.6.900.v20240613-2009.jar -configuration c:\Users\¸¼À½\AppData\Roaming\Code\User\globalStorage\redhat.java\1.34.0\config_ss_win -data c:\Users\¸¼À½\AppData\Roaming\Code\User\workspaceStorage\ba45a564f799ac6533c4f6e0f3ae2d63\redhat.java\ss_ws --pipe=\\.\pipe\lsp-0c690d08ca903ab0f2e94350c8b537c2-sock
java_class_path (initial): c:\Users\¸¼À½\.vscode\extensions\redhat.java-1.34.0-win32-x64\server\plugins\org.eclipse.equinox.launcher_1.6.900.v20240613-2009.jar
Launcher Type: SUN_STANDARD

[Global flags]
    uintx AdaptiveSizePolicyWeight                 = 90                                        {product} {command line}
     intx CICompilerCount                          = 4                                         {product} {ergonomic}
    uintx GCTimeRatio                              = 4                                         {product} {command line}
   size_t InitialHeapSize                          = 104857600                                 {product} {command line}
   size_t MaxHeapSize                              = 4294967296                                {product} {command line}
   size_t MaxNewSize                               = 1431306240                                {product} {ergonomic}
   size_t MinHeapDeltaBytes                        = 524288                                    {product} {ergonomic}
   size_t MinHeapSize                              = 104857600                                 {product} {command line}
   size_t NewSize                                  = 34603008                                  {product} {ergonomic}
    uintx NonNMethodCodeHeapSize                   = 5839372                                {pd product} {ergonomic}
    uintx NonProfiledCodeHeapSize                  = 122909434                              {pd product} {ergonomic}
   size_t OldSize                                  = 70254592                                  {product} {ergonomic}
    uintx ProfiledCodeHeapSize                     = 122909434                              {pd product} {ergonomic}
    uintx ReservedCodeCacheSize                    = 251658240                              {pd product} {ergonomic}
     bool SegmentedCodeCache                       = true                                      {product} {ergonomic}
   size_t SoftMaxHeapSize                          = 4294967296                             {manageable} {ergonomic}
     bool UseCompressedClassPointers               = true                           {product lp64_product} {ergonomic}
     bool UseCompressedOops                        = true                           {product lp64_product} {ergonomic}
     bool UseLargePagesIndividualAllocation        = false                                  {pd product} {ergonomic}
     bool UseParallelGC                            = true                                      {product} {command line}

Logging:
Log output configuration:
 #0: stdout all=off uptime,level,tags
 #1: stderr all=off uptime,level,tags

Environment Variables:
JAVA_HOME=C:\Program Files\Amazon Corretto\jdk17.0.12_7
CLASSPATH=C:\Program Files\Amazon Corretto\jdk17.0.12_7\lib
PATH=C:\Program Files\Amazon Corretto\jdk17.0.12_7\bin;C:\Program Files\Common Files\Oracle\Java\javapath;C:\Program Files\Java\jdk-8.0.392.8-hotspot\bin;C:\Program Files\Python39\Scripts\;C:\Program Files\Python39\;C:\WINDOWS\system32;C:\WINDOWS;C:\WINDOWS\System32\Wbem;C:\WINDOWS\System32\WindowsPowerShell\v1.0\;C:\WINDOWS\System32\OpenSSH\;C:\Program Files\dotnet\;C:\Program Files\Git\cmd;C:\Program Files\Amazon Corretto\jdk17.0.12_7\bin;C:\Program Files\Bandizip\;C:\Program Files\nodejs\;C:\Users\¸¼À½\AppData\Local\Microsoft\WindowsApps;;C:\Users\¸¼À½\AppData\Local\afreeca;C:\Users\¸¼À½\AppData\Local\Programs\Microsoft VS Code\bin;C:\Users\¸¼À½\AppData\Roaming\npm
USERNAME=¸¼À½
OS=Windows_NT
PROCESSOR_IDENTIFIER=AMD64 Family 25 Model 33 Stepping 2, AuthenticAMD
TMP=C:\Users\¸¼À½\AppData\Local\Temp
TEMP=C:\Users\¸¼À½\AppData\Local\Temp



Periodic native trim disabled


---------------  S Y S T E M  ---------------

OS:
 Windows 11 , 64 bit Build 22621 (10.0.22621.3958)
OS uptime: 0 days 6:11 hours

CPU: total 12 (initial active 12) (12 cores per cpu, 2 threads per core) family 25 model 33 stepping 2 microcode 0x0, cx8, cmov, fxsr, ht, mmx, 3dnowpref, sse, sse2, sse3, ssse3, sse4a, sse4.1, sse4.2, popcnt, lzcnt, tsc, tscinvbit, avx, avx2, aes, erms, clmul, bmi1, bmi2, adx, sha, fma, vzeroupper, clflush, clflushopt
Processor Information for all 12 processors :
  Max Mhz: 3701, Current Mhz: 3701, Mhz Limit: 3701

Memory: 4k page, system-wide physical 16328M (5661M free)
TotalPageFile size 20424M (AvailPageFile size 5M)
current process WorkingSet (physical memory assigned to process): 187M, peak: 192M
current process commit charge ("private bytes"): 385M, peak: 388M

vm_info: OpenJDK 64-Bit Server VM (17.0.12+7) for windows-amd64 JRE (17.0.12+7), built on Jul 16 2024 22:08:24 by "admin" with MS VC++ 16.10 / 16.11 (VS2019)

END.
