#
# There is insufficient memory for the Java Runtime Environment to continue.
# Native memory allocation (malloc) failed to allocate 1148944 bytes. Error detail: Chunk::new
# Possible reasons:
#   The system is out of physical RAM or swap space
#   This process is running with CompressedOops enabled, and the Java Heap may be blocking the growth of the native heap
# Possible solutions:
#   Reduce memory load on the system
#   Increase physical memory or swap space
#   Check if swap backing store is full
#   Decrease Java heap size (-Xmx/-Xms)
#   Decrease number of Java threads
#   Decrease Java thread stack sizes (-Xss)
#   Set larger code cache with -XX:ReservedCodeCacheSize=
#   JVM is running with Zero Based Compressed Oops mode in which the Java heap is
#     placed in the first 32GB address space. The Java Heap base address is the
#     maximum limit for the native heap growth. Please use -XX:HeapBaseMinAddress
#     to set the Java Heap base and to place the Java Heap above 32GB virtual address.
# This output file may be truncated or incomplete.
#
#  Out of Memory Error (arena.cpp:191), pid=32100, tid=27872
#
# JRE version: OpenJDK Runtime Environment Temurin-17.0.12+7 (17.0.12+7) (build 17.0.12+7)
# Java VM: OpenJDK 64-Bit Server VM Temurin-17.0.12+7 (17.0.12+7, mixed mode, tiered, compressed oops, compressed class ptrs, parallel gc, windows-amd64)
# No core dump will be written. Minidumps are not enabled by default on client versions of Windows
#

---------------  S U M M A R Y ------------

Command Line: --add-modules=ALL-SYSTEM --add-opens=java.base/java.util=ALL-UNNAMED --add-opens=java.base/java.lang=ALL-UNNAMED --add-opens=java.base/sun.nio.fs=ALL-UNNAMED -Declipse.application=org.eclipse.jdt.ls.core.id1 -Dosgi.bundles.defaultStartLevel=4 -Declipse.product=org.eclipse.jdt.ls.core.product -Djava.import.generatesMetadataFilesAtProjectRoot=false -DDetectVMInstallationsJob.disabled=true -Dfile.encoding=utf8 -XX:+UseParallelGC -XX:GCTimeRatio=4 -XX:AdaptiveSizePolicyWeight=90 -Dsun.zip.disableMemoryMapping=true -Xmx4G -Xms100m -Xlog:disable -javaagent:c:\Users\¸¼À½\.vscode\extensions\redhat.java-1.34.0-win32-x64\lombok\lombok-1.18.33.jar -XX:+HeapDumpOnOutOfMemoryError -XX:HeapDumpPath=c:\Users\¸¼À½\AppData\Roaming\Code\User\workspaceStorage\ba45a564f799ac6533c4f6e0f3ae2d63\redhat.java -Daether.dependencyCollector.impl=bf c:\Users\¸¼À½\.vscode\extensions\redhat.java-1.34.0-win32-x64\server\plugins\org.eclipse.equinox.launcher_1.6.900.v20240613-2009.jar -configuration c:\Users\¸¼À½\AppData\Roaming\Code\User\globalStorage\redhat.java\1.34.0\config_win -data c:\Users\¸¼À½\AppData\Roaming\Code\User\workspaceStorage\ba45a564f799ac6533c4f6e0f3ae2d63\redhat.java\jdt_ws --pipe=\\.\pipe\lsp-12b5b77f6e4541866701f04c3a14f393-sock

Host: AMD Ryzen 5 5600X 6-Core Processor             , 12 cores, 15G,  Windows 11 , 64 bit Build 22621 (10.0.22621.3958)
Time: Sat Sep 14 18:45:14 2024  Windows 11 , 64 bit Build 22621 (10.0.22621.3958) elapsed time: 7.435241 seconds (0d 0h 0m 7s)

---------------  T H R E A D  ---------------

Current thread (0x000001dfb5bd1080):  JavaThread "C2 CompilerThread1" daemon [_thread_in_native, id=27872, stack(0x000000a1f0b00000,0x000000a1f0c00000)]


Current CompileTask:
C2:   7435 7091   !   4       org.eclipse.jdt.internal.core.search.indexing.AddJrtToIndex$JrtIndexer::visitFile (133 bytes)

Stack: [0x000000a1f0b00000,0x000000a1f0c00000]
Native frames: (J=compiled Java code, j=interpreted, Vv=VM code, C=native code)
V  [jvm.dll+0x67f929]
V  [jvm.dll+0x8371ba]
V  [jvm.dll+0x838c7e]
V  [jvm.dll+0x8392e3]
V  [jvm.dll+0x24834f]
V  [jvm.dll+0xac9d4]
V  [jvm.dll+0xad01c]
V  [jvm.dll+0x3674a7]
V  [jvm.dll+0x33197a]
V  [jvm.dll+0x330e1a]
V  [jvm.dll+0x21a8b1]
V  [jvm.dll+0x219cf1]
V  [jvm.dll+0x1a58bd]
V  [jvm.dll+0x229a2d]
V  [jvm.dll+0x227bdc]
V  [jvm.dll+0x7ec1f7]
V  [jvm.dll+0x7e65dc]
V  [jvm.dll+0x67e7f7]
C  [ucrtbase.dll+0x29333]
C  [KERNEL32.DLL+0x1257d]
C  [ntdll.dll+0x5af28]


---------------  P R O C E S S  ---------------

Threads class SMR info:
_java_thread_list=0x000001dfbbb3cef0, length=48, elements={
0x000001df95a2cf50, 0x000001dfb08c2020, 0x000001dfb08c4360, 0x000001dfb5a70420,
0x000001dfb5a710b0, 0x000001dfb5a71e40, 0x000001dfb5a72910, 0x000001dfb5a3c560,
0x000001dfb5a49050, 0x000001dfb5a49960, 0x000001df95a8c110, 0x000001dfb5bd1080,
0x000001dfb9cc9570, 0x000001dfba6ac090, 0x000001dfbabac010, 0x000001dfbabac4f0,
0x000001dfbaa869c0, 0x000001dfbb0dcd60, 0x000001dfba5b4e50, 0x000001dfbb0d30d0,
0x000001dfbb0d6370, 0x000001dfbb0d35e0, 0x000001dfbb0d5950, 0x000001dfbb0d5e60,
0x000001dfbb400f40, 0x000001dfbb0d6880, 0x000001dfbb0d3af0, 0x000001dfbb0d4000,
0x000001dfbb0d4510, 0x000001dfbb0d4a20, 0x000001dfbb982680, 0x000001dfbb983ac0,
0x000001dfbb9835b0, 0x000001dfbb982170, 0x000001dfbb97e9c0, 0x000001dfbb97d580,
0x000001dfbb980820, 0x000001dfbb97da90, 0x000001dfbb982b90, 0x000001dfbb97eed0,
0x000001dfbb983fd0, 0x000001dfbb9844e0, 0x000001dfbb980d30, 0x000001dfbb97d070,
0x000001dfbb97f8f0, 0x000001dfbb97fe00, 0x000001dfbb981c60, 0x000001dfbb9830a0
}

Java Threads: ( => current thread )
  0x000001df95a2cf50 JavaThread "main" [_thread_blocked, id=9924, stack(0x000000a1efe00000,0x000000a1eff00000)]
  0x000001dfb08c2020 JavaThread "Reference Handler" daemon [_thread_blocked, id=32400, stack(0x000000a1f0100000,0x000000a1f0200000)]
  0x000001dfb08c4360 JavaThread "Finalizer" daemon [_thread_blocked, id=32236, stack(0x000000a1f0200000,0x000000a1f0300000)]
  0x000001dfb5a70420 JavaThread "Signal Dispatcher" daemon [_thread_blocked, id=32208, stack(0x000000a1f0300000,0x000000a1f0400000)]
  0x000001dfb5a710b0 JavaThread "Attach Listener" daemon [_thread_blocked, id=32060, stack(0x000000a1f0400000,0x000000a1f0500000)]
  0x000001dfb5a71e40 JavaThread "Service Thread" daemon [_thread_blocked, id=31892, stack(0x000000a1f0500000,0x000000a1f0600000)]
  0x000001dfb5a72910 JavaThread "Monitor Deflation Thread" daemon [_thread_blocked, id=32384, stack(0x000000a1f0600000,0x000000a1f0700000)]
  0x000001dfb5a3c560 JavaThread "C2 CompilerThread0" daemon [_thread_blocked, id=29788, stack(0x000000a1f0700000,0x000000a1f0800000)]
  0x000001dfb5a49050 JavaThread "C1 CompilerThread0" daemon [_thread_blocked, id=32756, stack(0x000000a1f0800000,0x000000a1f0900000)]
  0x000001dfb5a49960 JavaThread "Sweeper thread" daemon [_thread_blocked, id=31932, stack(0x000000a1f0900000,0x000000a1f0a00000)]
  0x000001df95a8c110 JavaThread "Common-Cleaner" daemon [_thread_blocked, id=32536, stack(0x000000a1f0a00000,0x000000a1f0b00000)]
=>0x000001dfb5bd1080 JavaThread "C2 CompilerThread1" daemon [_thread_in_native, id=27872, stack(0x000000a1f0b00000,0x000000a1f0c00000)]
  0x000001dfb9cc9570 JavaThread "Notification Thread" daemon [_thread_blocked, id=32296, stack(0x000000a1f0c00000,0x000000a1f0d00000)]
  0x000001dfba6ac090 JavaThread "Active Thread: Equinox Container: 4f4b55b4-d50e-4a39-a9c4-7d2bd2e02a76" [_thread_blocked, id=22936, stack(0x000000a1f1500000,0x000000a1f1600000)]
  0x000001dfbabac010 JavaThread "Framework Event Dispatcher: Equinox Container: 4f4b55b4-d50e-4a39-a9c4-7d2bd2e02a76" daemon [_thread_blocked, id=32388, stack(0x000000a1f1600000,0x000000a1f1700000)]
  0x000001dfbabac4f0 JavaThread "Start Level: Equinox Container: 4f4b55b4-d50e-4a39-a9c4-7d2bd2e02a76" daemon [_thread_blocked, id=32552, stack(0x000000a1f1700000,0x000000a1f1800000)]
  0x000001dfbaa869c0 JavaThread "Bundle File Closer" daemon [_thread_blocked, id=32312, stack(0x000000a1f1900000,0x000000a1f1a00000)]
  0x000001dfbb0dcd60 JavaThread "SCR Component Actor" daemon [_thread_blocked, id=32016, stack(0x000000a1f1c00000,0x000000a1f1d00000)]
  0x000001dfba5b4e50 JavaThread "SCR Component Registry" daemon [_thread_blocked, id=32248, stack(0x000000a1f1d00000,0x000000a1f1e00000)]
  0x000001dfbb0d30d0 JavaThread "Worker-JM" [_thread_blocked, id=25668, stack(0x000000a1f1e00000,0x000000a1f1f00000)]
  0x000001dfbb0d6370 JavaThread "JNA Cleaner" daemon [_thread_blocked, id=32056, stack(0x000000a1f0e00000,0x000000a1f0f00000)]
  0x000001dfbb0d35e0 JavaThread "Worker-0" [_thread_blocked, id=28368, stack(0x000000a1f1f00000,0x000000a1f2000000)]
  0x000001dfbb0d5950 JavaThread "Worker-1: Initialize Workspace" [_thread_blocked, id=32392, stack(0x000000a1f2000000,0x000000a1f2100000)]
  0x000001dfbb0d5e60 JavaThread "Worker-2" [_thread_blocked, id=28508, stack(0x000000a1f2100000,0x000000a1f2200000)]
  0x000001dfbb400f40 JavaThread "C2 CompilerThread2" daemon [_thread_blocked, id=30308, stack(0x000000a1f2200000,0x000000a1f2300000)]
  0x000001dfbb0d6880 JavaThread "Java indexing" daemon [_thread_in_Java, id=32268, stack(0x000000a1f2300000,0x000000a1f2400000)]
  0x000001dfbb0d3af0 JavaThread "Thread-2" daemon [_thread_in_native, id=31900, stack(0x000000a1f2600000,0x000000a1f2700000)]
  0x000001dfbb0d4000 JavaThread "Thread-3" daemon [_thread_in_native, id=31956, stack(0x000000a1f2700000,0x000000a1f2800000)]
  0x000001dfbb0d4510 JavaThread "Thread-4" daemon [_thread_in_native, id=32644, stack(0x000000a1f2800000,0x000000a1f2900000)]
  0x000001dfbb0d4a20 JavaThread "Thread-5" daemon [_thread_in_native, id=32624, stack(0x000000a1f2900000,0x000000a1f2a00000)]
  0x000001dfbb982680 JavaThread "Thread-6" daemon [_thread_in_native, id=32640, stack(0x000000a1f2a00000,0x000000a1f2b00000)]
  0x000001dfbb983ac0 JavaThread "Thread-7" daemon [_thread_in_native, id=32004, stack(0x000000a1f2b00000,0x000000a1f2c00000)]
  0x000001dfbb9835b0 JavaThread "Thread-8" daemon [_thread_in_native, id=32616, stack(0x000000a1f2c00000,0x000000a1f2d00000)]
  0x000001dfbb982170 JavaThread "Thread-9" daemon [_thread_in_native, id=32008, stack(0x000000a1f2d00000,0x000000a1f2e00000)]
  0x000001dfbb97e9c0 JavaThread "Thread-10" daemon [_thread_in_native, id=26128, stack(0x000000a1f2e00000,0x000000a1f2f00000)]
  0x000001dfbb97d580 JavaThread "Thread-11" daemon [_thread_in_native, id=30528, stack(0x000000a1f2f00000,0x000000a1f3000000)]
  0x000001dfbb980820 JavaThread "Thread-12" daemon [_thread_in_native, id=25976, stack(0x000000a1f3000000,0x000000a1f3100000)]
  0x000001dfbb97da90 JavaThread "Thread-13" daemon [_thread_in_native, id=31128, stack(0x000000a1f3100000,0x000000a1f3200000)]
  0x000001dfbb982b90 JavaThread "Thread-14" daemon [_thread_in_native, id=32596, stack(0x000000a1f3200000,0x000000a1f3300000)]
  0x000001dfbb97eed0 JavaThread "pool-2-thread-1" [_thread_blocked, id=30608, stack(0x000000a1f3300000,0x000000a1f3400000)]
  0x000001dfbb983fd0 JavaThread "Worker-3" [_thread_blocked, id=31880, stack(0x000000a1f3400000,0x000000a1f3500000)]
  0x000001dfbb9844e0 JavaThread "Worker-4" [_thread_blocked, id=31988, stack(0x000000a1f3500000,0x000000a1f3600000)]
  0x000001dfbb980d30 JavaThread "Worker-5: Java indexing... " [_thread_blocked, id=10004, stack(0x000000a1f3600000,0x000000a1f3700000)]
  0x000001dfbb97d070 JavaThread "Worker-6" [_thread_blocked, id=25140, stack(0x000000a1f3700000,0x000000a1f3800000)]
  0x000001dfbb97f8f0 JavaThread "WorkspaceEventsHandler" [_thread_blocked, id=35760, stack(0x000000a1f3800000,0x000000a1f3900000)]
  0x000001dfbb97fe00 JavaThread "pool-1-thread-1" [_thread_blocked, id=24128, stack(0x000000a1f3900000,0x000000a1f3a00000)]
  0x000001dfbb981c60 JavaThread "Compiler Source File Reader" daemon [_thread_blocked, id=23768, stack(0x000000a1f3a00000,0x000000a1f3b00000)]
  0x000001dfbb9830a0 JavaThread "Compiler Processing Task" daemon [_thread_blocked, id=19340, stack(0x000000a1f3b00000,0x000000a1f3c00000)]

Other Threads:
  0x000001dfb5a14870 VMThread "VM Thread" [stack: 0x000000a1f0000000,0x000000a1f0100000] [id=32108]
  0x000001dfb9cc9a50 WatcherThread [stack: 0x000000a1f0d00000,0x000000a1f0e00000] [id=26876]
  0x000001df95a407c0 GCTaskThread "GC Thread#0" [stack: 0x000000a1eff00000,0x000000a1f0000000] [id=32496]
  0x000001dfba070390 GCTaskThread "GC Thread#1" [stack: 0x000000a1f0f00000,0x000000a1f1000000] [id=31972]
  0x000001dfba63f4d0 GCTaskThread "GC Thread#2" [stack: 0x000000a1f1000000,0x000000a1f1100000] [id=32488]
  0x000001dfba63f790 GCTaskThread "GC Thread#3" [stack: 0x000000a1f1100000,0x000000a1f1200000] [id=32468]
  0x000001dfba63fa50 GCTaskThread "GC Thread#4" [stack: 0x000000a1f1200000,0x000000a1f1300000] [id=25780]
  0x000001dfba63fd10 GCTaskThread "GC Thread#5" [stack: 0x000000a1f1300000,0x000000a1f1400000] [id=31748]
  0x000001dfba63ffd0 GCTaskThread "GC Thread#6" [stack: 0x000000a1f1400000,0x000000a1f1500000] [id=24560]
  0x000001dfba457590 GCTaskThread "GC Thread#7" [stack: 0x000000a1f1800000,0x000000a1f1900000] [id=24488]
  0x000001dfba8dd4d0 GCTaskThread "GC Thread#8" [stack: 0x000000a1f1a00000,0x000000a1f1b00000] [id=32688]
  0x000001dfbb06f0d0 GCTaskThread "GC Thread#9" [stack: 0x000000a1f1b00000,0x000000a1f1c00000] [id=32576]

Threads with active compile tasks:
C2 CompilerThread0     7458 7153 %     4       org.eclipse.jdt.core.Signature::encodeQualifiedName @ 9 (207 bytes)
C2 CompilerThread1     7458 7091   !   4       org.eclipse.jdt.internal.core.search.indexing.AddJrtToIndex$JrtIndexer::visitFile (133 bytes)
C2 CompilerThread2     7458 7152       4       org.eclipse.jdt.core.Signature::checkNextChar (42 bytes)

VM state: not at safepoint (normal execution)

VM Mutex/Monitor currently owned by a thread: None

Heap address: 0x0000000700000000, size: 4096 MB, Compressed Oops mode: Zero based, Oop shift amount: 3

CDS archive(s) not mapped
Compressed class space mapped at: 0x0000000800000000-0x0000000840000000, reserved size: 1073741824
Narrow klass base: 0x0000000800000000, Narrow klass shift: 0, Narrow klass range: 0x40000000

GC Precious Log:
 CPUs: 12 total, 12 available
 Memory: 16328M
 Large Page Support: Disabled
 NUMA Support: Disabled
 Compressed Oops: Enabled (Zero based)
 Alignments: Space 512K, Generation 512K, Heap 2M
 Heap Min Capacity: 100M
 Heap Initial Capacity: 100M
 Heap Max Capacity: 4G
 Pre-touch: Disabled
 Parallel Workers: 10

Heap:
 PSYoungGen      total 13312K, used 11015K [0x00000007aab00000, 0x00000007abb80000, 0x0000000800000000)
  eden space 9728K, 76% used [0x00000007aab00000,0x00000007ab243570,0x00000007ab480000)
  from space 3584K, 99% used [0x00000007ab480000,0x00000007ab7fe790,0x00000007ab800000)
  to   space 2560K, 0% used [0x00000007ab800000,0x00000007ab800000,0x00000007aba80000)
 ParOldGen       total 163328K, used 141324K [0x0000000700000000, 0x0000000709f80000, 0x00000007aab00000)
  object space 163328K, 86% used [0x0000000700000000,0x0000000708a03380,0x0000000709f80000)
 Metaspace       used 59425K, committed 60544K, reserved 1114112K
  class space    used 6422K, committed 6912K, reserved 1048576K

Card table byte_map: [0x000001dfa76c0000,0x000001dfa7ed0000] _byte_map_base: 0x000001dfa3ec0000

Marking Bits: (ParMarkBitMap*) 0x00007ffd22dd58b0
 Begin Bits: [0x000001dfa7ed0000, 0x000001dfabed0000)
 End Bits:   [0x000001dfabed0000, 0x000001dfafed0000)

Polling page: 0x000001df93940000

Metaspace:

Usage:
  Non-class:     51.76 MB used.
      Class:      6.27 MB used.
       Both:     58.03 MB used.

Virtual space:
  Non-class space:       64.00 MB reserved,      52.38 MB ( 82%) committed,  1 nodes.
      Class space:        1.00 GB reserved,       6.75 MB ( <1%) committed,  1 nodes.
             Both:        1.06 GB reserved,      59.12 MB (  5%) committed. 

Chunk freelists:
   Non-Class:  11.08 MB
       Class:  9.12 MB
        Both:  20.20 MB

MaxMetaspaceSize: unlimited
CompressedClassSpaceSize: 1.00 GB
Initial GC threshold: 21.00 MB
Current GC threshold: 98.56 MB
CDS: off
MetaspaceReclaimPolicy: balanced
 - commit_granule_bytes: 65536.
 - commit_granule_words: 8192.
 - virtual_space_node_default_size: 8388608.
 - enlarge_chunks_in_place: 1.
 - new_chunks_are_fully_committed: 0.
 - uncommit_free_chunks: 1.
 - use_allocation_guard: 0.
 - handle_deallocations: 1.


Internal statistics:

num_allocs_failed_limit: 6.
num_arena_births: 626.
num_arena_deaths: 26.
num_vsnodes_births: 2.
num_vsnodes_deaths: 0.
num_space_committed: 946.
num_space_uncommitted: 0.
num_chunks_returned_to_freelist: 37.
num_chunks_taken_from_freelist: 3106.
num_chunk_merges: 8.
num_chunk_splits: 1840.
num_chunks_enlarged: 961.
num_inconsistent_stats: 0.

CodeHeap 'non-profiled nmethods': size=120000Kb used=3693Kb max_used=3693Kb free=116306Kb
 bounds [0x000001dfa0190000, 0x000001dfa0530000, 0x000001dfa76c0000]
CodeHeap 'profiled nmethods': size=120000Kb used=12150Kb max_used=12150Kb free=107849Kb
 bounds [0x000001df986c0000, 0x000001df992a0000, 0x000001df9fbf0000]
CodeHeap 'non-nmethods': size=5760Kb used=1345Kb max_used=1414Kb free=4414Kb
 bounds [0x000001df9fbf0000, 0x000001df9fe60000, 0x000001dfa0190000]
 total_blobs=6944 nmethods=6257 adapters=601
 compilation: enabled
              stopped_count=0, restarted_count=0
 full_count=0

Compilation events (20 events):
Event: 7.369 Thread 0x000001dfb5a3c560 nmethod 7133 0x000001dfa0521210 code [0x000001dfa0521380, 0x000001dfa0521418]
Event: 7.369 Thread 0x000001dfb5a3c560 7145       4       org.eclipse.jdt.internal.compiler.classfmt.ClassFileReader::<init> (31 bytes)
Event: 7.370 Thread 0x000001dfb5a3c560 nmethod 7145 0x000001dfa0521510 code [0x000001dfa05216a0, 0x000001dfa0521788]
Event: 7.370 Thread 0x000001dfb5a3c560 6599       4       java.util.regex.Pattern$CharProperty::study (29 bytes)
Event: 7.370 Thread 0x000001dfb5a3c560 nmethod 6599 0x000001dfa0521810 code [0x000001dfa0521980, 0x000001dfa0521a38]
Event: 7.370 Thread 0x000001dfb5a3c560 6753       4       com.google.inject.Key::getAnnotationType (10 bytes)
Event: 7.370 Thread 0x000001dfb5a3c560 nmethod 6753 0x000001dfa0521b10 code [0x000001dfa0521c80, 0x000001dfa0521d18]
Event: 7.370 Thread 0x000001dfb5a3c560 6782       4       com.google.common.cache.LocalCache::rehash (49 bytes)
Event: 7.371 Thread 0x000001dfb5a3c560 nmethod 6782 0x000001dfa0521e10 code [0x000001dfa0521f80, 0x000001dfa0522038]
Event: 7.371 Thread 0x000001dfb5a3c560 7107       4       jdk.internal.util.Preconditions::checkFromIndexSize (25 bytes)
Event: 7.371 Thread 0x000001dfb5a3c560 nmethod 7107 0x000001dfa0522110 code [0x000001dfa0522280, 0x000001dfa0522338]
Event: 7.374 Thread 0x000001dfbb400f40 nmethod 7125 0x000001dfa0522410 code [0x000001dfa05225e0, 0x000001dfa0522e08]
Event: 7.377 Thread 0x000001dfb5a3c560 7147       4       org.eclipse.jdt.internal.compiler.parser.Scanner::scanIdentifier (480 bytes)
Event: 7.379 Thread 0x000001dfbb400f40 7148       4       org.eclipse.jdt.internal.compiler.parser.Scanner::internalScanIdentifierOrKeyword (4921 bytes)
Event: 7.381 Thread 0x000001dfb5a3c560 nmethod 7147 0x000001dfa0523310 code [0x000001dfa05234e0, 0x000001dfa0523868]
Event: 7.381 Thread 0x000001dfb5a3c560 7149       4       org.eclipse.jdt.internal.core.search.indexing.AbstractIndexer::addClassDeclaration (129 bytes)
Event: 7.420 Thread 0x000001dfbb400f40 nmethod 7148 0x000001dfa0523c90 code [0x000001dfa0524000, 0x000001dfa0525d70]
Event: 7.421 Thread 0x000001dfbb400f40 7151       4       sun.nio.fs.WindowsPath::equals (28 bytes)
Event: 7.426 Thread 0x000001dfb5a3c560 nmethod 7149 0x000001dfa0526610 code [0x000001dfa05268a0, 0x000001dfa0528960]
Event: 7.426 Thread 0x000001dfb5a3c560 7150       4       java.lang.AbstractStringBuilder::checkRangeSIOOBE (63 bytes)

GC Heap History (20 events):
Event: 7.155 GC heap before
{Heap before GC invocations=69 (full 5):
 PSYoungGen      total 12288K, used 12197K [0x00000007aab00000, 0x00000007abc00000, 0x0000000800000000)
  eden space 9728K, 100% used [0x00000007aab00000,0x00000007ab480000,0x00000007ab480000)
  from space 2560K, 96% used [0x00000007ab980000,0x00000007abbe94b8,0x00000007abc00000)
  to   space 3584K, 0% used [0x00000007ab500000,0x00000007ab500000,0x00000007ab880000)
 ParOldGen       total 138240K, used 122495K [0x0000000700000000, 0x0000000708700000, 0x00000007aab00000)
  object space 138240K, 88% used [0x0000000700000000,0x000000070779fd70,0x0000000708700000)
 Metaspace       used 59420K, committed 60544K, reserved 1114112K
  class space    used 6422K, committed 6912K, reserved 1048576K
}
Event: 7.157 GC heap after
{Heap after GC invocations=69 (full 5):
 PSYoungGen      total 13312K, used 3581K [0x00000007aab00000, 0x00000007abe80000, 0x0000000800000000)
  eden space 9728K, 0% used [0x00000007aab00000,0x00000007aab00000,0x00000007ab480000)
  from space 3584K, 99% used [0x00000007ab500000,0x00000007ab87f578,0x00000007ab880000)
  to   space 5120K, 0% used [0x00000007ab980000,0x00000007ab980000,0x00000007abe80000)
 ParOldGen       total 138240K, used 123427K [0x0000000700000000, 0x0000000708700000, 0x00000007aab00000)
  object space 138240K, 89% used [0x0000000700000000,0x0000000707888f98,0x0000000708700000)
 Metaspace       used 59420K, committed 60544K, reserved 1114112K
  class space    used 6422K, committed 6912K, reserved 1048576K
}
Event: 7.183 GC heap before
{Heap before GC invocations=70 (full 5):
 PSYoungGen      total 13312K, used 13309K [0x00000007aab00000, 0x00000007abe80000, 0x0000000800000000)
  eden space 9728K, 100% used [0x00000007aab00000,0x00000007ab480000,0x00000007ab480000)
  from space 3584K, 99% used [0x00000007ab500000,0x00000007ab87f578,0x00000007ab880000)
  to   space 5120K, 0% used [0x00000007ab980000,0x00000007ab980000,0x00000007abe80000)
 ParOldGen       total 138240K, used 123427K [0x0000000700000000, 0x0000000708700000, 0x00000007aab00000)
  object space 138240K, 89% used [0x0000000700000000,0x0000000707888f98,0x0000000708700000)
 Metaspace       used 59425K, committed 60544K, reserved 1114112K
  class space    used 6422K, committed 6912K, reserved 1048576K
}
Event: 7.184 GC heap after
{Heap after GC invocations=70 (full 5):
 PSYoungGen      total 12288K, used 2378K [0x00000007aab00000, 0x00000007abc00000, 0x0000000800000000)
  eden space 9728K, 0% used [0x00000007aab00000,0x00000007aab00000,0x00000007ab480000)
  from space 2560K, 92% used [0x00000007ab980000,0x00000007abbd2880,0x00000007abc00000)
  to   space 3584K, 0% used [0x00000007ab500000,0x00000007ab500000,0x00000007ab880000)
 ParOldGen       total 138240K, used 126940K [0x0000000700000000, 0x0000000708700000, 0x00000007aab00000)
  object space 138240K, 91% used [0x0000000700000000,0x0000000707bf7140,0x0000000708700000)
 Metaspace       used 59425K, committed 60544K, reserved 1114112K
  class space    used 6422K, committed 6912K, reserved 1048576K
}
Event: 7.210 GC heap before
{Heap before GC invocations=71 (full 5):
 PSYoungGen      total 12288K, used 12106K [0x00000007aab00000, 0x00000007abc00000, 0x0000000800000000)
  eden space 9728K, 100% used [0x00000007aab00000,0x00000007ab480000,0x00000007ab480000)
  from space 2560K, 92% used [0x00000007ab980000,0x00000007abbd2880,0x00000007abc00000)
  to   space 3584K, 0% used [0x00000007ab500000,0x00000007ab500000,0x00000007ab880000)
 ParOldGen       total 138240K, used 126940K [0x0000000700000000, 0x0000000708700000, 0x00000007aab00000)
  object space 138240K, 91% used [0x0000000700000000,0x0000000707bf7140,0x0000000708700000)
 Metaspace       used 59425K, committed 60544K, reserved 1114112K
  class space    used 6422K, committed 6912K, reserved 1048576K
}
Event: 7.211 GC heap after
{Heap after GC invocations=71 (full 5):
 PSYoungGen      total 13312K, used 3580K [0x00000007aab00000, 0x00000007abe80000, 0x0000000800000000)
  eden space 9728K, 0% used [0x00000007aab00000,0x00000007aab00000,0x00000007ab480000)
  from space 3584K, 99% used [0x00000007ab500000,0x00000007ab87f0b0,0x00000007ab880000)
  to   space 5120K, 0% used [0x00000007ab980000,0x00000007ab980000,0x00000007abe80000)
 ParOldGen       total 138240K, used 127947K [0x0000000700000000, 0x0000000708700000, 0x00000007aab00000)
  object space 138240K, 92% used [0x0000000700000000,0x0000000707cf2f50,0x0000000708700000)
 Metaspace       used 59425K, committed 60544K, reserved 1114112K
  class space    used 6422K, committed 6912K, reserved 1048576K
}
Event: 7.242 GC heap before
{Heap before GC invocations=72 (full 5):
 PSYoungGen      total 13312K, used 13308K [0x00000007aab00000, 0x00000007abe80000, 0x0000000800000000)
  eden space 9728K, 100% used [0x00000007aab00000,0x00000007ab480000,0x00000007ab480000)
  from space 3584K, 99% used [0x00000007ab500000,0x00000007ab87f0b0,0x00000007ab880000)
  to   space 5120K, 0% used [0x00000007ab980000,0x00000007ab980000,0x00000007abe80000)
 ParOldGen       total 138240K, used 127947K [0x0000000700000000, 0x0000000708700000, 0x00000007aab00000)
  object space 138240K, 92% used [0x0000000700000000,0x0000000707cf2f50,0x0000000708700000)
 Metaspace       used 59425K, committed 60544K, reserved 1114112K
  class space    used 6422K, committed 6912K, reserved 1048576K
}
Event: 7.244 GC heap after
{Heap after GC invocations=72 (full 5):
 PSYoungGen      total 12288K, used 2421K [0x00000007aab00000, 0x00000007abc00000, 0x0000000800000000)
  eden space 9728K, 0% used [0x00000007aab00000,0x00000007aab00000,0x00000007ab480000)
  from space 2560K, 94% used [0x00000007ab980000,0x00000007abbdd4e0,0x00000007abc00000)
  to   space 3584K, 0% used [0x00000007ab500000,0x00000007ab500000,0x00000007ab880000)
 ParOldGen       total 138240K, used 131377K [0x0000000700000000, 0x0000000708700000, 0x00000007aab00000)
  object space 138240K, 95% used [0x0000000700000000,0x000000070804c760,0x0000000708700000)
 Metaspace       used 59425K, committed 60544K, reserved 1114112K
  class space    used 6422K, committed 6912K, reserved 1048576K
}
Event: 7.266 GC heap before
{Heap before GC invocations=73 (full 5):
 PSYoungGen      total 12288K, used 12149K [0x00000007aab00000, 0x00000007abc00000, 0x0000000800000000)
  eden space 9728K, 100% used [0x00000007aab00000,0x00000007ab480000,0x00000007ab480000)
  from space 2560K, 94% used [0x00000007ab980000,0x00000007abbdd4e0,0x00000007abc00000)
  to   space 3584K, 0% used [0x00000007ab500000,0x00000007ab500000,0x00000007ab880000)
 ParOldGen       total 138240K, used 131377K [0x0000000700000000, 0x0000000708700000, 0x00000007aab00000)
  object space 138240K, 95% used [0x0000000700000000,0x000000070804c760,0x0000000708700000)
 Metaspace       used 59425K, committed 60544K, reserved 1114112K
  class space    used 6422K, committed 6912K, reserved 1048576K
}
Event: 7.268 GC heap after
{Heap after GC invocations=73 (full 5):
 PSYoungGen      total 13312K, used 3572K [0x00000007aab00000, 0x00000007abe80000, 0x0000000800000000)
  eden space 9728K, 0% used [0x00000007aab00000,0x00000007aab00000,0x00000007ab480000)
  from space 3584K, 99% used [0x00000007ab500000,0x00000007ab87d200,0x00000007ab880000)
  to   space 5120K, 0% used [0x00000007ab980000,0x00000007ab980000,0x00000007abe80000)
 ParOldGen       total 138240K, used 132445K [0x0000000700000000, 0x0000000708700000, 0x00000007aab00000)
  object space 138240K, 95% used [0x0000000700000000,0x0000000708157408,0x0000000708700000)
 Metaspace       used 59425K, committed 60544K, reserved 1114112K
  class space    used 6422K, committed 6912K, reserved 1048576K
}
Event: 7.287 GC heap before
{Heap before GC invocations=74 (full 5):
 PSYoungGen      total 13312K, used 13300K [0x00000007aab00000, 0x00000007abe80000, 0x0000000800000000)
  eden space 9728K, 100% used [0x00000007aab00000,0x00000007ab480000,0x00000007ab480000)
  from space 3584K, 99% used [0x00000007ab500000,0x00000007ab87d200,0x00000007ab880000)
  to   space 5120K, 0% used [0x00000007ab980000,0x00000007ab980000,0x00000007abe80000)
 ParOldGen       total 138240K, used 132445K [0x0000000700000000, 0x0000000708700000, 0x00000007aab00000)
  object space 138240K, 95% used [0x0000000700000000,0x0000000708157408,0x0000000708700000)
 Metaspace       used 59425K, committed 60544K, reserved 1114112K
  class space    used 6422K, committed 6912K, reserved 1048576K
}
Event: 7.291 GC heap after
{Heap after GC invocations=74 (full 5):
 PSYoungGen      total 12288K, used 2468K [0x00000007aab00000, 0x00000007abc00000, 0x0000000800000000)
  eden space 9728K, 0% used [0x00000007aab00000,0x00000007aab00000,0x00000007ab480000)
  from space 2560K, 96% used [0x00000007ab980000,0x00000007abbe93c8,0x00000007abc00000)
  to   space 3584K, 0% used [0x00000007ab500000,0x00000007ab500000,0x00000007ab880000)
 ParOldGen       total 138240K, used 135962K [0x0000000700000000, 0x0000000708700000, 0x00000007aab00000)
  object space 138240K, 98% used [0x0000000700000000,0x00000007084c6ad8,0x0000000708700000)
 Metaspace       used 59425K, committed 60544K, reserved 1114112K
  class space    used 6422K, committed 6912K, reserved 1048576K
}
Event: 7.291 GC heap before
{Heap before GC invocations=75 (full 6):
 PSYoungGen      total 12288K, used 2468K [0x00000007aab00000, 0x00000007abc00000, 0x0000000800000000)
  eden space 9728K, 0% used [0x00000007aab00000,0x00000007aab00000,0x00000007ab480000)
  from space 2560K, 96% used [0x00000007ab980000,0x00000007abbe93c8,0x00000007abc00000)
  to   space 3584K, 0% used [0x00000007ab500000,0x00000007ab500000,0x00000007ab880000)
 ParOldGen       total 138240K, used 135962K [0x0000000700000000, 0x0000000708700000, 0x00000007aab00000)
  object space 138240K, 98% used [0x0000000700000000,0x00000007084c6ad8,0x0000000708700000)
 Metaspace       used 59425K, committed 60544K, reserved 1114112K
  class space    used 6422K, committed 6912K, reserved 1048576K
}
Event: 7.346 GC heap after
{Heap after GC invocations=75 (full 6):
 PSYoungGen      total 10240K, used 0K [0x00000007aab00000, 0x00000007abb80000, 0x0000000800000000)
  eden space 9728K, 0% used [0x00000007aab00000,0x00000007aab00000,0x00000007ab480000)
  from space 512K, 0% used [0x00000007ab500000,0x00000007ab500000,0x00000007ab580000)
  to   space 3584K, 0% used [0x00000007ab800000,0x00000007ab800000,0x00000007abb80000)
 ParOldGen       total 163328K, used 135723K [0x0000000700000000, 0x0000000709f80000, 0x00000007aab00000)
  object space 163328K, 83% used [0x0000000700000000,0x000000070848ac98,0x0000000709f80000)
 Metaspace       used 59425K, committed 60544K, reserved 1114112K
  class space    used 6422K, committed 6912K, reserved 1048576K
}
Event: 7.368 GC heap before
{Heap before GC invocations=76 (full 6):
 PSYoungGen      total 10240K, used 9728K [0x00000007aab00000, 0x00000007abb80000, 0x0000000800000000)
  eden space 9728K, 100% used [0x00000007aab00000,0x00000007ab480000,0x00000007ab480000)
  from space 512K, 0% used [0x00000007ab500000,0x00000007ab500000,0x00000007ab580000)
  to   space 3584K, 0% used [0x00000007ab800000,0x00000007ab800000,0x00000007abb80000)
 ParOldGen       total 163328K, used 135723K [0x0000000700000000, 0x0000000709f80000, 0x00000007aab00000)
  object space 163328K, 83% used [0x0000000700000000,0x000000070848ac98,0x0000000709f80000)
 Metaspace       used 59425K, committed 60544K, reserved 1114112K
  class space    used 6422K, committed 6912K, reserved 1048576K
}
Event: 7.368 GC heap after
{Heap after GC invocations=76 (full 6):
 PSYoungGen      total 12288K, used 2427K [0x00000007aab00000, 0x00000007aba80000, 0x0000000800000000)
  eden space 9728K, 0% used [0x00000007aab00000,0x00000007aab00000,0x00000007ab480000)
  from space 2560K, 94% used [0x00000007ab800000,0x00000007aba5ed58,0x00000007aba80000)
  to   space 3072K, 0% used [0x00000007ab480000,0x00000007ab480000,0x00000007ab780000)
 ParOldGen       total 163328K, used 135723K [0x0000000700000000, 0x0000000709f80000, 0x00000007aab00000)
  object space 163328K, 83% used [0x0000000700000000,0x000000070848ac98,0x0000000709f80000)
 Metaspace       used 59425K, committed 60544K, reserved 1114112K
  class space    used 6422K, committed 6912K, reserved 1048576K
}
Event: 7.394 GC heap before
{Heap before GC invocations=77 (full 6):
 PSYoungGen      total 12288K, used 12155K [0x00000007aab00000, 0x00000007aba80000, 0x0000000800000000)
  eden space 9728K, 100% used [0x00000007aab00000,0x00000007ab480000,0x00000007ab480000)
  from space 2560K, 94% used [0x00000007ab800000,0x00000007aba5ed58,0x00000007aba80000)
  to   space 3072K, 0% used [0x00000007ab480000,0x00000007ab480000,0x00000007ab780000)
 ParOldGen       total 163328K, used 135723K [0x0000000700000000, 0x0000000709f80000, 0x00000007aab00000)
  object space 163328K, 83% used [0x0000000700000000,0x000000070848ac98,0x0000000709f80000)
 Metaspace       used 59425K, committed 60544K, reserved 1114112K
  class space    used 6422K, committed 6912K, reserved 1048576K
}
Event: 7.395 GC heap after
{Heap after GC invocations=77 (full 6):
 PSYoungGen      total 12800K, used 3044K [0x00000007aab00000, 0x00000007aba80000, 0x0000000800000000)
  eden space 9728K, 0% used [0x00000007aab00000,0x00000007aab00000,0x00000007ab480000)
  from space 3072K, 99% used [0x00000007ab480000,0x00000007ab7793d0,0x00000007ab780000)
  to   space 2560K, 0% used [0x00000007ab800000,0x00000007ab800000,0x00000007aba80000)
 ParOldGen       total 163328K, used 137252K [0x0000000700000000, 0x0000000709f80000, 0x00000007aab00000)
  object space 163328K, 84% used [0x0000000700000000,0x00000007086092c8,0x0000000709f80000)
 Metaspace       used 59425K, committed 60544K, reserved 1114112K
  class space    used 6422K, committed 6912K, reserved 1048576K
}
Event: 7.421 GC heap before
{Heap before GC invocations=78 (full 6):
 PSYoungGen      total 12800K, used 12772K [0x00000007aab00000, 0x00000007aba80000, 0x0000000800000000)
  eden space 9728K, 100% used [0x00000007aab00000,0x00000007ab480000,0x00000007ab480000)
  from space 3072K, 99% used [0x00000007ab480000,0x00000007ab7793d0,0x00000007ab780000)
  to   space 2560K, 0% used [0x00000007ab800000,0x00000007ab800000,0x00000007aba80000)
 ParOldGen       total 163328K, used 137252K [0x0000000700000000, 0x0000000709f80000, 0x00000007aab00000)
  object space 163328K, 84% used [0x0000000700000000,0x00000007086092c8,0x0000000709f80000)
 Metaspace       used 59425K, committed 60544K, reserved 1114112K
  class space    used 6422K, committed 6912K, reserved 1048576K
}
Event: 7.423 GC heap after
{Heap after GC invocations=78 (full 6):
 PSYoungGen      total 12288K, used 2432K [0x00000007aab00000, 0x00000007abb80000, 0x0000000800000000)
  eden space 9728K, 0% used [0x00000007aab00000,0x00000007aab00000,0x00000007ab480000)
  from space 2560K, 95% used [0x00000007ab800000,0x00000007aba600f0,0x00000007aba80000)
  to   space 3584K, 0% used [0x00000007ab480000,0x00000007ab480000,0x00000007ab800000)
 ParOldGen       total 163328K, used 140212K [0x0000000700000000, 0x0000000709f80000, 0x00000007aab00000)
  object space 163328K, 85% used [0x0000000700000000,0x00000007088ed2c0,0x0000000709f80000)
 Metaspace       used 59425K, committed 60544K, reserved 1114112K
  class space    used 6422K, committed 6912K, reserved 1048576K
}

Dll operation events (10 events):
Event: 0.016 Loaded shared library c:\Users\¸¼À½\.vscode\extensions\redhat.java-1.34.0-win32-x64\jre\17.0.12-win32-x86_64\bin\java.dll
Event: 0.144 Loaded shared library c:\Users\¸¼À½\.vscode\extensions\redhat.java-1.34.0-win32-x64\jre\17.0.12-win32-x86_64\bin\zip.dll
Event: 0.150 Loaded shared library C:\Users\¸¼À½\.vscode\extensions\redhat.java-1.34.0-win32-x64\jre\17.0.12-win32-x86_64\bin\instrument.dll
Event: 0.174 Loaded shared library C:\Users\¸¼À½\.vscode\extensions\redhat.java-1.34.0-win32-x64\jre\17.0.12-win32-x86_64\bin\net.dll
Event: 0.176 Loaded shared library C:\Users\¸¼À½\.vscode\extensions\redhat.java-1.34.0-win32-x64\jre\17.0.12-win32-x86_64\bin\nio.dll
Event: 0.183 Loaded shared library C:\Users\¸¼À½\.vscode\extensions\redhat.java-1.34.0-win32-x64\jre\17.0.12-win32-x86_64\bin\zip.dll
Event: 0.201 Loaded shared library C:\Users\¸¼À½\.vscode\extensions\redhat.java-1.34.0-win32-x64\jre\17.0.12-win32-x86_64\bin\jimage.dll
Event: 0.278 Loaded shared library c:\Users\¸¼À½\.vscode\extensions\redhat.java-1.34.0-win32-x64\jre\17.0.12-win32-x86_64\bin\verify.dll
Event: 1.496 Loaded shared library C:\Users\¸¼À½\AppData\Roaming\Code\User\globalStorage\redhat.java\1.34.0\config_win\org.eclipse.equinox.launcher\org.eclipse.equinox.launcher.win32.win32.x86_64_1.2.1100.v20240722-2106\eclipse_11904.dll
Event: 3.006 Loaded shared library C:\Users\¸¼À½\AppData\Local\Temp\jna-1525659\jna206485301876298526.dll

Deoptimization events (20 events):
Event: 6.748 Thread 0x000001dfbb0d5950 DEOPT PACKING pc=0x000001dfa0445b60 sp=0x000000a1f20fe860
Event: 6.748 Thread 0x000001dfbb0d5950 DEOPT UNPACKING pc=0x000001df9fc466a3 sp=0x000000a1f20fe7d0 mode 2
Event: 6.748 Thread 0x000001dfbb0d5950 Uncommon trap: trap_request=0xffffffde fr.pc=0x000001dfa0311abc relative=0x0000000000001ddc
Event: 6.748 Thread 0x000001dfbb0d5950 Uncommon trap: reason=class_check action=maybe_recompile pc=0x000001dfa0311abc method=java.nio.file.FileTreeWalker.next()Ljava/nio/file/FileTreeWalker$Event; @ 37 c2
Event: 6.748 Thread 0x000001dfbb0d5950 DEOPT PACKING pc=0x000001dfa0311abc sp=0x000000a1f20feb30
Event: 6.748 Thread 0x000001dfbb0d5950 DEOPT UNPACKING pc=0x000001df9fc466a3 sp=0x000000a1f20feb30 mode 2
Event: 6.748 Thread 0x000001dfbb0d5950 Uncommon trap: trap_request=0xffffffde fr.pc=0x000001dfa0445b60 relative=0x0000000000000540
Event: 6.748 Thread 0x000001dfbb0d5950 Uncommon trap: reason=class_check action=maybe_recompile pc=0x000001dfa0445b60 method=sun.nio.fs.WindowsPath.compareTo(Ljava/nio/file/Path;)I @ 18 c2
Event: 6.748 Thread 0x000001dfbb0d5950 DEOPT PACKING pc=0x000001dfa0445b60 sp=0x000000a1f20fe860
Event: 6.748 Thread 0x000001dfbb0d5950 DEOPT UNPACKING pc=0x000001df9fc466a3 sp=0x000000a1f20fe7d0 mode 2
Event: 6.748 Thread 0x000001dfbb0d5950 Uncommon trap: trap_request=0xffffffde fr.pc=0x000001dfa0445b60 relative=0x0000000000000540
Event: 6.748 Thread 0x000001dfbb0d5950 Uncommon trap: reason=class_check action=maybe_recompile pc=0x000001dfa0445b60 method=sun.nio.fs.WindowsPath.compareTo(Ljava/nio/file/Path;)I @ 18 c2
Event: 6.748 Thread 0x000001dfbb0d5950 DEOPT PACKING pc=0x000001dfa0445b60 sp=0x000000a1f20fe860
Event: 6.748 Thread 0x000001dfbb0d5950 DEOPT UNPACKING pc=0x000001df9fc466a3 sp=0x000000a1f20fe7d0 mode 2
Event: 6.749 Thread 0x000001dfbb0d5950 Uncommon trap: trap_request=0xffffffde fr.pc=0x000001dfa0445b60 relative=0x0000000000000540
Event: 6.749 Thread 0x000001dfbb0d5950 Uncommon trap: reason=class_check action=maybe_recompile pc=0x000001dfa0445b60 method=sun.nio.fs.WindowsPath.compareTo(Ljava/nio/file/Path;)I @ 18 c2
Event: 6.749 Thread 0x000001dfbb0d5950 DEOPT PACKING pc=0x000001dfa0445b60 sp=0x000000a1f20fe870
Event: 6.749 Thread 0x000001dfbb0d5950 DEOPT UNPACKING pc=0x000001df9fc466a3 sp=0x000000a1f20fe7e0 mode 2
Event: 7.254 Thread 0x000001dfbb0d6880 DEOPT PACKING pc=0x000001df991d17fd sp=0x000000a1f23fead0
Event: 7.254 Thread 0x000001dfbb0d6880 DEOPT UNPACKING pc=0x000001df9fc46e43 sp=0x000000a1f23fdfe0 mode 0

Classes loaded (20 events):
Event: 6.642 Loading class jdk/internal/math/FormattedFloatingDecimal$2
Event: 6.642 Loading class jdk/internal/math/FormattedFloatingDecimal$2 done
Event: 6.685 Loading class java/util/TreeMap$ValueSpliterator
Event: 6.685 Loading class java/util/TreeMap$TreeMapSpliterator
Event: 6.686 Loading class java/util/TreeMap$TreeMapSpliterator done
Event: 6.686 Loading class java/util/TreeMap$ValueSpliterator done
Event: 6.743 Loading class java/util/concurrent/CompletionException
Event: 6.743 Loading class java/util/concurrent/CompletionException done
Event: 6.745 Loading class java/nio/file/FileTreeWalker$1
Event: 6.745 Loading class java/nio/file/FileTreeWalker$1 done
Event: 6.746 Loading class sun/nio/fs/Globs
Event: 6.746 Loading class sun/nio/fs/Globs done
Event: 6.746 Loading class java/util/regex/Pattern$SliceU
Event: 6.746 Loading class java/util/regex/Pattern$SliceU done
Event: 6.746 Loading class sun/nio/fs/WindowsFileSystem$2
Event: 6.746 Loading class java/nio/file/PathMatcher
Event: 6.746 Loading class java/nio/file/PathMatcher done
Event: 6.746 Loading class sun/nio/fs/WindowsFileSystem$2 done
Event: 6.773 Loading class java/lang/Class$EnclosingMethodInfo
Event: 6.773 Loading class java/lang/Class$EnclosingMethodInfo done

Classes unloaded (13 events):
Event: 4.059 Thread 0x000001dfb5a14870 Unloading class 0x000000080024bc00 'java/lang/invoke/LambdaForm$MH+0x000000080024bc00'
Event: 4.059 Thread 0x000001dfb5a14870 Unloading class 0x000000080024b800 'java/lang/invoke/LambdaForm$MH+0x000000080024b800'
Event: 4.059 Thread 0x000001dfb5a14870 Unloading class 0x000000080024b400 'java/lang/invoke/LambdaForm$MH+0x000000080024b400'
Event: 4.059 Thread 0x000001dfb5a14870 Unloading class 0x000000080024b000 'java/lang/invoke/LambdaForm$MH+0x000000080024b000'
Event: 4.059 Thread 0x000001dfb5a14870 Unloading class 0x000000080024ac00 'java/lang/invoke/LambdaForm$BMH+0x000000080024ac00'
Event: 4.059 Thread 0x000001dfb5a14870 Unloading class 0x000000080024a800 'java/lang/invoke/LambdaForm$DMH+0x000000080024a800'
Event: 4.059 Thread 0x000001dfb5a14870 Unloading class 0x0000000800241400 'java/lang/invoke/LambdaForm$DMH+0x0000000800241400'
Event: 5.700 Thread 0x000001dfb5a14870 Unloading class 0x000000080043d800 'java/lang/invoke/LambdaForm$MH+0x000000080043d800'
Event: 5.700 Thread 0x000001dfb5a14870 Unloading class 0x000000080043cc00 'java/lang/invoke/LambdaForm$MH+0x000000080043cc00'
Event: 5.700 Thread 0x000001dfb5a14870 Unloading class 0x000000080043c400 'java/lang/invoke/LambdaForm$MH+0x000000080043c400'
Event: 5.700 Thread 0x000001dfb5a14870 Unloading class 0x000000080043bc00 'java/lang/invoke/LambdaForm$DMH+0x000000080043bc00'
Event: 5.700 Thread 0x000001dfb5a14870 Unloading class 0x000000080043b000 'java/lang/invoke/LambdaForm$MH+0x000000080043b000'
Event: 5.700 Thread 0x000001dfb5a14870 Unloading class 0x000000080043a800 'java/lang/invoke/LambdaForm$MH+0x000000080043a800'

Classes redefined (0 events):
No events

Internal exceptions (20 events):
Event: 6.754 Thread 0x000001dfbb0d5950 Exception <a 'sun/nio/fs/WindowsException'{0x00000007ab4a8478}> (0x00000007ab4a8478) 
thrown [s\src\hotspot\share\prims\jni.cpp, line 516]
Event: 6.755 Thread 0x000001dfbb0d5950 Exception <a 'sun/nio/fs/WindowsException'{0x00000007ab4abb70}> (0x00000007ab4abb70) 
thrown [s\src\hotspot\share\prims\jni.cpp, line 516]
Event: 6.762 Thread 0x000001dfbb0d5950 Exception <a 'sun/nio/fs/WindowsException'{0x00000007aab03700}> (0x00000007aab03700) 
thrown [s\src\hotspot\share\prims\jni.cpp, line 516]
Event: 6.763 Thread 0x000001dfbb0d5950 Exception <a 'sun/nio/fs/WindowsException'{0x00000007aab85f08}> (0x00000007aab85f08) 
thrown [s\src\hotspot\share\prims\jni.cpp, line 516]
Event: 6.764 Thread 0x000001dfbb0d5950 Exception <a 'sun/nio/fs/WindowsException'{0x00000007aab89788}> (0x00000007aab89788) 
thrown [s\src\hotspot\share\prims\jni.cpp, line 516]
Event: 6.764 Thread 0x000001dfbb0d5950 Exception <a 'sun/nio/fs/WindowsException'{0x00000007aab8d500}> (0x00000007aab8d500) 
thrown [s\src\hotspot\share\prims\jni.cpp, line 516]
Event: 6.765 Thread 0x000001dfbb0d5950 Exception <a 'sun/nio/fs/WindowsException'{0x00000007aab907d0}> (0x00000007aab907d0) 
thrown [s\src\hotspot\share\prims\jni.cpp, line 516]
Event: 6.765 Thread 0x000001dfbb0d5950 Exception <a 'sun/nio/fs/WindowsException'{0x00000007aab945d8}> (0x00000007aab945d8) 
thrown [s\src\hotspot\share\prims\jni.cpp, line 516]
Event: 6.766 Thread 0x000001dfbb0d5950 Exception <a 'sun/nio/fs/WindowsException'{0x00000007aab97998}> (0x00000007aab97998) 
thrown [s\src\hotspot\share\prims\jni.cpp, line 516]
Event: 6.767 Thread 0x000001dfbb0d5950 Exception <a 'sun/nio/fs/WindowsException'{0x00000007aac15f60}> (0x00000007aac15f60) 
thrown [s\src\hotspot\share\prims\jni.cpp, line 516]
Event: 6.767 Thread 0x000001dfbb0d5950 Exception <a 'sun/nio/fs/WindowsException'{0x00000007aac19130}> (0x00000007aac19130) 
thrown [s\src\hotspot\share\prims\jni.cpp, line 516]
Event: 6.768 Thread 0x000001dfbb0d5950 Exception <a 'sun/nio/fs/WindowsException'{0x00000007aac471b8}> (0x00000007aac471b8) 
thrown [s\src\hotspot\share\prims\jni.cpp, line 516]
Event: 6.768 Thread 0x000001dfbb0d5950 Exception <a 'sun/nio/fs/WindowsException'{0x00000007aac4a280}> (0x00000007aac4a280) 
thrown [s\src\hotspot\share\prims\jni.cpp, line 516]
Event: 6.769 Thread 0x000001dfbb0d5950 Exception <a 'sun/nio/fs/WindowsException'{0x00000007aaca7620}> (0x00000007aaca7620) 
thrown [s\src\hotspot\share\prims\jni.cpp, line 516]
Event: 6.769 Thread 0x000001dfbb0d5950 Exception <a 'sun/nio/fs/WindowsException'{0x00000007aacd2dc0}> (0x00000007aacd2dc0) 
thrown [s\src\hotspot\share\prims\jni.cpp, line 516]
Event: 6.770 Thread 0x000001dfbb0d5950 Exception <a 'sun/nio/fs/WindowsException'{0x00000007aad26a58}> (0x00000007aad26a58) 
thrown [s\src\hotspot\share\prims\jni.cpp, line 516]
Event: 6.770 Thread 0x000001dfbb0d5950 Exception <a 'sun/nio/fs/WindowsException'{0x00000007aad29d88}> (0x00000007aad29d88) 
thrown [s\src\hotspot\share\prims\jni.cpp, line 516]
Event: 6.771 Thread 0x000001dfbb0d5950 Exception <a 'sun/nio/fs/WindowsException'{0x00000007aad7d468}> (0x00000007aad7d468) 
thrown [s\src\hotspot\share\prims\jni.cpp, line 516]
Event: 6.771 Thread 0x000001dfbb0d5950 Exception <a 'sun/nio/fs/WindowsException'{0x00000007aadd0d10}> (0x00000007aadd0d10) 
thrown [s\src\hotspot\share\prims\jni.cpp, line 516]
Event: 6.779 Thread 0x000001dfbb0d5950 Exception <a 'sun/nio/fs/WindowsException'{0x00000007ab0c8698}> (0x00000007ab0c8698) 
thrown [s\src\hotspot\share\prims\jni.cpp, line 516]

VM Operations (20 events):
Event: 7.128 Executing VM operation: ParallelGCFailedAllocation
Event: 7.130 Executing VM operation: ParallelGCFailedAllocation done
Event: 7.155 Executing VM operation: ParallelGCFailedAllocation
Event: 7.157 Executing VM operation: ParallelGCFailedAllocation done
Event: 7.183 Executing VM operation: ParallelGCFailedAllocation
Event: 7.184 Executing VM operation: ParallelGCFailedAllocation done
Event: 7.210 Executing VM operation: ParallelGCFailedAllocation
Event: 7.211 Executing VM operation: ParallelGCFailedAllocation done
Event: 7.242 Executing VM operation: ParallelGCFailedAllocation
Event: 7.244 Executing VM operation: ParallelGCFailedAllocation done
Event: 7.266 Executing VM operation: ParallelGCFailedAllocation
Event: 7.268 Executing VM operation: ParallelGCFailedAllocation done
Event: 7.287 Executing VM operation: ParallelGCFailedAllocation
Event: 7.346 Executing VM operation: ParallelGCFailedAllocation done
Event: 7.368 Executing VM operation: ParallelGCFailedAllocation
Event: 7.368 Executing VM operation: ParallelGCFailedAllocation done
Event: 7.394 Executing VM operation: ParallelGCFailedAllocation
Event: 7.395 Executing VM operation: ParallelGCFailedAllocation done
Event: 7.421 Executing VM operation: ParallelGCFailedAllocation
Event: 7.423 Executing VM operation: ParallelGCFailedAllocation done

Events (20 events):
Event: 4.930 Thread 0x000001dfb5a49960 flushing nmethod 0x000001df990c7f90
Event: 4.930 Thread 0x000001dfb5a49960 flushing nmethod 0x000001df990ca410
Event: 5.244 Thread 0x000001dfbb981c60 Thread added: 0x000001dfbb981c60
Event: 6.174 Thread 0x000001dfbb9830a0 Thread added: 0x000001dfbb9830a0
Event: 6.515 Thread 0x000001dfb5a49960 flushing nmethod 0x000001df990be790
Event: 6.515 Thread 0x000001dfb5a49960 flushing nmethod 0x000001df990bf290
Event: 6.515 Thread 0x000001dfb5a49960 flushing nmethod 0x000001df990bf890
Event: 6.515 Thread 0x000001dfb5a49960 flushing nmethod 0x000001df990c0290
Event: 6.515 Thread 0x000001dfb5a49960 flushing nmethod 0x000001df990c0710
Event: 6.515 Thread 0x000001dfb5a49960 flushing nmethod 0x000001df990c1510
Event: 6.515 Thread 0x000001dfb5a49960 flushing nmethod 0x000001df990c1a90
Event: 6.515 Thread 0x000001dfb5a49960 flushing nmethod 0x000001df990c4d90
Event: 6.515 Thread 0x000001dfb5a49960 flushing nmethod 0x000001df990c5d90
Event: 6.515 Thread 0x000001dfb5a49960 flushing nmethod 0x000001df990c8d10
Event: 6.515 Thread 0x000001dfb5a49960 flushing nmethod 0x000001df990cec90
Event: 6.515 Thread 0x000001dfb5a49960 flushing nmethod 0x000001df990d1290
Event: 6.515 Thread 0x000001dfb5a49960 flushing nmethod 0x000001df990d1910
Event: 6.515 Thread 0x000001dfb5a49960 flushing nmethod 0x000001df990d2b90
Event: 6.515 Thread 0x000001dfb5a49960 flushing nmethod 0x000001df990d3290
Event: 6.515 Thread 0x000001dfb5a49960 flushing nmethod 0x000001df990d4f90


Dynamic libraries:
0x00007ff6bc1a0000 - 0x00007ff6bc1ae000 	c:\Users\¸¼À½\.vscode\extensions\redhat.java-1.34.0-win32-x64\jre\17.0.12-win32-x86_64\bin\java.exe
0x00007ffd9b3b0000 - 0x00007ffd9b5c7000 	C:\WINDOWS\SYSTEM32\ntdll.dll
0x00007ffd99a90000 - 0x00007ffd99b54000 	C:\WINDOWS\System32\KERNEL32.DLL
0x00007ffd987a0000 - 0x00007ffd98b4d000 	C:\WINDOWS\System32\KERNELBASE.dll
0x00007ffd98dd0000 - 0x00007ffd98ee1000 	C:\WINDOWS\System32\ucrtbase.dll
0x00007ffd89d60000 - 0x00007ffd89d77000 	c:\Users\¸¼À½\.vscode\extensions\redhat.java-1.34.0-win32-x64\jre\17.0.12-win32-x86_64\bin\jli.dll
0x00007ffd85b70000 - 0x00007ffd85b8b000 	c:\Users\¸¼À½\.vscode\extensions\redhat.java-1.34.0-win32-x64\jre\17.0.12-win32-x86_64\bin\VCRUNTIME140.dll
0x00007ffd99580000 - 0x00007ffd9972e000 	C:\WINDOWS\System32\USER32.dll
0x00007ffd98770000 - 0x00007ffd98796000 	C:\WINDOWS\System32\win32u.dll
0x00007ffd78d20000 - 0x00007ffd78fb3000 	C:\WINDOWS\WinSxS\amd64_microsoft.windows.common-controls_6595b64144ccf1df_6.0.22621.3672_none_2713b9d173822955\COMCTL32.dll
0x00007ffd99730000 - 0x00007ffd99759000 	C:\WINDOWS\System32\GDI32.dll
0x00007ffd992a0000 - 0x00007ffd99347000 	C:\WINDOWS\System32\msvcrt.dll
0x00007ffd98bf0000 - 0x00007ffd98d09000 	C:\WINDOWS\System32\gdi32full.dll
0x00007ffd986d0000 - 0x00007ffd9876a000 	C:\WINDOWS\System32\msvcp_win.dll
0x00007ffd9b010000 - 0x00007ffd9b041000 	C:\WINDOWS\System32\IMM32.DLL
0x00007ffd95990000 - 0x00007ffd9599c000 	c:\Users\¸¼À½\.vscode\extensions\redhat.java-1.34.0-win32-x64\jre\17.0.12-win32-x86_64\bin\vcruntime140_1.dll
0x00007ffd775a0000 - 0x00007ffd7762d000 	c:\Users\¸¼À½\.vscode\extensions\redhat.java-1.34.0-win32-x64\jre\17.0.12-win32-x86_64\bin\msvcp140.dll
0x00007ffd22230000 - 0x00007ffd22e9a000 	c:\Users\¸¼À½\.vscode\extensions\redhat.java-1.34.0-win32-x64\jre\17.0.12-win32-x86_64\bin\server\jvm.dll
0x00007ffd9b050000 - 0x00007ffd9b102000 	C:\WINDOWS\System32\ADVAPI32.dll
0x00007ffd9b170000 - 0x00007ffd9b219000 	C:\WINDOWS\System32\sechost.dll
0x00007ffd98bc0000 - 0x00007ffd98be8000 	C:\WINDOWS\System32\bcrypt.dll
0x00007ffd990e0000 - 0x00007ffd991f4000 	C:\WINDOWS\System32\RPCRT4.dll
0x00007ffd99350000 - 0x00007ffd993c1000 	C:\WINDOWS\System32\WS2_32.dll
0x00007ffd985a0000 - 0x00007ffd985ed000 	C:\WINDOWS\SYSTEM32\POWRPROF.dll
0x00007ffd908a0000 - 0x00007ffd908d4000 	C:\WINDOWS\SYSTEM32\WINMM.dll
0x00007ffd8eca0000 - 0x00007ffd8ecaa000 	C:\WINDOWS\SYSTEM32\VERSION.dll
0x00007ffd98580000 - 0x00007ffd98593000 	C:\WINDOWS\SYSTEM32\UMPDC.dll
0x00007ffd97720000 - 0x00007ffd97738000 	C:\WINDOWS\SYSTEM32\kernel.appcore.dll
0x00007ffd93a60000 - 0x00007ffd93a6a000 	c:\Users\¸¼À½\.vscode\extensions\redhat.java-1.34.0-win32-x64\jre\17.0.12-win32-x86_64\bin\jimage.dll
0x00007ffd8f6c0000 - 0x00007ffd8f8f2000 	C:\WINDOWS\SYSTEM32\DBGHELP.DLL
0x00007ffd9a800000 - 0x00007ffd9ab8e000 	C:\WINDOWS\System32\combase.dll
0x00007ffd99eb0000 - 0x00007ffd99f87000 	C:\WINDOWS\System32\OLEAUT32.dll
0x00007ffd78cc0000 - 0x00007ffd78cf2000 	C:\WINDOWS\SYSTEM32\dbgcore.DLL
0x00007ffd99060000 - 0x00007ffd990db000 	C:\WINDOWS\System32\bcryptPrimitives.dll
0x00007ffd83bf0000 - 0x00007ffd83bfe000 	c:\Users\¸¼À½\.vscode\extensions\redhat.java-1.34.0-win32-x64\jre\17.0.12-win32-x86_64\bin\instrument.dll
0x00007ffd85b40000 - 0x00007ffd85b65000 	c:\Users\¸¼À½\.vscode\extensions\redhat.java-1.34.0-win32-x64\jre\17.0.12-win32-x86_64\bin\java.dll
0x00007ffd85090000 - 0x00007ffd850a8000 	c:\Users\¸¼À½\.vscode\extensions\redhat.java-1.34.0-win32-x64\jre\17.0.12-win32-x86_64\bin\zip.dll
0x00007ffd99f90000 - 0x00007ffd9a7f7000 	C:\WINDOWS\System32\SHELL32.dll
0x00007ffd96650000 - 0x00007ffd96f4f000 	C:\WINDOWS\SYSTEM32\windows.storage.dll
0x00007ffd96510000 - 0x00007ffd9664f000 	C:\WINDOWS\SYSTEM32\wintypes.dll
0x00007ffd99c30000 - 0x00007ffd99d29000 	C:\WINDOWS\System32\SHCORE.dll
0x00007ffd99930000 - 0x00007ffd9998e000 	C:\WINDOWS\System32\shlwapi.dll
0x00007ffd98600000 - 0x00007ffd98627000 	C:\WINDOWS\SYSTEM32\profapi.dll
0x00007ffd80a30000 - 0x00007ffd80a49000 	C:\Users\¸¼À½\.vscode\extensions\redhat.java-1.34.0-win32-x64\jre\17.0.12-win32-x86_64\bin\net.dll
0x00007ffd916a0000 - 0x00007ffd917d6000 	C:\WINDOWS\SYSTEM32\WINHTTP.dll
0x00007ffd97b90000 - 0x00007ffd97bf9000 	C:\WINDOWS\system32\mswsock.dll
0x00007ffd7da20000 - 0x00007ffd7da36000 	C:\Users\¸¼À½\.vscode\extensions\redhat.java-1.34.0-win32-x64\jre\17.0.12-win32-x86_64\bin\nio.dll
0x00007ffd91ba0000 - 0x00007ffd91bb0000 	c:\Users\¸¼À½\.vscode\extensions\redhat.java-1.34.0-win32-x64\jre\17.0.12-win32-x86_64\bin\verify.dll
0x00007ffd61d60000 - 0x00007ffd61da5000 	C:\Users\¸¼À½\AppData\Roaming\Code\User\globalStorage\redhat.java\1.34.0\config_win\org.eclipse.equinox.launcher\org.eclipse.equinox.launcher.win32.win32.x86_64_1.2.1100.v20240722-2106\eclipse_11904.dll
0x00007ffd993d0000 - 0x00007ffd99575000 	C:\WINDOWS\System32\ole32.dll
0x00007ffd97df0000 - 0x00007ffd97e0b000 	C:\WINDOWS\SYSTEM32\CRYPTSP.dll
0x00007ffd97680000 - 0x00007ffd976b5000 	C:\WINDOWS\system32\rsaenh.dll
0x00007ffd97c80000 - 0x00007ffd97ca8000 	C:\WINDOWS\SYSTEM32\USERENV.dll
0x00007ffd97de0000 - 0x00007ffd97dec000 	C:\WINDOWS\SYSTEM32\CRYPTBASE.dll
0x00007ffd971b0000 - 0x00007ffd971dd000 	C:\WINDOWS\SYSTEM32\IPHLPAPI.DLL
0x00007ffd99290000 - 0x00007ffd99299000 	C:\WINDOWS\System32\NSI.dll
0x00007ffd91410000 - 0x00007ffd91429000 	C:\WINDOWS\SYSTEM32\dhcpcsvc6.DLL
0x00007ffd90cd0000 - 0x00007ffd90cef000 	C:\WINDOWS\SYSTEM32\dhcpcsvc.DLL
0x00007ffd97220000 - 0x00007ffd97318000 	C:\WINDOWS\SYSTEM32\DNSAPI.dll
0x00007ffd60910000 - 0x00007ffd60955000 	C:\Users\¸¼À½\AppData\Local\Temp\jna-1525659\jna206485301876298526.dll
0x00007ffd99990000 - 0x00007ffd99998000 	C:\WINDOWS\System32\PSAPI.DLL

dbghelp: loaded successfully - version: 4.0.5 - missing functions: none
symbol engine: initialized successfully - sym options: 0x614 - pdb path: .;c:\Users\¸¼À½\.vscode\extensions\redhat.java-1.34.0-win32-x64\jre\17.0.12-win32-x86_64\bin;C:\WINDOWS\SYSTEM32;C:\WINDOWS\WinSxS\amd64_microsoft.windows.common-controls_6595b64144ccf1df_6.0.22621.3672_none_2713b9d173822955;c:\Users\¸¼À½\.vscode\extensions\redhat.java-1.34.0-win32-x64\jre\17.0.12-win32-x86_64\bin\se;c:\Users\¸¼À½\.vscode\extensions\redhat.java-1.34.0-win32-x64\jre\17.0.12-win32-x86_64\bin\;c:\Users\¸¼À½\.vscode\extensions\redhat.java-1.34.0-win32-x64\jre\17.0.12-win32-x86_64\bi;c:\Users\¸¼À½\.vscode\extensions\redhat.java-1.34.0-win32-x64\jre\17.0.12-win32-x86_64\;c:\Users\¸¼À½\.vscode\extensions\redhat.java-1.34.0-win32-x64\jre\17.0.12-win32-x86_6;c:\Users\¸¼À½\.vscode\extensions\redhat.java-1.34.0-win32-x64\jre\17.0.12-win32-x86;c:\Users\¸¼À½\.vscode\extensions\redhat.java-1.34.0-win32-x64\jre\17.0.12-win32-x86_64\bin\server;C:\Users\¸¼À½\AppData\Roaming\Code\User\globalStorage\redhat.java\1.34.0\config_win\org.eclipse.equinox.launcher\org.eclipse.equinox.launcher.win32.win32.x86_64_1.2.1;C:\Users\¸¼À½\AppData\Roaming\Code\User\globalStorage\redhat.java\1.34.0\config_win\org.eclipse.equinox.launcher\org.eclipse.equinox.launcher.win32.win32.x86_64_1.2.1100.v20240722-2106;C:\Users\¸¼À½\AppData\

VM Arguments:
jvm_args: --add-modules=ALL-SYSTEM --add-opens=java.base/java.util=ALL-UNNAMED --add-opens=java.base/java.lang=ALL-UNNAMED --add-opens=java.base/sun.nio.fs=ALL-UNNAMED -Declipse.application=org.eclipse.jdt.ls.core.id1 -Dosgi.bundles.defaultStartLevel=4 -Declipse.product=org.eclipse.jdt.ls.core.product -Djava.import.generatesMetadataFilesAtProjectRoot=false -DDetectVMInstallationsJob.disabled=true -Dfile.encoding=utf8 -XX:+UseParallelGC -XX:GCTimeRatio=4 -XX:AdaptiveSizePolicyWeight=90 -Dsun.zip.disableMemoryMapping=true -Xmx4G -Xms100m -Xlog:disable -javaagent:c:\Users\¸¼À½\.vscode\extensions\redhat.java-1.34.0-win32-x64\lombok\lombok-1.18.33.jar -XX:+HeapDumpOnOutOfMemoryError -XX:HeapDumpPath=c:\Users\¸¼À½\AppData\Roaming\Code\User\workspaceStorage\ba45a564f799ac6533c4f6e0f3ae2d63\redhat.java -Daether.dependencyCollector.impl=bf 
java_command: c:\Users\¸¼À½\.vscode\extensions\redhat.java-1.34.0-win32-x64\server\plugins\org.eclipse.equinox.launcher_1.6.900.v20240613-2009.jar -configuration c:\Users\¸¼À½\AppData\Roaming\Code\User\globalStorage\redhat.java\1.34.0\config_win -data c:\Users\¸¼À½\AppData\Roaming\Code\User\workspaceStorage\ba45a564f799ac6533c4f6e0f3ae2d63\redhat.java\jdt_ws --pipe=\\.\pipe\lsp-12b5b77f6e4541866701f04c3a14f393-sock
java_class_path (initial): c:\Users\¸¼À½\.vscode\extensions\redhat.java-1.34.0-win32-x64\server\plugins\org.eclipse.equinox.launcher_1.6.900.v20240613-2009.jar
Launcher Type: SUN_STANDARD

[Global flags]
    uintx AdaptiveSizePolicyWeight                 = 90                                        {product} {command line}
     intx CICompilerCount                          = 4                                         {product} {ergonomic}
    uintx GCTimeRatio                              = 4                                         {product} {command line}
     bool HeapDumpOnOutOfMemoryError               = true                                   {manageable} {command line}
    ccstr HeapDumpPath                             = c:\Users\¸¼À½\AppData\Roaming\Code\User\workspaceStorage\ba45a564f799ac6533c4f6e0f3ae2d63\redhat.java         {manageable} {command line}
   size_t InitialHeapSize                          = 104857600                                 {product} {command line}
   size_t MaxHeapSize                              = 4294967296                                {product} {command line}
   size_t MaxNewSize                               = 1431306240                                {product} {ergonomic}
   size_t MinHeapDeltaBytes                        = 524288                                    {product} {ergonomic}
   size_t MinHeapSize                              = 104857600                                 {product} {command line}
   size_t NewSize                                  = 34603008                                  {product} {ergonomic}
    uintx NonNMethodCodeHeapSize                   = 5839372                                {pd product} {ergonomic}
    uintx NonProfiledCodeHeapSize                  = 122909434                              {pd product} {ergonomic}
   size_t OldSize                                  = 70254592                                  {product} {ergonomic}
    uintx ProfiledCodeHeapSize                     = 122909434                              {pd product} {ergonomic}
    uintx ReservedCodeCacheSize                    = 251658240                              {pd product} {ergonomic}
     bool SegmentedCodeCache                       = true                                      {product} {ergonomic}
   size_t SoftMaxHeapSize                          = 4294967296                             {manageable} {ergonomic}
     bool UseCompressedClassPointers               = true                           {product lp64_product} {ergonomic}
     bool UseCompressedOops                        = true                           {product lp64_product} {ergonomic}
     bool UseLargePagesIndividualAllocation        = false                                  {pd product} {ergonomic}
     bool UseParallelGC                            = true                                      {product} {command line}

Logging:
Log output configuration:
 #0: stdout all=off uptime,level,tags
 #1: stderr all=off uptime,level,tags

Environment Variables:
JAVA_HOME=C:\Program Files\Amazon Corretto\jdk17.0.12_7
CLASSPATH=C:\Program Files\Amazon Corretto\jdk17.0.12_7\lib
PATH=C:\Program Files\Amazon Corretto\jdk17.0.12_7\bin;C:\Program Files\Common Files\Oracle\Java\javapath;C:\Program Files\Java\jdk-8.0.392.8-hotspot\bin;C:\Program Files\Python39\Scripts\;C:\Program Files\Python39\;C:\WINDOWS\system32;C:\WINDOWS;C:\WINDOWS\System32\Wbem;C:\WINDOWS\System32\WindowsPowerShell\v1.0\;C:\WINDOWS\System32\OpenSSH\;C:\Program Files\dotnet\;C:\Program Files\Git\cmd;C:\Program Files\Amazon Corretto\jdk17.0.12_7\bin;C:\Program Files\Bandizip\;C:\Program Files\nodejs\;C:\Users\¸¼À½\AppData\Local\Microsoft\WindowsApps;;C:\Users\¸¼À½\AppData\Local\afreeca;C:\Users\¸¼À½\AppData\Local\Programs\Microsoft VS Code\bin;C:\Users\¸¼À½\AppData\Roaming\npm
USERNAME=¸¼À½
OS=Windows_NT
PROCESSOR_IDENTIFIER=AMD64 Family 25 Model 33 Stepping 2, AuthenticAMD
TMP=C:\Users\¸¼À½\AppData\Local\Temp
TEMP=C:\Users\¸¼À½\AppData\Local\Temp



Periodic native trim disabled


---------------  S Y S T E M  ---------------

OS:
 Windows 11 , 64 bit Build 22621 (10.0.22621.3958)
OS uptime: 0 days 6:11 hours

CPU: total 12 (initial active 12) (12 cores per cpu, 2 threads per core) family 25 model 33 stepping 2 microcode 0x0, cx8, cmov, fxsr, ht, mmx, 3dnowpref, sse, sse2, sse3, ssse3, sse4a, sse4.1, sse4.2, popcnt, lzcnt, tsc, tscinvbit, avx, avx2, aes, erms, clmul, bmi1, bmi2, adx, sha, fma, vzeroupper, clflush, clflushopt
Processor Information for all 12 processors :
  Max Mhz: 3701, Current Mhz: 3701, Mhz Limit: 3701

Memory: 4k page, system-wide physical 16328M (5498M free)
TotalPageFile size 20424M (AvailPageFile size 5M)
current process WorkingSet (physical memory assigned to process): 401M, peak: 401M
current process commit charge ("private bytes"): 514M, peak: 521M

vm_info: OpenJDK 64-Bit Server VM (17.0.12+7) for windows-amd64 JRE (17.0.12+7), built on Jul 16 2024 22:08:24 by "admin" with MS VC++ 16.10 / 16.11 (VS2019)

END.
